1 0.0005 0 -0.001 0.5 0
0.999939 0.00549989 0 -0.0110003 0.49997 0
0.999779 0.0104992 0 -0.0210019 0.49989 0
0.999519 0.0154975 0 -0.0310062 0.49976 0
0.999159 0.0204943 0 -0.0410144 0.499579 0
0.998699 0.0254889 0 -0.0510277 0.499349 0
0.998139 0.0304811 0 -0.0610474 0.499068 0
0.997478 0.0354701 0 -0.0710747 0.498737 0
0.996717 0.0404556 0 -0.081111 0.498355 0
0.995856 0.0454371 0 -0.0911574 0.497921 0
0.994894 0.0504139 0 -0.101215 0.497437 0
0.993832 0.0553856 0 -0.111286 0.496901 0
0.992668 0.0603518 0 -0.121371 0.496314 0
0.991404 0.0653117 0 -0.131471 0.495674 0
0.990039 0.0702651 0 -0.141588 0.494982 0
0.988572 0.0752112 0 -0.151723 0.494237 0
0.987004 0.0801496 0 -0.161877 0.493438 0
0.985335 0.0850798 0 -0.172052 0.492586 0
0.983563 0.0900012 0 -0.182249 0.491679 0
0.98169 0.0949132 0 -0.19247 0.490717 0
0.979714 0.0998153 0 -0.202715 0.4897 0
0.977635 0.104707 0 -0.212987 0.488627 0
0.975454 0.109588 0 -0.223286 0.487497 0
0.973169 0.114457 0 -0.233614 0.486309 0
0.970782 0.119314 0 -0.243974 0.485063 0
0.96829 0.124158 0 -0.254365 0.483759 0
0.965694 0.128989 0 -0.26479 0.482394 0
0.962994 0.133806 0 -0.27525 0.480969 0
0.960189 0.138608 0 -0.285748 0.479482 0
0.957279 0.143395 0 -0.296283 0.477932 0
0.954263 0.148166 0 -0.306859 0.476319 0
0.951142 0.152921 0 -0.317476 0.474642 0
0.947914 0.157659 0 -0.328136 0.472898 0
0.944579 0.162379 0 -0.338842 0.471088 0
0.941137 0.16708 0 -0.349595 0.469209 0
0.937587 0.171763 0 -0.360396 0.467261 0
0.933928 0.176425 0 -0.371247 0.465242 0
0.930161 0.181067 0 -0.382151 0.463151 0
0.926285 0.185688 0 -0.39311 0.460986 0
0.922299 0.190287 0 -0.404124 0.458745 0
0.918203 0.194863 0 -0.415197 0.456428 0
0.913995 0.199415 0 -0.42633 0.454032 0
0.909676 0.203943 0 -0.437526 0.451556 0
0.905244 0.208446 0 -0.448786 0.448997 0
0.9007 0.212923 0 -0.460113 0.446355 0
0.896042 0.217373 0 -0.471509 0.443625 0
0.891269 0.221795 0 -0.482976 0.440808 0
0.886382 0.226189 0 -0.494517 0.437899 0
0.881379 0.230553 0 -0.506134 0.434897 0
0.876259 0.234886 0 -0.51783 0.4318 0
0.871022 0.239188 0 -0.529608 0.428605 0
0.865667 0.243458 0 -0.541469 0.425308 0
0.860192 0.247694 0 -0.553417 0.421908 0
0.854598 0.251896 0 -0.565455 0.4184 0
0.848883 0.256062 0 -0.577586 0.414783 0
0.843046 0.260191 0 -0.589812 0.411052 0
0.837086 0.264283 0 -0.602137 0.407205 0
0.831003 0.268335 0 -0.614564 0.403237 0
0.824795 0.272347 0 -0.627097 0.399144 0
0.818461 0.276317 0 -0.639738 0.394924 0
0.812 0.280245 0 -0.652491 0.39057 0
0.80541 0.284128 0 -0.665361 0.386079 0
0.798692 0.287966 0 -0.67835 0.381447 0
0.791843 0.291757 0 -0.691463 0.376667 0
0.784862 0.295499 0 -0.704704 0.371735 0
0.777748 0.299191 0 -0.718077 0.366645 0
0.7705 0.302831 0 -0.731587 0.361392 0
0.763116 0.306418 0 -0.745237 0.355969 0
0.755595 0.30995 0 -0.759034 0.35037 0
0.747935 0.313425 0 -0.772981 0.344587 0
0.740135 0.316841 0 -0.787084 0.338613 0
0.732193 0.320197 0 -0.801348 0.332441 0
0.724107 0.323489 0 -0.815779 0.326062 0
0.715877 0.326717 0 -0.830382 0.319468 0
0.707499 0.329878 0 -0.845164 0.312649 0
0.698973 0.332969 0 -0.860131 0.305595 0
0.690296 0.335989 0 -0.875288 0.298296 0
0.681466 0.338934 0 -0.890644 0.290741 0
0.672482 0.341803 0 -0.906204 0.282917 0
0.663342 0.344592 0 -0.921977 0.274812 0
0.654042 0.347298 0 -0.93797 0.266412 0
0.644581 0.349919 0 -0.954191 0.257703 0
0.634957 0.352451 0 -0.970648 0.248668 0
0.625168 0.354891 0 -0.987351 0.239292 0
0.61521 0.357236 0 -1.00431 0.229557 0
0.605081 0.359481 0 -1.02153 0.219442 0
0.594778 0.361623 0 -1.03902 0.208927 0
0.584299 0.363658 0 -1.0568 0.19799 0
0.573641 0.365582 0 -1.07488 0.186607 0
0.562801 0.367389 0 -1.09326 0.174751 0
0.551775 0.369075 0 -1.11195 0.162395 0
0.540561 0.370635 0 -1.13098 0.149507 0
0.529154 0.372063 0 -1.15036 0.136055 0
0.517552 0.373354 0 -1.17009 0.122003 0
0.505751 0.374501 0 -1.19019 0.10731 0
0.493747 0.375498 0 -1.21068 0.0919352 0
0.481536 0.376338 0 -1.23157 0.0758303 0
0.469114 0.377012 0 -1.25287 0.0589442 0
0.456477 0.377514 0 -1.27461 0.0412204 0
0.443621 0.377834 0 -1.2968 0.022597 0
0.43054 0.377962 0 -1.31946 0.0030054 0
0.41723 0.37789 0 -1.3426 -0.0176301 0
0.403686 0.377606 0 -1.36625 -0.0393933 0
0.389903 0.377098 0 -1.39041 -0.0623774 0
0.375876 0.376354 0 -1.41511 -0.0866862 0
0.361599 0.37536 0 -1.44037 -0.112436 0
0.347067 0.3741 0 -1.4662 -0.139755 0
0.332273 0.372559 0 -1.49261 -0.168792 0
0.317213 0.370718 0 -1.51962 -0.199709 0
0.301879 0.368558 0 -1.54723 -0.232692 0
0.286266 0.366057 0 -1.57545 -0.267954 0
0.270368 0.363191 0 -1.60428 -0.305734 0
0.254179 0.359933 0 -1.6337 -0.346308 0
0.237692 0.356254 0 -1.66369 -0.38999 0
0.220903 0.352122 0 -1.69421 -0.437145 0
0.203806 0.347499 0 -1.72518 -0.488193 0
0.186398 0.342343 0 -1.75651 -0.543622 0
0.168675 0.33661 0 -1.78807 -0.604002 0
0.150637 0.330245 0 -1.81964 -0.669999 0
0.132283 0.323189 0 -1.85095 -0.742396 0
0.11362 0.315373 0 -1.88161 -0.822113 0
0.0946552 0.306719 0 -1.91106 -0.910239 0
0.0754051 0.297136 0 -1.93855 -1.00805 0
0.0558943 0.286521 0 -1.96299 -1.11707 0
0.0361602 0.274752 0 -1.98289 -1.23904 0
0.0162583 0.261691 0 -1.99614 -1.37599 0
-0.00373096 0.247175 0 -1.99976 -1.53019 0
-0.0236914 0.231022 0 -1.98955 -1.70404 0
-0.0434571 0.213022 0 -1.95961 -1.89978 0
-0.062792 0.192949 0 -1.90179 -2.11892 0
-0.081365 0.170567 0 -1.80509 -2.36109 0
-0.0987197 0.145664 0 -1.65555 -2.62202 0
-0.114249 0.118101 0 -1.4374 -2.89053 0
-0.127195 0.0878978 0 -1.13697 -3.14527 0
-0.136703 0.0553475 0 -0.75055 -3.35369 0
-0.141972 0.0211023 0 -0.294086 -3.47811 0
-0.142481 -0.0138417 0 0.193271 -3.49046 0
-0.138176 -0.0483239 0 0.660066 -3.38774 0
-0.129493 -0.0812939 0 1.06318 -3.19378 0
-0.117194 -0.112021 0 1.38172 -2.9457 0
-0.102137 -0.140144 0 1.61607 -2.67793 0
-0.0851097 -0.165595 0 1.77859 -2.41423 0
-0.0667503 -0.188486 0 1.88506 -2.16765 0
-0.0475451 -0.209023 0 1.94999 -1.9436 0
-0.027849 -0.227436 0 1.98498 -1.74309 0
-0.00791524 -0.243958 0 1.99876 -1.56487 0
0.0120773 -0.2588 0 1.99764 -1.40678 0
0.0320035 -0.272152 0 1.98613 -1.26643 0
0.0517763 -0.28418 0 1.96743 -1.14152 0
0.0713359 -0.295026 0 1.9438 -1.02996 0
0.0906415 -0.304817 0 1.91686 -0.929948 0
0.109666 -0.313658 0 1.88776 -0.839917 0
0.128392 -0.321644 0 1.85731 -0.758544 0
0.14681 -0.328854 0 1.8261 -0.684703 0
0.164913 -0.335359 0 1.79456 -0.61744 0
0.182701 -0.341222 0 1.76299 -0.555948 0
0.200174 -0.346495 0 1.73161 -0.499536 0
0.217334 -0.351227 0 1.70056 -0.447616 0
0.234186 -0.355461 0 1.66995 -0.399685 0
0.250735 -0.359233 0 1.63985 -0.355309 0
0.266985 -0.362577 0 1.61031 -0.314113 0
0.282943 -0.365524 0 1.58137 -0.275773 0
0.298615 -0.368101 0 1.55302 -0.240005 0
0.314006 -0.370332 0 1.52528 -0.206563 0
0.329122 -0.372239 0 1.49815 -0.17523 0
0.343971 -0.373843 0 1.47162 -0.145814 0
0.358557 -0.375162 0 1.44568 -0.118147 0
0.372886 -0.376211 0 1.42031 -0.092079 0
0.386965 -0.377008 0 1.39549 -0.0674779 0
0.400798 -0.377565 0 1.37122 -0.0442246 0
0.414391 -0.377897 0 1.34747 -0.0222128 0
0.427749 -0.378013 0 1.32423 -0.00134744 0
0.440877 -0.377927 0 1.30148 0.0184573 0
0.45378 -0.377647 0 1.27919 0.0372787 0
0.466462 -0.377184 0 1.25736 0.0551866 0
0.478928 -0.376547 0 1.23597 0.0722445 0
0.491183 -0.375742 0 1.215 0.0885098 0
0.50323 -0.374779 0 1.19443 0.104035 0
0.515073 -0.373664 0 1.17425 0.118868 0
0.526716 -0.372404 0 1.15444 0.133053 0
0.538163 -0.371005 0 1.135 0.146629 0
0.549417 -0.369473 0 1.1159 0.159633 0
0.560482 -0.367814 0 1.09714 0.172099 0
0.571361 -0.366033 0 1.07869 0.184058 0
0.582057 -0.364134 0 1.06056 0.19554 0
0.592573 -0.362123 0 1.04272 0.206569 0
0.602912 -0.360004 0 1.02517 0.217172 0
0.613077 -0.357781 0 1.00789 0.22737 0
0.623071 -0.355458 0 0.990882 0.237185 0
0.632896 -0.353039 0 0.974128 0.246636 0
0.642554 -0.350526 0 0.957621 0.255742 0
0.652049 -0.347925 0 0.941353 0.26452 0
0.661382 -0.345237 0 0.925314 0.272985 0
0.670556 -0.342466 0 0.909497 0.281152 0
0.679573 -0.339615 0 0.893894 0.289035 0
0.688434 -0.336686 0 0.878498 0.296647 0
0.697143 -0.333683 0 0.8633 0.304 0
0.705701 -0.330607 0 0.848296 0.311105 0
0.71411 -0.327462 0 0.833477 0.317974 0
0.722371 -0.324248 0 0.818838 0.324616 0
0.730487 -0.32097 0 0.804372 0.33104 0
0.738459 -0.317628 0 0.790074 0.337256 0
0.746289 -0.314226 0 0.775939 0.343272 0
0.753979 -0.310764 0 0.76196 0.349095 0
0.761529 -0.307244 0 0.748134 0.354734 0
0.768942 -0.303669 0 0.734454 0.360195 0
0.776218 -0.300041 0 0.720916 0.365484 0
0.78336 -0.29636 0 0.707515 0.370609 0
0.790369 -0.292629 0 0.694248 0.375575 0
0.797246 -0.288849 0 0.681109 0.380387 0
0.803992 -0.285022 0 0.668095 0.385051 0
0.810608 -0.281149 0 0.655201 0.389573 0
0.817096 -0.277231 0 0.642425 0.393956 0
0.823457 -0.27327 0 0.629761 0.398206 0
0.829692 -0.269267 0 0.617207 0.402326 0
0.835802 -0.265224 0 0.604759 0.406321 0
0.841787 -0.261141 0 0.592413 0.410194 0
0.84765 -0.257021 0 0.580167 0.41395 0
0.853391 -0.252863 0 0.568017 0.417592 0
0.859011 -0.248669 0 0.555961 0.421124 0
0.86451 -0.244441 0 0.543994 0.424547 0
0.869891 -0.240178 0 0.532115 0.427867 0
0.875153 -0.235884 0 0.520321 0.431084 0
0.880298 -0.231557 0 0.508609 0.434203 0
0.885325 -0.2272 0 0.496976 0.437226 0
0.890237 -0.222813 0 0.485419 0.440155 0
0.895034 -0.218397 0 0.473937 0.442993 0
0.899716 -0.213953 0 0.462527 0.445741 0
0.904285 -0.209482 0 0.451186 0.448403 0
0.90874 -0.204985 0 0.439913 0.450981 0
0.913083 -0.200463 0 0.428704 0.453475 0
0.917315 -0.195916 0 0.417559 0.455889 0
0.921435 -0.191346 0 0.406474 0.458223 0
0.925444 -0.186752 0 0.395448 0.460481 0
0.929344 -0.182136 0 0.384478 0.462663 0
0.933134 -0.177499 0 0.373563 0.46477 0
0.936815 -0.172841 0 0.362701 0.466805 0
0.940388 -0.168163 0 0.351889 0.468769 0
0.943853 -0.163466 0 0.341127 0.470664 0
0.947211 -0.15875 0 0.330412 0.472489 0
0.950462 -0.154016 0 0.319743 0.474248 0
0.953606 -0.149265 0 0.309117 0.47594 0
0.956644 -0.144498 0 0.298533 0.477568 0
0.959577 -0.139714 0 0.287989 0.479132 0
0.962404 -0.134915 0 0.277485 0.480633 0
0.965126 -0.130102 0 0.267017 0.482072 0
0.967744 -0.125274 0 0.256585 0.483451 0
0.970258 -0.120433 0 0.246187 0.484769 0
0.972668 -0.115579 0 0.235821 0.486028 0
0.974975 -0.110713 0 0.225486 0.487229 0
0.977178 -0.105835 0 0.215181 0.488372 0
0.979279 -0.100945 0 0.204904 0.489458 0
0.981276 -0.0960456 0 0.194653 0.490488 0
0.983172 -0.0911358 0 0.184428 0.491462 0
0.984965 -0.0862165 0 0.174226 0.492382 0
0.986656 -0.0812883 0 0.164047 0.493247 0
0.988246 -0.0763517 0 0.153889 0.494058 0
0.989734 -0.0714073 0 0.14375 0.494815 0
0.991121 -0.0664556 0 0.133629 0.495519 0
0.992407 -0.0614971 0 0.123526 0.496171 0
0.993592 -0.0565324 0 0.113438 0.496771 0
0.994676 -0.0515619 0 0.103365 0.497318 0
0.995659 -0.0465862 0 0.0933043 0.497814 0
0.996542 -0.0416058 0 0.0832556 0.498259 0
0.997324 -0.0366212 0 0.0732174 0.498653 0
0.998006 -0.0316329 0 0.0631883 0.498996 0
0.998588 -0.0266414 0 0.0531672 0.499289 0
0.999069 -0.0216473 0 0.0431527 0.499531 0
0.999451 -0.016651 0 0.0331436 0.499723 0
0.999732 -0.011653 0 0.0231386 0.499864 0
0.999914 -0.00665384 0 0.0131365 0.499956 0
0.999995 -0.00165403 0 0.00313608 0.499997 0
0.999976 0.00334594 0 -0.00686399 0.499989 0
0.999858 0.00834558 0 -0.0168649 0.49993 0
0.999639 0.0133444 0 -0.026868 0.499822 0
0.99932 0.0183419 0 -0.0368745 0.499663 0
0.998902 0.0233375 0 -0.0468855 0.499454 0
0.998383 0.0283308 0 -0.0569025 0.499195 0
0.997764 0.0333212 0 -0.0669266 0.498886 0
0.997044 0.0383083 0 -0.0769591 0.498525 0
0.996224 0.0432916 0 -0.0870013 0.498114 0
0.995304 0.0482704 0 -0.0970545 0.497652 0
0.994283 0.0532444 0 -0.10712 0.497138 0
0.993162 0.058213 0 -0.117199 0.496573 0
0.991939 0.0631757 0 -0.127293 0.495956 0
0.990616 0.068132 0 -0.137403 0.495286 0
0.989191 0.0730813 0 -0.14753 0.494564 0
0.987665 0.0780231 0 -0.157676 0.493788 0
0.986037 0.0829569 0 -0.167843 0.492959 0
0.984308 0.0878821 0 -0.178031 0.492076 0
0.982477 0.0927982 0 -0.188242 0.491138 0
0.980543 0.0977047 0 -0.198477 0.490145 0
0.978507 0.102601 0 -0.208738 0.489095 0
0.976368 0.107486 0 -0.219026 0.48799 0
0.974127 0.112361 0 -0.229342 0.486827 0
0.971781 0.117223 0 -0.239689 0.485606 0
0.969333 0.122072 0 -0.250067 0.484327 0
0.96678 0.126909 0 -0.260479 0.482988 0
0.964123 0.131732 0 -0.270924 0.481589 0
0.961361 0.136541 0 -0.281406 0.480128 0
0.958495 0.141334 0 -0.291926 0.478605 0
0.955523 0.146113 0 -0.302485 0.47702 0
0.952445 0.150875 0 -0.313086 0.47537 0
0.949261 0.15562 0 -0.323728 0.473654 0
0.94597 0.160347 0 -0.334416 0.471872 0
0.942572 0.165057 0 -0.345149 0.470023 0
0.939067 0.169748 0 -0.355931 0.468105 0
0.935454 0.174419 0 -0.366762 0.466116 0
0.931732 0.17907 0 -0.377644 0.464056 0
0.927901 0.1837 0 -0.38858 0.461922 0
0.92396 0.188308 0 -0.399572 0.459714 0
0.919909 0.192894 0 -0.410621 0.45743 0
0.915747 0.197456 0 -0.42173 0.455068 0
0.911474 0.201995 0 -0.4329 0.452626 0
0.907089 0.206509 0 -0.444134 0.450102 0
0.902591 0.210997 0 -0.455433 0.447495 0
0.89798 0.215458 0 -0.466801 0.444803 0
0.893255 0.219892 0 -0.478239 0.442023 0
0.888415 0.224298 0 -0.48975 0.439153 0
0.88346 0.228675 0 -0.501336 0.436191 0
0.878388 0.233022 0 -0.513 0.433134 0
0.873199 0.237337 0 -0.524745 0.42998 0
0.867893 0.241621 0 -0.536572 0.426727 0
0.862468 0.245872 0 -0.548485 0.42337 0
0.856923 0.250088 0 -0.560486 0.419908 0
0.851258 0.254269 0 -0.572579 0.416338 0
0.845471 0.258414 0 -0.584767 0.412655 0
0.839562 0.262522 0 -0.597051 0.408857 0
0.83353 0.266591 0 -0.609437 0.40494 0
0.827373 0.270621 0 -0.621926 0.4009 0
0.821091 0.274609 0 -0.634523 0.396734 0
0.814682 0.278555 0 -0.647231 0.392436 0
0.808146 0.282457 0 -0.660053 0.388003 0
0.801481 0.286314 0 -0.672993 0.383431 0
0.794686 0.290125 0 -0.686056 0.378713 0
0.787759 0.293888 0 -0.699245 0.373846 0
0.7807 0.297602 0 -0.712564 0.368822 0
0.773507 0.301264 0 -0.726018 0.363638 0
0.766179 0.304874 0 -0.739611 0.358287 0
0.758715 0.308429 0 -0.753348 0.352762 0
0.751112 0.311928 0 -0.767234 0.347056 0
0.74337 0.31537 0 -0.781273 0.341163 0
0.735486 0.318751 0 -0.795472 0.335074 0
0.72746 0.322071 0 -0.809835 0.328783 0
0.719289 0.325326 0 -0.824368 0.322279 0
0.710972 0.328515 0 -0.839077 0.315554 0
0.702507 0.331636 0 -0.853968 0.308599 0
0.693892 0.334687 0 -0.869048 0.301403 0
0.685125 0.337664 0 -0.884323 0.293956 0
0.676205 0.340565 0 -0.899799 0.286245 0
0.667128 0.343388 0 -0.915486 0.278258 0
0.657894 0.346129 0 -0.931389 0.269982 0
0.6485 0.348786 0 -0.947517 0.261402 0
0.638943 0.351356 0 -0.963878 0.252504 0
0.629221 0.353835 0 -0.98048 0.243271 0
0.619333 0.35622 0 -0.997333 0.233687 0
0.609274 0.358508 0 -1.01445 0.223731 0
0.599043 0.360694 0 -1.03183 0.213384 0
0.588636 0.362774 0 -1.04949 0.202624 0
0.578052 0.364745 0 -1.06744 0.191428 0
0.567287 0.366601 0 -1.0857 0.17977 0
0.556337 0.368338 0 -1.10427 0.167624 0
0.5452 0.369952 0 -1.12316 0.154959 0
0.533873 0.371436 0 -1.1424 0.141743 0
0.522351 0.372785 0 -1.16198 0.127943 0
0.510632 0.373993 0 -1.18193 0.113519 0
0.498711 0.375053 0 -1.20226 0.0984296 0
0.486585 0.375959 0 -1.22299 0.0826306 0
0.47425 0.376703 0 -1.24412 0.0660721 0
0.461701 0.377278 0 -1.26569 0.0486996 0
0.448935 0.377674 0 -1.28769 0.0304536 0
0.435946 0.377884 0 -1.31016 0.0112681 0
0.42273 0.377896 0 -1.3331 -0.00892931 0
0.409282 0.377701 0 -1.35654 -0.0302192 0
0.395597 0.377288 0 -1.3805 -0.0526907 0
0.381671 0.376643 0 -1.40498 -0.0764431 0
0.367496 0.375754 0 -1.43001 -0.101587 0
0.353068 0.374607 0 -1.45561 -0.128247 0
0.338382 0.373184 0 -1.48178 -0.156561 0
0.323431 0.371469 0 -1.50855 -0.186687 0
0.308209 0.369444 0 -1.53592 -0.2188 0
0.29271 0.367086 0 -1.5639 -0.253103 0
0.276929 0.364374 0 -1.59249 -0.289821 0
0.260859 0.361281 0 -1.62167 -0.329216 0
0.244494 0.35778 0 -1.65144 -0.371586 0
0.227828 0.353838 0 -1.68175 -0.417274 0
0.210857 0.349422 0 -1.71255 -0.466676 0
0.193576 0.344491 0 -1.74376 -0.52025 0
0.175981 0.339001 0 -1.77525 -0.578533 0
0.158071 0.332903 0 -1.80685 -0.642148 0
0.139845 0.326138 0 -1.83832 -0.711828 0
0.121306 0.318643 0 -1.86931 -0.788434 0
0.102462 0.310343 0 -1.89934 -0.872984 0
0.0833244 0.301154 0 -1.92775 -0.966675 0
0.063915 0.290975 0 -1.9536 -1.07092 0
0.0442652 0.279695 0 -1.97558 -1.18737 0
0.0244222 0.267181 0 -1.99186 -1.31795 0
0.00445524 0.253282 0 -1.99985 -1.46483 0
-0.0155356 0.237823 0 -1.9959 -1.63038 0
-0.0354067 0.220605 0 -1.97488 -1.81695 0
-0.0549534 0.201408 0 -1.92961 -2.02645 0
-0.073887 0.179998 0 -1.85032 -2.25948 0
-0.0918057 0.156148 0 -1.72421 -2.51365 0
-0.108166 0.12968 0 -1.53598 -2.78103 0
-0.122269 0.100538 0 -1.27037 -3.04475 0
-0.133287 0.0688896 0 -0.918439 -3.27661 0
-0.140373 0.0352334 0 -0.487081 -3.43968 0
-0.142864 0.000438011 0 -0.00638894 -3.49982 0
-0.140499 -0.0343721 0 0.474944 -3.44256 0
-0.133526 -0.0680689 0 0.907964 -3.28172 0
-0.122603 -0.0997761 0 1.26202 -3.05116 0
-0.108573 -0.128985 0 1.52969 -2.78791 0
-0.0922661 -0.155522 0 1.71968 -2.52045 0
-0.0743856 -0.179438 0 1.84716 -2.26589 0
-0.0554783 -0.20091 0 1.92748 -2.03235 0
-0.0359489 -0.220163 0 1.97349 -1.82231 0
-0.0160888 -0.237432 0 1.99506 -1.63522 0
0.00389576 -0.252937 0 1.99941 -1.46921 0
0.0238598 -0.266878 0 1.9917 -1.32191 0
0.0437023 -0.279429 0 1.97563 -1.19097 0
0.0633534 -0.290744 0 1.9538 -1.0742 0
0.0827654 -0.300953 0 1.92806 -0.969674 0
0.101906 -0.310172 0 1.89973 -0.875741 0
0.120755 -0.318498 0 1.86976 -0.790979 0
0.139298 -0.326018 0 1.83881 -0.714186 0
0.157529 -0.332805 0 1.80737 -0.644342 0
0.175445 -0.338925 0 1.77579 -0.580582 0
0.193045 -0.344434 0 1.74432 -0.522171 0
0.210332 -0.349384 0 1.71312 -0.468481 0
0.227309 -0.353818 0 1.68233 -0.418975 0
0.24398 -0.357776 0 1.65202 -0.373194 0
0.260351 -0.361293 0 1.62225 -0.33074 0
0.276427 -0.3644 0 1.59307 -0.291268 0
0.292215 -0.367127 0 1.56448 -0.254479 0
0.307719 -0.369498 0 1.5365 -0.220113 0
0.322947 -0.371536 0 1.50913 -0.187941 0
0.337904 -0.373263 0 1.48235 -0.157761 0
0.352596 -0.374698 0 1.45617 -0.129397 0
0.367029 -0.375857 0 1.43057 -0.102691 0
0.381209 -0.376756 0 1.40554 -0.0775041 0
0.395141 -0.377411 0 1.38105 -0.0537117 0
0.408832 -0.377835 0 1.35709 -0.0312029 0
0.422285 -0.378039 0 1.33365 -0.00987809 0
0.435506 -0.378036 0 1.3107 0.0103521 0
0.448501 -0.377836 0 1.28823 0.0295683 0
0.461272 -0.377448 0 1.26622 0.0478433 0
0.473826 -0.376882 0 1.24465 0.0652431 0
0.486167 -0.376146 0 1.22351 0.0818275 0
0.498298 -0.375248 0 1.20278 0.097651 0
0.510224 -0.374195 0 1.18245 0.112763 0
0.521948 -0.372995 0 1.16249 0.127209 0
0.533475 -0.371653 0 1.1429 0.141031 0
0.544807 -0.370176 0 1.12367 0.154267 0
0.555949 -0.368569 0 1.10477 0.166951 0
0.566904 -0.366839 0 1.0862 0.179115 0
0.577674 -0.364989 0 1.06794 0.19079 0
0.588264 -0.363024 0 1.04998 0.202003 0
0.598675 -0.36095 0 1.03232 0.212779 0
0.608911 -0.35877 0 1.01493 0.223142 0
0.618974 -0.356488 0 0.997815 0.233112 0
0.628868 -0.354109 0 0.980959 0.242712 0
0.638594 -0.351635 0 0.964354 0.251958 0
0.648156 -0.349071 0 0.94799 0.26087 0
0.657555 -0.346419 0 0.93186 0.269462 0
0.666794 -0.343683 0 0.915954 0.277751 0
0.675875 -0.340865 0 0.900266 0.28575 0
0.6848 -0.337969 0 0.884787 0.293472 0
0.693571 -0.334996 0 0.86951 0.300931 0
0.702191 -0.331951 0 0.854428 0.308138 0
0.71066 -0.328834 0 0.839535 0.315104 0
0.718982 -0.325649 0 0.824824 0.321839 0
0.727157 -0.322398 0 0.810289 0.328353 0
0.735188 -0.319083 0 0.795924 0.334654 0
0.743076 -0.315706 0 0.781724 0.340752 0
0.750823 -0.312269 0 0.767683 0.346655 0
0.758431 -0.308773 0 0.753796 0.35237 0
0.7659 -0.305222 0 0.740057 0.357904 0
0.773232 -0.301616 0 0.726462 0.363264 0
0.780429 -0.297957 0 0.713007 0.368457 0
0.787493 -0.294247 0 0.699686 0.373488 0
0.794424 -0.290488 0 0.686496 0.378364 0
0.801223 -0.286681 0 0.673432 0.383089 0
0.807893 -0.282827 0 0.660491 0.38767 0
0.814433 -0.278928 0 0.647667 0.39211 0
0.820846 -0.274985 0 0.634958 0.396415 0
0.827133 -0.271 0 0.62236 0.400589 0
0.833294 -0.266974 0 0.60987 0.404636 0
0.839331 -0.262907 0 0.597483 0.40856 0
0.845244 -0.258803 0 0.585197 0.412365 0
0.851035 -0.254661 0 0.573009 0.416055 0
0.856704 -0.250482 0 0.560915 0.419632 0
0.862253 -0.246268 0 0.548913 0.423101 0
0.867683 -0.24202 0 0.536999 0.426464 0
0.872994 -0.237739 0 0.525171 0.429724 0
0.878187 -0.233426 0 0.513426 0.432884 0
0.883263 -0.229082 0 0.501761 0.435947 0
0.888222 -0.224708 0 0.490174 0.438915 0
0.893066 -0.220304 0 0.478662 0.441791 0
0.897796 -0.215872 0 0.467223 0.444577 0
0.902411 -0.211413 0 0.455855 0.447276 0
0.906913 -0.206927 0 0.444554 0.449889 0
0.911302 -0.202415 0 0.43332 0.452418 0
0.91558 -0.197879 0 0.422149 0.454866 0
0.919745 -0.193318 0 0.41104 0.457234 0
0.923801 -0.188734 0 0.399991 0.459523 0
0.927745 -0.184128 0 0.388998 0.461737 0
0.931581 -0.1795 0 0.378062 0.463876 0
0.935307 -0.174851 0 0.367178 0.465942 0
0.938924 -0.170181 0 0.356347 0.467936 0
0.942434 -0.165492 0 0.345565 0.46986 0
0.945836 -0.160784 0 0.334831 0.471714 0
0.949131 -0.156058 0 0.324143 0.473501 0
0.952319 -0.151314 0 0.3135 0.475222 0
0.955401 -0.146554 0 0.302899 0.476877 0
0.958377 -0.141777 0 0.29234 0.478468 0
0.961248 -0.136985 0 0.28182 0.479996 0
0.964014 -0.132177 0 0.271337 0.481461 0
0.966675 -0.127356 0 0.260891 0.482866 0
0.969231 -0.12252 0 0.250479 0.48421 0
0.971684 -0.117672 0 0.240101 0.485494 0
0.974034 -0.112811 0 0.229754 0.48672 0
0.97628 -0.107937 0 0.219437 0.487887 0
0.978422 -0.103053 0 0.209149 0.488998 0
0.980463 -0.0981577 0 0.198887 0.490052 0
0.9824 -0.0932522 0 0.188652 0.49105 0
0.984236 -0.0883369 0 0.178441 0.491993 0
0.985969 -0.0834125 0 0.168253 0.492881 0
0.987601 -0.0784795 0 0.158086 0.493715 0
0.989131 -0.0735384 0 0.14794 0.494495 0
0.99056 -0.0685897 0 0.137812 0.495223 0
0.991887 -0.0636341 0 0.127702 0.495897 0
0.993114 -0.058672 0 0.117608 0.496519 0
0.994239 -0.0537039 0 0.107529 0.497089 0
0.995264 -0.0487304 0 0.0974633 0.497607 0
0.996189 -0.0437519 0 0.08741 0.498074 0
0.997013 -0.038769 0 0.0773677 0.49849 0
0.997736 -0.0337823 0 0.0673351 0.498855 0
0.998359 -0.0287921 0 0.0573109 0.499169 0
0.998882 -0.0237991 0 0.0472939 0.499433 0
0.999305 -0.0188036 0 0.0372828 0.499646 0
0.999628 -0.0138063 0 0.0272763 0.499809 0
0.999851 -0.00880761 0 0.0172732 0.499922 0
0.999974 -0.00380803 0 0.00727223 0.499986 0
0.999996 0.00119193 0 -0.00272785 0.499999 0
0.999919 0.00619178 0 -0.0127283 0.499962 0
0.999742 0.011191 0 -0.0227304 0.499875 0
0.999464 0.0161891 0 -0.0327353 0.499738 0
0.999087 0.0211856 0 -0.0427443 0.499551 0
0.998609 0.02618 0 -0.0527588 0.499313 0
0.998032 0.0311717 0 -0.0627798 0.499025 0
0.997354 0.0361603 0 -0.0728088 0.498687 0
0.996576 0.0411453 0 -0.082847 0.498298 0
0.995697 0.0461261 0 -0.0928956 0.497857 0
0.994718 0.0511022 0 -0.102956 0.497366 0
0.993638 0.0560732 0 -0.113029 0.496823 0
0.992457 0.0610385 0 -0.123117 0.496228 0
0.991175 0.0659976 0 -0.13322 0.495581 0
0.989793 0.07095 0 -0.14334 0.494881 0
0.988308 0.0758951 0 -0.153479 0.494129 0
0.986723 0.0808324 0 -0.163637 0.493323 0
0.985036 0.0857613 0 -0.173816 0.492463 0
0.983246 0.0906814 0 -0.184018 0.491548 0
0.981355 0.0955921 0 -0.194243 0.490579 0
0.979362 0.100493 0 -0.204493 0.489554 0
0.977265 0.105383 0 -0.21477 0.488472 0
0.975066 0.110262 0 -0.225075 0.487334 0
0.972764 0.11513 0 -0.235409 0.486138 0
0.970358 0.119985 0 -0.245775 0.484884 0
0.967848 0.124827 0 -0.256172 0.48357 0
0.965234 0.129656 0 -0.266604 0.482197 0
0.962516 0.134471 0 -0.277071 0.480763 0
0.959693 0.139271 0 -0.287576 0.479267 0
0.956764 0.144056 0 -0.298119 0.477708 0
0.95373 0.148825 0 -0.308702 0.476086 0
0.95059 0.153577 0 -0.319328 0.474398 0
0.947343 0.158313 0 -0.329997 0.472645 0
0.94399 0.16303 0 -0.340712 0.470825 0
0.940529 0.167729 0 -0.351473 0.468936 0
0.93696 0.172409 0 -0.362284 0.466977 0
0.933283 0.177068 0 -0.373146 0.464948 0
0.929497 0.181707 0 -0.38406 0.462845 0
0.925602 0.186325 0 -0.395029 0.460669 0
0.921596 0.19092 0 -0.406055 0.458417 0
0.917481 0.195493 0 -0.417139 0.456088 0
0.913253 0.200042 0 -0.428284 0.45368 0
0.908915 0.204566 0 -0.439492 0.451192 0
0.904463 0.209065 0 -0.450765 0.44862 0
0.899899 0.213538 0 -0.462105 0.445964 0
0.895221 0.217984 0 -0.473514 0.443222 0
0.890429 0.222403 0 -0.484996 0.44039 0
0.885521 0.226792 0 -0.496551 0.437467 0
0.880497 0.231152 0 -0.508184 0.434451 0
0.875357 0.235481 0 -0.519895 0.431338 0
0.870099 0.239778 0 -0.531689 0.428127 0
0.864723 0.244043 0 -0.543567 0.424814 0
0.859228 0.248274 0 -0.555532 0.421397 0
0.853612 0.25247 0 -0.567588 0.417872 0
0.847875 0.256631 0 -0.579737 0.414237 0
0.842017 0.260755 0 -0.591982 0.410488 0
0.836035 0.26484 0 -0.604326 0.406622 0
0.82993 0.268887 0 -0.616773 0.402634 0
0.8237 0.272893 0 -0.629326 0.398521 0
0.817343 0.276857 0 -0.641989 0.394279 0
0.81086 0.280778 0 -0.654764 0.389903 0
0.804248 0.284654 0 -0.667657 0.38539 0
0.797506 0.288485 0 -0.680669 0.380733 0
0.790634 0.292269 0 -0.693807 0.375929 0
0.783629 0.296003 0 -0.707073 0.370971 0
0.776492 0.299688 0 -0.720472 0.365855 0
0.76922 0.30332 0 -0.734008 0.360574 0
0.761811 0.306898 0 -0.747687 0.355122 0
0.754265 0.310422 0 -0.761512 0.349493 0
0.74658 0.313888 0 -0.775489 0.343679 0
0.738755 0.317295 0 -0.789622 0.337672 0
0.730787 0.32064 0 -0.803918 0.331466 0
0.722676 0.323923 0 -0.818382 0.325052 0
0.714419 0.327141 0 -0.833019 0.31842 0
0.706015 0.330291 0 -0.847836 0.311562 0
0.697462 0.333371 0 -0.862839 0.304467 0
0.688758 0.336379 0 -0.878034 0.297125 0
0.679901 0.339313 0 -0.893429 0.289525 0
0.670888 0.342169 0 -0.90903 0.281654 0
0.661719 0.344945 0 -0.924844 0.273499 0
0.652391 0.347638 0 -0.94088 0.265047 0
0.642901 0.350245 0 -0.957146 0.256283 0
0.633247 0.352763 0 -0.97365 0.24719 0
0.623427 0.355188 0 -0.990401 0.237753 0
0.613438 0.357516 0 -1.00741 0.227953 0
0.603278 0.359745 0 -1.02468 0.21777 0
0.592944 0.361871 0 -1.04223 0.207183 0
0.582433 0.363888 0 -1.06006 0.19617 0
0.571741 0.365792 0 -1.0782 0.184706 0
0.560868 0.36758 0 -1.09664 0.172764 0
0.549808 0.369246 0 -1.1154 0.160317 0
0.538559 0.370785 0 -1.13449 0.147332 0
0.527117 0.372191 0 -1.15393 0.133777 0
0.515479 0.373458 0 -1.17374 0.119614 0
0.503641 0.374581 0 -1.19391 0.104804 0
0.491599 0.375552 0 -1.21448 0.0893027 0
0.47935 0.376365 0 -1.23544 0.0730626 0
0.466889 0.377011 0 -1.25683 0.0560315 0
0.454212 0.377482 0 -1.27866 0.0381518 0
0.441314 0.377771 0 -1.30094 0.0193605 0
0.428192 0.377866 0 -1.32369 -0.000412332 0
0.414839 0.377759 0 -1.34692 -0.0212437 0
0.401251 0.377438 0 -1.37067 -0.0432191 0
0.387424 0.376891 0 -1.39494 -0.0664336 0
0.373351 0.376105 0 -1.41974 -0.0909931 0
0.359027 0.375066 0 -1.44511 -0.117016 0
0.344447 0.373759 0 -1.47105 -0.144634 0
0.329604 0.372167 0 -1.49758 -0.173998 0
0.314493 0.370273 0 -1.52471 -0.205275 0
0.299108 0.368055 0 -1.55244 -0.238655 0
0.283442 0.365492 0 -1.58078 -0.274356 0
0.26749 0.362559 0 -1.60973 -0.312622 0
0.251246 0.35923 0 -1.63927 -0.353737 0
0.234703 0.355474 0 -1.66937 -0.398023 0
0.217857 0.351258 0 -1.69998 -0.445855 0
0.200702 0.346544 0 -1.73104 -0.497664 0
0.183235 0.34129 0 -1.76244 -0.553953 0
0.165452 0.335448 0 -1.79403 -0.615307 0
0.147354 0.328965 0 -1.82559 -0.682413 0
0.128942 0.321778 0 -1.85684 -0.756078 0
0.11022 0.313819 0 -1.88734 -0.837251 0
0.0911992 0.305005 0 -1.91651 -0.927052 0
0.0718966 0.295245 0 -1.94355 -1.0268 0
0.0523389 0.284431 0 -1.96731 -1.13806 0
0.0325664 0.27244 0 -1.9862 -1.26263 0
0.0126384 0.259128 0 -1.99796 -1.40258 0
-0.00735897 0.24433 0 -1.99942 -1.56022 0
-0.0273016 0.227857 0 -1.98612 -1.73794 0
-0.0470122 0.209497 0 -1.95179 -1.93793 0
-0.0662397 0.189021 0 -1.88777 -2.16144 0
-0.0846319 0.166193 0 -1.78252 -2.40757 0
-0.101707 0.140811 0 -1.6216 -2.67103 0
-0.116828 0.112757 0 -1.38921 -2.93901 0
-0.129212 0.0820923 0 -1.07281 -3.18802 0
-0.138002 0.0491713 0 -0.671618 -3.38384 0
-0.142429 0.0147153 0 -0.205939 -3.48925 0
-0.142047 -0.0202315 0 0.281538 -3.47986 0
-0.136898 -0.0545076 0 0.739307 -3.358 0
-0.127493 -0.0871102 0 1.12773 -3.15126 0
-0.114629 -0.117378 0 1.4303 -2.89731 0
-0.0991603 -0.14501 0 1.65035 -2.6289 0
-0.0818496 -0.169981 0 1.80142 -2.36769 0
-0.0633073 -0.192426 0 1.89928 -2.12504 0
-0.043993 -0.212558 0 1.95795 -1.90536 0
-0.0242408 -0.23061 0 1.98851 -1.70909 0
-0.0042883 -0.246812 0 1.99917 -1.53475 0
0.0156968 -0.26137 0 1.99588 -1.38011 0
0.0355973 -0.274471 0 1.98287 -1.24277 0
0.055332 -0.286276 0 1.96314 -1.12047 0
0.0748449 -0.296923 0 1.93882 -1.01116 0
0.0940982 -0.306536 0 1.91142 -0.91309 0
0.113067 -0.315217 0 1.88204 -0.824741 0
0.131735 -0.323058 0 1.85143 -0.744827 0
0.150093 -0.330138 0 1.82015 -0.672258 0
0.168137 -0.336525 0 1.7886 -0.606109 0
0.185865 -0.342279 0 1.75707 -0.545593 0
0.203279 -0.347453 0 1.72575 -0.490043 0
0.220381 -0.352094 0 1.69478 -0.438887 0
0.237176 -0.356244 0 1.66427 -0.391635 0
0.253669 -0.359938 0 1.63429 -0.347865 0
0.269864 -0.363211 0 1.60487 -0.307211 0
0.285768 -0.366092 0 1.57604 -0.269359 0
0.301387 -0.368607 0 1.54781 -0.234031 0
0.316726 -0.37078 0 1.52019 -0.200986 0
0.331793 -0.372633 0 1.49318 -0.170013 0
0.346592 -0.374186 0 1.46677 -0.140926 0
0.36113 -0.375457 0 1.44093 -0.113558 0
0.375412 -0.376463 0 1.41567 -0.0877644 0
0.389445 -0.377218 0 1.39097 -0.0634145 0
0.403233 -0.377735 0 1.3668 -0.040392 0
0.416783 -0.378029 0 1.34315 -0.0185929 0
0.430098 -0.378111 0 1.32 0.00207619 0
0.443184 -0.377991 0 1.29734 0.0216994 0
0.456046 -0.37768 0 1.27515 0.0403525 0
0.468689 -0.377187 0 1.2534 0.0581042 0
0.481116 -0.376521 0 1.23209 0.0750168 0
0.493332 -0.375689 0 1.2112 0.0911467 0
0.505341 -0.3747 0 1.19071 0.106546 0
0.517147 -0.373561 0 1.1706 0.121261 0
0.528754 -0.372277 0 1.15087 0.135335 0
0.540166 -0.370856 0 1.13149 0.148807 0
0.551385 -0.369303 0 1.11246 0.161714 0
0.562416 -0.367624 0 1.09375 0.174089 0
0.573261 -0.365823 0 1.07537 0.185962 0
0.583924 -0.363906 0 1.05729 0.197363 0
0.594408 -0.361877 0 1.03951 0.208316 0
0.604716 -0.359741 0 1.02201 0.218846 0
0.614849 -0.357502 0 1.00479 0.228976 0
0.624812 -0.355163 0 0.98783 0.238727 0
0.634607 -0.352728 0 0.971125 0.248117 0
0.644236 -0.350202 0 0.954665 0.257165 0
0.653701 -0.347586 0 0.938442 0.265887 0
0.663005 -0.344885 0 0.922447 0.2743 0
0.672151 -0.342101 0 0.906672 0.282417 0
0.681139 -0.339237 0 0.891109 0.290253 0
0.689973 -0.336297 0 0.875751 0.29782 0
0.698655 -0.333282 0 0.860591 0.30513 0
0.707186 -0.330195 0 0.845623 0.312194 0
0.715568 -0.327039 0 0.830839 0.319024 0
0.723803 -0.323815 0 0.816234 0.325628 0
0.731893 -0.320527 0 0.801801 0.332017 0
0.73984 -0.317176 0 0.787535 0.338199 0
0.747645 -0.313764 0 0.773431 0.344182 0
0.755309 -0.310293 0 0.759482 0.349974 0
0.762835 -0.306765 0 0.745684 0.355582 0
0.770223 -0.303182 0 0.732032 0.361014 0
0.777476 -0.299545 0 0.718521 0.366276 0
0.784594 -0.295857 0 0.705146 0.371374 0
0.791579 -0.292118 0 0.691904 0.376314 0
0.798432 -0.288331 0 0.678789 0.381102 0
0.805155 -0.284496 0 0.665799 0.385742 0
0.811749 -0.280616 0 0.652928 0.390241 0
0.818214 -0.276692 0 0.640174 0.394602 0
0.824553 -0.272725 0 0.627531 0.39883 0
0.830765 -0.268716 0 0.614998 0.40293 0
0.836853 -0.264667 0 0.60257 0.406905 0
0.842817 -0.260578 0 0.590244 0.41076 0
0.848658 -0.256452 0 0.578016 0.414497 0
0.854378 -0.252289 0 0.565885 0.418122 0
0.859976 -0.24809 0 0.553846 0.421636 0
0.865455 -0.243856 0 0.541897 0.425043 0
0.870814 -0.239589 0 0.530034 0.428346 0
0.876056 -0.23529 0 0.518256 0.431548 0
0.88118 -0.230959 0 0.506559 0.434651 0
0.886187 -0.226597 0 0.494941 0.437659 0
0.891079 -0.222206 0 0.483399 0.440574 0
0.895855 -0.217786 0 0.471931 0.443398 0
0.900518 -0.213338 0 0.460535 0.446133 0
0.905066 -0.208863 0 0.449207 0.448782 0
0.909502 -0.204363 0 0.437946 0.451346 0
0.913826 -0.199837 0 0.42675 0.453828 0
0.918037 -0.195286 0 0.415616 0.45623 0
0.922138 -0.190712 0 0.404543 0.458552 0
0.926128 -0.186116 0 0.393528 0.460798 0
0.930009 -0.181497 0 0.382569 0.462969 0
0.93378 -0.176856 0 0.371664 0.465065 0
0.937442 -0.172196 0 0.360812 0.46709 0
0.940996 -0.167515 0 0.35001 0.469043 0
0.944443 -0.162815 0 0.339257 0.470927 0
0.947782 -0.158097 0 0.328551 0.472743 0
0.951014 -0.15336 0 0.31789 0.474492 0
0.95414 -0.148607 0 0.307273 0.476175 0
0.957159 -0.143837 0 0.296697 0.477793 0
0.960074 -0.139051 0 0.286161 0.479348 0
0.962883 -0.13425 0 0.275663 0.48084 0
0.965587 -0.129435 0 0.265203 0.48227 0
0.968187 -0.124605 0 0.254777 0.483639 0
0.970683 -0.119762 0 0.244386 0.484949 0
0.973075 -0.114906 0 0.234026 0.4862 0
0.975363 -0.110038 0 0.223697 0.487392 0
0.977549 -0.105159 0 0.213398 0.488527 0
0.979631 -0.100268 0 0.203126 0.489606 0
0.981611 -0.0953668 0 0.19288 0.490628 0
0.983489 -0.0904556 0 0.182659 0.491594 0
0.985265 -0.0855351 0 0.172462 0.492506 0
0.986938 -0.0806057 0 0.162287 0.493363 0
0.98851 -0.075668 0 0.152132 0.494166 0
0.989981 -0.0707225 0 0.141997 0.494916 0
0.99135 -0.0657698 0 0.13188 0.495613 0
0.992619 -0.0608104 0 0.12178 0.496258 0
0.993786 -0.0558449 0 0.111695 0.49685 0
0.994853 -0.0508736 0 0.101624 0.49739 0
0.995819 -0.0458972 0 0.0915662 0.497879 0
0.996684 -0.0409162 0 0.0815196 0.498317 0
0.997449 -0.0359311 0 0.0714832 0.498704 0
0.998114 -0.0309423 0 0.0614558 0.49904 0
0.998678 -0.0259504 0 0.0514361 0.499325 0
0.999142 -0.020956 0 0.0414227 0.49956 0
0.999507 -0.0159594 0 0.0314145 0.499745 0
0.999771 -0.0109612 0 0.0214102 0.49988 0
0.999935 -0.00596196 0 0.0114085 0.499965 0
0.999999 -0.000962096 0 0.00140824 0.499999 0
0.999963 0.00403786 0 -0.00859191 0.499984 0
0.999827 0.00903741 0 -0.0185932 0.499918 0
0.999591 0.0140361 0 -0.0285968 0.499803 0
0.999255 0.0190333 0 -0.038604 0.499637 0
0.998819 0.0240286 0 -0.0486161 0.499422 0
0.998283 0.0290216 0 -0.0586344 0.499155 0
0.997646 0.0340116 0 -0.06866 0.498839 0
0.99691 0.0389982 0 -0.0786943 0.498472 0
0.996072 0.0439809 0 -0.0887385 0.498053 0
0.995135 0.0489591 0 -0.098794 0.497584 0
0.994097 0.0539324 0 -0.108862 0.497063 0
0.992958 0.0589002 0 -0.118944 0.496491 0
0.991718 0.063862 0 -0.12904 0.495866 0
0.990377 0.0688173 0 -0.139154 0.495189 0
0.988934 0.0737656 0 -0.149285 0.494459 0
0.987391 0.0787063 0 -0.159435 0.493676 0
0.985746 0.083639 0 -0.169605 0.492839 0
0.983999 0.0885629 0 -0.179797 0.491948 0
0.98215 0.0934777 0 -0.190013 0.491003 0
0.980198 0.0983828 0 -0.200253 0.490001 0
0.978145 0.103278 0 -0.210519 0.488944 0
0.975988 0.108162 0 -0.220812 0.48783 0
0.973728 0.113034 0 -0.231135 0.486659 0
0.971365 0.117895 0 -0.241487 0.48543 0
0.968898 0.122742 0 -0.251872 0.484142 0
0.966328 0.127577 0 -0.26229 0.482795 0
0.963652 0.132398 0 -0.272743 0.481387 0
0.960873 0.137205 0 -0.283232 0.479917 0
0.957988 0.141996 0 -0.293759 0.478385 0
0.954997 0.146772 0 -0.304326 0.47679 0
0.951901 0.151532 0 -0.314934 0.475131 0
0.948698 0.156275 0 -0.325586 0.473406 0
0.945389 0.161 0 -0.336282 0.471614 0
0.941973 0.165707 0 -0.347024 0.469754 0
0.938449 0.170395 0 -0.357815 0.467826 0
0.934816 0.175063 0 -0.368656 0.465826 0
0.931075 0.179711 0 -0.379549 0.463755 0
0.927225 0.184338 0 -0.390496 0.461611 0
0.923265 0.188943 0 -0.401498 0.459391 0
0.919195 0.193525 0 -0.412559 0.457095 0
0.915014 0.198084 0 -0.423679 0.454721 0
0.910721 0.20262 0 -0.434861 0.452267 0
0.906316 0.20713 0 -0.446107 0.44973 0
0.901799 0.211614 0 -0.45742 0.44711 0
0.897168 0.216071 0 -0.468801 0.444405 0
0.892422 0.220502 0 -0.480253 0.441611 0
0.887562 0.224903 0 -0.491779 0.438727 0
0.882587 0.229276 0 -0.50338 0.43575 0
0.877495 0.233618 0 -0.515059 0.432678 0
0.872285 0.237929 0 -0.526819 0.429509 0
0.866958 0.242208 0 -0.538663 0.426239 0
0.861512 0.246454 0 -0.550592 0.422867 0
0.855946 0.250665 0 -0.562611 0.419388 0
0.850259 0.254841 0 -0.574722 0.415799 0
0.844451 0.258981 0 -0.586928 0.412099 0
0.83852 0.263083 0 -0.599232 0.408282 0
0.832466 0.267146 0 -0.611637 0.404345 0
0.826287 0.271169 0 -0.624147 0.400285 0
0.819983 0.275151 0 -0.636765 0.396098 0
0.813552 0.279091 0 -0.649495 0.391779 0
0.806992 0.282986 0 -0.662339 0.387323 0
0.800304 0.286837 0 -0.675303 0.382727 0
0.793486 0.29064 0 -0.68839 0.377986 0
0.786536 0.294396 0 -0.701603 0.373093 0
0.779453 0.298102 0 -0.714948 0.368044 0
0.772237 0.301756 0 -0.728429 0.362832 0
0.764884 0.305358 0 -0.742049 0.357452 0
0.757395 0.308905 0 -0.755815 0.351897 0
0.749768 0.312395 0 -0.76973 0.346161 0
0.742 0.315827 0 -0.783799 0.340236 0
0.734091 0.319199 0 -0.798029 0.334114 0
0.726039 0.322509 0 -0.812424 0.327787 0
0.717842 0.325754 0 -0.826991 0.321247 0
0.709499 0.328933 0 -0.841735 0.314484 0
0.701007 0.332043 0 -0.856662 0.307488 0
0.692365 0.335082 0 -0.871778 0.30025 0
0.683571 0.338047 0 -0.887092 0.292759 0
0.674622 0.340936 0 -0.902608 0.285001 0
0.665518 0.343746 0 -0.918336 0.276966 0
0.656255 0.346475 0 -0.934282 0.268638 0
0.646831 0.349118 0 -0.950454 0.260005 0
0.637245 0.351674 0 -0.966861 0.25105 0
0.627493 0.354138 0 -0.983511 0.241758 0
0.617574 0.356508 0 -1.00041 0.23211 0
0.607484 0.358779 0 -1.01758 0.222088 0
0.597221 0.360948 0 -1.03501 0.21167 0
0.586783 0.363011 0 -1.05273 0.200836 0
0.576166 0.364963 0 -1.07074 0.189561 0
0.565367 0.366801 0 -1.08906 0.177819 0
0.554384 0.368518 0 -1.10769 0.165584 0
0.543212 0.370111 0 -1.12665 0.152825 0
0.53185 0.371573 0 -1.14595 0.139509 0
0.520292 0.372899 0 -1.1656 0.1256 0
0.508536 0.374083 0 -1.18562 0.111062 0
0.496578 0.375118 0 -1.20603 0.09585 0
0.484415 0.375997 0 -1.22683 0.0799197 0
0.47204 0.376714 0 -1.24805 0.0632202 0
0.459452 0.377259 0 -1.2697 0.0456964 0
0.446645 0.377625 0 -1.29179 0.0272875 0
0.433615 0.377802 0 -1.31435 0.00792648 0
0.420356 0.37778 0 -1.33739 -0.0124607 0
0.406865 0.377549 0 -1.36092 -0.0339559 0
0.393136 0.377097 0 -1.38498 -0.0566501 0
0.379164 0.376411 0 -1.40957 -0.0806446 0
0.364943 0.375479 0 -1.43471 -0.106052 0
0.350468 0.374285 0 -1.46042 -0.133 0
0.335733 0.372814 0 -1.48671 -0.16163 0
0.320732 0.371047 0 -1.51359 -0.192102 0
0.305459 0.368965 0 -1.54108 -0.224596 0
0.289908 0.366547 0 -1.56918 -0.259319 0
0.274073 0.36377 0 -1.59789 -0.296504 0
0.257949 0.360608 0 -1.62719 -0.336417 0
0.241528 0.357032 0 -1.65707 -0.379364 0
0.224805 0.35301 0 -1.68749 -0.425698 0
0.207776 0.348506 0 -1.71838 -0.475824 0
0.190436 0.343479 0 -1.74966 -0.530217 0
0.172782 0.337885 0 -1.7812 -0.589424 0
0.154812 0.331673 0 -1.81281 -0.654091 0
0.136527 0.324783 0 -1.84424 -0.724971 0
0.117929 0.31715 0 -1.87511 -0.802953 0
0.0990279 0.308697 0 -1.90492 -0.889084 0
0.0798366 0.299337 0 -1.93296 -0.9846 0
0.0603777 0.288969 0 -1.95823 -1.09096 0
0.0406856 0.277477 0 -1.97935 -1.20986 0
0.0208108 0.264724 0 -1.99435 -1.34327 0
0.000827599 0.250556 0 -2.00049 -1.4934 0
-0.0191571 0.234793 0 -1.99387 -1.66265 0
-0.03899 0.217233 0 -1.96904 -1.85333 0
-0.0584529 0.19765 0 -1.91837 -2.0672 0
-0.0772385 0.175811 0 -1.83156 -2.30444 0
-0.0949211 0.151494 0 -1.69527 -2.56189 0
-0.110929 0.124536 0 -1.49391 -2.83023 0
-0.124535 0.0949141 0 -1.21279 -3.0906 0
-0.134897 0.0628492 0 -0.845127 -3.31278 0
-0.141185 0.0289092 0 -0.401742 -3.45919 0
-0.142794 -0.00597704 0 0.0830281 -3.49808 0
-0.139555 -0.040663 0 0.558806 -3.42 0
-0.131804 -0.0740505 0 0.978901 -3.24355 0
-0.12025 -0.105327 0 1.31704 -3.00442 0
-0.105747 -0.134052 0 1.5695 -2.73866 0
-0.0891083 -0.160101 0 1.74682 -2.47264 0
-0.0710074 -0.183555 0 1.86457 -2.22158 0
-0.0519637 -0.204605 0 1.93774 -1.99232 0
-0.0323587 -0.22348 0 1.97865 -1.78661 0
-0.0124661 -0.240412 0 1.99661 -1.60358 0
0.00752056 -0.255619 0 1.99844 -1.44119 0
0.0274656 -0.269296 0 1.98898 -1.29708 0
0.0472745 -0.281613 0 1.97171 -1.1689 0
0.0668821 -0.29272 0 1.94906 -1.05452 0
0.0862438 -0.302743 0 1.92278 -0.952057 0
0.10533 -0.311795 0 1.89411 -0.859907 0
0.124121 -0.319971 0 1.86393 -0.776691 0
0.142606 -0.327354 0 1.83288 -0.701243 0
0.160777 -0.334018 0 1.80141 -0.632574 0
0.178634 -0.340025 0 1.76985 -0.569844 0
0.196175 -0.345432 0 1.73843 -0.512339 0
0.213403 -0.350287 0 1.70731 -0.459451 0
0.230322 -0.354635 0 1.67661 -0.410657 0
0.246937 -0.358512 0 1.64641 -0.365511 0
0.263252 -0.361955 0 1.61676 -0.323623 0
0.279274 -0.364995 0 1.58769 -0.28466 0
0.295008 -0.367657 0 1.55922 -0.24833 0
0.31046 -0.369969 0 1.53136 -0.214378 0
0.325637 -0.371952 0 1.50411 -0.182581 0
0.340545 -0.373627 0 1.47745 -0.152742 0
0.355188 -0.375013 0 1.45139 -0.124689 0
0.369574 -0.376126 0 1.4259 -0.0982671 0
0.383708 -0.376983 0 1.40097 -0.0733402 0
0.397595 -0.377598 0 1.37658 -0.0497867 0
0.411241 -0.377983 0 1.35273 -0.0274978 0
0.424652 -0.378151 0 1.32938 -0.00637576 0
0.437831 -0.378114 0 1.30653 0.013667 0
0.450784 -0.377881 0 1.28415 0.0327097 0
0.463515 -0.377463 0 1.26222 0.0508237 0
0.47603 -0.376868 0 1.24074 0.0680739 0
0.488331 -0.376104 0 1.21968 0.084519 0
0.500425 -0.37518 0 1.19903 0.100213 0
0.512313 -0.374102 0 1.17877 0.115203 0
0.524001 -0.372878 0 1.15889 0.129536 0
0.535492 -0.371513 0 1.13937 0.143252 0
0.54679 -0.370015 0 1.1202 0.156387 0
0.557897 -0.368388 0 1.10136 0.168977 0
0.568818 -0.366637 0 1.08285 0.181054 0
0.579555 -0.364768 0 1.06465 0.192646 0
0.590112 -0.362786 0 1.04675 0.203781 0
