1 5e-06 0 -1e-05 0.5 0
0.99995 0.00500492 0 -0.0100102 0.499975 0
0.9998 0.0100043 0 -0.0200117 0.4999 0
0.99955 0.0150027 0 -0.0300156 0.499775 0
0.9992 0.0199997 0 -0.0400233 0.4996 0
0.998749 0.0249946 0 -0.0500361 0.499374 0
0.998199 0.029987 0 -0.060055 0.499098 0
0.997548 0.0349764 0 -0.0700816 0.498772 0
0.996797 0.0399623 0 -0.0801169 0.498395 0
0.995946 0.0449441 0 -0.0901623 0.497967 0
0.994994 0.0499214 0 -0.100219 0.497488 0
0.993942 0.0548937 0 -0.110288 0.496957 0
0.992789 0.0598604 0 -0.120372 0.496375 0
0.991534 0.064821 0 -0.13047 0.49574 0
0.990179 0.069775 0 -0.140585 0.495053 0
0.988723 0.0747219 0 -0.150718 0.494313 0
0.987165 0.0796611 0 -0.160871 0.49352 0
0.985505 0.0845921 0 -0.171043 0.492673 0
0.983744 0.0895144 0 -0.181238 0.491772 0
0.981881 0.0944274 0 -0.191456 0.490816 0
0.979915 0.0993306 0 -0.201699 0.489804 0
0.977847 0.104223 0 -0.211968 0.488736 0
0.975676 0.109105 0 -0.222265 0.487612 0
0.973401 0.113975 0 -0.23259 0.48643 0
0.971024 0.118834 0 -0.242946 0.48519 0
0.968542 0.123679 0 -0.253334 0.483891 0
0.965957 0.128511 0 -0.263756 0.482533 0
0.963267 0.133329 0 -0.274213 0.481113 0
0.960473 0.138133 0 -0.284706 0.479633 0
0.957573 0.142922 0 -0.295237 0.478089 0
0.954568 0.147695 0 -0.305809 0.476483 0
0.951457 0.152451 0 -0.316422 0.474811 0
0.94824 0.157191 0 -0.327078 0.473075 0
0.944915 0.161913 0 -0.337779 0.471271 0
0.941484 0.166616 0 -0.348527 0.469399 0
0.937945 0.1713 0 -0.359323 0.467458 0
0.934297 0.175965 0 -0.37017 0.465446 0
0.930541 0.180609 0 -0.381068 0.463362 0
0.926676 0.185232 0 -0.392021 0.461205 0
0.922701 0.189833 0 -0.40303 0.458972 0
0.918615 0.194411 0 -0.414097 0.456662 0
0.914419 0.198966 0 -0.425224 0.454275 0
0.910111 0.203496 0 -0.436413 0.451806 0
0.90569 0.208002 0 -0.447666 0.449256 0
0.901157 0.212481 0 -0.458986 0.446622 0
0.896511 0.216934 0 -0.470375 0.443901 0
0.89175 0.221359 0 -0.481835 0.441092 0
0.886874 0.225756 0 -0.493369 0.438193 0
0.881882 0.230123 0 -0.504978 0.435201 0
0.876774 0.234459 0 -0.516666 0.432113 0
0.871549 0.238765 0 -0.528435 0.428927 0
0.866205 0.243038 0 -0.540288 0.425641 0
0.860743 0.247277 0 -0.552228 0.422251 0
0.85516 0.251482 0 -0.564257 0.418755 0
0.849457 0.255652 0 -0.576378 0.415148 0
0.843633 0.259785 0 -0.588594 0.411429 0
0.837685 0.26388 0 -0.600909 0.407594 0
0.831614 0.267936 0 -0.613326 0.403638 0
0.825419 0.271953 0 -0.625847 0.399558 0
0.819097 0.275927 0 -0.638477 0.39535 0
0.812649 0.279859 0 -0.651219 0.39101 0
0.806072 0.283747 0 -0.664077 0.386533 0
0.799367 0.287589 0 -0.677054 0.381915 0
0.792531 0.291385 0 -0.690155 0.37715 0
0.785564 0.295132 0 -0.703382 0.372234 0
0.778463 0.298829 0 -0.716742 0.36716 0
0.771228 0.302475 0 -0.730238 0.361923 0
0.763858 0.306067 0 -0.743874 0.356518 0
0.756351 0.309604 0 -0.757655 0.350936 0
0.748705 0.313085 0 -0.771587 0.345172 0
0.740918 0.316507 0 -0.785674 0.339218 0
0.732991 0.319869 0 -0.799922 0.333066 0
0.72492 0.323168 0 -0.814336 0.326708 0
0.716704 0.326402 0 -0.828922 0.320136 0
0.708341 0.32957 0 -0.843685 0.31334 0
0.699829 0.332669 0 -0.858633 0.30631 0
0.691168 0.335695 0 -0.873771 0.299036 0
0.682353 0.338648 0 -0.889106 0.291507 0
0.673385 0.341525 0 -0.904645 0.28371 0
0.66426 0.344322 0 -0.920397 0.275634 0
0.654976 0.347037 0 -0.936367 0.267264 0
0.645532 0.349666 0 -0.952564 0.258587 0
0.635925 0.352207 0 -0.968998 0.249586 0
0.626151 0.354657 0 -0.985675 0.240245 0
0.61621 0.357011 0 -1.00261 0.230546 0
0.606099 0.359267 0 -1.0198 0.22047 0
0.595814 0.361419 0 -1.03727 0.209996 0
0.585353 0.363465 0 -1.05502 0.199102 0
0.574713 0.3654 0 -1.07306 0.187765 0
0.563891 0.367219 0 -1.09141 0.175958 0
0.552884 0.368918 0 -1.11007 0.163653 0
0.541688 0.370491 0 -1.12907 0.150821 0
0.530301 0.371932 0 -1.14841 0.137427 0
0.518719 0.373237 0 -1.1681 0.123436 0
0.506938 0.374399 0 -1.18816 0.10881 0
0.494955 0.375411 0 -1.20861 0.0935053 0
0.482765 0.376267 0 -1.22946 0.0774759 0
0.470364 0.376958 0 -1.25072 0.0606707 0
0.457749 0.377478 0 -1.27242 0.0430338 0
0.444915 0.377816 0 -1.29456 0.0245038 0
0.431856 0.377965 0 -1.31717 0.00501279 0
0.41857 0.377913 0 -1.34026 -0.0155141 0
0.40505 0.377651 0 -1.36385 -0.0371598 0
0.391291 0.377166 0 -1.38797 -0.0600166 0
0.377289 0.376446 0 -1.41261 -0.0841871 0
0.363037 0.375478 0 -1.43781 -0.109786 0
0.348531 0.374246 0 -1.46358 -0.136941 0
0.333764 0.372734 0 -1.48993 -0.165797 0
0.318731 0.370924 0 -1.51688 -0.196517 0
0.303425 0.368797 0 -1.54443 -0.229283 0
0.28784 0.366331 0 -1.57259 -0.264305 0
0.271971 0.363503 0 -1.60136 -0.301819 0
0.255811 0.360286 0 -1.63072 -0.342097 0
0.239355 0.356651 0 -1.66065 -0.38545 0
0.222597 0.352566 0 -1.69111 -0.432236 0
0.205532 0.347994 0 -1.72204 -0.482869 0
0.188155 0.342895 0 -1.75334 -0.537831 0
0.170464 0.337222 0 -1.78488 -0.597681 0
0.152458 0.330923 0 -1.81646 -0.663076 0
0.134136 0.32394 0 -1.84781 -0.734785 0
0.115504 0.316204 0 -1.87856 -0.813714 0
0.096569 0.307639 0 -1.90816 -0.900931 0
0.077347 0.298155 0 -1.93588 -0.997697 0
0.0578613 0.287649 0 -1.96069 -1.1055 0
0.0381479 0.276003 0 -1.98113 -1.22606 0
0.0182601 0.26308 0 -1.99517 -1.36139 0
-0.00172457 0.24872 0 -1.99993 -1.51372 0
-0.0216942 0.232743 0 -1.99135 -1.68545 0
-0.0414886 0.214941 0 -1.96375 -1.87885 0
-0.0608801 0.19509 0 -1.90921 -2.09556 0
-0.0795486 0.172954 0 -1.81707 -2.33546 0
-0.097052 0.148318 0 -1.67364 -2.59479 0
-0.1128 0.12103 0 -1.46324 -2.86326 0
-0.126048 0.0910906 0 -1.1717 -3.12066 0
-0.135947 0.0587599 0 -0.793859 -3.33548 0
-0.141684 0.024651 0 -0.343302 -3.47005 0
-0.142697 -0.0102706 0 0.142972 -3.49454 0
-0.138881 -0.0448501 0 0.613906 -3.403 0
-0.130627 -0.0780153 0 1.0247 -3.21696 0
-0.118672 -0.108998 0 1.35203 -2.97296 0
-0.103873 -0.137402 0 1.59449 -2.70618 0
-0.0870288 -0.163133 0 1.76364 -2.44156 0
-0.0687937 -0.186291 0 1.87519 -2.1931 0
-0.0496685 -0.207072 0 1.94386 -1.96684 0
-0.03002 -0.225708 0 1.98156 -1.76411 0
-0.0101106 -0.242431 0 1.99728 -1.58383 0
0.0098743 -0.257455 0 1.99756 -1.4239 0
0.0298048 -0.270971 0 1.98704 -1.28194 0
0.0495905 -0.283147 0 1.96906 -1.15563 0
0.0691692 -0.294129 0 1.94595 -1.04286 0
0.0884983 -0.304044 0 1.91938 -0.941795 0
0.107549 -0.313 0 1.89054 -0.850857 0
0.126305 -0.321091 0 1.86028 -0.768694 0
0.144753 -0.3284 0 1.82922 -0.694166 0
0.162888 -0.334998 0 1.79778 -0.626302 0
0.180708 -0.340946 0 1.76628 -0.564281 0
0.198214 -0.346301 0 1.73494 -0.507403 0
0.215409 -0.35111 0 1.70392 -0.455071 0
0.232295 -0.355416 0 1.67333 -0.406773 0
0.248877 -0.359258 0 1.64324 -0.362069 0
0.265162 -0.362669 0 1.61371 -0.320579 0
0.281154 -0.365679 0 1.58477 -0.281974 0
0.296859 -0.368317 0 1.55642 -0.245968 0
0.312284 -0.370607 0 1.52868 -0.21231 0
0.327435 -0.372571 0 1.50155 -0.18078 0
0.342318 -0.374229 0 1.47501 -0.151185 0
0.356938 -0.375601 0 1.44907 -0.123354 0
0.371301 -0.376702 0 1.42369 -0.0971363 0
0.385414 -0.377549 0 1.39888 -0.0723972 0
0.399281 -0.378155 0 1.3746 -0.0490166 0
0.412908 -0.378533 0 1.35086 -0.0268873 0
0.4263 -0.378697 0 1.32761 -0.00591302 0
0.439462 -0.378655 0 1.30486 0.0139929 0
0.452399 -0.37842 0 1.28258 0.0329084 0
0.465115 -0.378001 0 1.26076 0.0509042 0
0.477615 -0.377405 0 1.23937 0.0680442 0
0.489904 -0.376642 0 1.2184 0.0843865 0
0.501985 -0.37572 0 1.19784 0.099984 0
0.513862 -0.374645 0 1.17767 0.114885 0
0.52554 -0.373425 0 1.15787 0.129133 0
0.537021 -0.372065 0 1.13844 0.14277 0
0.54831 -0.370571 0 1.11935 0.155831 0
0.55941 -0.36895 0 1.1006 0.168352 0
0.570323 -0.367206 0 1.08217 0.180363 0
0.581054 -0.365345 0 1.06405 0.191893 0
0.591606 -0.36337 0 1.04623 0.202969 0
0.60198 -0.361287 0 1.02869 0.213617 0
0.61218 -0.359099 0 1.01143 0.223857 0
0.62221 -0.356811 0 0.994439 0.233713 0
0.63207 -0.354426 0 0.977704 0.243203 0
0.641765 -0.351948 0 0.961217 0.252347 0
0.651296 -0.34938 0 0.944968 0.26116 0
0.660665 -0.346726 0 0.92895 0.26966 0
0.669875 -0.343988 0 0.913154 0.27786 0
0.678929 -0.34117 0 0.897572 0.285776 0
0.687828 -0.338274 0 0.882198 0.293419 0
0.696574 -0.335302 0 0.867023 0.300803 0
0.705169 -0.332259 0 0.852042 0.307938 0
0.713615 -0.329145 0 0.837247 0.314835 0
0.721915 -0.325963 0 0.822633 0.321505 0
0.730069 -0.322715 0 0.808193 0.327956 0
0.738079 -0.319404 0 0.793921 0.334199 0
0.745948 -0.316032 0 0.779811 0.34024 0
0.753676 -0.3126 0 0.76586 0.346089 0
0.761266 -0.309111 0 0.75206 0.351752 0
0.768718 -0.305566 0 0.738408 0.357237 0
0.776034 -0.301967 0 0.724899 0.362551 0
0.783217 -0.298315 0 0.711527 0.367699 0
0.790266 -0.294613 0 0.698289 0.372688 0
0.797183 -0.290862 0 0.68518 0.377523 0
0.80397 -0.287063 0 0.672196 0.382209 0
0.810627 -0.283219 0 0.659333 0.386753 0
0.817157 -0.279329 0 0.646588 0.391158 0
0.82356 -0.275396 0 0.633956 0.395429 0
0.829836 -0.271421 0 0.621433 0.39957 0
0.835989 -0.267405 0 0.609018 0.403586 0
0.842017 -0.263349 0 0.596705 0.407481 0
0.847923 -0.259256 0 0.584493 0.411258 0
0.853708 -0.255125 0 0.572377 0.41492 0
0.859371 -0.250958 0 0.560354 0.418472 0
0.864915 -0.246756 0 0.548423 0.421916 0
0.87034 -0.24252 0 0.536579 0.425256 0
0.875647 -0.238251 0 0.52482 0.428494 0
0.880837 -0.23395 0 0.513144 0.431633 0
0.88591 -0.229619 0 0.501547 0.434676 0
0.890868 -0.225257 0 0.490028 0.437625 0
0.895711 -0.220866 0 0.478583 0.440483 0
0.90044 -0.216448 0 0.467211 0.443252 0
0.905056 -0.212002 0 0.455909 0.445934 0
0.909559 -0.207529 0 0.444674 0.448532 0
0.91395 -0.203031 0 0.433505 0.451047 0
0.918229 -0.198509 0 0.422399 0.453481 0
0.922398 -0.193962 0 0.411354 0.455836 0
0.926457 -0.189392 0 0.400369 0.458114 0
0.930406 -0.1848 0 0.38944 0.460316 0
0.934246 -0.180186 0 0.378567 0.462444 0
0.937977 -0.175551 0 0.367747 0.4645 0
0.941601 -0.170896 0 0.356978 0.466485 0
0.945117 -0.166222 0 0.346259 0.468401 0
0.948526 -0.161529 0 0.335587 0.470248 0
0.951829 -0.156817 0 0.324961 0.472028 0
0.955026 -0.152088 0 0.31438 0.473742 0
0.958117 -0.147343 0 0.303841 0.475392 0
0.961103 -0.142581 0 0.293343 0.476978 0
0.963984 -0.137803 0 0.282885 0.478501 0
0.966761 -0.133011 0 0.272464 0.479963 0
0.969434 -0.128204 0 0.262079 0.481364 0
0.972003 -0.123384 0 0.251728 0.482705 0
0.974468 -0.11855 0 0.241411 0.483988 0
0.976831 -0.113704 0 0.231125 0.485212 0
0.979091 -0.108846 0 0.220869 0.486379 0
0.981249 -0.103977 0 0.210642 0.487489 0
0.983304 -0.0990968 0 0.200442 0.488544 0
0.985258 -0.0942063 0 0.190268 0.489543 0
0.98711 -0.0893061 0 0.180118 0.490487 0
0.98886 -0.0843968 0 0.169991 0.491377 0
0.99051 -0.0794788 0 0.159886 0.492214 0
0.992058 -0.0745527 0 0.149801 0.492998 0
0.993506 -0.069619 0 0.139735 0.493729 0
0.994853 -0.0646783 0 0.129686 0.494407 0
0.9961 -0.059731 0 0.119654 0.495034 0
0.997246 -0.0547778 0 0.109637 0.49561 0
0.998293 -0.049819 0 0.099634 0.496134 0
0.999239 -0.0448553 0 0.0896432 0.496608 0
1.00009 -0.039887 0 0.0796635 0.497031 0
1.00083 -0.0349148 0 0.0696938 0.497403 0
1.00148 -0.0299391 0 0.0597327 0.497726 0
1.00203 -0.0249605 0 0.0497791 0.497999 0
1.00248 -0.0199793 0 0.0398317 0.498222 0
1.00282 -0.0149962 0 0.0298892 0.498395 0
1.00307 -0.0100116 0 0.0199504 0.498519 0
1.00322 -0.00502596 0 0.0100141 0.498594 0
1.00327 -3.98566e-05 0 7.90363e-05 0.498619 0
1.00322 0.00494625 0 -0.00985601 0.498595 0
1.00308 0.00993187 0 -0.0197923 0.498521 0
1.00283 0.0149165 0 -0.029731 0.498398 0
1.00248 0.0198997 0 -0.0396734 0.498225 0
1.00204 0.0248809 0 -0.0496207 0.498003 0
1.00149 0.0298596 0 -0.0595742 0.497731 0
1.00084 0.0348353 0 -0.0695351 0.497409 0
1.0001 0.0398076 0 -0.0795047 0.497037 0
0.999254 0.0447759 0 -0.0894842 0.496615 0
0.998309 0.0497397 0 -0.0994748 0.496143 0
0.997265 0.0546986 0 -0.109478 0.495619 0
0.99612 0.059652 0 -0.119495 0.495045 0
0.994875 0.0645993 0 -0.129526 0.494418 0
0.993529 0.0695402 0 -0.139575 0.493741 0
0.992083 0.074474 0 -0.14964 0.493011 0
0.990537 0.0794002 0 -0.159725 0.492228 0
0.988889 0.0843183 0 -0.16983 0.491392 0
0.98714 0.0892279 0 -0.179956 0.490503 0
0.98529 0.0941282 0 -0.190106 0.489559 0
0.983338 0.0990189 0 -0.200279 0.488561 0
0.981284 0.103899 0 -0.210479 0.487508 0
0.979128 0.108769 0 -0.220706 0.486398 0
0.97687 0.113627 0 -0.230961 0.485232 0
0.974509 0.118473 0 -0.241246 0.484009 0
0.972045 0.123307 0 -0.251563 0.482728 0
0.969478 0.128128 0 -0.261913 0.481387 0
0.966807 0.132935 0 -0.272297 0.479987 0
0.964032 0.137727 0 -0.282717 0.478526 0
0.961153 0.142505 0 -0.293175 0.477004 0
0.958168 0.147267 0 -0.303672 0.475419 0
0.955079 0.152013 0 -0.31421 0.473771 0
0.951884 0.156742 0 -0.324791 0.472058 0
0.948583 0.161454 0 -0.335416 0.470279 0
0.945176 0.166148 0 -0.346086 0.468433 0
0.941661 0.170823 0 -0.356805 0.466519 0
0.93804 0.175478 0 -0.367573 0.464535 0
0.93431 0.180113 0 -0.378392 0.46248 0
0.930472 0.184727 0 -0.389264 0.460353 0
0.926525 0.18932 0 -0.400192 0.458152 0
0.922468 0.19389 0 -0.411176 0.455875 0
0.918301 0.198437 0 -0.42222 0.453522 0
0.914023 0.20296 0 -0.433324 0.451089 0
0.909634 0.207459 0 -0.444492 0.448575 0
0.905133 0.211932 0 -0.455726 0.445979 0
0.90052 0.216378 0 -0.467027 0.443299 0
0.895793 0.220797 0 -0.478398 0.440531 0
0.890952 0.225188 0 -0.489841 0.437675 0
0.885996 0.22955 0 -0.501359 0.434727 0
0.880924 0.233883 0 -0.512954 0.431686 0
0.875737 0.238184 0 -0.524629 0.428549 0
0.870432 0.242453 0 -0.536386 0.425312 0
0.865009 0.24669 0 -0.548228 0.421975 0
0.859467 0.250892 0 -0.560158 0.418532 0
0.853805 0.25506 0 -0.572179 0.414982 0
0.848023 0.259192 0 -0.584293 0.411322 0
0.842119 0.263286 0 -0.596504 0.407547 0
0.836093 0.267342 0 -0.608814 0.403654 0
0.829943 0.271359 0 -0.621228 0.39964 0
0.823668 0.275335 0 -0.633748 0.395501 0
0.817268 0.279269 0 -0.646378 0.391232 0
0.81074 0.283159 0 -0.659121 0.38683 0
0.804085 0.287005 0 -0.671982 0.382289 0
0.7973 0.290804 0 -0.684963 0.377605 0
0.790385 0.294556 0 -0.69807 0.372773 0
0.783339 0.298259 0 -0.711306 0.367787 0
0.776159 0.301912 0 -0.724675 0.362641 0
0.768845 0.305512 0 -0.738182 0.357331 0
0.761395 0.309058 0 -0.751831 0.351849 0
0.753808 0.312548 0 -0.765628 0.346189 0
0.746082 0.315981 0 -0.779576 0.340344 0
0.738216 0.319354 0 -0.793682 0.334305 0
0.730208 0.322667 0 -0.807951 0.328067 0
0.722056 0.325915 0 -0.822388 0.321619 0
0.71376 0.329098 0 -0.836999 0.314953 0
0.705316 0.332214 0 -0.85179 0.30806 0
0.696723 0.335259 0 -0.866768 0.300929 0
0.68798 0.338231 0 -0.881939 0.29355 0
0.679084 0.341129 0 -0.897309 0.285912 0
0.670033 0.343949 0 -0.912886 0.278001 0
0.660826 0.346688 0 -0.928678 0.269806 0
0.651459 0.349344 0 -0.944692 0.261312 0
0.641931 0.351913 0 -0.960936 0.252504 0
0.63224 0.354393 0 -0.977419 0.243367 0
0.622382 0.35678 0 -0.994149 0.233883 0
0.612356 0.35907 0 -1.01114 0.224034 0
0.602159 0.361259 0 -1.02839 0.213801 0
0.591788 0.363344 0 -1.04592 0.203161 0
0.58124 0.365321 0 -1.06374 0.192093 0
0.570512 0.367185 0 -1.08185 0.180571 0
0.559602 0.368931 0 -1.10028 0.16857 0
0.548506 0.370555 0 -1.11902 0.156059 0
0.537221 0.372051 0 -1.1381 0.143008 0
0.525743 0.373413 0 -1.15753 0.129382 0
0.514069 0.374636 0 -1.17732 0.115145 0
0.502195 0.375714 0 -1.19748 0.100257 0
0.490118 0.376639 0 -1.21803 0.0846728 0
0.477834 0.377405 0 -1.23899 0.0683448 0
0.465337 0.378004 0 -1.26037 0.0512203 0
0.452625 0.378427 0 -1.28219 0.0332411 0
0.439692 0.378666 0 -1.30446 0.0143435 0
0.426534 0.378711 0 -1.3272 -0.00554298 0
0.413147 0.378551 0 -1.35043 -0.0264963 0
0.399524 0.378177 0 -1.37417 -0.0486028 0
0.385662 0.377575 0 -1.39843 -0.0719586 0
0.371554 0.376734 0 -1.42323 -0.0966707 0
0.357196 0.375637 0 -1.4486 -0.122859 0
0.342581 0.374271 0 -1.47453 -0.150657 0
0.327703 0.372619 0 -1.50105 -0.180217 0
0.312558 0.370661 0 -1.52817 -0.211707 0
0.297138 0.368378 0 -1.5559 -0.245322 0
0.281438 0.365747 0 -1.58423 -0.281281 0
0.265452 0.362744 0 -1.61316 -0.319832 0
0.249173 0.359341 0 -1.64268 -0.361262 0
0.232597 0.355508 0 -1.67275 -0.405899 0
0.215717 0.351212 0 -1.70333 -0.454121 0
0.198529 0.346413 0 -1.73433 -0.506368 0
0.181029 0.34107 0 -1.76566 -0.56315 0
0.163215 0.335134 0 -1.79716 -0.62506 0
0.145087 0.32855 0 -1.8286 -0.692798 0
0.126645 0.321256 0 -1.85967 -0.767181 0
0.107896 0.313182 0 -1.88994 -0.849174 0
0.0888511 0.304244 0 -1.91881 -0.939918 0
0.0695278 0.294351 0 -1.94542 -1.04075 0
0.0499543 0.283392 0 -1.96861 -1.15325 0
0.0301727 0.271242 0 -1.98671 -1.27925 0
0.0102449 0.257756 0 -1.99739 -1.42085 0
-0.00973953 0.242766 0 -1.99737 -1.58035 0
-0.0296516 0.226083 0 -1.98201 -1.76015 0
-0.0493075 0.207491 0 -1.94484 -1.96234 0
-0.0684469 0.18676 0 -1.87694 -2.18802 0
-0.0867057 0.163658 0 -1.76647 -2.43594 0
-0.103587 0.137988 0 -1.59878 -2.70017 0
-0.11844 0.109648 0 -1.3582 -2.96693 0
-0.13047 0.0787245 0 -1.03302 -3.21157 0
-0.138823 0.0456082 0 -0.624334 -3.39914 0
-0.142756 0.0110569 0 -0.154895 -3.49307 0
-0.14187 -0.0238643 0 0.330946 -3.47141 0
-0.136259 -0.0580017 0 0.782183 -3.33949 0
-0.126474 -0.0903852 0 1.16146 -3.12666 0
-0.113322 -0.120394 0 1.45471 -2.87051 0
-0.0976535 -0.14776 0 1.66677 -2.60266 0
-0.0802129 -0.17248 0 1.81161 -2.34354 0
-0.0615939 -0.194698 0 1.90492 -2.10362 0
-0.042241 -0.214632 0 1.96039 -1.88677 0
-0.0224766 -0.232514 0 1.98874 -1.69317 0
-0.00253008 -0.248569 0 1.99791 -1.52124 0
0.017437 -0.263005 0 1.99365 -1.36871 0
0.0373119 -0.276002 0 1.98002 -1.2332 0
0.057016 -0.287719 0 1.95992 -1.11247 0
0.0764958 -0.298295 0 1.9354 -1.00453 0
0.0957146 -0.307847 0 1.90794 -0.907635 0
0.114648 -0.31648 0 1.87856 -0.820306 0
0.133282 -0.324282 0 1.84803 -0.741278 0
0.151607 -0.331331 0 1.81686 -0.669482 0
0.169619 -0.337693 0 1.78546 -0.60401 0
0.187317 -0.34343 0 1.75408 -0.544091 0
0.204702 -0.348592 0 1.72293 -0.489069 0
0.221777 -0.353226 0 1.69214 -0.43838 0
0.238546 -0.357373 0 1.66182 -0.391544 0
0.255015 -0.361069 0 1.63202 -0.348146 0
0.271189 -0.364347 0 1.60278 -0.307827 0
0.287073 -0.367235 0 1.57414 -0.270275 0
0.302674 -0.369761 0 1.54609 -0.235219 0
0.317997 -0.371947 0 1.51865 -0.20242 0
0.333049 -0.373816 0 1.49182 -0.171671 0
0.347836 -0.375387 0 1.46557 -0.142786 0
0.362363 -0.376678 0 1.43991 -0.115605 0
0.376636 -0.377705 0 1.41481 -0.0899808 0
0.390661 -0.378483 0 1.39027 -0.0657864 0
0.404444 -0.379025 0 1.36626 -0.0429069 0
0.417988 -0.379345 0 1.34276 -0.0212392 0
0.431301 -0.379454 0 1.31977 -0.000691318 0
0.444386 -0.379363 0 1.29725 0.01882 0
0.457248 -0.379081 0 1.27521 0.0373698 0
0.469892 -0.378618 0 1.2536 0.0550259 0
0.482321 -0.377983 0 1.23243 0.0718499 0
0.494542 -0.377184 0 1.21168 0.0878977 0
0.506557 -0.376228 0 1.19132 0.10322 0
0.51837 -0.375122 0 1.17134 0.117865 0
0.529985 -0.373873 0 1.15174 0.131873 0
0.541406 -0.372487 0 1.13249 0.145284 0
0.552636 -0.370969 0 1.11358 0.158134 0
0.563679 -0.369326 0 1.095 0.170456 0
0.574537 -0.367562 0 1.07674 0.18228 0
0.585215 -0.365682 0 1.05878 0.193634 0
0.595714 -0.363691 0 1.04112 0.204545 0
0.606038 -0.361593 0 1.02374 0.215035 0
0.61619 -0.359392 0 1.00663 0.225129 0
0.626172 -0.357092 0 0.989783 0.234845 0
0.635987 -0.354696 0 0.97319 0.244203 0
0.645637 -0.352209 0 0.956841 0.253221 0
0.655124 -0.349633 0 0.940728 0.261916 0
0.664452 -0.346971 0 0.924841 0.270303 0
0.673622 -0.344228 0 0.909173 0.278397 0
0.682636 -0.341405 0 0.893717 0.286211 0
0.691497 -0.338505 0 0.878465 0.293758 0
0.700207 -0.33553 0 0.86341 0.30105 0
0.708766 -0.332484 0 0.848545 0.308098 0
0.717178 -0.329369 0 0.833865 0.314912 0
0.725444 -0.326187 0 0.819362 0.321503 0
0.733566 -0.32294 0 0.805031 0.327879 0
0.741546 -0.31963 0 0.790866 0.33405 0
0.749384 -0.31626 0 0.776862 0.340023 0
0.757083 -0.31283 0 0.763013 0.345807 0
0.764645 -0.309344 0 0.749314 0.351408 0
0.77207 -0.305803 0 0.735761 0.356833 0
0.779361 -0.302208 0 0.722348 0.36209 0
0.786518 -0.298562 0 0.709072 0.367184 0
0.793543 -0.294865 0 0.695928 0.372121 0
0.800437 -0.29112 0 0.682911 0.376906 0
0.807202 -0.287327 0 0.670018 0.381545 0
0.813838 -0.283489 0 0.657244 0.386044 0
0.820347 -0.279607 0 0.644586 0.390405 0
0.82673 -0.275682 0 0.63204 0.394635 0
0.832988 -0.271715 0 0.619603 0.398737 0
0.839123 -0.267707 0 0.607272 0.402716 0
0.845134 -0.263661 0 0.595042 0.406574 0
0.851024 -0.259576 0 0.582911 0.410317 0
0.856793 -0.255455 0 0.570875 0.413946 0
0.862442 -0.251298 0 0.558932 0.417467 0
0.867972 -0.247106 0 0.547079 0.420881 0
0.873384 -0.242881 0 0.535313 0.424192 0
0.878679 -0.238623 0 0.523631 0.427402 0
0.883857 -0.234333 0 0.51203 0.430515 0
0.88892 -0.230013 0 0.500509 0.433533 0
0.893867 -0.225663 0 0.489063 0.436459 0
0.898701 -0.221284 0 0.477692 0.439294 0
0.903422 -0.216877 0 0.466392 0.442042 0
0.908029 -0.212443 0 0.455162 0.444703 0
0.912525 -0.207983 0 0.443998 0.447281 0
0.91691 -0.203498 0 0.4329 0.449778 0
0.921184 -0.198988 0 0.421864 0.452194 0
0.925347 -0.194454 0 0.410889 0.454533 0
0.929402 -0.189898 0 0.399972 0.456795 0
0.933347 -0.185319 0 0.389112 0.458983 0
0.937184 -0.180718 0 0.378307 0.461098 0
0.940913 -0.176097 0 0.367554 0.46314 0
0.944535 -0.171456 0 0.356852 0.465113 0
0.948051 -0.166795 0 0.346199 0.467017 0
0.95146 -0.162116 0 0.335594 0.468854 0
0.954763 -0.157418 0 0.325034 0.470624 0
0.957961 -0.152703 0 0.314519 0.472329 0
0.961054 -0.147972 0 0.304045 0.47397 0
0.964042 -0.143224 0 0.293612 0.475548 0
0.966926 -0.138461 0 0.283218 0.477064 0
0.969706 -0.133683 0 0.272861 0.47852 0
0.972383 -0.128891 0 0.262541 0.479915 0
0.974957 -0.124085 0 0.252254 0.481252 0
0.977429 -0.119266 0 0.242 0.48253 0
0.979798 -0.114435 0 0.231778 0.48375 0
0.982065 -0.109591 0 0.221586 0.484914 0
0.98423 -0.104737 0 0.211422 0.486022 0
0.986293 -0.099871 0 0.201285 0.487075 0
0.988255 -0.0949953 0 0.191174 0.488073 0
0.990117 -0.0901098 0 0.181087 0.489017 0
0.991877 -0.0852151 0 0.171023 0.489907 0
0.993537 -0.0803118 0 0.160981 0.490744 0
0.995097 -0.0754004 0 0.150958 0.491529 0
0.996557 -0.0704814 0 0.140955 0.492262 0
0.997916 -0.0655554 0 0.13097 0.492943 0
0.999176 -0.0606228 0 0.121001 0.493573 0
1.00034 -0.0556841 0 0.111046 0.494152 0
1.0014 -0.0507399 0 0.101106 0.49468 0
1.00236 -0.0457907 0 0.0911784 0.495159 0
1.00322 -0.0408369 0 0.0812619 0.495587 0
1.00398 -0.0358791 0 0.0713554 0.495966 0
1.00465 -0.0309177 0 0.0614578 0.496295 0
1.00521 -0.0259534 0 0.0515678 0.496575 0
1.00568 -0.0209864 0 0.0416841 0.496805 0
1.00605 -0.0160174 0 0.0318056 0.496987 0
1.00632 -0.0110468 0 0.0219309 0.49712 0
1.00649 -0.00607518 0 0.012059 0.497204 0
1.00656 -0.00110293 0 0.00218853 0.497239 0
1.00653 0.00386944 0 -0.00768165 0.497226 0
1.0064 0.00884142 0 -0.0175528 0.497163 0
1.00618 0.0138125 0 -0.0274261 0.497052 0
1.00586 0.0187823 0 -0.0373027 0.496892 0
1.00543 0.0237502 0 -0.047184 0.496683 0
1.00491 0.0287158 0 -0.057071 0.496425 0
1.00429 0.0336786 0 -0.0669651 0.496118 0
1.00357 0.038638 0 -0.0768674 0.495761 0
1.00275 0.0435936 0 -0.0867793 0.495355 0
1.00184 0.048545 0 -0.0967019 0.494899 0
1.00082 0.0534915 0 -0.106636 0.494393 0
0.999704 0.0584326 0 -0.116584 0.493836 0
0.998489 0.063368 0 -0.126547 0.493229 0
0.997173 0.0682971 0 -0.136525 0.492571 0
0.995758 0.0732193 0 -0.14652 0.491861 0
0.994243 0.0781341 0 -0.156533 0.4911 0
0.992628 0.0830411 0 -0.166567 0.490286 0
0.990912 0.0879397 0 -0.176621 0.489419 0
0.989095 0.0928293 0 -0.186697 0.488499 0
0.987178 0.0977095 0 -0.196797 0.487525 0
0.985159 0.10258 0 -0.206923 0.486497 0
0.983039 0.107439 0 -0.217074 0.485414 0
0.980818 0.112288 0 -0.227254 0.484275 0
0.978494 0.117125 0 -0.237463 0.48308 0
0.976069 0.121949 0 -0.247702 0.481827 0
0.97354 0.126761 0 -0.257974 0.480517 0
0.970909 0.131559 0 -0.268279 0.479148 0
0.968175 0.136344 0 -0.278619 0.477719 0
0.965337 0.141114 0 -0.288997 0.47623 0
0.962395 0.145868 0 -0.299412 0.474679 0
0.959348 0.150607 0 -0.309867 0.473066 0
0.956197 0.155329 0 -0.320364 0.47139 0
0.952941 0.160035 0 -0.330904 0.469649 0
0.949579 0.164722 0 -0.341489 0.467842 0
0.946111 0.169391 0 -0.35212 0.465968 0
0.942537 0.174041 0 -0.3628 0.464026 0
0.938855 0.178671 0 -0.373529 0.462015 0
0.935066 0.183281 0 -0.384311 0.459932 0
0.931169 0.18787 0 -0.395147 0.457777 0
0.927163 0.192437 0 -0.406038 0.455548 0
0.923048 0.196981 0 -0.416987 0.453244 0
0.918823 0.201501 0 -0.427995 0.450862 0
0.914488 0.205998 0 -0.439066 0.448402 0
0.910042 0.210469 0 -0.4502 0.44586 0
0.905484 0.214915 0 -0.4614 0.443236 0
0.900814 0.219333 0 -0.472669 0.440527 0
0.896031 0.223725 0 -0.484008 0.437731 0
0.891134 0.228088 0 -0.49542 0.434846 0
0.886122 0.232421 0 -0.506907 0.431869 0
0.880995 0.236725 0 -0.518472 0.428799 0
0.875752 0.240997 0 -0.530117 0.425632 0
0.870393 0.245237 0 -0.541846 0.422366 0
0.864915 0.249444 0 -0.55366 0.418998 0
0.859319 0.253617 0 -0.565562 0.415525 0
0.853604 0.257754 0 -0.577556 0.411945 0
0.847768 0.261855 0 -0.589644 0.408253 0
0.841811 0.265919 0 -0.601829 0.404447 0
0.835731 0.269944 0 -0.614115 0.400522 0
0.829528 0.273929 0 -0.626505 0.396475 0
0.823201 0.277873 0 -0.639001 0.392303 0
0.816748 0.281775 0 -0.651609 0.388001 0
0.810168 0.285633 0 -0.66433 0.383564 0
0.803461 0.289446 0 -0.67717 0.378988 0
0.796625 0.293212 0 -0.690131 0.374268 0
0.789658 0.296931 0 -0.703218 0.369399 0
0.78256 0.3006 0 -0.716435 0.364376 0
0.775329 0.304218 0 -0.729786 0.359192 0
0.767964 0.307783 0 -0.743276 0.353843 0
0.760463 0.311294 0 -0.756909 0.348321 0
0.752826 0.314749 0 -0.77069 0.342619 0
0.745049 0.318146 0 -0.784624 0.336732 0
0.737133 0.321483 0 -0.798716 0.33065 0
0.729074 0.324758 0 -0.812972 0.324366 0
0.720873 0.32797 0 -0.827398 0.317872 0
0.712526 0.331115 0 -0.841998 0.311159 0
0.704032 0.334192 0 -0.85678 0.304216 0
0.69539 0.337199 0 -0.871749 0.297034 0
0.686597 0.340132 0 -0.886912 0.289602 0
0.677651 0.34299 0 -0.902276 0.281909 0
0.668551 0.345769 0 -0.917849 0.273941 0
0.659294 0.348468 0 -0.933636 0.265686 0
0.649878 0.351082 0 -0.949648 0.257131 0
0.6403 0.353609 0 -0.96589 0.248258 0
0.630559 0.356046 0 -0.982373 0.239054 0
0.620652 0.358389 0 -0.999105 0.2295 0
0.610576 0.360635 0 -1.0161 0.219577 0
0.600329 0.36278 0 -1.03335 0.209266 0
0.589909 0.364819 0 -1.05089 0.198546 0
0.579311 0.366749 0 -1.06871 0.187392 0
0.568533 0.368566 0 -1.08684 0.175781 0
0.557573 0.370263 0 -1.10527 0.163685 0
0.546427 0.371838 0 -1.12403 0.151074 0
0.535092 0.373283 0 -1.14313 0.137918 0
0.523563 0.374594 0 -1.16257 0.12418 0
0.511839 0.375765 0 -1.18238 0.109825 0
0.499915 0.376789 0 -1.20256 0.0948105 0
0.487787 0.377659 0 -1.22314 0.0790922 0
0.475451 0.378368 0 -1.24412 0.0626212 0
0.462903 0.378909 0 -1.26553 0.0453437 0
0.450139 0.379272 0 -1.28738 0.0272008 0
0.437154 0.37945 0 -1.30968 0.00812753 0
0.423944 0.379432 0 -1.33246 -0.0119479 0
0.410504 0.379208 0 -1.35572 -0.0331048 0
0.396828 0.378766 0 -1.3795 -0.0554311 0
0.382912 0.378095 0 -1.40381 -0.0790249 0
0.36875 0.377181 0 -1.42865 -0.103995 0
0.354337 0.37601 0 -1.45406 -0.130464 0
0.339668 0.374567 0 -1.48004 -0.158569 0
0.324735 0.372833 0 -1.50661 -0.188464 0
0.309534 0.370791 0 -1.53378 -0.220322 0
0.294058 0.36842 0 -1.56155 -0.254342 0
0.278301 0.365697 0 -1.58992 -0.290747 0
0.262257 0.362597 0 -1.6189 -0.329793 0
0.245921 0.359092 0 -1.64845 -0.371772 0
0.229287 0.355151 0 -1.67854 -0.417023 0
0.212349 0.350739 0 -1.70913 -0.465932 0
0.195103 0.345819 0 -1.74012 -0.518951 0
0.177546 0.340346 0 -1.77141 -0.576603 0
0.159675 0.33427 0 -1.80283 -0.6395 0
0.14149 0.327536 0 -1.83414 -0.70836 0
0.122994 0.320081 0 -1.86501 -0.784026 0
0.104193 0.311831 0 -1.89497 -0.867491 0
0.0851 0.302702 0 -1.92339 -0.959927 0
0.0657339 0.292599 0 -1.94937 -1.06271 0
0.0461251 0.281409 0 -1.97165 -1.17747 0
0.0263192 0.269004 0 -1.98847 -1.30608 0
0.00638229 0.255235 0 -1.99734 -1.45067 0
-0.0135896 0.239931 0 -1.99478 -1.61358 0
-0.033459 0.222897 0 -1.97585 -1.79716 0
-0.0530297 0.203914 0 -1.93368 -2.00341 0
-0.0720248 0.182752 0 -1.85887 -2.2331 0
-0.0900585 0.159182 0 -1.73905 -2.48431 0
-0.106607 0.13302 0 -1.5592 -2.74994 0
-0.120993 0.104189 0 -1.30395 -3.01442 0
-0.132403 0.0728255 0 -0.963219 -3.25104 0
-0.139988 0.0393833 0 -0.541521 -3.42372 0
-0.143056 0.0046845 0 -0.0659433 -3.49736 0
-0.141289 -0.0301718 0 0.416589 -3.45444 0
-0.134873 -0.064049 0 0.856313 -3.30542 0
-0.124423 -0.0960347 0 1.21995 -3.08235 0
-0.110766 -0.125577 0 1.49749 -2.82246 0
-0.0947392 -0.152464 0 1.69611 -2.55541 0
-0.07706 -0.176726 0 1.83049 -2.29958 0
-0.0582928 -0.198526 0 1.91609 -2.06397 0
-0.0388574 -0.218086 0 1.96603 -1.85162 0
-0.019057 -0.235637 0 1.99051 -1.66227 0
0.000892983 -0.251404 0 1.99701 -1.49418 0
0.0208413 -0.265586 0 1.9909 -1.34503 0
0.040682 -0.278361 0 1.97603 -1.21245 0
0.0603421 -0.289884 0 1.95512 -1.09426 0
0.079771 -0.300289 0 1.93009 -0.988501 0
0.098935 -0.309691 0 1.90231 -0.893496 0
0.117812 -0.31819 0 1.87278 -0.807803 0
0.136387 -0.325874 0 1.84219 -0.730197 0
0.154654 -0.332819 0 1.81105 -0.659642 0
0.172608 -0.339089 0 1.77972 -0.595257 0
0.190249 -0.344742 0 1.74845 -0.536294 0
0.207578 -0.349831 0 1.71744 -0.482115 0
0.224599 -0.354399 0 1.68681 -0.432175 0
0.241316 -0.358487 0 1.65665 -0.386006 0
0.257734 -0.362131 0 1.62702 -0.343204 0
0.273859 -0.365362 0 1.59796 -0.303419 0
0.289696 -0.368209 0 1.56949 -0.266348 0
0.305251 -0.370697 0 1.54162 -0.231725 0
0.320531 -0.372851 0 1.51436 -0.199319 0
0.33554 -0.374691 0 1.48769 -0.168927 0
0.350287 -0.376236 0 1.46161 -0.140367 0
0.364775 -0.377504 0 1.43611 -0.113482 0
0.379011 -0.378511 0 1.41117 -0.0881292 0
0.393 -0.379272 0 1.38678 -0.0641838 0
0.406749 -0.379799 0 1.36292 -0.041533 0
0.420261 -0.380106 0 1.33957 -0.0200761 0
0.433542 -0.380205 0 1.31672 0.000277314 0
0.446597 -0.380105 0 1.29435 0.0196088 0
0.459431 -0.379816 0 1.27243 0.037992 0
0.472047 -0.379348 0 1.25096 0.0554935 0
0.484452 -0.378709 0 1.22992 0.0721739 0
0.496647 -0.377907 0 1.20928 0.0880881 0
0.508639 -0.37695 0 1.18904 0.103286 0
0.52043 -0.375844 0 1.16919 0.117814 0
0.532024 -0.374596 0 1.1497 0.131714 0
0.543425 -0.373212 0 1.13056 0.145023 0
0.554636 -0.371697 0 1.11176 0.157778 0
0.565661 -0.370058 0 1.09328 0.170011 0
0.576503 -0.368299 0 1.07512 0.181752 0
0.587165 -0.366424 0 1.05726 0.193028 0
0.59765 -0.36444 0 1.0397 0.203864 0
0.60796 -0.362349 0 1.02241 0.214286 0
0.618099 -0.360155 0 1.0054 0.224313 0
0.628069 -0.357864 0 0.988642 0.233968 0
0.637873 -0.355477 0 0.972138 0.243268 0
0.647513 -0.353 0 0.955877 0.252232 0
0.656991 -0.350434 0 0.939849 0.260875 0
0.666311 -0.347783 0 0.924046 0.269214 0
0.675473 -0.345051 0 0.908461 0.277262 0
0.684481 -0.342239 0 0.893085 0.285032 0
0.693336 -0.339351 0 0.877913 0.292538 0
0.70204 -0.336389 0 0.862936 0.299792 0
0.710595 -0.333356 0 0.848148 0.306803 0
0.719003 -0.330254 0 0.833543 0.313583 0
0.727267 -0.327085 0 0.819115 0.320141 0
0.735386 -0.323852 0 0.804857 0.326487 0
0.743365 -0.320556 0 0.790765 0.332628 0
0.751202 -0.3172 0 0.776832 0.338574 0
0.758902 -0.313785 0 0.763053 0.344331 0
0.766464 -0.310314 0 0.749424 0.349908 0
0.773891 -0.306788 0 0.735939 0.355311 0
0.781184 -0.303208 0 0.722594 0.360546 0
0.788343 -0.299577 0 0.709385 0.365619 0
0.795372 -0.295897 0 0.696307 0.370537 0
0.80227 -0.292167 0 0.683355 0.375304 0
0.809039 -0.288391 0 0.670527 0.379926 0
0.815681 -0.284569 0 0.657817 0.384409 0
0.822196 -0.280703 0 0.645223 0.388755 0
0.828586 -0.276795 0 0.63274 0.392971 0
0.834852 -0.272844 0 0.620365 0.39706 0
0.840994 -0.268854 0 0.608095 0.401027 0
0.847014 -0.264824 0 0.595927 0.404874 0
0.852913 -0.260757 0 0.583856 0.408606 0
0.858691 -0.256653 0 0.571881 0.412226 0
0.864351 -0.252513 0 0.559998 0.415738 0
0.869892 -0.248338 0 0.548205 0.419144 0
0.875315 -0.24413 0 0.536498 0.422447 0
0.880622 -0.23989 0 0.524874 0.425652 0
0.885813 -0.235618 0 0.513332 0.428759 0
0.890889 -0.231315 0 0.501869 0.431771 0
0.895851 -0.226982 0 0.490482 0.434692 0
0.900699 -0.222621 0 0.479168 0.437524 0
0.905435 -0.218232 0 0.467926 0.440268 0
0.910058 -0.213816 0 0.456753 0.442927 0
0.91457 -0.209374 0 0.445646 0.445503 0
0.918971 -0.204906 0 0.434605 0.447998 0
0.923262 -0.200414 0 0.423626 0.450414 0
0.927444 -0.195898 0 0.412707 0.452752 0
0.931517 -0.19136 0 0.401847 0.455014 0
0.935481 -0.186798 0 0.391043 0.457203 0
0.939338 -0.182216 0 0.380294 0.459318 0
0.943088 -0.177612 0 0.369598 0.461363 0
0.94673 -0.172989 0 0.358952 0.463338 0
0.950267 -0.168346 0 0.348356 0.465245 0
0.953698 -0.163684 0 0.337807 0.467085 0
0.957023 -0.159004 0 0.327303 0.468859 0
0.960244 -0.154307 0 0.316843 0.470568 0
0.96336 -0.149593 0 0.306426 0.472214 0
0.966373 -0.144863 0 0.296049 0.473797 0
0.969282 -0.140118 0 0.285711 0.475319 0
0.972087 -0.135357 0 0.275411 0.476781 0
0.97479 -0.130582 0 0.265147 0.478183 0
0.97739 -0.125794 0 0.254917 0.479527 0
0.979889 -0.120992 0 0.24472 0.480812 0
0.982285 -0.116177 0 0.234554 0.482041 0
0.98458 -0.111351 0 0.224419 0.483214 0
0.986774 -0.106513 0 0.214312 0.484331 0
0.988866 -0.101665 0 0.204232 0.485393 0
0.990858 -0.0968058 0 0.194179 0.486401 0
0.99275 -0.0919369 0 0.184149 0.487355 0
0.994542 -0.0870588 0 0.174143 0.488256 0
0.996233 -0.082172 0 0.164159 0.489105 0
0.997825 -0.0772769 0 0.154195 0.489902 0
0.999317 -0.0723741 0 0.144251 0.490647 0
1.00071 -0.0674642 0 0.134324 0.491341 0
1.002 -0.0625475 0 0.124414 0.491985 0
1.0032 -0.0576246 0 0.114519 0.492578 0
1.00429 -0.0526961 0 0.104639 0.493121 0
1.00529 -0.0477624 0 0.0947712 0.493614 0
1.00619 -0.042824 0 0.0849152 0.494058 0
1.00699 -0.0378814 0 0.0750696 0.494453 0
1.00769 -0.0329351 0 0.0652333 0.494798 0
1.00829 -0.0279856 0 0.0554049 0.495095 0
1.0088 -0.0230334 0 0.0455833 0.495344 0
1.00921 -0.0180789 0 0.0357672 0.495544 0
1.00952 -0.0131227 0 0.0259555 0.495696 0
1.00973 -0.00816514 0 0.016147 0.495799 0
1.00984 -0.00320684 0 0.00634048 0.495854 0
1.00985 0.00175178 0 -0.00346528 0.495861 0
1.00977 0.00671023 0 -0.0132715 0.49582 0
1.00959 0.011668 0 -0.0230793 0.495731 0
1.00931 0.0166247 0 -0.0328899 0.495594 0
1.00893 0.0215797 0 -0.0427045 0.495408 0
1.00845 0.0265327 0 -0.0525244 0.495174 0
1.00788 0.031483 0 -0.0623506 0.494891 0
1.00721 0.0364303 0 -0.0721845 0.494559 0
1.00644 0.0413741 0 -0.0820272 0.494179 0
1.00557 0.0463138 0 -0.09188 0.49375 0
1.0046 0.0512489 0 -0.101744 0.493271 0
1.00353 0.056179 0 -0.111621 0.492743 0
1.00237 0.0611036 0 -0.121511 0.492164 0
1.0011 0.0660222 0 -0.131416 0.491536 0
0.999737 0.0709342 0 -0.141338 0.490857 0
0.998274 0.0758391 0 -0.151277 0.490127 0
0.996712 0.0807365 0 -0.161235 0.489345 0
0.99505 0.0856259 0 -0.171213 0.488512 0
0.993288 0.0905066 0 -0.181213 0.487626 0
0.991425 0.0953782 0 -0.191235 0.486687 0
0.989463 0.10024 0 -0.201281 0.485695 0
0.9874 0.105092 0 -0.211353 0.484649 0
0.985236 0.109933 0 -0.221452 0.483548 0
0.982971 0.114763 0 -0.231579 0.482392 0
0.980604 0.119581 0 -0.241735 0.48118 0
0.978136 0.124386 0 -0.251923 0.479911 0
0.975566 0.129179 0 -0.262143 0.478585 0
0.972893 0.133958 0 -0.272397 0.4772 0
0.970118 0.138723 0 -0.282686 0.475756 0
0.967239 0.143473 0 -0.293013 0.474252 0
0.964258 0.148207 0 -0.303378 0.472687 0
0.961172 0.152926 0 -0.313783 0.471059 0
0.957982 0.157628 0 -0.32423 0.469369 0
0.954687 0.162313 0 -0.33472 0.467614 0
0.951287 0.16698 0 -0.345256 0.465794 0
0.947782 0.171629 0 -0.355838 0.463907 0
0.944171 0.176258 0 -0.366469 0.461952 0
0.940453 0.180868 0 -0.37715 0.459928 0
0.936628 0.185457 0 -0.387883 0.457833 0
0.932695 0.190024 0 -0.398671 0.455666 0
0.928654 0.19457 0 -0.409514 0.453426 0
0.924505 0.199093 0 -0.420415 0.45111 0
0.920246 0.203592 0 -0.431376 0.448718 0
0.915877 0.208067 0 -0.442399 0.446246 0
0.911398 0.212516 0 -0.453486 0.443694 0
0.906807 0.21694 0 -0.464639 0.44106 0
0.902105 0.221337 0 -0.475861 0.438341 0
0.89729 0.225707 0 -0.487153 0.435536 0
0.892361 0.230048 0 -0.498518 0.432641 0
0.887319 0.234359 0 -0.509959 0.429656 0
0.882162 0.238641 0 -0.521477 0.426577 0
0.87689 0.242891 0 -0.533076 0.423402 0
0.8715 0.247108 0 -0.544758 0.420128 0
0.865994 0.251293 0 -0.556526 0.416752 0
0.86037 0.255443 0 -0.568382 0.413272 0
0.854626 0.259558 0 -0.580329 0.409684 0
0.848763 0.263636 0 -0.592371 0.405985 0
0.842779 0.267677 0 -0.60451 0.402172 0
0.836673 0.27168 0 -0.61675 0.398241 0
0.830444 0.275642 0 -0.629093 0.394189 0
0.82409 0.279563 0 -0.641544 0.390011 0
0.817612 0.283442 0 -0.654105 0.385703 0
0.811008 0.287277 0 -0.66678 0.381261 0
0.804277 0.291067 0 -0.679573 0.376681 0
0.797416 0.29481 0 -0.692487 0.371957 0
0.790427 0.298505 0 -0.705528 0.367084 0
0.783306 0.302151 0 -0.718698 0.362057 0
0.776052 0.305746 0 -0.732002 0.356871 0
0.768665 0.309288 0 -0.745445 0.351518 0
0.761143 0.312776 0 -0.759031 0.345994 0
0.753484 0.316207 0 -0.772765 0.34029 0
0.745687 0.319581 0 -0.786651 0.334401 0
0.737751 0.322895 0 -0.800696 0.328318 0
0.729673 0.326147 0 -0.814904 0.322033 0
0.721452 0.329335 0 -0.829281 0.315539 0
0.713087 0.332457 0 -0.843833 0.308826 0
0.704575 0.335511 0 -0.858566 0.301884 0
0.695915 0.338494 0 -0.873486 0.294703 0
0.687105 0.341404 0 -0.8886 0.287273 0
0.678143 0.344238 0 -0.903914 0.279581 0
0.669026 0.346995 0 -0.919437 0.271617 0
0.659753 0.34967 0 -0.935174 0.263365 0
0.650322 0.352261 0 -0.951134 0.254814 0
0.64073 0.354765 0 -0.967326 0.245946 0
0.630975 0.357179 0 -0.983757 0.236747 0
0.621054 0.359499 0 -1.00044 0.227199 0
0.610965 0.361722 0 -1.01737 0.217284 0
0.600706 0.363844 0 -1.03458 0.206981 0
0.590273 0.36586 0 -1.05206 0.196269 0
0.579664 0.367768 0 -1.06983 0.185126 0
0.568876 0.369561 0 -1.0879 0.173526 0
0.557905 0.371237 0 -1.10628 0.161441 0
0.546749 0.372789 0 -1.12498 0.148844 0
0.535405 0.374212 0 -1.14402 0.135702 0
0.523868 0.375501 0 -1.1634 0.121981 0
0.512136 0.376649 0 -1.18315 0.107643 0
0.500204 0.377652 0 -1.20327 0.0926477 0
0.488069 0.3785 0 -1.22379 0.0769505 0
0.475727 0.379188 0 -1.24471 0.0605024 0
0.463174 0.379708 0 -1.26605 0.04325 0
0.450405 0.380051 0 -1.28783 0.0251344 0
0.437416 0.380208 0 -1.31007 0.00609109 0
0.424202 0.380169 0 -1.33278 -0.0139516 0
0.410759 0.379925 0 -1.35597 -0.0350726 0
0.397081 0.379464 0 -1.37968 -0.0573596 0
0.383164 0.378774 0 -1.40391 -0.0809103 0
0.369002 0.377842 0 -1.42868 -0.105833 0
0.354589 0.376653 0 -1.45401 -0.13225 0
0.33992 0.375191 0 -1.47992 -0.160298 0
0.324989 0.373441 0 -1.50641 -0.190129 0
0.30979 0.371383 0 -1.53349 -0.221917 0
0.294317 0.368996 0 -1.56118 -0.255859 0
0.278564 0.366258 0 -1.58947 -0.292178 0
0.262526 0.363144 0 -1.61836 -0.331128 0
0.246196 0.359626 0 -1.64782 -0.373 0
0.229568 0.355673 0 -1.67782 -0.418129 0
0.212638 0.351252 0 -1.70832 -0.466903 0
0.195401 0.346322 0 -1.73922 -0.519768 0
0.177853 0.340842 0 -1.77043 -0.577246 0
0.159992 0.334761 0 -1.80176 -0.639946 0
0.141818 0.328024 0 -1.83298 -0.708579 0
0.123334 0.320567 0 -1.86377 -0.783985 0
0.104546 0.312319 0 -1.89368 -0.86715 0
0.0854659 0.303195 0 -1.92205 -0.959239 0
0.0661132 0.293101 0 -1.94802 -1.06162 0
0.046518 0.281924 0 -1.97032 -1.17591 0
0.026725 0.269538 0 -1.98722 -1.30397 0
0.00679982 0.255793 0 -1.99626 -1.44792 0
-0.0131626 0.24052 0 -1.99399 -1.61009 0
-0.0330263 0.223524 0 -1.97554 -1.79284 0
-0.0525974 0.20459 0 -1.93411 -1.99815 0
-0.0716018 0.183485 0 -1.8604 -2.22686 0
-0.0896581 0.159983 0 -1.74215 -2.47715 0
-0.106248 0.133895 0 -1.56445 -2.74213 0
-0.120699 0.105143 0 -1.31192 -3.00656 0
-0.132204 0.0738546 0 -0.974238 -3.24416 0
-0.139914 0.0404709 0 -0.555315 -3.41912 0
-0.143129 0.00580185 0 -0.0814306 -3.49616 0
-0.141519 -0.0290616 0 0.401045 -3.45705 0
-0.135252 -0.062982 0 0.842243 -3.3113 0
-0.124931 -0.0950385 0 1.20824 -3.09044 0
-0.111379 -0.124668 0 1.48833 -2.83165 0
-0.0954319 -0.151649 0 1.68924 -2.56488 0
-0.0778117 -0.176005 0 1.8255 -2.30883 0
-0.0590868 -0.197895 0 1.91255 -2.07277 0
-0.039681 -0.21754 0 1.9636 -1.85987 0
-0.0199007 -0.235172 0 1.9889 -1.66997 0
3.64902e-05 -0.251012 0 1.99602 -1.50136 0
0.0199774 -0.265264 0 1.99039 -1.35173 0
0.0398149 -0.278104 0 1.97588 -1.21874 0
0.0594748 -0.289688 0 1.95525 -1.10018 0
0.0789062 -0.30015 0 1.93044 -0.994109 0
0.0980746 -0.309607 0 1.90284 -0.898827 0
0.116957 -0.318159 0 1.87346 -0.812891 0
0.13554 -0.325893 0 1.84299 -0.735073 0
0.153816 -0.332885 0 1.81195 -0.664331 0
0.171779 -0.339201 0 1.7807 -0.599782 0
0.18943 -0.344899 0 1.74952 -0.540673 0
0.206771 -0.350031 0 1.71857 -0.486366 0
0.223803 -0.354641 0 1.68801 -0.436311 0
0.240533 -0.35877 0 1.6579 -0.390039 0
0.256963 -0.362453 0 1.62833 -0.347144 0
0.273101 -0.365723 0 1.59932 -0.307275 0
0.288952 -0.368608 0 1.57089 -0.270128 0
0.304521 -0.371134 0 1.54307 -0.235436 0
0.319816 -0.373325 0 1.51585 -0.202968 0
0.334841 -0.375201 0 1.48922 -0.172517 0
0.349602 -0.376782 0 1.46319 -0.143905 0
0.364107 -0.378085 0 1.43773 -0.11697 0
0.378359 -0.379126 0 1.41283 -0.0915726 0
0.392365 -0.379921 0 1.38848 -0.0675852 0
0.406131 -0.380483 0 1.36465 -0.0448952 0
0.41966 -0.380823 0 1.34134 -0.0234018 0
0.432959 -0.380955 0 1.31853 -0.00301406 0
0.446033 -0.380887 0 1.29619 0.0163497 0
0.458885 -0.380631 0 1.27431 0.0347632 0
0.471521 -0.380195 0 1.25288 0.0522934 0
0.483944 -0.379588 0 1.23187 0.069001 0
0.496159 -0.378818 0 1.21127 0.084941 0
0.508171 -0.377892 0 1.19107 0.100164 0
