1 5e-05 0 -0.0001 0.5 0
0.999949 0.00504992 0 -0.0101002 0.499975 0
0.999799 0.0100493 0 -0.0201017 0.499899 0
0.999548 0.0150477 0 -0.0301056 0.499774 0
0.999198 0.0200447 0 -0.0401133 0.499599 0
0.998747 0.0250396 0 -0.050126 0.499373 0
0.998196 0.030032 0 -0.060145 0.499097 0
0.997545 0.0350214 0 -0.0701715 0.49877 0
0.996794 0.0400073 0 -0.0802068 0.498393 0
0.995942 0.0449891 0 -0.0902521 0.497965 0
0.99499 0.0499664 0 -0.100309 0.497485 0
0.993937 0.0549387 0 -0.110378 0.496955 0
0.992783 0.0599054 0 -0.120461 0.496372 0
0.991529 0.064866 0 -0.13056 0.495737 0
0.990173 0.06982 0 -0.140675 0.49505 0
0.988716 0.0747669 0 -0.150808 0.49431 0
0.987158 0.0797061 0 -0.16096 0.493516 0
0.985498 0.0846371 0 -0.171133 0.492669 0
0.983736 0.0895594 0 -0.181328 0.491768 0
0.981872 0.0944724 0 -0.191546 0.490811 0
0.979906 0.0993756 0 -0.201788 0.489799 0
0.977837 0.104268 0 -0.212057 0.488731 0
0.975666 0.10915 0 -0.222354 0.487607 0
0.973391 0.11402 0 -0.232679 0.486425 0
0.971013 0.118879 0 -0.243035 0.485185 0
0.968531 0.123724 0 -0.253423 0.483885 0
0.965946 0.128556 0 -0.263845 0.482527 0
0.963255 0.133374 0 -0.274301 0.481107 0
0.960461 0.138178 0 -0.284794 0.479626 0
0.957561 0.142967 0 -0.295326 0.478083 0
0.954555 0.14774 0 -0.305897 0.476476 0
0.951443 0.152496 0 -0.31651 0.474804 0
0.948226 0.157236 0 -0.327166 0.473067 0
0.944901 0.161958 0 -0.337867 0.471263 0
0.941469 0.166661 0 -0.348614 0.469391 0
0.93793 0.171345 0 -0.359411 0.46745 0
0.934282 0.17601 0 -0.370257 0.465438 0
0.930525 0.180654 0 -0.381155 0.463353 0
0.92666 0.185277 0 -0.392108 0.461196 0
0.922684 0.189878 0 -0.403117 0.458963 0
0.918598 0.194456 0 -0.414183 0.456653 0
0.914401 0.199011 0 -0.42531 0.454265 0
0.910093 0.203542 0 -0.436499 0.451796 0
0.905672 0.208047 0 -0.447752 0.449246 0
0.901139 0.212527 0 -0.459072 0.446611 0
0.896492 0.216979 0 -0.47046 0.443891 0
0.891731 0.221404 0 -0.48192 0.441081 0
0.886854 0.225801 0 -0.493453 0.438182 0
0.881862 0.230168 0 -0.505063 0.435189 0
0.876754 0.234505 0 -0.51675 0.432101 0
0.871528 0.23881 0 -0.528519 0.428916 0
0.866185 0.243083 0 -0.540372 0.425629 0
0.860722 0.247323 0 -0.552311 0.422239 0
0.855139 0.251528 0 -0.564339 0.418742 0
0.849436 0.255697 0 -0.57646 0.415136 0
0.843611 0.25983 0 -0.588676 0.411416 0
0.837663 0.263926 0 -0.600991 0.40758 0
0.831592 0.267982 0 -0.613407 0.403624 0
0.825396 0.271998 0 -0.625928 0.399544 0
0.819074 0.275973 0 -0.638557 0.395336 0
0.812626 0.279905 0 -0.651299 0.390996 0
0.806049 0.283793 0 -0.664156 0.386519 0
0.799344 0.287635 0 -0.677132 0.3819 0
0.792508 0.291431 0 -0.690232 0.377135 0
0.78554 0.295178 0 -0.703459 0.372219 0
0.778439 0.298875 0 -0.716818 0.367145 0
0.771204 0.302521 0 -0.730313 0.361908 0
0.763834 0.306113 0 -0.743948 0.356502 0
0.756326 0.309651 0 -0.757729 0.350921 0
0.74868 0.313132 0 -0.77166 0.345156 0
0.740894 0.316554 0 -0.785746 0.339202 0
0.732966 0.319916 0 -0.799993 0.33305 0
0.724895 0.323215 0 -0.814406 0.326692 0
0.716679 0.326449 0 -0.82899 0.32012 0
0.708316 0.329617 0 -0.843752 0.313324 0
0.699805 0.332716 0 -0.858699 0.306294 0
0.691143 0.335743 0 -0.873835 0.29902 0
0.682329 0.338696 0 -0.889169 0.291491 0
0.67336 0.341573 0 -0.904707 0.283695 0
0.664236 0.34437 0 -0.920457 0.275619 0
0.654952 0.347085 0 -0.936426 0.267249 0
0.645508 0.349715 0 -0.952621 0.258572 0
0.635901 0.352256 0 -0.969053 0.249571 0
0.626128 0.354706 0 -0.985728 0.24023 0
0.616187 0.35706 0 -1.00266 0.230532 0
0.606075 0.359316 0 -1.01985 0.220456 0
0.595791 0.361469 0 -1.03731 0.209983 0
0.58533 0.363516 0 -1.05506 0.199091 0
0.57469 0.365451 0 -1.0731 0.187754 0
0.563869 0.36727 0 -1.09145 0.175948 0
0.552862 0.368969 0 -1.11011 0.163644 0
0.541667 0.370543 0 -1.1291 0.150813 0
0.530281 0.371985 0 -1.14844 0.137421 0
0.518699 0.37329 0 -1.16813 0.123432 0
0.506919 0.374453 0 -1.18819 0.108808 0
0.494937 0.375466 0 -1.20863 0.0935052 0
0.482747 0.376322 0 -1.22947 0.0774783 0
0.470348 0.377014 0 -1.25073 0.060676 0
0.457733 0.377535 0 -1.27242 0.0430424 0
0.4449 0.377874 0 -1.29456 0.0245162 0
0.431843 0.378024 0 -1.31716 0.00502941 0
0.418557 0.377973 0 -1.34025 -0.0154926 0
0.405039 0.377712 0 -1.36383 -0.0371329 0
0.391282 0.377229 0 -1.38794 -0.0599833 0
0.377281 0.37651 0 -1.41257 -0.0841466 0
0.363031 0.375544 0 -1.43776 -0.109737 0
0.348526 0.374313 0 -1.46352 -0.136883 0
0.333761 0.372803 0 -1.48987 -0.165728 0
0.318729 0.370995 0 -1.5168 -0.196435 0
0.303426 0.368871 0 -1.54434 -0.229187 0
0.287843 0.366407 0 -1.57249 -0.264192 0
0.271977 0.363582 0 -1.60124 -0.301686 0
0.255819 0.360368 0 -1.63059 -0.341942 0
0.239366 0.356737 0 -1.6605 -0.385268 0
0.222611 0.352656 0 -1.69094 -0.432023 0
0.205549 0.348089 0 -1.72185 -0.482619 0
0.188175 0.342995 0 -1.75313 -0.537536 0
0.170488 0.337328 0 -1.78465 -0.597334 0
0.152485 0.331036 0 -1.81621 -0.662666 0
0.134168 0.32406 0 -1.84754 -0.734298 0
0.11554 0.316333 0 -1.87826 -0.813135 0
0.0966096 0.307778 0 -1.90784 -0.900239 0
0.0773921 0.298306 0 -1.93555 -0.996866 0
0.0579109 0.287815 0 -1.96035 -1.10449 0
0.0382018 0.276185 0 -1.9808 -1.22484 0
0.0183178 0.263281 0 -1.99487 -1.3599 0
-0.00166394 0.248945 0 -1.9997 -1.5119 0
-0.0216323 0.232995 0 -1.99126 -1.6832 0
-0.0414282 0.215227 0 -1.96391 -1.87608 0
-0.0608256 0.195417 0 -1.9098 -2.09213 0
-0.0795073 0.17333 0 -1.81835 -2.33126 0
-0.097035 0.148751 0 -1.67603 -2.58974 0
-0.112824 0.12153 0 -1.46732 -2.8574 0
-0.126137 0.091664 0 -1.17819 -3.11431 0
-0.136133 0.0594061 0 -0.803451 -3.32938 0
-0.142003 0.0253583 0 -0.356353 -3.46537 0
-0.143185 -0.00952796 0 0.126796 -3.49263 0
-0.139563 -0.0441105 0 0.595638 -3.40485 0
-0.131515 -0.0773226 0 1.00568 -3.22287 0
-0.119764 -0.108395 0 1.33343 -2.98263 0
-0.105157 -0.136924 0 1.57707 -2.71897 0
-0.0884865 -0.162807 0 1.74778 -2.45679 0
-0.0704068 -0.186138 0 1.861 -2.21018 0
-0.0514184 -0.207107 0 1.93132 -1.98532 0
-0.031889 -0.225943 0 1.97059 -1.78364 0
-0.0120828 -0.242873 0 1.98776 -1.60418 0
0.00781362 -0.258111 0 1.98938 -1.44488 0
0.027669 -0.271845 0 1.9801 -1.30342 0
0.0473918 -0.284244 0 1.96325 -1.17751 0
0.0669187 -0.295452 0 1.9412 -1.06507 0
0.0862064 -0.305595 0 1.91561 -0.964275 0
0.105226 -0.314781 0 1.8877 -0.873561 0
0.123958 -0.323104 0 1.85831 -0.791589 0
0.142392 -0.330646 0 1.82806 -0.71722 0
0.160521 -0.337478 0 1.7974 -0.649493 0
0.178343 -0.343662 0 1.76664 -0.587588 0
0.195858 -0.349252 0 1.73601 -0.53081 0
0.213067 -0.354298 0 1.70567 -0.478563 0
0.229975 -0.358842 0 1.67573 -0.430338 0
0.246586 -0.362922 0 1.64628 -0.385696 0
0.262906 -0.366571 0 1.61736 -0.34426 0
0.278938 -0.36982 0 1.589 -0.3057 0
0.29469 -0.372697 0 1.56123 -0.269731 0
0.310168 -0.375226 0 1.53405 -0.236103 0
0.325376 -0.37743 0 1.50745 -0.204598 0
0.340321 -0.379328 0 1.48145 -0.175022 0
0.355009 -0.380939 0 1.45602 -0.147205 0
0.369446 -0.38228 0 1.43115 -0.120997 0
0.383637 -0.383366 0 1.40683 -0.0962638 0
0.397587 -0.384212 0 1.38304 -0.0728847 0
0.411302 -0.38483 0 1.35977 -0.0507533 0
0.424786 -0.385233 0 1.337 -0.0297735 0
0.438046 -0.385432 0 1.31471 -0.00985886 0
0.451084 -0.385436 0 1.29289 0.00906839 0
0.463907 -0.385255 0 1.27151 0.0270787 0
0.476518 -0.384899 0 1.25056 0.044236 0
0.488922 -0.384375 0 1.23003 0.0605981 0
0.501122 -0.383691 0 1.20991 0.0762178 0
0.513123 -0.382854 0 1.19016 0.0911433 0
0.524928 -0.381872 0 1.17079 0.105419 0
0.536542 -0.380749 0 1.15177 0.119084 0
0.547967 -0.379493 0 1.1331 0.132177 0
0.559207 -0.378109 0 1.11476 0.14473 0
0.570265 -0.376601 0 1.09673 0.156776 0
0.581144 -0.374976 0 1.07901 0.168343 0
0.591848 -0.373237 0 1.06159 0.179458 0
0.602379 -0.371389 0 1.04445 0.190146 0
0.61274 -0.369437 0 1.02759 0.200429 0
0.622933 -0.367383 0 1.01099 0.210328 0
0.632962 -0.365232 0 0.994647 0.219864 0
0.642829 -0.362988 0 0.978548 0.229055 0
0.652535 -0.360653 0 0.962686 0.237918 0
0.662085 -0.358231 0 0.947053 0.246468 0
0.671479 -0.355726 0 0.931641 0.25472 0
0.68072 -0.353139 0 0.916442 0.262689 0
0.68981 -0.350474 0 0.901448 0.270388 0
0.698751 -0.347733 0 0.886654 0.277828 0
0.707545 -0.344919 0 0.872051 0.285022 0
0.716194 -0.342034 0 0.857634 0.291979 0
0.7247 -0.33908 0 0.843397 0.29871 0
0.733064 -0.336061 0 0.829333 0.305224 0
0.741288 -0.332977 0 0.815437 0.311531 0
0.749374 -0.329832 0 0.801703 0.317638 0
0.757324 -0.326626 0 0.788127 0.323554 0
0.765139 -0.323362 0 0.774702 0.329287 0
0.77282 -0.320041 0 0.761425 0.334842 0
0.780369 -0.316666 0 0.74829 0.340227 0
0.787788 -0.313238 0 0.735292 0.345449 0
0.795077 -0.309758 0 0.722429 0.350512 0
0.802238 -0.306228 0 0.709695 0.355424 0
0.809272 -0.30265 0 0.697086 0.360188 0
0.816181 -0.299026 0 0.684599 0.364811 0
0.822966 -0.295355 0 0.672229 0.369297 0
0.829627 -0.291641 0 0.659973 0.373651 0
0.836167 -0.287883 0 0.647828 0.377877 0
0.842586 -0.284084 0 0.63579 0.381979 0
0.848884 -0.280244 0 0.623856 0.385961 0
0.855064 -0.276365 0 0.612023 0.389827 0
0.861126 -0.272448 0 0.600287 0.39358 0
0.867071 -0.268495 0 0.588646 0.397224 0
0.872901 -0.264505 0 0.577097 0.400763 0
0.878615 -0.26048 0 0.565637 0.404198 0
0.884215 -0.256421 0 0.554263 0.407534 0
0.889702 -0.25233 0 0.542973 0.410772 0
0.895076 -0.248207 0 0.531763 0.413916 0
0.900338 -0.244052 0 0.520633 0.416968 0
0.90549 -0.239868 0 0.509578 0.419931 0
0.910531 -0.235654 0 0.498598 0.422807 0
0.915463 -0.231412 0 0.487689 0.425598 0
0.920286 -0.227143 0 0.476849 0.428306 0
0.925001 -0.222847 0 0.466077 0.430933 0
0.929609 -0.218525 0 0.45537 0.433481 0
0.93411 -0.214178 0 0.444726 0.435953 0
0.938505 -0.209806 0 0.434143 0.438349 0
0.942794 -0.205411 0 0.42362 0.440672 0
0.946978 -0.200993 0 0.413154 0.442924 0
0.951058 -0.196553 0 0.402743 0.445104 0
0.955035 -0.192091 0 0.392386 0.447217 0
0.958907 -0.187609 0 0.38208 0.449261 0
0.962677 -0.183107 0 0.371825 0.45124 0
0.966345 -0.178585 0 0.361619 0.453154 0
0.969911 -0.174044 0 0.351459 0.455005 0
0.973375 -0.169485 0 0.341345 0.456793 0
0.976739 -0.164908 0 0.331274 0.45852 0
0.980002 -0.160315 0 0.321245 0.460187 0
0.983165 -0.155705 0 0.311257 0.461795 0
0.986228 -0.151079 0 0.301308 0.463345 0
0.989192 -0.146439 0 0.291397 0.464838 0
0.992057 -0.141783 0 0.281522 0.466275 0
0.994824 -0.137113 0 0.271682 0.467657 0
0.997492 -0.13243 0 0.261875 0.468984 0
1.00006 -0.127734 0 0.2521 0.470257 0
1.00254 -0.123025 0 0.242356 0.471478 0
1.00491 -0.118305 0 0.232642 0.472646 0
1.00719 -0.113573 0 0.222955 0.473762 0
1.00937 -0.10883 0 0.213296 0.474828 0
1.01146 -0.104076 0 0.203662 0.475843 0
1.01345 -0.0993132 0 0.194052 0.476809 0
1.01534 -0.0945405 0 0.184465 0.477725 0
1.01714 -0.0897589 0 0.174901 0.478592 0
1.01884 -0.0849689 0 0.165357 0.479412 0
1.02044 -0.0801709 0 0.155832 0.480183 0
1.02195 -0.0753655 0 0.146326 0.480907 0
1.02337 -0.070553 0 0.136837 0.481585 0
1.02469 -0.065734 0 0.127364 0.482215 0
1.02592 -0.0609089 0 0.117906 0.4828 0
1.02705 -0.0560782 0 0.108461 0.483338 0
1.02809 -0.0512424 0 0.0990292 0.483831 0
1.02903 -0.0464018 0 0.0896089 0.484278 0
1.02988 -0.041557 0 0.0801989 0.48468 0
1.03064 -0.0367084 0 0.0707981 0.485038 0
1.0313 -0.0318564 0 0.0614056 0.48535 0
1.03187 -0.0270015 0 0.0520202 0.485618 0
1.03234 -0.0221442 0 0.0426407 0.485842 0
1.03272 -0.0172849 0 0.0332662 0.486021 0
1.03301 -0.012424 0 0.0238955 0.486156 0
1.0332 -0.00756192 0 0.0145275 0.486247 0
1.0333 -0.00269918 0 0.00516128 0.486294 0
1.0333 0.0021638 0 -0.00420438 0.486296 0
1.03322 0.0070266 0 -0.0135705 0.486255 0
1.03303 0.0118888 0 -0.0229382 0.486169 0
1.03276 0.0167498 0 -0.0323085 0.48604 0
1.03239 0.0216094 0 -0.0416825 0.485866 0
1.03193 0.026467 0 -0.0510613 0.485647 0
1.03137 0.0313222 0 -0.0604459 0.485385 0
1.03072 0.0361746 0 -0.0698375 0.485078 0
1.02997 0.0410237 0 -0.0792372 0.484726 0
1.02913 0.045869 0 -0.088646 0.484329 0
1.0282 0.0507102 0 -0.098065 0.483887 0
1.02717 0.0555466 0 -0.107495 0.4834 0
1.02605 0.060378 0 -0.116938 0.482867 0
1.02483 0.0652039 0 -0.126395 0.482288 0
1.02352 0.0700237 0 -0.135866 0.481663 0
1.02212 0.0748371 0 -0.145353 0.480991 0
1.02062 0.0796434 0 -0.154857 0.480273 0
1.01902 0.0844424 0 -0.164379 0.479507 0
1.01733 0.0892335 0 -0.173921 0.478693 0
1.01554 0.0940162 0 -0.183483 0.477832 0
1.01366 0.0987901 0 -0.193067 0.476921 0
1.01168 0.103555 0 -0.202673 0.475962 0
1.00961 0.108309 0 -0.212304 0.474952 0
1.00744 0.113054 0 -0.221961 0.473893 0
1.00517 0.117787 0 -0.231644 0.472782 0
1.00281 0.122509 0 -0.241355 0.471621 0
1.00035 0.127219 0 -0.251095 0.470406 0
0.997786 0.131917 0 -0.260866 0.46914 0
0.995129 0.136602 0 -0.270669 0.467819 0
0.992374 0.141274 0 -0.280505 0.466444 0
0.98952 0.145931 0 -0.290375 0.465014 0
0.986567 0.150574 0 -0.300282 0.463528 0
0.983515 0.155201 0 -0.310226 0.461984 0
0.980363 0.159813 0 -0.320209 0.460383 0
0.977112 0.164409 0 -0.330233 0.458723 0
0.973759 0.168988 0 -0.340298 0.457003 0
0.970306 0.173549 0 -0.350407 0.455222 0
0.966752 0.178092 0 -0.360561 0.453379 0
0.963096 0.182617 0 -0.370761 0.451473 0
0.959338 0.187122 0 -0.38101 0.449502 0
0.955477 0.191607 0 -0.391309 0.447465 0
0.951512 0.196071 0 -0.40166 0.445361 0
0.947444 0.200514 0 -0.412064 0.443189 0
0.943272 0.204935 0 -0.422523 0.440946 0
0.938995 0.209333 0 -0.433039 0.438632 0
0.934612 0.213707 0 -0.443614 0.436244 0
0.930123 0.218058 0 -0.45425 0.433782 0
0.925528 0.222383 0 -0.464949 0.431243 0
0.920825 0.226683 0 -0.475713 0.428625 0
0.916015 0.230956 0 -0.486544 0.425927 0
0.911095 0.235201 0 -0.497444 0.423146 0
0.906067 0.239418 0 -0.508415 0.420281 0
0.900928 0.243607 0 -0.51946 0.417329 0
0.895678 0.247765 0 -0.530581 0.414288 0
0.890317 0.251893 0 -0.54178 0.411155 0
0.884843 0.255988 0 -0.55306 0.407928 0
0.879257 0.260051 0 -0.564423 0.404604 0
0.873556 0.26408 0 -0.575873 0.401181 0
0.86774 0.268075 0 -0.58741 0.397655 0
0.861808 0.272033 0 -0.59904 0.394024 0
0.85576 0.275955 0 -0.610763 0.390284 0
0.849594 0.279839 0 -0.622584 0.386432 0
0.843309 0.283684 0 -0.634504 0.382464 0
0.836905 0.287488 0 -0.646529 0.378376 0
0.83038 0.291251 0 -0.65866 0.374166 0
0.823732 0.294972 0 -0.670901 0.369828 0
0.816962 0.298648 0 -0.683256 0.365358 0
0.810068 0.302279 0 -0.695728 0.360752 0
0.803049 0.305863 0 -0.708321 0.356005 0
0.795903 0.309399 0 -0.721038 0.351112 0
0.788629 0.312885 0 -0.733885 0.346067 0
0.781226 0.31632 0 -0.746864 0.340865 0
0.773692 0.319702 0 -0.759981 0.3355 0
0.766027 0.32303 0 -0.77324 0.329966 0
0.758228 0.326302 0 -0.786645 0.324256 0
0.750295 0.329515 0 -0.800201 0.318362 0
0.742225 0.332669 0 -0.813914 0.312279 0
0.734018 0.335761 0 -0.827788 0.305997 0
0.72567 0.338789 0 -0.84183 0.299509 0
0.717182 0.341751 0 -0.856044 0.292805 0
0.70855 0.344645 0 -0.870437 0.285876 0
0.699774 0.347468 0 -0.885014 0.278712 0
0.690851 0.350219 0 -0.899783 0.271303 0
0.681779 0.352894 0 -0.914749 0.263637 0
0.672557 0.355492 0 -0.929921 0.255703 0
0.663181 0.358008 0 -0.945304 0.247486 0
0.653651 0.360441 0 -0.960907 0.238974 0
0.643964 0.362788 0 -0.976737 0.230151 0
0.634117 0.365044 0 -0.992804 0.221002 0
0.624109 0.367207 0 -1.00911 0.21151 0
0.613936 0.369274 0 -1.02568 0.201657 0
0.603596 0.37124 0 -1.04251 0.191423 0
0.593087 0.373102 0 -1.0596 0.180788 0
0.582405 0.374856 0 -1.07699 0.169728 0
0.571548 0.376496 0 -1.09466 0.15822 0
0.560512 0.37802 0 -1.11264 0.146236 0
0.549296 0.379421 0 -1.13094 0.133749 0
0.537894 0.380694 0 -1.14957 0.120727 0
0.526305 0.381835 0 -1.16853 0.107136 0
0.514524 0.382836 0 -1.18786 0.0929413 0
0.502549 0.383693 0 -1.20755 0.0781017 0
0.490374 0.384398 0 -1.22762 0.0625739 0
0.477997 0.384943 0 -1.24809 0.0463105 0
0.465413 0.385323 0 -1.26898 0.0292595 0
0.452618 0.385528 0 -1.29029 0.0113635 0
0.439608 0.385549 0 -1.31205 -0.00744042 0
0.426378 0.385377 0 -1.33427 -0.0272216 0
0.412923 0.385003 0 -1.35697 -0.0480568 0
0.399239 0.384415 0 -1.38017 -0.0700312 0
0.38532 0.3836 0 -1.40387 -0.0932394 0
0.371162 0.382548 0 -1.42811 -0.117787 0
0.356759 0.381242 0 -1.45289 -0.143791 0
0.342105 0.379669 0 -1.47824 -0.171383 0
0.327195 0.377812 0 -1.50415 -0.200713 0
0.312022 0.375652 0 -1.53065 -0.231947 0
0.296582 0.373169 0 -1.55773 -0.265274 0
0.280868 0.370342 0 -1.58541 -0.300909 0
0.264875 0.367146 0 -1.61367 -0.339097 0
0.248596 0.363555 0 -1.64249 -0.380117 0
0.232026 0.359538 0 -1.67185 -0.424292 0
0.215161 0.355062 0 -1.70169 -0.471991 0
0.197994 0.35009 0 -1.73195 -0.523642 0
0.180524 0.344579 0 -1.76251 -0.579743 0
0.162747 0.338484 0 -1.79322 -0.640874 0
0.144663 0.331749 0 -1.82386 -0.707713 0
0.126274 0.324315 0 -1.85414 -0.781058 0
0.107585 0.316111 0 -1.88361 -0.861844 0
0.0886088 0.307058 0 -1.91171 -0.951177 0
0.0693612 0.297064 0 -1.93761 -1.05035 0
0.0498701 0.286024 0 -1.96017 -1.1609 0
0.0301763 0.273814 0 -1.97779 -1.28459 0
0.0103396 0.260294 0 -1.98823 -1.42344 0
-0.00955358 0.245302 0 -1.98835 -1.57968 0
-0.0293793 0.228652 0 -1.97373 -1.75562 0
-0.0489613 0.210136 0 -1.9382 -1.95331 0
-0.0680506 0.18953 0 -1.87327 -2.17391 0
-0.0863001 0.166607 0 -1.7677 -2.41638 0
-0.103236 0.141171 0 -1.60749 -2.67541 0
-0.118237 0.113111 0 -1.3775 -2.93838 0
-0.13054 0.0824907 0 -1.06584 -3.18247 0
-0.139312 0.0496558 0 -0.672016 -3.3747 0
-0.143811 0.0153049 0 -0.215678 -3.47933 0
-0.1436 -0.0195527 0 0.262239 -3.47291 0
-0.138707 -0.0537925 0 0.712286 -3.35729 0
-0.129619 -0.086436 0 1.09602 -3.15851 0
-0.1171 -0.116829 0 1.39688 -2.91262 0
-0.101976 -0.144664 0 1.61746 -2.65135 0
-0.0849948 -0.169902 0 1.77041 -2.39601 0
-0.0667558 -0.192667 0 1.87085 -2.15802 0
-0.0477153 -0.213159 0 1.93238 -1.94198 0
-0.0282063 -0.231603 0 1.96582 -1.74855 0
-0.0084676 -0.248219 0 1.97928 -1.57643 0
0.0113319 -0.263212 0 1.97866 -1.42356 0
0.0310734 -0.276761 0 1.96816 -1.28763 0
0.0506738 -0.289027 0 1.9508 -1.16646 0
0.0700756 -0.300145 0 1.9287 -1.0581 0
0.0892395 -0.310236 0 1.90339 -0.960804 0
0.108139 -0.319402 0 1.87597 -0.873105 0
0.126757 -0.327734 0 1.84722 -0.79374 0
0.145084 -0.335309 0 1.81771 -0.721636 0
0.163113 -0.342195 0 1.78784 -0.655884 0
0.180843 -0.348451 0 1.7579 -0.59571 0
0.198275 -0.354131 0 1.72812 -0.540453 0
0.21541 -0.35928 0 1.69863 -0.48955 0
0.232251 -0.36394 0 1.66954 -0.442517 0
0.248805 -0.368147 0 1.64092 -0.398936 0
0.265074 -0.371933 0 1.61282 -0.358445 0
0.281066 -0.375329 0 1.58527 -0.320733 0
0.296785 -0.37836 0 1.55829 -0.285525 0
0.312236 -0.38105 0 1.53189 -0.252582 0
0.327427 -0.383421 0 1.50606 -0.221696 0
0.342362 -0.385493 0 1.48079 -0.19268 0
0.357047 -0.387283 0 1.45608 -0.165371 0
0.371488 -0.388808 0 1.43192 -0.139624 0
0.38569 -0.390083 0 1.4083 -0.11531 0
0.399658 -0.391121 0 1.38518 -0.0923127 0
0.413397 -0.391936 0 1.36257 -0.0705301 0
0.426913 -0.392538 0 1.34045 -0.0498688 0
0.44021 -0.392939 0 1.31879 -0.0302455 0
0.453293 -0.393148 0 1.29759 -0.0115847 0
0.466165 -0.393175 0 1.27682 0.00618166 0
0.478832 -0.393029 0 1.25647 0.0231155 0
0.491298 -0.392717 0 1.23652 0.039273 0
0.503566 -0.392247 0 1.21697 0.0547054 0
0.515641 -0.391627 0 1.19779 0.0694594 0
0.527525 -0.390862 0 1.17897 0.0835778 0
0.539223 -0.389958 0 1.1605 0.0970998 0
0.550738 -0.388923 0 1.14237 0.110061 0
0.562073 -0.38776 0 1.12456 0.122495 0
0.573232 -0.386476 0 1.10706 0.134433 0
0.584217 -0.385074 0 1.08985 0.145901 0
0.595032 -0.38356 0 1.07294 0.156927 0
0.605679 -0.381938 0 1.05631 0.167534 0
0.61616 -0.380212 0 1.03994 0.177744 0
0.62648 -0.378386 0 1.02383 0.187579 0
0.63664 -0.376463 0 1.00797 0.197058 0
0.646642 -0.374447 0 0.992357 0.206198 0
0.656489 -0.372341 0 0.976972 0.215016 0
0.666183 -0.370148 0 0.961811 0.223528 0
0.675727 -0.367872 0 0.946866 0.231748 0
0.685123 -0.365515 0 0.932131 0.23969 0
0.694372 -0.36308 0 0.917598 0.247367 0
0.703477 -0.360569 0 0.903261 0.25479 0
0.712439 -0.357986 0 0.889112 0.261972 0
0.721261 -0.355331 0 0.875146 0.268921 0
0.729944 -0.352609 0 0.861357 0.275649 0
0.73849 -0.34982 0 0.847738 0.282165 0
0.746901 -0.346967 0 0.834285 0.288476 0
0.755178 -0.344051 0 0.820992 0.294592 0
0.763323 -0.341076 0 0.807853 0.300521 0
0.771337 -0.338042 0 0.794865 0.306269 0
0.779222 -0.334952 0 0.782022 0.311844 0
0.786979 -0.331806 0 0.76932 0.317252 0
0.79461 -0.328608 0 0.756755 0.3225 0
0.802116 -0.325357 0 0.744321 0.327593 0
0.809498 -0.322057 0 0.732016 0.332537 0
0.816758 -0.318708 0 0.719835 0.337337 0
0.823896 -0.315311 0 0.707775 0.341998 0
0.830915 -0.311869 0 0.695831 0.346525 0
0.837814 -0.308381 0 0.684001 0.350923 0
0.844596 -0.304851 0 0.67228 0.355196 0
0.851262 -0.301278 0 0.660667 0.359347 0
0.857811 -0.297665 0 0.649156 0.363382 0
0.864246 -0.294011 0 0.637746 0.367302 0
0.870568 -0.290319 0 0.626434 0.371113 0
0.876776 -0.28659 0 0.615216 0.374817 0
0.882873 -0.282824 0 0.60409 0.378418 0
0.88886 -0.279022 0 0.593053 0.381919 0
0.894736 -0.275186 0 0.582103 0.385322 0
0.900503 -0.271316 0 0.571236 0.38863 0
0.906162 -0.267414 0 0.560451 0.391846 0
0.911713 -0.26348 0 0.549745 0.394973 0
0.917158 -0.259515 0 0.539116 0.398013 0
0.922497 -0.25552 0 0.528562 0.400968 0
0.927731 -0.251497 0 0.51808 0.403841 0
0.93286 -0.247444 0 0.507668 0.406634 0
0.937885 -0.243364 0 0.497324 0.409348 0
0.942808 -0.239258 0 0.487047 0.411985 0
0.947627 -0.235125 0 0.476834 0.414549 0
0.952345 -0.230967 0 0.466683 0.417039 0
0.956962 -0.226785 0 0.456593 0.419459 0
0.961479 -0.222579 0 0.446561 0.421809 0
0.965895 -0.218349 0 0.436586 0.424091 0
0.970211 -0.214097 0 0.426667 0.426307 0
0.974429 -0.209823 0 0.416801 0.428458 0
0.978549 -0.205528 0 0.406987 0.430545 0
0.98257 -0.201213 0 0.397223 0.432571 0
0.986494 -0.196877 0 0.387508 0.434535 0
0.990321 -0.192523 0 0.37784 0.43644 0
0.994052 -0.188149 0 0.368218 0.438286 0
0.997687 -0.183757 0 0.35864 0.440075 0
1.00123 -0.179348 0 0.349105 0.441807 0
1.00467 -0.174922 0 0.339611 0.443484 0
1.00802 -0.170479 0 0.330157 0.445107 0
1.01127 -0.16602 0 0.320742 0.446676 0
1.01444 -0.161545 0 0.311365 0.448193 0
1.0175 -0.157056 0 0.302023 0.449658 0
1.02048 -0.152553 0 0.292717 0.451072 0
1.02336 -0.148035 0 0.283443 0.452436 0
1.02615 -0.143504 0 0.274203 0.45375 0
1.02884 -0.13896 0 0.264993 0.455017 0
1.03145 -0.134404 0 0.255813 0.456235 0
1.03396 -0.129836 0 0.246662 0.457406 0
1.03638 -0.125256 0 0.237538 0.45853 0
1.03871 -0.120666 0 0.228442 0.459609 0
1.04095 -0.116064 0 0.21937 0.460641 0
1.0431 -0.111453 0 0.210322 0.461629 0
1.04516 -0.106832 0 0.201298 0.462573 0
1.04713 -0.102202 0 0.192296 0.463472 0
1.04901 -0.0975628 0 0.183315 0.464329 0
1.05079 -0.0929154 0 0.174354 0.465142 0
1.05249 -0.0882602 0 0.165412 0.465912 0
1.0541 -0.0835974 0 0.156487 0.46664 0
1.05562 -0.0789276 0 0.14758 0.467327 0
1.05706 -0.0742511 0 0.138689 0.467972 0
1.0584 -0.0695684 0 0.129812 0.468575 0
1.05965 -0.0648798 0 0.120949 0.469138 0
1.06082 -0.0601858 0 0.1121 0.46966 0
1.0619 -0.0554868 0 0.103262 0.470142 0
1.06289 -0.0507831 0 0.0944353 0.470584 0
1.06379 -0.0460753 0 0.0856186 0.470986 0
1.0646 -0.0413636 0 0.076811 0.471348 0
1.06532 -0.0366485 0 0.0680116 0.47167 0
1.06596 -0.0319303 0 0.0592194 0.471953 0
1.06651 -0.0272096 0 0.0504334 0.472197 0
1.06697 -0.0224865 0 0.0416528 0.472402 0
1.06734 -0.0177617 0 0.0328766 0.472567 0
1.06763 -0.0130353 0 0.0241039 0.472694 0
1.06783 -0.00830793 0 0.0153337 0.472782 0
1.06794 -0.00357984 0 0.00656518 0.472831 0
1.06796 0.00114856 0 -0.00220267 0.472841 0
1.06789 0.00587686 0 -0.0109707 0.472813 0
1.06774 0.0106047 0 -0.01974 0.472745 0
1.0675 0.0153316 0 -0.0285113 0.472639 0
1.06717 0.0200573 0 -0.0372856 0.472493 0
1.06675 0.0247814 0 -0.0460638 0.472309 0
1.06625 0.0295034 0 -0.0548469 0.472086 0
1.06566 0.034223 0 -0.0636358 0.471823 0
1.06498 0.0389398 0 -0.0724314 0.471522 0
1.06421 0.0436533 0 -0.0812346 0.47118 0
1.06335 0.0483633 0 -0.0900465 0.470799 0
1.06241 0.0530692 0 -0.0988679 0.470379 0
1.06138 0.0577708 0 -0.1077 0.469918 0
1.06026 0.0624675 0 -0.116543 0.469417 0
1.05905 0.067159 0 -0.125399 0.468875 0
1.05775 0.0718449 0 -0.134268 0.468293 0
1.05636 0.0765248 0 -0.143152 0.46767 0
1.05489 0.0811983 0 -0.152051 0.467005 0
1.05332 0.0858648 0 -0.160967 0.466299 0
1.05167 0.0905242 0 -0.169899 0.465551 0
1.04993 0.0951758 0 -0.178851 0.46476 0
1.04809 0.0998193 0 -0.187821 0.463926 0
1.04617 0.104454 0 -0.196813 0.463049 0
1.04416 0.10908 0 -0.205825 0.462129 0
1.04205 0.113697 0 -0.214861 0.461164 0
1.03986 0.118303 0 -0.22392 0.460155 0
1.03758 0.1229 0 -0.233004 0.459101 0
1.0352 0.127485 0 -0.242113 0.458 0
1.03273 0.13206 0 -0.25125 0.456854 0
1.03018 0.136622 0 -0.260415 0.45566 0
1.02753 0.141173 0 -0.269609 0.454419 0
1.02479 0.145711 0 -0.278834 0.45313 0
1.02195 0.150236 0 -0.28809 0.451792 0
1.01902 0.154747 0 -0.297379 0.450404 0
1.016 0.159244 0 -0.306703 0.448966 0
1.01289 0.163726 0 -0.316062 0.447476 0
1.00968 0.168193 0 -0.325457 0.445934 0
1.00638 0.172645 0 -0.334891 0.44434 0
1.00299 0.17708 0 -0.344364 0.442691 0
0.999497 0.181498 0 -0.353877 0.440988 0
0.995911 0.1859 0 -0.363433 0.439229 0
0.992229 0.190283 0 -0.373032 0.437412 0
0.988451 0.194648 0 -0.382676 0.435538 0
0.984576 0.198994 0 -0.392367 0.433605 0
0.980604 0.20332 0 -0.402105 0.431612 0
0.976535 0.207626 0 -0.411893 0.429557 0
0.972367 0.211911 0 -0.421732 0.427439 0
0.968101 0.216175 0 -0.431624 0.425257 0
0.963736 0.220416 0 -0.44157 0.423009 0
0.95927 0.224635 0 -0.451572 0.420695 0
0.954705 0.22883 0 -0.461632 0.418312 0
0.950039 0.233001 0 -0.471751 0.415858 0
0.945271 0.237147 0 -0.481932 0.413333 0
0.940401 0.241268 0 -0.492176 0.410734 0
0.935428 0.245362 0 -0.502485 0.40806 0
0.930352 0.249429 0 -0.512861 0.405309 0
0.925172 0.253468 0 -0.523306 0.402478 0
0.919887 0.257479 0 -0.533823 0.399566 0
0.914496 0.26146 0 -0.544413 0.39657 0
0.908999 0.26541 0 -0.555079 0.393489 0
0.903395 0.269329 0 -0.565823 0.390319 0
0.897683 0.273216 0 -0.576647 0.387059 0
0.891863 0.277071 0 -0.587553 0.383705 0
0.885933 0.280891 0 -0.598545 0.380256 0
0.879893 0.284676 0 -0.609625 0.376708 0
0.873742 0.288425 0 -0.620795 0.373057 0
0.867478 0.292137 0 -0.632058 0.369302 0
0.861101 0.295811 0 -0.643417 0.365439 0
0.85461 0.299446 0 -0.654874 0.361464 0
0.848005 0.30304 0 -0.666434 0.357374 0
0.841283 0.306593 0 -0.678099 0.353165 0
0.834443 0.310103 0 -0.689871 0.348832 0
0.827486 0.31357 0 -0.701756 0.344373 0
0.820409 0.316991 0 -0.713755 0.339782 0
0.813212 0.320365 0 -0.725873 0.335054 0
0.805892 0.323692 0 -0.738113 0.330186 0
0.79845 0.326969 0 -0.750479 0.325171 0
0.790884 0.330195 0 -0.762975 0.320004 0
0.783192 0.333369 0 -0.775605 0.31468 0
0.775372 0.336489 0 -0.788374 0.309192 0
0.767425 0.339553 0 -0.801286 0.303535 0
0.759347 0.34256 0 -0.814345 0.297701 0
0.751139 0.345507 0 -0.827557 0.291683 0
0.742797 0.348393 0 -0.840926 0.285474 0
0.734321 0.351217 0 -0.854457 0.279065 0
0.725709 0.353975 0 -0.868157 0.272449 0
0.716959 0.356665 0 -0.88203 0.265616 0
0.708069 0.359287 0 -0.896082 0.258556 0
0.699038 0.361837 0 -0.91032 0.25126 0
0.689863 0.364312 0 -0.924749 0.243716 0
0.680544 0.366711 0 -0.939377 0.235913 0
0.671077 0.36903 0 -0.954211 0.227839 0
0.66146 0.371267 0 -0.969257 0.219481 0
0.651692 0.37342 0 -0.984523 0.210824 0
0.641771 0.375484 0 -1.00002 0.201853 0
0.631693 0.377456 0 -1.01575 0.192553 0
0.621456 0.379335 0 -1.03172 0.182906 0
0.611059 0.381114 0 -1.04795 0.172894 0
0.600498 0.382792 0 -1.06444 0.162496 0
0.589771 0.384364 0 -1.08121 0.151691 0
0.578875 0.385826 0 -1.09826 0.140457 0
0.567807 0.387173 0 -1.1156 0.128767 0
0.556563 0.388401 0 -1.13324 0.116596 0
0.545142 0.389504 0 -1.1512 0.103914 0
0.53354 0.390478 0 -1.16949 0.0906889 0
0.521753 0.391317 0 -1.18813 0.0768868 0
0.509778 0.392015 0 -1.20711 0.0624702 0
0.497612 0.392566 0 -1.22646 0.0473982 0
0.48525 0.392963 0 -1.2462 0.0316263 0
0.472688 0.393198 0 -1.26633 0.0151057 0
0.459924 0.393264 0 -1.28687 -0.002217 0
0.446952 0.393152 0 -1.30784 -0.0204007 0
0.433768 0.392855 0 -1.32925 -0.0395099 0
0.420367 0.392361 0 -1.35112 -0.0596162 0
0.406746 0.391661 0 -1.37347 -0.0807985 0
0.392898 0.390743 0 -1.39631 -0.103144 0
0.37882 0.389596 0 -1.41966 -0.126751 0
0.364506 0.388206 0 -1.44353 -0.151728 0
0.34995 0.386559 0 -1.46793 -0.178196 0
0.335148 0.384639 0 -1.49289 -0.206292 0
0.320093 0.38243 0 -1.51841 -0.236168 0
0.30478 0.379913 0 -1.5445 -0.267998 0
0.289204 0.377066 0 -1.57116 -0.301978 0
0.273358 0.373869 0 -1.59839 -0.33833 0
0.257237 0.370295 0 -1.62618 -0.377308 0
0.240835 0.366317 0 -1.65451 -0.419204 0
0.224148 0.361904 0 -1.68333 -0.46435 0
0.20717 0.357022 0 -1.71259 -0.513132 0
0.189898 0.351633 0 -1.74221 -0.565996 0
0.172328 0.345693 0 -1.77205 -0.62346 0
0.15446 0.339152 0 -1.80194 -0.686129 0
0.136293 0.331957 0 -1.83164 -0.754712 0
0.117831 0.324043 0 -1.8608 -0.830038 0
0.099083 0.315338 0 -1.88895 -0.913085 0
0.0800606 0.30576 0 -1.91544 -1.005 0
0.0607853 0.295214 0 -1.93934 -1.10714 0
0.0412889 0.283589 0 -1.95938 -1.22108 0
0.0216183 0.270759 0 -1.97378 -1.34864 0
0.00184133 0.256578 0 -1.98006 -1.49187 0
-0.0179442 0.240877 0 -1.97471 -1.65299 0
-0.0375994 0.223468 0 -1.95285 -1.83421 0
-0.0569271 0.204139 0 -1.90769 -2.0373 0
-0.0756513 0.182668 0 -1.83003 -2.26276 0
-0.0933899 0.15884 0 -1.70792 -2.50839 0
-0.109629 0.132482 0 -1.52705 -2.76685 0
-0.123708 0.103536 0 -1.27311 -3.02267 0
-0.134846 0.0721469 0 -0.937305 -3.25 0
-0.142234 0.0387648 0 -0.524946 -3.41461 0
-0.14522 0.00418618 0 -0.0624704 -3.48386 0
-0.143511 -0.0305375 0 0.405645 -3.44198 0
-0.13729 -0.0643238 0 0.832738 -3.29914 0
-0.127139 -0.0963014 0 1.18754 -3.08542 0
-0.113846 -0.125937 0 1.46035 -2.83579 0
-0.0982084 -0.153018 0 1.65753 -2.57834 0
-0.0809185 -0.177563 0 1.79272 -2.33078 0
-0.0625231 -0.19972 0 1.88044 -2.10199 0
-0.0434329 -0.219698 0 1.93322 -1.89515 0
-0.0239464 -0.237716 0 1.96084 -1.71023 0
-0.00427746 -0.253988 0 1.97056 -1.54568 0
0.0154225 -0.268706 0 1.96765 -1.3994 0
0.0350469 -0.282043 0 1.95588 -1.26916 0
0.0545211 -0.294148 0 1.93793 -1.15289 0
0.0737935 -0.305152 0 1.91573 -1.04873 0
0.0928286 -0.315168 0 1.89065 -0.95506 0
0.111603 -0.324293 0 1.86368 -0.870488 0
0.130101 -0.332612 0 1.83553 -0.793834 0
0.148314 -0.3402 0 1.80672 -0.724091 0
0.166237 -0.347121 0 1.77761 -0.660402 0
0.183869 -0.353432 0 1.74847 -0.602039 0
0.20121 -0.359183 0 1.71951 -0.548379 0
0.218263 -0.364418 0 1.69084 -0.49889 0
0.235031 -0.369178 0 1.66258 -0.453111 0
0.251519 -0.373496 0 1.63478 -0.410649 0
0.267731 -0.377405 0 1.60749 -0.371159 0
0.283673 -0.380932 0 1.58073 -0.334344 0
0.29935 -0.384103 0 1.55453 -0.299944 0
0.314768 -0.386941 0 1.52888 -0.267731 0
0.329932 -0.389467 0 1.5038 -0.237504 0
0.344848 -0.3917 0 1.47926 -0.209086 0
0.359522 -0.393657 0 1.45526 -0.18232 0
0.373958 -0.395354 0 1.43179 -0.157068 0
0.388162 -0.396806 0 1.40884 -0.133204 0
0.402139 -0.398025 0 1.38639 -0.11062 0
0.415893 -0.399024 0 1.36443 -0.0892141 0
0.429431 -0.399815 0 1.34294 -0.0688981 0
0.442756 -0.400408 0 1.3219 -0.0495915 0
0.455873 -0.400812 0 1.3013 -0.0312213 0
0.468785 -0.401037 0 1.28113 -0.0137219 0
0.481499 -0.401091 0 1.26136 0.00296654 0
0.494016 -0.400982 0 1.24199 0.0188984 0
0.506342 -0.400717 0 1.223 0.0341232 0
0.518479 -0.400303 0 1.20437 0.0486863 0
0.530432 -0.399746 0 1.18609 0.062629 0
0.542204 -0.399054 0 1.16816 0.0759894 0
0.553798 -0.39823 0 1.15055 0.0888025 0
0.565218 -0.39728 0 1.13325 0.1011 0
0.576466 -0.396211 0 1.11626 0.112912 0
0.587545 -0.395025 0 1.09956 0.124266 0
0.598459 -0.393728 0 1.08314 0.135187 0
0.609211 -0.392324 0 1.06699 0.145698 0
0.619802 -0.390816 0 1.05111 0.155821 0
0.630235 -0.389209 0 1.03548 0.165577 0
0.640514 -0.387507 0 1.02009 0.174984 0
0.65064 -0.385712 0 1.00494 0.184059 0
0.660615 -0.383828 0 0.990015 0.192819 0
0.670442 -0.381857 0 0.97531 0.201279 0
0.680123 -0.379804 0 0.960817 0.209454 0
0.68966 -0.37767 0 0.946529 0.217356 0
0.699056 -0.375458 0 0.93244 0.224998 0
0.708311 -0.373171 0 0.918542 0.232392 0
0.717429 -0.370812 0 0.90483 0.239548 0
0.72641 -0.368382 0 0.891297 0.246477 0
0.735257 -0.365884 0 0.877937 0.253189 0
0.74397 -0.36332 0 0.864746 0.259693 0
0.752553 -0.360691 0 0.851717 0.265997 0
0.761007 -0.358001 0 0.838846 0.27211 0
0.769332 -0.35525 0 0.826127 0.278038 0
0.777531 -0.352441 0 0.813556 0.28379 0
0.785605 -0.349576 0 0.801129 0.289372 0
0.793555 -0.346655 0 0.78884 0.294791 0
0.801383 -0.343681 0 0.776686 0.300052 0
0.809091 -0.340655 0 0.764662 0.305162 0
0.816678 -0.337579 0 0.752766 0.310126 0
0.824148 -0.334453 0 0.740992 0.314949 0
0.8315 -0.331281 0 0.729337 0.319636 0
0.838736 -0.328062 0 0.717798 0.324191 0
0.845857 -0.324798 0 0.706371 0.32862 0
0.852865 -0.32149 0 0.695053 0.332927 0
0.85976 -0.31814 0 0.683841 0.337115 0
0.866543 -0.314748 0 0.672732 0.341188 0
0.873216 -0.311317 0 0.661722 0.34515 0
0.879779 -0.307846 0 0.65081 0.349005 0
0.886233 -0.304337 0 0.639992 0.352756 0
0.89258 -0.300792 0 0.629265 0.356405 0
0.89882 -0.29721 0 0.618627 0.359957 0
0.904954 -0.293593 0 0.608075 0.363413 0
0.910983 -0.289942 0 0.597607 0.366777 0
0.916907 -0.286258 0 0.587221 0.370052 0
0.922729 -0.282542 0 0.576914 0.373239 0
0.928447 -0.278794 0 0.566685 0.376341 0
0.934063 -0.275016 0 0.55653 0.379361 0
0.939579 -0.271208 0 0.546447 0.382301 0
0.944994 -0.26737 0 0.536436 0.385162 0
0.950309 -0.263505 0 0.526493 0.387947 0
0.955525 -0.259612 0 0.516617 0.390659 0
0.960642 -0.255692 0 0.506806 0.393297 0
0.965662 -0.251746 0 0.497058 0.395865 0
0.970585 -0.247775 0 0.487372 0.398365 0
0.975411 -0.24378 0 0.477745 0.400797 0
0.980141 -0.23976 0 0.468176 0.403163 0
0.984775 -0.235717 0 0.458663 0.405465 0
0.989315 -0.231651 0 0.449205 0.407705 0
0.993761 -0.227563 0 0.4398 0.409883 0
0.998112 -0.223454 0 0.430447 0.412001 0
1.00237 -0.219324 0 0.421143 0.414061 0
1.00654 -0.215173 0 0.411889 0.416063 0
1.01061 -0.211003 0 0.402681 0.418008 0
1.01459 -0.206813 0 0.39352 0.419899 0
1.01848 -0.202605 0 0.384402 0.421735 0
1.02228 -0.198379 0 0.375328 0.423518 0
1.02599 -0.194135 0 0.366296 0.425249 0
1.02961 -0.189874 0 0.357304 0.426929 0
1.03314 -0.185597 0 0.348352 0.428559 0
1.03657 -0.181303 0 0.339438 0.430139 0
1.03993 -0.176994 0 0.33056 0.431671 0
1.04319 -0.17267 0 0.321719 0.433156 0
1.04636 -0.168332 0 0.312911 0.434593 0
1.04945 -0.163979 0 0.304138 0.435985 0
1.05244 -0.159612 0 0.295396 0.437331 0
1.05536 -0.155232 0 0.286686 0.438632 0
1.05818 -0.15084 0 0.278006 0.439889 0
1.06092 -0.146435 0 0.269355 0.441103 0
1.06357 -0.142018 0 0.260732 0.442274 0
1.06613 -0.13759 0 0.252136 0.443403 0
1.06861 -0.13315 0 0.243567 0.44449 0
1.071 -0.1287 0 0.235022 0.445536 0
1.07331 -0.12424 0 0.226501 0.446541 0
1.07554 -0.119769 0 0.218003 0.447506 0
1.07767 -0.11529 0 0.209528 0.448432 0
1.07973 -0.110801 0 0.201073 0.449318 0
1.0817 -0.106304 0 0.192639 0.450165 0
1.08358 -0.101798 0 0.184224 0.450974 0
1.08538 -0.0972843 0 0.175828 0.451745 0
1.0871 -0.0927632 0 0.167449 0.452478 0
1.08873 -0.088235 0 0.159087 0.453174 0
1.09028 -0.0836999 0 0.150741 0.453833 0
1.09175 -0.0791585 0 0.142409 0.454455 0
1.09313 -0.074611 0 0.134092 0.45504 0
1.09443 -0.0700579 0 0.125788 0.45559 0
1.09565 -0.0654994 0 0.117496 0.456103 0
1.09678 -0.060936 0 0.109216 0.456581 0
1.09783 -0.056368 0 0.100946 0.457023 0
1.0988 -0.0517957 0 0.0926867 0.45743 0
1.09969 -0.0472195 0 0.084436 0.457802 0
1.10049 -0.0426398 0 0.0761936 0.458138 0
1.10121 -0.0380569 0 0.0679586 0.45844 0
1.10185 -0.0334711 0 0.0597301 0.458708 0
1.10241 -0.0288829 0 0.0515075 0.458941 0
1.10288 -0.0242925 0 0.0432899 0.459139 0
1.10327 -0.0197002 0 0.0350765 0.459303 0
1.10358 -0.0151065 0 0.0268664 0.459432 0
1.10381 -0.0105117 0 0.018659 0.459528 0
1.10396 -0.0059161 0 0.0104534 0.459589 0
1.10402 -0.00132005 0 0.00224881 0.459616 0
1.104 0.0032761 0 -0.00595557 0.459609 0
1.1039 0.00787202 0 -0.0141605 0.459568 0
1.10372 0.0124674 0 -0.0223668 0.459492 0
1.10346 0.0170618 0 -0.0305753 0.459383 0
1.10311 0.0216549 0 -0.0387867 0.459239 0
1.10268 0.0262464 0 -0.0470019 0.459061 0
1.10217 0.030836 0 -0.0552216 0.458848 0
1.10158 0.0354233 0 -0.0634467 0.458601 0
1.1009 0.040008 0 -0.0716779 0.458319 0
1.10014 0.0445896 0 -0.0799161 0.458003 0
1.0993 0.0491679 0 -0.0881621 0.457651 0
1.09838 0.0537426 0 -0.0964166 0.457265 0
1.09738 0.0583131 0 -0.104681 0.456843 0
1.09629 0.0628793 0 -0.112955 0.456386 0
1.09512 0.0674408 0 -0.12124 0.455894 0
1.09387 0.0719972 0 -0.129537 0.455366 0
1.09253 0.076548 0 -0.137847 0.454801 0
1.09111 0.0810931 0 -0.14617 0.4542 0
1.08961 0.085632 0 -0.154508 0.453563 0
1.08802 0.0901643 0 -0.162861 0.452889 0
1.08635 0.0946897 0 -0.171231 0.452178 0
1.0846 0.0992078 0 -0.179617 0.451429 0
1.08276 0.103718 0 -0.188021 0.450642 0
1.08084 0.108221 0 -0.196445 0.449817 0
1.07883 0.112715 0 -0.204888 0.448954 0
1.07674 0.1172 0 -0.213351 0.448051 0
1.07456 0.121676 0 -0.221836 0.447109 0
1.0723 0.126142 0 -0.230344 0.446127 0
1.06996 0.130598 0 -0.238875 0.445105 0
1.06753 0.135044 0 -0.247431 0.444042 0
1.06501 0.139479 0 -0.256012 0.442937 0
1.06241 0.143903 0 -0.26462 0.441791 0
1.05972 0.148315 0 -0.273255 0.440602 0
1.05694 0.152715 0 -0.281919 0.43937 0
1.05408 0.157102 0 -0.290612 0.438094 0
1.05113 0.161476 0 -0.299335 0.436774 0
1.04809 0.165837 0 -0.308091 0.435409 0
1.04497 0.170185 0 -0.316879 0.433999 0
1.04176 0.174517 0 -0.325701 0.432542 0
1.03846 0.178835 0 -0.334559 0.431037 0
1.03507 0.183138 0 -0.343452 0.429485 0
1.03159 0.187425 0 -0.352383 0.427884 0
1.02802 0.191696 0 -0.361352 0.426233 0
1.02436 0.19595 0 -0.370362 0.424531 0
1.02061 0.200186 0 -0.379412 0.422778 0
1.01678 0.204405 0 -0.388505 0.420973 0
1.01284 0.208606 0 -0.397641 0.419114 0
1.00882 0.212788 0 -0.406823 0.4172 0
1.00471 0.21695 0 -0.416051 0.415231 0
1.0005 0.221092 0 -0.425327 0.413205 0
0.996203 0.225214 0 -0.434652 0.411121 0
0.991811 0.229315 0 -0.444028 0.408977 0
0.987324 0.233394 0 -0.453456 0.406773 0
0.982742 0.23745 0 -0.462937 0.404507 0
0.978066 0.241484 0 -0.472475 0.402178 0
0.973293 0.245494 0 -0.482069 0.399784 0
0.968425 0.249479 0 -0.491722 0.397324 0
0.96346 0.25344 0 -0.501435 0.394795 0
0.958397 0.257375 0 -0.51121 0.392197 0
0.953236 0.261284 0 -0.521049 0.389528 0
0.947977 0.265166 0 -0.530954 0.386785 0
0.942618 0.26902 0 -0.540927 0.383968 0
0.937159 0.272845 0 -0.550969 0.381073 0
0.931599 0.276641 0 -0.561082 0.3781 0
0.925938 0.280407 0 -0.57127 0.375045 0
0.920175 0.284142 0 -0.581533 0.371907 0
0.914308 0.287846 0 -0.591874 0.368683 0
0.908338 0.291516 0 -0.602295 0.36537 0
0.902263 0.295153 0 -0.612799 0.361967 0
0.896083 0.298755 0 -0.623388 0.35847 0
0.889796 0.302322 0 -0.634065 0.354877 0
0.883402 0.305853 0 -0.644831 0.351185 0
0.8769 0.309346 0 -0.65569 0.34739 0
0.870289 0.312801 0 -0.666644 0.34349 0
0.863568 0.316216 0 -0.677696 0.33948 0
0.856736 0.319591 0 -0.68885 0.335358 0
0.849792 0.322923 0 -0.700108 0.33112 0
0.842735 0.326213 0 -0.711472 0.326762 0
0.835563 0.329458 0 -0.722947 0.322279 0
0.828277 0.332659 0 -0.734536 0.317667 0
0.820873 0.335812 0 -0.746242 0.312923 0
0.813353 0.338917 0 -0.758069 0.30804 0
0.805713 0.341973 0 -0.77002 0.303014 0
0.797953 0.344977 0 -0.7821 0.29784 0
0.790072 0.347929 0 -0.794312 0.292512 0
0.782067 0.350828 0 -0.80666 0.287024 0
0.773939 0.35367 0 -0.819149 0.28137 0
0.765685 0.356455 0 -0.831783 0.275543 0
0.757304 0.359181 0 -0.844567 0.269536 0
0.748795 0.361846 0 -0.857505 0.263343 0
0.740155 0.364448 0 -0.870603 0.256954 0
0.731383 0.366985 0 -0.883867 0.250362 0
0.722478 0.369455 0 -0.8973 0.243558 0
0.713438 0.371856 0 -0.910909 0.236532 0
0.704261 0.374185 0 -0.924701 0.229275 0
0.694945 0.376441 0 -0.93868 0.221776 0
0.685488 0.378621 0 -0.952853 0.214024 0
0.675889 0.380722 0 -0.967228 0.206006 0
0.666144 0.382741 0 -0.981811 0.197711 0
0.656253 0.384676 0 -0.996609 0.189124 0
0.646213 0.386523 0 -1.01163 0.18023 0
0.636021 0.38828 0 -1.02688 0.171015 0
0.625676 0.389943 0 -1.04237 0.16146 0
0.615175 0.391509 0 -1.05811 0.151549 0
0.604515 0.392974 0 -1.0741 0.141262 0
0.593693 0.394334 0 -1.09037 0.130578 0
0.582708 0.395585 0 -1.1069 0.119475 0
0.571556 0.396723 0 -1.12373 0.107928 0
0.560234 0.397743 0 -1.14084 0.0959113 0
0.54874 0.398641 0 -1.15827 0.0833967 0
0.537069 0.399411 0 -1.17602 0.0703534 0
0.52522 0.400048 0 -1.1941 0.0567484 0
0.513188 0.400545 0 -1.21252 0.0425452 0
0.50097 0.400898 0 -1.2313 0.0277047 0
0.488563 0.401099 0 -1.25045 0.0121836 0
0.475962 0.401141 0 -1.26999 -0.00406485 0
0.463164 0.401016 0 -1.28992 -0.0210923 0
0.450164 0.400718 0 -1.31027 -0.0389552 0
0.436959 0.400236 0 -1.33105 -0.0577159 0
0.423544 0.399562 0 -1.35228 -0.0774429 0
0.409914 0.398686 0 -1.37396 -0.098212 0
0.396065 0.397596 0 -1.39612 -0.120107 0
0.381992 0.396282 0 -1.41878 -0.143222 0
0.36769 0.39473 0 -1.44194 -0.16766 0
0.353154 0.392926 0 -1.46562 -0.193537 0
0.338378 0.390857 0 -1.48984 -0.220984 0
0.323358 0.388504 0 -1.5146 -0.250147 0
0.308087 0.38585 0 -1.53991 -0.28119 0
