0.97009 -0.243044 0 0.466082 0.432396 0 
-0.969997 0.243131 0 0.466325 0.432335 0 
-9.32407e-05 -8.64731e-05 0 -0.932407 -0.864731 0 
0.974691 -0.238705 0 0.454042 0.435331 0 
-0.965273 0.247439 0 0.478532 0.42919 0 
-0.00941787 -0.00873308 0 -0.932574 -0.864522 0 
0.979172 -0.234338 0 0.442164 0.438071 0 
-0.960426 0.251714 0 0.490902 0.42583 0 
-0.0187458 -0.0173755 0 -0.933066 -0.8639 0 
0.983535 -0.229945 0 0.43045 0.440625 0 
-0.955454 0.255954 0 0.503433 0.422242 0 
-0.0280803 -0.0260097 0 -0.933883 -0.862866 0 
0.987781 -0.225526 0 0.418899 0.443002 0 
-0.950357 0.260158 0 0.516123 0.418417 0 
-0.0374245 -0.0346315 0 -0.935022 -0.861419 0 
0.991913 -0.221085 0 0.40751 0.445212 0 
-0.945131 0.264322 0 0.528971 0.414343 0 
-0.0467818 -0.0432367 0 -0.936481 -0.859555 0 
0.995932 -0.216623 0 0.396282 0.447263 0 
-0.939777 0.268444 0 0.541973 0.410009 0 
-0.0561552 -0.0518212 0 -0.938256 -0.857272 0 
0.999839 -0.21214 0 0.385214 0.449165 0 
-0.934291 0.272521 0 0.555127 0.405403 0 
-0.0655479 -0.0603807 0 -0.940342 -0.854568 0 
1.00364 -0.20764 0 0.374305 0.450924 0 
-0.928674 0.276551 0 0.568429 0.400514 0 
-0.0749631 -0.0689111 0 -0.942733 -0.851438 0 
1.00733 -0.203122 0 0.363552 0.45255 0 
-0.922922 0.28053 0 0.581873 0.395329 0 
-0.0844036 -0.0774081 0 -0.945425 -0.847879 0 
1.01091 -0.198589 0 0.352953 0.454049 0 
-0.917036 0.284457 0 0.595455 0.389836 0 
-0.0938725 -0.0858672 0 -0.948408 -0.843885 0 
1.01439 -0.194042 0 0.342506 0.455429 0 
-0.911013 0.288326 0 0.609169 0.384023 0 
-0.103373 -0.0942843 0 -0.951675 -0.839452 0 
1.01776 -0.189481 0 0.332209 0.456696 0 
-0.904852 0.292136 0 0.623007 0.377877 0 
-0.112907 -0.102655 0 -0.955216 -0.834574 0 
1.02103 -0.184908 0 0.32206 0.457859 0 
-0.898552 0.295883 0 0.636963 0.371386 0 
-0.122478 -0.110974 0 -0.959023 -0.829245 0 
1.0242 -0.180324 0 0.312054 0.458922 0 
-0.892112 0.299562 0 0.651028 0.364538 0 
-0.132088 -0.119238 0 -0.963083 -0.82346 0 
1.02727 -0.17573 0 0.302191 0.459893 0 
-0.885531 0.303172 0 0.665193 0.357319 0 
-0.14174 -0.127442 0 -0.967384 -0.817212 0 
1.03024 -0.171127 0 0.292466 0.460776 0 
-0.878808 0.306708 0 0.679447 0.349718 0 
-0.151437 -0.135581 0 -0.971913 -0.810495 0 
1.03312 -0.166515 0 0.282877 0.461579 0 
-0.871942 0.310165 0 0.693779 0.341723 0 
-0.161179 -0.14365 0 -0.976656 -0.803302 0 
1.0359 -0.161895 0 0.27342 0.462305 0 
-0.864932 0.313541 0 0.708178 0.333321 0 
-0.17097 -0.151645 0 -0.981598 -0.795626 0 
1.03859 -0.157269 0 0.264092 0.462961 0 
-0.857778 0.31683 0 0.72263 0.3245 0 
-0.180812 -0.159561 0 -0.986722 -0.787461 0 
1.04119 -0.152636 0 0.25489 0.463551 0 
-0.85048 0.320029 0 0.737121 0.31525 0 
-0.190705 -0.167393 0 -0.992011 -0.778801 0 
1.04369 -0.147998 0 0.245811 0.46408 0 
-0.843036 0.323134 0 0.751635 0.30556 0 
-0.200653 -0.175135 0 -0.997446 -0.76964 0 
1.0461 -0.143355 0 0.236851 0.464552 0 
-0.835447 0.326139 0 0.766157 0.295419 0 
-0.210655 -0.182784 0 -1.00301 -0.759971 0 
1.04843 -0.138707 0 0.228006 0.464972 0 
-0.827713 0.329041 0 0.780669 0.284818 0 
-0.220713 -0.190333 0 -1.00867 -0.74979 0 
1.05066 -0.134056 0 0.219273 0.465344 0 
-0.819834 0.331834 0 0.795153 0.273748 0 
-0.230829 -0.197778 0 -1.01443 -0.739092 0 
1.05281 -0.129401 0 0.210648 0.465671 0 
-0.81181 0.334514 0 0.809589 0.262201 0 
-0.241002 -0.205113 0 -1.02024 -0.727872 0 
1.05488 -0.124742 0 0.202128 0.465957 0 
-0.803642 0.337076 0 0.823957 0.25017 0 
-0.251233 -0.212334 0 -1.02608 -0.716128 0 
1.05685 -0.120082 0 0.193709 0.466206 0 
-0.795331 0.339516 0 0.838235 0.23765 0 
-0.261524 -0.219434 0 -1.03194 -0.703856 0 
1.05875 -0.115418 0 0.185387 0.466421 0 
-0.786878 0.341827 0 0.852402 0.224634 0 
-0.271872 -0.226409 0 -1.03779 -0.691056 0 
1.06056 -0.110753 0 0.177159 0.466605 0 
-0.778283 0.344007 0 0.866434 0.211121 0 
-0.282279 -0.233253 0 -1.04359 -0.677726 0 
1.06229 -0.106086 0 0.169021 0.466761 0 
-0.76955 0.346048 0 0.880307 0.197108 0 
-0.292744 -0.239962 0 -1.04933 -0.663869 0 
1.06394 -0.101418 0 0.160969 0.466892 0 
-0.760678 0.347947 0 0.893996 0.182594 0 
-0.303265 -0.246529 0 -1.05496 -0.649486 0 
1.06551 -0.0967486 0 0.152999 0.467 0 
-0.75167 0.349698 0 0.907475 0.167581 0 
-0.313843 -0.25295 0 -1.06047 -0.634581 0 
1.067 -0.0920782 0 0.145108 0.467087 0 
-0.742529 0.351297 0 0.920719 0.152072 0 
-0.324474 -0.259219 0 -1.06583 -0.619159 0 
1.06842 -0.087407 0 0.137292 0.467157 0 
-0.733257 0.352738 0 0.933702 0.136071 0 
-0.335159 -0.265331 0 -1.07099 -0.603228 0 
1.06975 -0.0827351 0 0.129546 0.467211 0 
-0.723856 0.354017 0 0.946396 0.119586 0 
-0.345894 -0.271282 0 -1.07594 -0.586797 0 
1.07101 -0.0780628 0 0.121868 0.467252 0 
-0.71433 0.355128 0 0.958775 0.102624 0 
-0.356677 -0.277066 0 -1.08064 -0.569876 0 
1.07219 -0.0733901 0 0.114253 0.46728 0 
-0.704682 0.356068 0 0.970812 0.085198 0 
-0.367505 -0.282678 0 -1.08506 -0.552478 0 
1.07329 -0.0687172 0 0.106698 0.467299 0 
-0.694915 0.356831 0 0.98248 0.0673194 0 
-0.378377 -0.288114 0 -1.08918 -0.534618 0 
1.07432 -0.0640441 0 0.0991987 0.467309 0 
-0.685033 0.357413 0 0.993754 0.0490038 0 
-0.389288 -0.293369 0 -1.09295 -0.516313 0 
1.07528 -0.059371 0 0.0917513 0.467312 0 
-0.675041 0.35781 0 1.00461 0.0302686 0 
-0.400235 -0.298438 0 -1.09636 -0.497581 0 
1.07616 -0.0546979 0 0.0843522 0.46731 0 
-0.664943 0.358017 0 1.01502 0.0111333 0 
-0.411214 -0.303319 0 -1.09937 -0.478443 0 
1.07696 -0.0500248 0 0.0769975 0.467304 0 
-0.654743 0.358031 0 1.02496 -0.00838058 0 
-0.422221 -0.308006 0 -1.10195 -0.458923 0 
1.0777 -0.0453519 0 0.0696835 0.467294 0 
-0.644445 0.357848 0 1.03441 -0.0282491 0 
-0.433251 -0.312496 0 -1.10409 -0.439045 0 
1.07836 -0.040679 0 0.0624062 0.467282 0 
-0.634056 0.357465 0 1.04334 -0.0484466 0 
-0.444301 -0.316786 0 -1.10575 -0.418836 0 
1.07894 -0.0360062 0 0.055162 0.46727 0 
-0.62358 0.356878 0 1.05174 -0.0689452 0 
-0.455365 -0.320872 0 -1.10691 -0.398324 0 
1.07946 -0.0313336 0 0.0479469 0.467256 0 
-0.613023 0.356085 0 1.0596 -0.0897155 0 
-0.466437 -0.324751 0 -1.10755 -0.377541 0 
1.0799 -0.0266611 0 0.0407574 0.467244 0 
-0.60239 0.355083 0 1.06689 -0.110726 0 
-0.477514 -0.328422 0 -1.10764 -0.356518 0 
1.08028 -0.0219887 0 0.0335894 0.467232 0 
-0.591687 0.35387 0 1.07359 -0.131944 0 
-0.488588 -0.331881 0 -1.10718 -0.335288 0 
1.08058 -0.0173164 0 0.0264393 0.467222 0 
-0.58092 0.352444 0 1.07971 -0.153336 0 
-0.499655 -0.335127 0 -1.10615 -0.313886 0 
1.0808 -0.0126443 0 0.0193033 0.467214 0 
-0.570095 0.350803 0 1.08523 -0.174866 0 
-0.510709 -0.338158 0 -1.10453 -0.292348 0 
1.08096 -0.00797214 0 0.0121775 0.467208 0 
-0.559218 0.348946 0 1.09014 -0.196498 0 
-0.521744 -0.340974 0 -1.10231 -0.27071 0 
1.08105 -0.00330008 0 0.00505821 0.467205 0 
-0.548294 0.346872 0 1.09443 -0.218196 0 
-0.532754 -0.343572 0 -1.09949 -0.24901 0 
1.08106 0.00137197 0 -0.00205841 0.467205 0 
-0.537331 0.344582 0 1.09812 -0.239921 0 
-0.543732 -0.345954 0 -1.09606 -0.227284 0 
1.08101 0.00604402 0 -0.00917613 0.467207 0 
-0.526334 0.342074 0 1.10119 -0.261636 0 
-0.554673 -0.348118 0 -1.09202 -0.20557 0 
1.08088 0.0107161 0 -0.0162987 0.467211 0 
-0.515309 0.339349 0 1.10366 -0.283305 0 
-0.56557 -0.350065 0 -1.08736 -0.183906 0 
1.08068 0.0153883 0 -0.02343 0.467218 0 
-0.504263 0.336408 0 1.10553 -0.304889 0 
-0.576418 -0.351797 0 -1.0821 -0.16233 0 
1.08041 0.0200605 0 -0.0305738 0.467227 0 
-0.493201 0.333252 0 1.10681 -0.326351 0 
-0.58721 -0.353312 0 -1.07623 -0.140876 0 
1.08007 0.0247328 0 -0.0377338 0.467238 0 
-0.482129 0.329882 0 1.1075 -0.347657 0 
-0.597941 -0.354615 0 -1.06977 -0.119581 0 
1.07966 0.0294052 0 -0.0449139 0.46725 0 
-0.471052 0.326299 0 1.10764 -0.36877 0 
-0.608604 -0.355705 0 -1.06272 -0.0984804 0 
1.07917 0.0340778 0 -0.0521178 0.467263 0 
-0.459978 0.322507 0 1.10722 -0.389657 0 
-0.619193 -0.356585 0 -1.0551 -0.0776064 0 
1.07861 0.0387505 0 -0.0593494 0.467276 0 
-0.44891 0.318507 0 1.10628 -0.410285 0 
-0.629704 -0.357258 0 -1.04693 -0.0569912 0 
1.07798 0.0434233 0 -0.0666124 0.467288 0 
-0.437854 0.314302 0 1.10482 -0.430623 0 
-0.64013 -0.357726 0 -1.03821 -0.0366652 0 
1.07728 0.0480963 0 -0.0739106 0.467299 0 
-0.426815 0.309896 0 1.10288 -0.450642 0 
-0.650466 -0.357992 0 -1.02897 -0.0166567 0 
1.07651 0.0527693 0 -0.0812479 0.467307 0 
-0.415798 0.305291 0 1.10048 -0.470314 0 
-0.660708 -0.35806 0 -1.01923 0.00300754 0 
1.07566 0.0574424 0 -0.088628 0.467311 0 
-0.404807 0.300491 0 1.09765 -0.489614 0 
-0.670849 -0.357933 0 -1.00902 0.0223029 0 
1.07473 0.0621155 0 -0.0960547 0.46731 0 
-0.393846 0.2955 0 1.0944 -0.508517 0 
-0.680887 -0.357615 0 -0.998348 0.0412069 0 
1.07373 0.0667886 0 -0.103532 0.467303 0 
-0.38292 0.290322 0 1.09078 -0.527002 0 
-0.690815 -0.35711 0 -0.987246 0.0596991 0 
1.07266 0.0714615 0 -0.111063 0.467288 0 
-0.372032 0.284961 0 1.0868 -0.545049 0 
-0.70063 -0.356423 0 -0.975739 0.0777612 0 
1.07151 0.0761343 0 -0.118653 0.467263 0 
-0.361185 0.279422 0 1.08251 -0.562641 0 
-0.710328 -0.355557 0 -0.963853 0.0953773 0 
1.07029 0.0808068 0 -0.126304 0.467228 0 
-0.350383 0.27371 0 1.07792 -0.579761 0 
-0.719906 -0.354517 0 -0.951614 0.112533 0 
1.06899 0.0854788 0 -0.134021 0.46718 0 
-0.339628 0.267829 0 1.07307 -0.596397 0 
-0.72936 -0.353308 0 -0.939048 0.129218 0 
1.06761 0.0901503 0 -0.141807 0.467116 0 
-0.328922 0.261784 0 1.06799 -0.612537 0 
-0.738686 -0.351934 0 -0.926183 0.145421 0 
1.06615 0.0948211 0 -0.149666 0.467036 0 
-0.318268 0.25558 0 1.06271 -0.628171 0 
-0.747882 -0.350401 0 -0.913046 0.161135 0 
1.06461 0.099491 0 -0.157603 0.466937 0 
-0.307668 0.249222 0 1.05726 -0.643292 0 
-0.756946 -0.348713 0 -0.899662 0.176355 0 
1.063 0.10416 0 -0.16562 0.466816 0 
-0.297124 0.242716 0 1.05168 -0.657892 0 
-0.765875 -0.346875 0 -0.886058 0.191077 0 
1.0613 0.108827 0 -0.173722 0.466671 0 
-0.286635 0.236066 0 1.04598 -0.671969 0 
-0.774667 -0.344893 0 -0.872259 0.205298 0 
1.05952 0.113493 0 -0.181912 0.466499 0 
-0.276204 0.229278 0 1.0402 -0.685518 0 
-0.78332 -0.342771 0 -0.858292 0.219019 0 
1.05766 0.118157 0 -0.190194 0.466297 0 
-0.265831 0.222357 0 1.03437 -0.698538 0 
-0.791832 -0.340514 0 -0.844179 0.232241 0 
1.05572 0.122819 0 -0.198572 0.466063 0 
-0.255517 0.215309 0 1.02852 -0.71103 0 
-0.800203 -0.338128 0 -0.829945 0.244967 0 
