0.999939 0.00549989 0 -0.0110003 0.49997 0
0.999779 0.0104992 0 -0.0210019 0.49989 0
0.999519 0.0154975 0 -0.0310062 0.49976 0
0.999159 0.0204943 0 -0.0410144 0.499579 0
0.998699 0.0254889 0 -0.0510277 0.499349 0
0.998139 0.0304811 0 -0.0610474 0.499068 0
0.997478 0.0354701 0 -0.0710747 0.498737 0
0.996717 0.0404556 0 -0.081111 0.498355 0
0.995856 0.0454371 0 -0.0911574 0.497921 0
0.994894 0.0504139 0 -0.101215 0.497437 0
0.993832 0.0553856 0 -0.111286 0.496901 0
0.992668 0.0603518 0 -0.121371 0.496314 0
0.991404 0.0653117 0 -0.131471 0.495674 0
0.990039 0.0702651 0 -0.141588 0.494982 0
0.988572 0.0752112 0 -0.151723 0.494237 0
0.987004 0.0801496 0 -0.161877 0.493438 0
0.985335 0.0850798 0 -0.172052 0.492586 0
0.983563 0.0900012 0 -0.182249 0.491679 0
0.98169 0.0949132 0 -0.19247 0.490717 0
0.979714 0.0998153 0 -0.202715 0.4897 0
0.977635 0.104707 0 -0.212987 0.488627 0
0.975454 0.109588 0 -0.223286 0.487497 0
0.973169 0.114457 0 -0.233614 0.486309 0
0.970782 0.119314 0 -0.243974 0.485063 0
0.96829 0.124158 0 -0.254365 0.483759 0
0.965694 0.128989 0 -0.26479 0.482394 0
0.962994 0.133806 0 -0.27525 0.480969 0
0.960189 0.138608 0 -0.285748 0.479482 0
0.957279 0.143395 0 -0.296283 0.477932 0
0.954263 0.148166 0 -0.306859 0.476319 0
0.951142 0.152921 0 -0.317476 0.474642 0
0.947914 0.157659 0 -0.328136 0.472898 0
0.944579 0.162379 0 -0.338842 0.471088 0
0.941137 0.16708 0 -0.349595 0.469209 0
0.937587 0.171763 0 -0.360396 0.467261 0
0.933928 0.176425 0 -0.371247 0.465242 0
0.930161 0.181067 0 -0.382151 0.463151 0
0.926285 0.185688 0 -0.39311 0.460986 0
0.922299 0.190287 0 -0.404124 0.458745 0
0.918203 0.194863 0 -0.415197 0.456428 0
0.913995 0.199415 0 -0.42633 0.454032 0
0.909676 0.203943 0 -0.437526 0.451556 0
0.905244 0.208446 0 -0.448786 0.448997 0
0.9007 0.212923 0 -0.460113 0.446355 0
0.896042 0.217373 0 -0.471509 0.443625 0
0.891269 0.221795 0 -0.482976 0.440808 0
0.886382 0.226189 0 -0.494517 0.437899 0
0.881379 0.230553 0 -0.506134 0.434897 0
0.876259 0.234886 0 -0.51783 0.4318 0
0.871022 0.239188 0 -0.529608 0.428605 0
0.865667 0.243458 0 -0.541469 0.425308 0
0.860192 0.247694 0 -0.553417 0.421908 0
0.854598 0.251896 0 -0.565455 0.4184 0
0.848883 0.256062 0 -0.577586 0.414783 0
0.843046 0.260191 0 -0.589812 0.411052 0
0.837086 0.264283 0 -0.602137 0.407205 0
0.831003 0.268335 0 -0.614564 0.403237 0
0.824795 0.272347 0 -0.627097 0.399144 0
0.818461 0.276317 0 -0.639738 0.394924 0
0.812 0.280245 0 -0.652491 0.39057 0
0.80541 0.284128 0 -0.665361 0.386079 0
0.798692 0.287966 0 -0.67835 0.381447 0
0.791843 0.291757 0 -0.691463 0.376667 0
0.784862 0.295499 0 -0.704704 0.371735 0
0.777748 0.299191 0 -0.718077 0.366645 0
0.7705 0.302831 0 -0.731587 0.361392 0
0.763116 0.306418 0 -0.745237 0.355969 0
0.755595 0.30995 0 -0.759034 0.35037 0
0.747935 0.313425 0 -0.772981 0.344587 0
0.740135 0.316841 0 -0.787084 0.338613 0
0.732193 0.320197 0 -0.801348 0.332441 0
0.724107 0.323489 0 -0.815779 0.326062 0
0.715877 0.326717 0 -0.830382 0.319468 0
0.707499 0.329878 0 -0.845164 0.312649 0
0.698973 0.332969 0 -0.860131 0.305595 0
0.690296 0.335989 0 -0.875288 0.298296 0
0.681466 0.338934 0 -0.890644 0.290741 0
0.672482 0.341803 0 -0.906204 0.282917 0
0.663342 0.344592 0 -0.921977 0.274812 0
0.654042 0.347298 0 -0.93797 0.266412 0
0.644581 0.349919 0 -0.954191 0.257703 0
0.634957 0.352451 0 -0.970648 0.248668 0
0.625168 0.354891 0 -0.987351 0.239292 0
0.61521 0.357236 0 -1.00431 0.229557 0
0.605081 0.359481 0 -1.02153 0.219442 0
0.594778 0.361623 0 -1.03902 0.208927 0
0.584299 0.363658 0 -1.0568 0.19799 0
0.573641 0.365582 0 -1.07488 0.186607 0
0.562801 0.367389 0 -1.09326 0.174751 0
0.551775 0.369075 0 -1.11195 0.162395 0
0.540561 0.370635 0 -1.13098 0.149507 0
0.529154 0.372063 0 -1.15036 0.136055 0
0.517552 0.373354 0 -1.17009 0.122003 0
0.505751 0.374501 0 -1.19019 0.10731 0
0.493747 0.375498 0 -1.21068 0.0919352 0
0.481536 0.376338 0 -1.23157 0.0758303 0
0.469114 0.377012 0 -1.25287 0.0589442 0
0.456477 0.377514 0 -1.27461 0.0412204 0
0.443621 0.377834 0 -1.2968 0.022597 0
0.43054 0.377962 0 -1.31946 0.0030054 0
0.415886 0.377872 0 -1.34494 -0.0197542 0
0.402319 0.377566 0 -1.36864 -0.0416352 0
0.388512 0.377035 0 -1.39286 -0.0647469 0
0.37446 0.376266 0 -1.41761 -0.0891943 0
0.360158 0.375246 0 -1.44293 -0.115095 0
0.345599 0.373959 0 -1.46881 -0.142579 0
0.330779 0.372389 0 -1.49528 -0.171796 0
0.315692 0.370517 0 -1.52235 -0.202911 0
0.30033 0.368324 0 -1.55003 -0.236112 0
0.284689 0.365787 0 -1.57831 -0.271614 0
0.268762 0.362883 0 -1.6072 -0.309661 0
0.252543 0.359585 0 -1.63668 -0.350531 0
0.236027 0.355862 0 -1.66672 -0.394543 0
0.219207 0.351682 0 -1.69728 -0.442067 0
0.20208 0.347008 0 -1.7283 -0.49353 0
0.18464 0.341797 0 -1.75966 -0.549427 0
0.166886 0.336003 0 -1.79123 -0.610337 0
0.148816 0.329571 0 -1.82279 -0.676937 0
0.130431 0.322443 0 -1.85405 -0.750021 0
0.111737 0.314547 0 -1.88462 -0.830528 0
0.0927427 0.305804 0 -1.91392 -0.919561 0
0.0734653 0.296123 0 -1.94115 -1.01842 0
0.0539302 0.285398 0 -1.96522 -1.12865 0
0.0341765 0.273507 0 -1.98456 -1.25202 0
0.0142617 0.260307 0 -1.99699 -1.3906 0
-0.0057306 0.245637 0 -1.99944 -1.54666 0
-0.02568 0.229309 0 -1.98756 -1.7226 0
-0.0454146 0.211112 0 -1.95524 -1.92063 0
-0.06469 0.190818 0 -1.89408 -2.14213 0
-0.0831641 0.168194 0 -1.79277 -2.38646 0
-0.100366 0.143029 0 -1.63709 -2.64879 0
-0.115674 0.115197 0 -1.41123 -2.91708 0
-0.128315 0.0847407 0 -1.10212 -3.16881 0
-0.137432 0.0519852 0 -0.707581 -3.37051 0
-0.142242 0.0176206 0 -0.245925 -3.48467 0
-0.142263 -0.0173299 0 0.241721 -3.48516 0
-0.137494 -0.051704 0 0.703781 -3.37188 0
-0.128411 -0.0844763 0 1.09897 -3.17077 0
-0.115798 -0.114954 0 1.4088 -2.91933 0
-0.100511 -0.142809 0 1.6353 -2.65109 0
-0.0833245 -0.167996 0 1.7915 -2.38867 0
-0.064861 -0.190642 0 1.89321 -2.14419 0
-0.0455927 -0.210955 0 1.95467 -1.9225 0
-0.0258628 -0.22917 0 1.98719 -1.72429 0
-0.0059162 -0.245514 0 1.99923 -1.54819 0
0.0140746 -0.260199 0 1.9969 -1.39198 0
0.0339888 -0.273412 0 1.98454 -1.25328 0
0.0537427 -0.285315 0 1.96526 -1.12979 0
0.0732784 -0.296051 0 1.94124 -1.01947 0
0.092557 -0.305742 0 1.91403 -0.920519 0
0.111552 -0.314494 0 1.88476 -0.83141 0
0.130248 -0.322398 0 1.85421 -0.750838 0
0.148634 -0.329535 0 1.82296 -0.677695 0
0.166706 -0.335974 0 1.7914 -0.611044 0
0.184462 -0.341775 0 1.75984 -0.550088 0
0.201904 -0.346992 0 1.72849 -0.49415 0
0.219033 -0.351672 0 1.69748 -0.442651 0
0.235855 -0.355858 0 1.66691 -0.395094 0
0.252373 -0.359586 0 1.63687 -0.351052 0
0.268594 -0.362889 0 1.60739 -0.310156 0
0.284523 -0.365798 0 1.5785 -0.272085 0
0.300166 -0.36834 0 1.55022 -0.23656 0
0.315529 -0.370537 0 1.52254 -0.203338 0
0.330619 -0.372413 0 1.49547 -0.172205 0
0.345441 -0.373988 0 1.469 -0.142971 0
0.360001 -0.375278 0 1.44311 -0.11547 0
0.374305 -0.376302 0 1.4178 -0.089555 0
0.388359 -0.377074 0 1.39304 -0.0650938 0
0.402168 -0.377608 0 1.36882 -0.0419692 0
0.415737 -0.377918 0 1.34512 -0.0200762 0
0.429072 -0.378014 0 1.32193 0.000679422 0
0.442177 -0.377908 0 1.29923 0.0203825 0
0.455058 -0.377609 0 1.27699 0.0391095 0
0.467718 -0.377128 0 1.2552 0.0569296 0
0.480163 -0.376473 0 1.23385 0.0739058 0
0.492397 -0.375653 0 1.21292 0.0900948 0
0.504423 -0.374674 0 1.19239 0.105549 0
0.516246 -0.373544 0 1.17225 0.120315 0
0.527869 -0.37227 0 1.15248 0.134437 0
0.539297 -0.370857 0 1.13307 0.147954 0
0.550532 -0.369313 0 1.11401 0.160903 0
0.561578 -0.367641 0 1.09528 0.173317 0
0.572439 -0.365848 0 1.07686 0.185228 0
0.583116 -0.363938 0 1.05876 0.196663 0
0.593615 -0.361916 0 1.04095 0.207648 0
0.603936 -0.359787 0 1.02343 0.21821 0
0.614084 -0.357553 0 1.00618 0.228369 0
0.624061 -0.35522 0 0.989195 0.238146 0
0.633869 -0.352792 0 0.972466 0.247562 0
0.643511 -0.35027 0 0.955984 0.256635 0
0.652989 -0.34766 0 0.939739 0.26538 0
0.662307 -0.344964 0 0.923723 0.273814 0
0.671465 -0.342185 0 0.907928 0.281952 0
0.680466 -0.339326 0 0.892346 0.289808 0
0.689312 -0.336389 0 0.876969 0.297393 0
0.698006 -0.333379 0 0.861791 0.304721 0
0.706549 -0.330296 0 0.846805 0.311803 0
0.714943 -0.327143 0 0.832005 0.318648 0
0.723189 -0.323924 0 0.817383 0.325268 0
0.731291 -0.320639 0 0.802935 0.331671 0
0.739249 -0.317291 0 0.788654 0.337867 0
0.747064 -0.313882 0 0.774534 0.343863 0
0.75474 -0.310414 0 0.760571 0.349667 0
0.762276 -0.306889 0 0.746759 0.355288 0
0.769675 -0.303309 0 0.733094 0.360731 0
0.776939 -0.299675 0 0.71957 0.366004 0
0.784067 -0.295989 0 0.706183 0.371113 0
0.791063 -0.292253 0 0.692928 0.376063 0
0.797926 -0.288469 0 0.679802 0.38086 0
0.804659 -0.284637 0 0.6668 0.38551 0
0.811263 -0.280759 0 0.653919 0.390017 0
0.817738 -0.276837 0 0.641153 0.394387 0
0.824086 -0.272872 0 0.628501 0.398623 0
0.830308 -0.268865 0 0.615957 0.402731 0
0.836406 -0.264817 0 0.60352 0.406713 0
0.842379 -0.260731 0 0.591184 0.410575 0
0.84823 -0.256606 0 0.578948 0.41432 0
0.853958 -0.252445 0 0.566807 0.417951 0
0.859566 -0.248248 0 0.55476 0.421471 0
0.865054 -0.244016 0 0.542803 0.424884 0
0.870422 -0.23975 0 0.530932 0.428193 0
0.875673 -0.235452 0 0.519146 0.431401 0
0.880806 -0.231123 0 0.507442 0.43451 0
0.885822 -0.226762 0 0.495816 0.437523 0
0.890722 -0.222373 0 0.484268 0.440443 0
0.895507 -0.217954 0 0.472793 0.443272 0
0.900178 -0.213507 0 0.46139 0.446011 0
0.904735 -0.209034 0 0.450056 0.448665 0
0.90918 -0.204534 0 0.438789 0.451234 0
0.913511 -0.20001 0 0.427587 0.45372 0
0.917732 -0.19546 0 0.416447 0.456126 0
0.921841 -0.190887 0 0.405369 0.458453 0
0.925839 -0.186291 0 0.394348 0.460702 0
0.929728 -0.181673 0 0.383384 0.462877 0
0.933507 -0.177034 0 0.372474 0.464977 0
0.937177 -0.172374 0 0.361617 0.467005 0
0.94074 -0.167694 0 0.350811 0.468962 0
0.944194 -0.162995 0 0.340054 0.470849 0
0.947541 -0.158278 0 0.329343 0.472668 0
0.950781 -0.153542 0 0.318678 0.47442 0
0.953914 -0.148789 0 0.308056 0.476106 0
0.956942 -0.14402 0 0.297477 0.477727 0
0.959864 -0.139235 0 0.286937 0.479285 0
0.962681 -0.134435 0 0.276436 0.48078 0
0.965393 -0.12962 0 0.265972 0.482213 0
0.968001 -0.124791 0 0.255544 0.483585 0
0.970504 -0.119948 0 0.245149 0.484897 0
0.972904 -0.115093 0 0.234786 0.486151 0
0.9752 -0.110225 0 0.224455 0.487346 0
0.977393 -0.105346 0 0.214152 0.488483 0
0.979483 -0.100456 0 0.203878 0.489564 0
0.98147 -0.095555 0 0.19363 0.490588 0
0.983356 -0.0906443 0 0.183407 0.491557 0
0.985139 -0.0857241 0 0.173207 0.492471 0
0.98682 -0.080795 0 0.16303 0.49333 0
0.988399 -0.0758576 0 0.152874 0.494136 0
0.989877 -0.0709125 0 0.142737 0.494888 0
0.991254 -0.0659601 0 0.132618 0.495587 0
0.99253 -0.0610009 0 0.122517 0.496233 0
0.993705 -0.0560356 0 0.11243 0.496828 0
0.994778 -0.0510645 0 0.102358 0.49737 0
0.995752 -0.0460883 0 0.0922989 0.497861 0
0.996624 -0.0411075 0 0.0822514 0.498301 0
0.997397 -0.0361225 0 0.0722141 0.49869 0
0.998069 -0.0311339 0 0.0621859 0.499028 0
0.998641 -0.0261421 0 0.0521655 0.499315 0
0.999112 -0.0211477 0 0.0421516 0.499552 0
0.999484 -0.0161512 0 0.0321429 0.499739 0
0.999755 -0.0111531 0 0.0221383 0.499876 0
0.999926 -0.00615388 0 0.0121364 0.499962 0
0.999998 -0.00115403 0 0.00213608 0.499999 0
0.999969 0.00384593 0 -0.00786403 0.499985 0
0.99984 0.00884551 0 -0.0178651 0.499922 0
0.999612 0.0138442 0 -0.0278685 0.499808 0
0.999283 0.0188415 0 -0.0378753 0.499645 0
0.998854 0.0238369 0 -0.0478869 0.499431 0
0.998325 0.02883 0 -0.0579046 0.499167 0
0.997696 0.0338201 0 -0.0679294 0.498852 0
0.996967 0.0388068 0 -0.0779629 0.498487 0
0.996137 0.0437897 0 -0.0880061 0.49807 0
0.995207 0.0487681 0 -0.0980604 0.497603 0
0.994176 0.0537415 0 -0.108127 0.497084 0
0.993044 0.0587096 0 -0.118208 0.496514 0
0.991811 0.0636717 0 -0.128303 0.495891 0
0.990478 0.0686272 0 -0.138415 0.495217 0
0.989043 0.0735758 0 -0.148544 0.494489 0
0.987507 0.0785168 0 -0.158692 0.493708 0
0.985869 0.0834498 0 -0.168861 0.492873 0
0.98413 0.0883741 0 -0.179051 0.491985 0
0.982288 0.0932893 0 -0.189264 0.491041 0
0.980344 0.0981948 0 -0.199502 0.490042 0
0.978298 0.10309 0 -0.209765 0.488987 0
0.976149 0.107974 0 -0.220056 0.487876 0
0.973897 0.112847 0 -0.230376 0.486707 0
0.971541 0.117708 0 -0.240725 0.485481 0
0.969082 0.122557 0 -0.251107 0.484195 0
0.966519 0.127392 0 -0.261522 0.482851 0
0.963852 0.132214 0 -0.271971 0.481445 0
0.961079 0.137021 0 -0.282457 0.479979 0
0.958202 0.141813 0 -0.29298 0.47845 0
0.95522 0.146589 0 -0.303544 0.476858 0
0.952131 0.15135 0 -0.314148 0.475201 0
0.948937 0.156093 0 -0.324795 0.473479 0
0.945635 0.160819 0 -0.335487 0.471691 0
0.942227 0.165527 0 -0.346225 0.469834 0
0.938711 0.170216 0 -0.357011 0.467909 0
0.935086 0.174885 0 -0.367848 0.465913 0
0.931353 0.179534 0 -0.378735 0.463846 0
0.927511 0.184161 0 -0.389677 0.461705 0
0.92356 0.188768 0 -0.400674 0.459489 0
0.919498 0.193351 0 -0.411729 0.457197 0
0.915325 0.197911 0 -0.422844 0.454827 0
0.911041 0.202447 0 -0.43402 0.452377 0
0.906644 0.206958 0 -0.44526 0.449845 0
0.902135 0.211444 0 -0.456567 0.44723 0
0.897513 0.215903 0 -0.467942 0.444529 0
0.892776 0.220334 0 -0.479387 0.44174 0
0.887925 0.224737 0 -0.490905 0.438861 0
0.882958 0.229111 0 -0.502499 0.435889 0
0.877875 0.233455 0 -0.514171 0.432823 0
0.872674 0.237767 0 -0.525924 0.429659 0
0.867356 0.242048 0 -0.537759 0.426396 0
0.861919 0.246295 0 -0.549681 0.423029 0
0.856362 0.250508 0 -0.561691 0.419556 0
0.850685 0.254686 0 -0.573794 0.415974 0
0.844886 0.258827 0 -0.585991 0.41228 0
0.838964 0.262931 0 -0.598285 0.408471 0
0.83292 0.266996 0 -0.610681 0.404542 0
0.82675 0.271021 0 -0.623181 0.400489 0
0.820456 0.275005 0 -0.635789 0.39631 0
0.814034 0.278947 0 -0.648508 0.391999 0
0.807485 0.282845 0 -0.661342 0.387553 0
0.800807 0.286698 0 -0.674294 0.382966 0
0.793999 0.290504 0 -0.687369 0.378233 0
0.787059 0.294262 0 -0.700571 0.37335 0
0.779987 0.29797 0 -0.713903 0.368311 0
0.772781 0.301627 0 -0.727371 0.363111 0
0.765439 0.305232 0 -0.740978 0.357742 0
0.757961 0.308782 0 -0.75473 0.352199 0
0.750344 0.312275 0 -0.768631 0.346475 0
0.742588 0.315711 0 -0.782686 0.340563 0
0.73469 0.319086 0 -0.796901 0.334454 0
0.726649 0.322399 0 -0.81128 0.328142 0
0.718464 0.325648 0 -0.825831 0.321617 0
0.710132 0.328831 0 -0.840558 0.31487 0
0.701652 0.331945 0 -0.855467 0.307891 0
0.693022 0.334988 0 -0.870566 0.30067 0
0.68424 0.337957 0 -0.885861 0.293197 0
0.675304 0.340851 0 -0.901358 0.285459 0
0.666212 0.343665 0 -0.917066 0.277443 0
0.656962 0.346399 0 -0.932991 0.269138 0
0.647551 0.349047 0 -0.949142 0.260527 0
0.637978 0.351608 0 -0.965527 0.251596 0
0.62824 0.354078 0 -0.982154 0.242329 0
0.618334 0.356454 0 -0.999033 0.232708 0
0.608259 0.358731 0 -1.01617 0.222714 0
0.59801 0.360906 0 -1.03358 0.212327 0
0.587586 0.362976 0 -1.05127 0.201524 0
0.576984 0.364936 0 -1.06926 0.190283 0
0.5662 0.36678 0 -1.08754 0.178578 0
0.555232 0.368505 0 -1.10614 0.166381 0
0.544076 0.370106 0 -1.12507 0.153663 0
0.532729 0.371577 0 -1.14434 0.14039 0
0.521188 0.372912 0 -1.16396 0.126529 0
0.509449 0.374105 0 -1.18395 0.11204 0
0.497508 0.375151 0 -1.20432 0.0968824 0
0.485361 0.376041 0 -1.22508 0.0810098 0
0.473005 0.376768 0 -1.24626 0.0643724 0
0.460435 0.377325 0 -1.26787 0.0469153 0
0.447646 0.377704 0 -1.28992 0.0285784 0
0.434635 0.377894 0 -1.31243 0.00929519 0
0.421396 0.377886 0 -1.33542 -0.0110077 0
0.407924 0.37767 0 -1.35891 -0.0324116 0
0.394216 0.377234 0 -1.38292 -0.0550065 0
0.380264 0.376566 0 -1.40746 -0.0788929 0
0.366065 0.375652 0 -1.43254 -0.104183 0
0.351612 0.374477 0 -1.4582 -0.131001 0
0.336899 0.373026 0 -1.48443 -0.15949 0
0.321921 0.371281 0 -1.51126 -0.189806 0
0.306672 0.369223 0 -1.53869 -0.222129 0
0.291145 0.366831 0 -1.56673 -0.256662 0
0.275335 0.364082 0 -1.59538 -0.293636 0
0.259236 0.36095 0 -1.62462 -0.333314 0
0.242841 0.357406 0 -1.65444 -0.376 0
0.226145 0.353419 0 -1.68481 -0.42204 0
0.209143 0.348953 0 -1.71565 -0.471837 0
0.191831 0.343968 0 -1.74689 -0.525857 0
0.174204 0.33842 0 -1.7784 -0.584643 0
0.156262 0.332257 0 -1.81001 -0.64883 0
0.138005 0.325423 0 -1.84144 -0.719161 0
0.119435 0.317851 0 -1.87236 -0.796514 0
0.100561 0.309466 0 -1.90227 -0.88192 0
0.0813953 0.300182 0 -1.93046 -0.9766 0
0.0619602 0.289899 0 -1.95599 -1.08199 0
0.0422886 0.278501 0 -1.9775 -1.19976 0
0.0224297 0.265856 0 -1.99308 -1.33187 0
0.00245526 0.251809 0 -2.00006 -1.48051 0
-0.0175309 0.236184 0 -1.99467 -1.64805 0
-0.03738 0.218778 0 -1.97158 -1.83684 0
-0.05688 0.199371 0 -1.9234 -2.04871 0
-0.0757323 0.177726 0 -1.84005 -2.28402 0
-0.0935222 0.153621 0 -1.70845 -2.53999 0
-0.109691 0.126886 0 -1.51313 -2.80794 0
-0.123524 0.0974809 0 -1.23911 -3.06993 0
-0.134186 0.0656028 0 -0.878573 -3.29665 0
-0.140837 0.0317879 0 -0.440531 -3.45077 0
-0.142845 -0.00306189 0 0.0425957 -3.49937 0
-0.140001 -0.037809 0 0.521112 -3.43068 0
-0.132599 -0.0713405 0 0.947217 -3.26116 0
-0.121325 -0.102815 0 1.29262 -3.02575 0
-0.107032 -0.13176 0 1.55196 -2.76099 0
-0.0905386 -0.158029 0 1.73498 -2.49422 0
-0.0725333 -0.181692 0 1.85708 -2.24152 0
-0.0535477 -0.202931 0 1.93344 -2.01028 0
-0.0339738 -0.221975 0 1.97661 -1.80259 0
-0.0140931 -0.239058 0 1.99617 -1.61771 0
0.00589505 -0.254398 0 1.99911 -1.45368 0
0.0258509 -0.268193 0 1.99042 -1.30812 0
0.045677 -0.280614 0 1.97367 -1.17869 0
0.065306 -0.291812 0 1.95137 -1.06322 0
0.0846921 -0.301918 0 1.92532 -0.959829 0
0.103804 -0.311043 0 1.89679 -0.866873 0
0.122623 -0.319285 0 1.8667 -0.782959 0
0.141135 -0.326728 0 1.83568 -0.706905 0
0.159335 -0.333446 0 1.80422 -0.637706 0
0.177219 -0.339502 0 1.77264 -0.574512 0
0.194788 -0.344954 0 1.74118 -0.516599 0
0.212044 -0.34985 0 1.71002 -0.46335 0
0.22899 -0.354234 0 1.67927 -0.414237 0
0.245631 -0.358147 0 1.64902 -0.368805 0
0.261972 -0.361621 0 1.61931 -0.326664 0
0.278019 -0.36469 0 1.59018 -0.287473 0
0.293778 -0.36738 0 1.56165 -0.250938 0
0.309254 -0.369716 0 1.53373 -0.216801 0
0.324454 -0.371723 0 1.50642 -0.184836 0
0.339385 -0.37342 0 1.47971 -0.154846 0
0.354051 -0.374826 0 1.45359 -0.126654 0
0.368458 -0.375958 0 1.42804 -0.100106 0
0.382613 -0.376833 0 1.40306 -0.075064 0
0.396521 -0.377464 0 1.37863 -0.0514048 0
0.410188 -0.377865 0 1.35472 -0.0290187 0
0.423617 -0.378048 0 1.33133 -0.00780721 0
0.436816 -0.378025 0 1.30843 0.0123181 0
0.449788 -0.377805 0 1.28601 0.031437 0
0.462538 -0.377399 0 1.26404 0.0496217 0
0.47507 -0.376816 0 1.24252 0.0669373 0
0.487389 -0.376063 0 1.22142 0.0834433 0
0.4995 -0.375149 0 1.20073 0.0991935 0
0.511405 -0.374081 0 1.18043 0.114237 0
0.52311 -0.372867 0 1.16052 0.128619 0
0.534617 -0.371511 0 1.14096 0.142381 0
0.54593 -0.370021 0 1.12176 0.155559 0
0.557053 -0.368402 0 1.1029 0.16819 0
0.567989 -0.366659 0 1.08436 0.180304 0
0.578741 -0.364797 0 1.06613 0.191932 0
0.589313 -0.362822 0 1.0482 0.2031 0
0.599706 -0.360737 0 1.03057 0.213834 0
0.609925 -0.358546 0 1.01321 0.224156 0
0.619971 -0.356255 0 0.996117 0.234089 0
0.629848 -0.353866 0 0.979287 0.243652 0
0.639558 -0.351383 0 0.962707 0.252864 0
0.649103 -0.34881 0 0.946367 0.261743 0
0.658486 -0.346149 0 0.930259 0.270304 0
0.667709 -0.343405 0 0.914376 0.278563 0
0.676774 -0.340579 0 0.898709 0.286534 0
0.685684 -0.337675 0 0.88325 0.29423 0
0.69444 -0.334695 0 0.867993 0.301663 0
0.703044 -0.331642 0 0.85293 0.308846 0
0.711499 -0.328519 0 0.838056 0.315788 0
0.719806 -0.325327 0 0.823363 0.3225 0
0.727967 -0.32207 0 0.808845 0.328992 0
0.735984 -0.318748 0 0.794497 0.335273 0
0.743857 -0.315365 0 0.780313 0.341351 0
0.75159 -0.311922 0 0.766287 0.347235 0
0.759184 -0.308421 0 0.752415 0.352931 0
0.766639 -0.304864 0 0.738691 0.358447 0
0.773958 -0.301252 0 0.725111 0.363791 0
0.781142 -0.297589 0 0.711669 0.368967 0
0.788192 -0.293874 0 0.698362 0.373982 0
0.795109 -0.290109 0 0.685184 0.378843 0
0.801896 -0.286297 0 0.672133 0.383554 0
0.807893 -0.282827 0 0.660491 0.38767 0
0.814433 -0.278928 0 0.647667 0.39211 0
0.820846 -0.274985 0 0.634958 0.396415 0
0.827133 -0.271 0 0.62236 0.400589 0
0.833294 -0.266974 0 0.60987 0.404636 0
0.839331 -0.262907 0 0.597483 0.40856 0
0.845244 -0.258803 0 0.585197 0.412365 0
0.851035 -0.254661 0 0.573009 0.416055 0
0.856704 -0.250482 0 0.560915 0.419632 0
0.862253 -0.246268 0 0.548913 0.423101 0
0.867683 -0.24202 0 0.536999 0.426464 0
0.872994 -0.237739 0 0.525171 0.429724 0
0.878187 -0.233426 0 0.513426 0.432884 0
0.883263 -0.229082 0 0.501761 0.435947 0
0.888222 -0.224708 0 0.490174 0.438915 0
0.893066 -0.220304 0 0.478662 0.441791 0
0.897796 -0.215872 0 0.467223 0.444577 0
0.902411 -0.211413 0 0.455855 0.447276 0
0.906913 -0.206927 0 0.444554 0.449889 0
0.911302 -0.202415 0 0.43332 0.452418 0
0.91558 -0.197879 0 0.422149 0.454866 0
0.919745 -0.193318 0 0.41104 0.457234 0
0.923801 -0.188734 0 0.399991 0.459523 0
0.927745 -0.184128 0 0.388998 0.461737 0
0.931581 -0.1795 0 0.378062 0.463876 0
0.935307 -0.174851 0 0.367178 0.465942 0
0.938924 -0.170181 0 0.356347 0.467936 0
0.942434 -0.165492 0 0.345565 0.46986 0
0.945836 -0.160784 0 0.334831 0.471714 0
0.949131 -0.156058 0 0.324143 0.473501 0
0.952319 -0.151314 0 0.3135 0.475222 0
0.955401 -0.146554 0 0.302899 0.476877 0
0.958377 -0.141777 0 0.29234 0.478468 0
0.961248 -0.136985 0 0.28182 0.479996 0
0.964014 -0.132177 0 0.271337 0.481461 0
0.966675 -0.127356 0 0.260891 0.482866 0
0.969231 -0.12252 0 0.250479 0.48421 0
0.971684 -0.117672 0 0.240101 0.485494 0
0.974034 -0.112811 0 0.229754 0.48672 0
0.97628 -0.107937 0 0.219437 0.487887 0
0.978422 -0.103053 0 0.209149 0.488998 0
0.980463 -0.0981577 0 0.198887 0.490052 0
0.9824 -0.0932522 0 0.188652 0.49105 0
0.984236 -0.0883369 0 0.178441 0.491993 0
0.985969 -0.0834125 0 0.168253 0.492881 0
0.987601 -0.0784795 0 0.158086 0.493715 0
0.989131 -0.0735384 0 0.14794 0.494495 0
0.99056 -0.0685897 0 0.137812 0.495223 0
0.991887 -0.0636341 0 0.127702 0.495897 0
0.993114 -0.058672 0 0.117608 0.496519 0
0.994239 -0.0537039 0 0.107529 0.497089 0
0.995264 -0.0487304 0 0.0974633 0.497607 0
0.996189 -0.0437519 0 0.08741 0.498074 0
0.997013 -0.038769 0 0.0773677 0.49849 0
0.997736 -0.0337823 0 0.0673351 0.498855 0
0.998359 -0.0287921 0 0.0573109 0.499169 0
0.998882 -0.0237991 0 0.0472939 0.499433 0
0.999305 -0.0188036 0 0.0372828 0.499646 0
0.999628 -0.0138063 0 0.0272763 0.499809 0
0.999851 -0.00880761 0 0.0172732 0.499922 0
0.999974 -0.00380803 0 0.00727223 0.499986 0
0.999996 0.00119193 0 -0.00272785 0.499999 0
0.999919 0.00619178 0 -0.0127283 0.499962 0
0.999742 0.011191 0 -0.0227304 0.499875 0
0.999464 0.0161891 0 -0.0327353 0.499738 0
0.999087 0.0211856 0 -0.0427443 0.499551 0
0.998609 0.02618 0 -0.0527588 0.499313 0
0.998032 0.0311717 0 -0.0627798 0.499025 0
0.997354 0.0361603 0 -0.0728088 0.498687 0
0.996576 0.0411453 0 -0.082847 0.498298 0
0.995697 0.0461261 0 -0.0928956 0.497857 0
0.994718 0.0511022 0 -0.102956 0.497366 0
0.993638 0.0560732 0 -0.113029 0.496823 0
0.992457 0.0610385 0 -0.123117 0.496228 0
0.991175 0.0659976 0 -0.13322 0.495581 0
0.989793 0.07095 0 -0.14334 0.494881 0
0.988308 0.0758951 0 -0.153479 0.494129 0
0.986723 0.0808324 0 -0.163637 0.493323 0
0.985036 0.0857613 0 -0.173816 0.492463 0
0.983246 0.0906814 0 -0.184018 0.491548 0
0.981355 0.0955921 0 -0.194243 0.490579 0
0.979362 0.100493 0 -0.204493 0.489554 0
0.977265 0.105383 0 -0.21477 0.488472 0
0.975066 0.110262 0 -0.225075 0.487334 0
0.972764 0.11513 0 -0.235409 0.486138 0
0.970358 0.119985 0 -0.245775 0.484884 0
0.967848 0.124827 0 -0.256172 0.48357 0
0.965234 0.129656 0 -0.266604 0.482197 0
0.962516 0.134471 0 -0.277071 0.480763 0
0.959693 0.139271 0 -0.287576 0.479267 0
0.956764 0.144056 0 -0.298119 0.477708 0
0.95373 0.148825 0 -0.308702 0.476086 0
0.95059 0.153577 0 -0.319328 0.474398 0
0.947343 0.158313 0 -0.329997 0.472645 0
0.94399 0.16303 0 -0.340712 0.470825 0
0.940529 0.167729 0 -0.351473 0.468936 0
0.93696 0.172409 0 -0.362284 0.466977 0
0.933283 0.177068 0 -0.373146 0.464948 0
0.929497 0.181707 0 -0.38406 0.462845 0
0.925602 0.186325 0 -0.395029 0.460669 0
0.921596 0.19092 0 -0.406055 0.458417 0
0.917481 0.195493 0 -0.417139 0.456088 0
0.913253 0.200042 0 -0.428284 0.45368 0
0.908915 0.204566 0 -0.439492 0.451192 0
0.904463 0.209065 0 -0.450765 0.44862 0
0.899899 0.213538 0 -0.462105 0.445964 0
0.895221 0.217984 0 -0.473514 0.443222 0
0.890429 0.222403 0 -0.484996 0.44039 0
0.885521 0.226792 0 -0.496551 0.437467 0
0.880497 0.231152 0 -0.508184 0.434451 0
0.875357 0.235481 0 -0.519895 0.431338 0
0.870099 0.239778 0 -0.531689 0.428127 0
0.864723 0.244043 0 -0.543567 0.424814 0
0.859228 0.248274 0 -0.555532 0.421397 0
0.853612 0.25247 0 -0.567588 0.417872 0
0.847875 0.256631 0 -0.579737 0.414237 0
0.842017 0.260755 0 -0.591982 0.410488 0
0.836035 0.26484 0 -0.604326 0.406622 0
0.82993 0.268887 0 -0.616773 0.402634 0
0.8237 0.272893 0 -0.629326 0.398521 0
0.817343 0.276857 0 -0.641989 0.394279 0
0.81086 0.280778 0 -0.654764 0.389903 0
0.804248 0.284654 0 -0.667657 0.38539 0
0.797506 0.288485 0 -0.680669 0.380733 0
0.790634 0.292269 0 -0.693807 0.375929 0
0.783629 0.296003 0 -0.707073 0.370971 0
0.776492 0.299688 0 -0.720472 0.365855 0
0.76922 0.30332 0 -0.734008 0.360574 0
0.761811 0.306898 0 -0.747687 0.355122 0
0.754265 0.310422 0 -0.761512 0.349493 0
0.74658 0.313888 0 -0.775489 0.343679 0
0.738755 0.317295 0 -0.789622 0.337672 0
0.730787 0.32064 0 -0.803918 0.331466 0
0.722676 0.323923 0 -0.818382 0.325052 0
0.714419 0.327141 0 -0.833019 0.31842 0
0.706015 0.330291 0 -0.847836 0.311562 0
0.697462 0.333371 0 -0.862839 0.304467 0
0.688758 0.336379 0 -0.878034 0.297125 0
0.679901 0.339313 0 -0.893429 0.289525 0
0.670888 0.342169 0 -0.90903 0.281654 0
0.661719 0.344945 0 -0.924844 0.273499 0
0.652391 0.347638 0 -0.94088 0.265047 0
0.642901 0.350245 0 -0.957146 0.256283 0
0.633247 0.352763 0 -0.97365 0.24719 0
0.623427 0.355188 0 -0.990401 0.237753 0
0.613438 0.357516 0 -1.00741 0.227953 0
0.603278 0.359745 0 -1.02468 0.21777 0
0.592944 0.361871 0 -1.04223 0.207183 0
0.582433 0.363888 0 -1.06006 0.19617 0
0.571741 0.365792 0 -1.0782 0.184706 0
0.560868 0.36758 0 -1.09664 0.172764 0
0.549808 0.369246 0 -1.1154 0.160317 0
0.538559 0.370785 0 -1.13449 0.147332 0
0.527117 0.372191 0 -1.15393 0.133777 0
0.515479 0.373458 0 -1.17374 0.119614 0
0.503641 0.374581 0 -1.19391 0.104804 0
0.491599 0.375552 0 -1.21448 0.0893027 0
0.47935 0.376365 0 -1.23544 0.0730626 0
0.466889 0.377011 0 -1.25683 0.0560315 0
0.454212 0.377482 0 -1.27866 0.0381518 0
0.441314 0.377771 0 -1.30094 0.0193605 0
0.428192 0.377866 0 -1.32369 -0.000412332 0
0.414839 0.377759 0 -1.34692 -0.0212437 0
0.401251 0.377438 0 -1.37067 -0.0432191 0
0.387424 0.376891 0 -1.39494 -0.0664336 0
0.373351 0.376105 0 -1.41974 -0.0909931 0
0.359027 0.375066 0 -1.44511 -0.117016 0
0.344447 0.373759 0 -1.47105 -0.144634 0
0.329604 0.372167 0 -1.49758 -0.173998 0
0.314493 0.370273 0 -1.52471 -0.205275 0
0.299108 0.368055 0 -1.55244 -0.238655 0
0.283442 0.365492 0 -1.58078 -0.274356 0
0.26749 0.362559 0 -1.60973 -0.312622 0
0.251246 0.35923 0 -1.63927 -0.353737 0
0.234703 0.355474 0 -1.66937 -0.398023 0
0.217857 0.351258 0 -1.69998 -0.445855 0
0.200702 0.346544 0 -1.73104 -0.497664 0
0.183235 0.34129 0 -1.76244 -0.553953 0
0.165452 0.335448 0 -1.79403 -0.615307 0
0.147354 0.328965 0 -1.82559 -0.682413 0
0.128942 0.321778 0 -1.85684 -0.756078 0
0.11022 0.313819 0 -1.88734 -0.837251 0
0.0911992 0.305005 0 -1.91651 -0.927052 0
0.0718966 0.295245 0 -1.94355 -1.0268 0
0.0523389 0.284431 0 -1.96731 -1.13806 0
0.0325664 0.27244 0 -1.9862 -1.26263 0
0.0126384 0.259128 0 -1.99796 -1.40258 0
-0.00735897 0.24433 0 -1.99942 -1.56022 0
-0.0273016 0.227857 0 -1.98612 -1.73794 0
-0.0470122 0.209497 0 -1.95179 -1.93793 0
-0.0662397 0.189021 0 -1.88777 -2.16144 0
-0.0846319 0.166193 0 -1.78252 -2.40757 0
-0.101707 0.140811 0 -1.6216 -2.67103 0
-0.116828 0.112757 0 -1.38921 -2.93901 0
-0.129212 0.0820923 0 -1.07281 -3.18802 0
-0.138002 0.0491713 0 -0.671618 -3.38384 0
-0.142429 0.0147153 0 -0.205939 -3.48925 0
-0.142047 -0.0202315 0 0.281538 -3.47986 0
-0.136898 -0.0545076 0 0.739307 -3.358 0
-0.127493 -0.0871102 0 1.12773 -3.15126 0
-0.114629 -0.117378 0 1.4303 -2.89731 0
-0.0991603 -0.14501 0 1.65035 -2.6289 0
-0.0818496 -0.169981 0 1.80142 -2.36769 0
-0.0633073 -0.192426 0 1.89928 -2.12504 0
-0.043993 -0.212558 0 1.95795 -1.90536 0
-0.0242408 -0.23061 0 1.98851 -1.70909 0
-0.0042883 -0.246812 0 1.99917 -1.53475 0
0.0156968 -0.26137 0 1.99588 -1.38011 0
0.0355973 -0.274471 0 1.98287 -1.24277 0
0.055332 -0.286276 0 1.96314 -1.12047 0
0.0748449 -0.296923 0 1.93882 -1.01116 0
0.0940982 -0.306536 0 1.91142 -0.91309 0
0.113067 -0.315217 0 1.88204 -0.824741 0
0.131735 -0.323058 0 1.85143 -0.744827 0
0.150093 -0.330138 0 1.82015 -0.672258 0
0.168137 -0.336525 0 1.7886 -0.606109 0
0.185865 -0.342279 0 1.75707 -0.545593 0
0.203279 -0.347453 0 1.72575 -0.490043 0
0.220381 -0.352094 0 1.69478 -0.438887 0
0.237176 -0.356244 0 1.66427 -0.391635 0
0.253669 -0.359938 0 1.63429 -0.347865 0
0.269864 -0.363211 0 1.60487 -0.307211 0
0.285768 -0.366092 0 1.57604 -0.269359 0
0.301387 -0.368607 0 1.54781 -0.234031 0
0.316726 -0.37078 0 1.52019 -0.200986 0
0.331793 -0.372633 0 1.49318 -0.170013 0
0.346592 -0.374186 0 1.46677 -0.140926 0
0.36113 -0.375457 0 1.44093 -0.113558 0
0.375412 -0.376463 0 1.41567 -0.0877644 0
0.389445 -0.377218 0 1.39097 -0.0634145 0
0.403233 -0.377735 0 1.3668 -0.040392 0
0.416783 -0.378029 0 1.34315 -0.0185929 0
0.430098 -0.378111 0 1.32 0.00207619 0
0.443184 -0.377991 0 1.29734 0.0216994 0
0.456046 -0.37768 0 1.27515 0.0403525 0
0.468689 -0.377187 0 1.2534 0.0581042 0
0.481116 -0.376521 0 1.23209 0.0750168 0
0.493332 -0.375689 0 1.2112 0.0911467 0
0.505341 -0.3747 0 1.19071 0.106546 0
0.517147 -0.373561 0 1.1706 0.121261 0
0.528754 -0.372277 0 1.15087 0.135335 0
0.540166 -0.370856 0 1.13149 0.148807 0
0.551385 -0.369303 0 1.11246 0.161714 0
0.562416 -0.367624 0 1.09375 0.174089 0
0.573261 -0.365823 0 1.07537 0.185962 0
0.583924 -0.363906 0 1.05729 0.197363 0
0.594408 -0.361877 0 1.03951 0.208316 0
0.604716 -0.359741 0 1.02201 0.218846 0
0.614849 -0.357502 0 1.00479 0.228976 0
0.624812 -0.355163 0 0.98783 0.238727 0
0.634607 -0.352728 0 0.971125 0.248117 0
0.644236 -0.350202 0 0.954665 0.257165 0
0.653701 -0.347586 0 0.938442 0.265887 0
0.663005 -0.344885 0 0.922447 0.2743 0
0.672151 -0.342101 0 0.906672 0.282417 0
0.681139 -0.339237 0 0.891109 0.290253 0
0.689973 -0.336297 0 0.875751 0.29782 0
0.698655 -0.333282 0 0.860591 0.30513 0
0.707186 -0.330195 0 0.845623 0.312194 0
0.715568 -0.327039 0 0.830839 0.319024 0
0.723803 -0.323815 0 0.816234 0.325628 0
0.731893 -0.320527 0 0.801801 0.332017 0
0.73984 -0.317176 0 0.787535 0.338199 0
0.747645 -0.313764 0 0.773431 0.344182 0
0.755309 -0.310293 0 0.759482 0.349974 0
0.762835 -0.306765 0 0.745684 0.355582 0
0.770223 -0.303182 0 0.732032 0.361014 0
0.777476 -0.299545 0 0.718521 0.366276 0
0.784594 -0.295857 0 0.705146 0.371374 0
0.791579 -0.292118 0 0.691904 0.376314 0
0.798432 -0.288331 0 0.678789 0.381102 0
0.805155 -0.284496 0 0.665799 0.385742 0
0.811749 -0.280616 0 0.652928 0.390241 0
0.818214 -0.276692 0 0.640174 0.394602 0
0.824553 -0.272725 0 0.627531 0.39883 0
0.830765 -0.268716 0 0.614998 0.40293 0
0.836853 -0.264667 0 0.60257 0.406905 0
0.842817 -0.260578 0 0.590244 0.41076 0
0.848658 -0.256452 0 0.578016 0.414497 0
0.854378 -0.252289 0 0.565885 0.418122 0
0.859976 -0.24809 0 0.553846 0.421636 0
0.865455 -0.243856 0 0.541897 0.425043 0
0.870814 -0.239589 0 0.530034 0.428346 0
0.876056 -0.23529 0 0.518256 0.431548 0
0.88118 -0.230959 0 0.506559 0.434651 0
0.886187 -0.226597 0 0.494941 0.437659 0
0.891079 -0.222206 0 0.483399 0.440574 0
0.895855 -0.217786 0 0.471931 0.443398 0
0.900518 -0.213338 0 0.460535 0.446133 0
0.905066 -0.208863 0 0.449207 0.448782 0
0.909502 -0.204363 0 0.437946 0.451346 0
0.913826 -0.199837 0 0.42675 0.453828 0
0.918037 -0.195286 0 0.415616 0.45623 0
0.922138 -0.190712 0 0.404543 0.458552 0
0.926128 -0.186116 0 0.393528 0.460798 0
0.930009 -0.181497 0 0.382569 0.462969 0
0.93378 -0.176856 0 0.371664 0.465065 0
0.937442 -0.172196 0 0.360812 0.46709 0
0.940996 -0.167515 0 0.35001 0.469043 0
0.944443 -0.162815 0 0.339257 0.470927 0
0.947782 -0.158097 0 0.328551 0.472743 0
0.951014 -0.15336 0 0.31789 0.474492 0
0.95414 -0.148607 0 0.307273 0.476175 0
0.957159 -0.143837 0 0.296697 0.477793 0
0.960074 -0.139051 0 0.286161 0.479348 0
0.962883 -0.13425 0 0.275663 0.48084 0
0.965587 -0.129435 0 0.265203 0.48227 0
0.968187 -0.124605 0 0.254777 0.483639 0
0.970683 -0.119762 0 0.244386 0.484949 0
0.973075 -0.114906 0 0.234026 0.4862 0
0.975363 -0.110038 0 0.223697 0.487392 0
0.977549 -0.105159 0 0.213398 0.488527 0
0.979631 -0.100268 0 0.203126 0.489606 0
0.981611 -0.0953668 0 0.19288 0.490628 0
0.983489 -0.0904556 0 0.182659 0.491594 0
0.985265 -0.0855351 0 0.172462 0.492506 0
0.986938 -0.0806057 0 0.162287 0.493363 0
0.98851 -0.075668 0 0.152132 0.494166 0
0.989981 -0.0707225 0 0.141997 0.494916 0
0.99135 -0.0657698 0 0.13188 0.495613 0
0.992619 -0.0608104 0 0.12178 0.496258 0
0.993786 -0.0558449 0 0.111695 0.49685 0
0.994853 -0.0508736 0 0.101624 0.49739 0
0.995819 -0.0458972 0 0.0915662 0.497879 0
0.996684 -0.0409162 0 0.0815196 0.498317 0
0.997449 -0.0359311 0 0.0714832 0.498704 0
0.998114 -0.0309423 0 0.0614558 0.49904 0
0.998678 -0.0259504 0 0.0514361 0.499325 0
0.999142 -0.020956 0 0.0414227 0.49956 0
0.999507 -0.0159594 0 0.0314145 0.499745 0
0.999771 -0.0109612 0 0.0214102 0.49988 0
0.999935 -0.00596196 0 0.0114085 0.499965 0
0.999999 -0.000962096 0 0.00140824 0.499999 0
0.999963 0.00403786 0 -0.00859191 0.499984 0
0.999827 0.00903741 0 -0.0185932 0.499918 0
0.999591 0.0140361 0 -0.0285968 0.499803 0
0.999255 0.0190333 0 -0.038604 0.499637 0
0.998819 0.0240286 0 -0.0486161 0.499422 0
0.998283 0.0290216 0 -0.0586344 0.499155 0
0.997646 0.0340116 0 -0.06866 0.498839 0
0.99691 0.0389982 0 -0.0786943 0.498472 0
0.996072 0.0439809 0 -0.0887385 0.498053 0
0.995135 0.0489591 0 -0.098794 0.497584 0
0.994097 0.0539324 0 -0.108862 0.497063 0
0.992958 0.0589002 0 -0.118944 0.496491 0
0.991718 0.063862 0 -0.12904 0.495866 0
0.990377 0.0688173 0 -0.139154 0.495189 0
0.988934 0.0737656 0 -0.149285 0.494459 0
0.987391 0.0787063 0 -0.159435 0.493676 0
0.985746 0.083639 0 -0.169605 0.492839 0
0.983999 0.0885629 0 -0.179797 0.491948 0
0.98215 0.0934777 0 -0.190013 0.491003 0
0.980198 0.0983828 0 -0.200253 0.490001 0
0.978145 0.103278 0 -0.210519 0.488944 0
0.975988 0.108162 0 -0.220812 0.48783 0
0.973728 0.113034 0 -0.231135 0.486659 0
0.971365 0.117895 0 -0.241487 0.48543 0
0.968898 0.122742 0 -0.251872 0.484142 0
0.966328 0.127577 0 -0.26229 0.482795 0
0.963652 0.132398 0 -0.272743 0.481387 0
0.960873 0.137205 0 -0.283232 0.479917 0
0.957988 0.141996 0 -0.293759 0.478385 0
0.954997 0.146772 0 -0.304326 0.47679 0
0.951901 0.151532 0 -0.314934 0.475131 0
0.948698 0.156275 0 -0.325586 0.473406 0
0.945389 0.161 0 -0.336282 0.471614 0
0.941973 0.165707 0 -0.347024 0.469754 0
0.938449 0.170395 0 -0.357815 0.467826 0
0.934816 0.175063 0 -0.368656 0.465826 0
0.931075 0.179711 0 -0.379549 0.463755 0
0.927225 0.184338 0 -0.390496 0.461611 0
0.923265 0.188943 0 -0.401498 0.459391 0
0.919195 0.193525 0 -0.412559 0.457095 0
0.915014 0.198084 0 -0.423679 0.454721 0
0.910721 0.20262 0 -0.434861 0.452267 0
0.906316 0.20713 0 -0.446107 0.44973 0
0.901799 0.211614 0 -0.45742 0.44711 0
0.897168 0.216071 0 -0.468801 0.444405 0
0.892422 0.220502 0 -0.480253 0.441611 0
0.887562 0.224903 0 -0.491779 0.438727 0
0.882587 0.229276 0 -0.50338 0.43575 0
0.877495 0.233618 0 -0.515059 0.432678 0
0.872285 0.237929 0 -0.526819 0.429509 0
0.866958 0.242208 0 -0.538663 0.426239 0
0.861512 0.246454 0 -0.550592 0.422867 0
0.855946 0.250665 0 -0.562611 0.419388 0
0.850259 0.254841 0 -0.574722 0.415799 0
0.844451 0.258981 0 -0.586928 0.412099 0
0.83852 0.263083 0 -0.599232 0.408282 0
0.832466 0.267146 0 -0.611637 0.404345 0
0.826287 0.271169 0 -0.624147 0.400285 0
0.819983 0.275151 0 -0.636765 0.396098 0
0.813552 0.279091 0 -0.649495 0.391779 0
0.806992 0.282986 0 -0.662339 0.387323 0
0.800304 0.286837 0 -0.675303 0.382727 0
0.793486 0.29064 0 -0.68839 0.377986 0
0.786536 0.294396 0 -0.701603 0.373093 0
0.779453 0.298102 0 -0.714948 0.368044 0
0.772237 0.301756 0 -0.728429 0.362832 0
0.764884 0.305358 0 -0.742049 0.357452 0
0.757395 0.308905 0 -0.755815 0.351897 0
0.749768 0.312395 0 -0.76973 0.346161 0
0.742 0.315827 0 -0.783799 0.340236 0
0.734091 0.319199 0 -0.798029 0.334114 0
0.726039 0.322509 0 -0.812424 0.327787 0
0.717842 0.325754 0 -0.826991 0.321247 0
0.709499 0.328933 0 -0.841735 0.314484 0
0.701007 0.332043 0 -0.856662 0.307488 0
0.692365 0.335082 0 -0.871778 0.30025 0
0.683571 0.338047 0 -0.887092 0.292759 0
0.674622 0.340936 0 -0.902608 0.285001 0
0.665518 0.343746 0 -0.918336 0.276966 0
0.656255 0.346475 0 -0.934282 0.268638 0
0.646831 0.349118 0 -0.950454 0.260005 0
0.637245 0.351674 0 -0.966861 0.25105 0
0.627493 0.354138 0 -0.983511 0.241758 0
0.617574 0.356508 0 -1.00041 0.23211 0
0.607484 0.358779 0 -1.01758 0.222088 0
0.597221 0.360948 0 -1.03501 0.21167 0
0.586783 0.363011 0 -1.05273 0.200836 0
0.576166 0.364963 0 -1.07074 0.189561 0
0.565367 0.366801 0 -1.08906 0.177819 0
0.554384 0.368518 0 -1.10769 0.165584 0
0.543212 0.370111 0 -1.12665 0.152825 0
0.53185 0.371573 0 -1.14595 0.139509 0
0.520292 0.372899 0 -1.1656 0.1256 0
0.508536 0.374083 0 -1.18562 0.111062 0
0.496578 0.375118 0 -1.20603 0.09585 0
0.484415 0.375997 0 -1.22683 0.0799197 0
0.47204 0.376714 0 -1.24805 0.0632202 0
0.459452 0.377259 0 -1.2697 0.0456964 0
0.446645 0.377625 0 -1.29179 0.0272875 0
0.433615 0.377802 0 -1.31435 0.00792648 0
0.420356 0.37778 0 -1.33739 -0.0124607 0
0.406865 0.377549 0 -1.36092 -0.0339559 0
0.393136 0.377097 0 -1.38498 -0.0566501 0
0.379164 0.376411 0 -1.40957 -0.0806446 0
0.364943 0.375479 0 -1.43471 -0.106052 0
0.350468 0.374285 0 -1.46042 -0.133 0
0.335733 0.372814 0 -1.48671 -0.16163 0
0.320732 0.371047 0 -1.51359 -0.192102 0
0.305459 0.368965 0 -1.54108 -0.224596 0
0.289908 0.366547 0 -1.56918 -0.259319 0
0.274073 0.36377 0 -1.59789 -0.296504 0
0.257949 0.360608 0 -1.62719 -0.336417 0
0.241528 0.357032 0 -1.65707 -0.379364 0
0.224805 0.35301 0 -1.68749 -0.425698 0
0.207776 0.348506 0 -1.71838 -0.475824 0
0.190436 0.343479 0 -1.74966 -0.530217 0
0.172782 0.337885 0 -1.7812 -0.589424 0
0.154812 0.331673 0 -1.81281 -0.654091 0
0.136527 0.324783 0 -1.84424 -0.724971 0
0.117929 0.31715 0 -1.87511 -0.802953 0
0.0990279 0.308697 0 -1.90492 -0.889084 0
0.0798366 0.299337 0 -1.93296 -0.9846 0
0.0603777 0.288969 0 -1.95823 -1.09096 0
0.0406856 0.277477 0 -1.97935 -1.20986 0
0.0208108 0.264724 0 -1.99435 -1.34327 0
0.000827599 0.250556 0 -2.00049 -1.4934 0
-0.0191571 0.234793 0 -1.99387 -1.66265 0
-0.03899 0.217233 0 -1.96904 -1.85333 0
-0.0584529 0.19765 0 -1.91837 -2.0672 0
-0.0772385 0.175811 0 -1.83156 -2.30444 0
-0.0949211 0.151494 0 -1.69527 -2.56189 0
-0.110929 0.124536 0 -1.49391 -2.83023 0
-0.124535 0.0949141 0 -1.21279 -3.0906 0
-0.134897 0.0628492 0 -0.845127 -3.31278 0
-0.141185 0.0289092 0 -0.401742 -3.45919 0
-0.142794 -0.00597704 0 0.0830281 -3.49808 0
-0.139555 -0.040663 0 0.558806 -3.42 0
-0.131804 -0.0740505 0 0.978901 -3.24355 0
-0.12025 -0.105327 0 1.31704 -3.00442 0
-0.105747 -0.134052 0 1.5695 -2.73866 0
-0.0891083 -0.160101 0 1.74682 -2.47264 0
-0.0710074 -0.183555 0 1.86457 -2.22158 0
-0.0519637 -0.204605 0 1.93774 -1.99232 0
-0.0323587 -0.22348 0 1.97865 -1.78661 0
-0.0124661 -0.240412 0 1.99661 -1.60358 0
0.00752056 -0.255619 0 1.99844 -1.44119 0
0.0274656 -0.269296 0 1.98898 -1.29708 0
0.0472745 -0.281613 0 1.97171 -1.1689 0
0.0668821 -0.29272 0 1.94906 -1.05452 0
0.0862438 -0.302743 0 1.92278 -0.952057 0
0.10533 -0.311795 0 1.89411 -0.859907 0
0.124121 -0.319971 0 1.86393 -0.776691 0
0.142606 -0.327354 0 1.83288 -0.701243 0
0.160777 -0.334018 0 1.80141 -0.632574 0
0.178634 -0.340025 0 1.76985 -0.569844 0
0.196175 -0.345432 0 1.73843 -0.512339 0
0.213403 -0.350287 0 1.70731 -0.459451 0
0.230322 -0.354635 0 1.67661 -0.410657 0
0.246937 -0.358512 0 1.64641 -0.365511 0
0.263252 -0.361955 0 1.61676 -0.323623 0
0.279274 -0.364995 0 1.58769 -0.28466 0
0.295008 -0.367657 0 1.55922 -0.24833 0
0.31046 -0.369969 0 1.53136 -0.214378 0
0.325637 -0.371952 0 1.50411 -0.182581 0
0.340545 -0.373627 0 1.47745 -0.152742 0
0.355188 -0.375013 0 1.45139 -0.124689 0
0.369574 -0.376126 0 1.4259 -0.0982671 0
0.383708 -0.376983 0 1.40097 -0.0733402 0
0.397595 -0.377598 0 1.37658 -0.0497867 0
0.411241 -0.377983 0 1.35273 -0.0274978 0
0.424652 -0.378151 0 1.32938 -0.00637576 0
0.437831 -0.378114 0 1.30653 0.013667 0
0.450784 -0.377881 0 1.28415 0.0327097 0
0.463515 -0.377463 0 1.26222 0.0508237 0
0.47603 -0.376868 0 1.24074 0.0680739 0
0.488331 -0.376104 0 1.21968 0.084519 0
0.500425 -0.37518 0 1.19903 0.100213 0
0.512313 -0.374102 0 1.17877 0.115203 0
0.524001 -0.372878 0 1.15889 0.129536 0
0.535492 -0.371513 0 1.13937 0.143252 0
0.54679 -0.370015 0 1.1202 0.156387 0
0.557897 -0.368388 0 1.10136 0.168977 0
0.568818 -0.366637 0 1.08285 0.181054 0
0.579555 -0.364768 0 1.06465 0.192646 0
0.590112 -0.362786 0 1.04675 0.203781 0
0.600491 -0.360694 0 1.02914 0.214483 0
