This is TeX, Version 3.14159 (Web2C 7.3.1) (format=latex 2001.8.23)  12 APR 2002 13:26
**old_v2
(old_v2.tex
LaTeX2e <1999/12/01> patch level 1
Babel <v3.6Z> and hyphenation patterns for american, french, german, ngerman, i
talian, portuges, russian, spanish, nohyphenation, loaded.
(/usr/share/texmf/tex/latex/base/book.cls
Document Class: book 1999/09/10 v1.4a Standard LaTeX document class
(/usr/share/texmf/tex/latex/base/bk10.clo
File: bk10.clo 1999/09/10 v1.4a Standard LaTeX file (size option)
)
\c@part=\count79
\c@chapter=\count80
\c@section=\count81
\c@subsection=\count82
\c@subsubsection=\count83
\c@paragraph=\count84
\c@subparagraph=\count85
\c@figure=\count86
\c@table=\count87
\abovecaptionskip=\skip41
\belowcaptionskip=\skip42
\bibindent=\dimen102
) (pream.tex
(/usr/share/texmf/tex/latex/tools/verbatim.sty
Package: verbatim 2000/01/07 v1.5m LaTeX2e package for verbatim enhancements
\every@verbatim=\toks14
\verbatim@line=\toks15
\verbatim@in@stream=\read1
)
(/usr/share/texmf/tex/plain/dvips/epsf.tex
This is `epsf.tex' v2.7k <10 July 1997>
\epsffilein=\read2
\epsfframemargin=\dimen103
\epsfframethickness=\dimen104
\epsfrsize=\dimen105
\epsftmp=\dimen106
\epsftsize=\dimen107
\epsfxsize=\dimen108
\epsfysize=\dimen109
\pspoints=\dimen110
\epsfnoopenhelp=\toks16
)) (old_v2.aux (pref.aux) (old_ch1.aux) (old_ch2.aux) (old_ch3.aux)
(old_ch4.aux) (old_ch5.aux) (old_ch6.aux) (old_ch7.aux) (old_ch8.aux)
(old_ch9.aux) (old_ch10.aux) (old_ch11.aux) (old_ch12.aux))
\openout1 = `old_v2.aux'.

LaTeX Font Info:    Checking defaults for OML/cmm/m/it on input line 5.
LaTeX Font Info:    ... okay on input line 5.
LaTeX Font Info:    Checking defaults for T1/cmr/m/n on input line 5.
LaTeX Font Info:    ... okay on input line 5.
LaTeX Font Info:    Checking defaults for OT1/cmr/m/n on input line 5.
LaTeX Font Info:    ... okay on input line 5.
LaTeX Font Info:    Checking defaults for OMS/cmsy/m/n on input line 5.
LaTeX Font Info:    ... okay on input line 5.
LaTeX Font Info:    Checking defaults for OMX/cmex/m/n on input line 5.
LaTeX Font Info:    ... okay on input line 5.
LaTeX Font Info:    Checking defaults for U/cmr/m/n on input line 5.
LaTeX Font Info:    ... okay on input line 5.
 (def.tex)
(title.tex
Overfull \hbox (101.63951pt too wide) in paragraph at lines 7--2
[][][]\OT1/cmtt/m/n/10 Time-stamp: <2002-04-12 13:25:12 piet>
 []


Underfull \hbox (badness 10000) in paragraph at lines 7--2

 []

) [1


]
\openout2 = `pref.aux'.

 (pref.tex [2

] [1] [2

] (old_v2.toc [3])
\tf@toc=\write3
\openout3 = `old_v2.toc'.

 [4] (old_v2.lof)
\tf@lof=\write4
\openout4 = `old_v2.lof'.

) [5

] [6


]
\openout2 = `old_ch1.aux'.


(old_ch1.tex
Chapter 1.
) [1


] [2


] [3] [4]
\openout2 = `old_ch2.aux'.

 (old_ch2.tex
Chapter 2.
) [5


]
\openout2 = `old_ch3.aux'.

 (old_ch3.tex [6



]
Chapter 3.
) [7]
\openout2 = `old_ch4.aux'.

 (old_ch4.tex
Overfull \hbox (80.2088pt too wide) has occurred while \output is active
\lr 8 \OT1/cmr/m/sl/10 CHAPTER 3.  SETTING UP AND ANALYZING GRAVITATIONAL SCATT
ERING EXPERIMENTS
 []

[8



]
Chapter 4.
) [9] [10


] [11] [12]
\openout2 = `old_ch5.aux'.

 (old_ch5.tex
Chapter 5.
) [13


]
\openout2 = `old_ch6.aux'.

 (old_ch6.tex [14



]
Chapter 6.
) [15] [16


] [17] [18]
\openout2 = `old_ch7.aux'.

 (old_ch7.tex
Chapter 7.
) [19


]
\openout2 = `old_ch8.aux'.

 (old_ch8.tex [20



]
Chapter 8.
) [21]
\openout2 = `old_ch9.aux'.

 (old_ch9.tex [22



]
Chapter 9.
) [23] [24


] [25] [26]
\openout2 = `old_ch10.aux'.

 (old_ch10.tex
Chapter 10.
) [27


]
\openout2 = `old_ch11.aux'.

 (old_ch11.tex [28



]
Chapter 11.
) [29]
\openout2 = `old_ch12.aux'.

 (old_ch12.tex [30



]
Chapter 12.
) [31] [32


] (old_v2.aux (pref.aux) (old_ch1.aux) (old_ch2.aux) (old_ch3.aux)
(old_ch4.aux) (old_ch5.aux) (old_ch6.aux) (old_ch7.aux) (old_ch8.aux)
(old_ch9.aux) (old_ch10.aux) (old_ch11.aux) (old_ch12.aux)) ) 
Here is how much of TeX's memory you used:
 463 strings out of 20863
 4552 string characters out of 195485
 50845 words of memory out of 350001
 3414 multiletter control sequences out of 10000+15000
 8464 words of font info for 30 fonts, out of 400000 for 1000
 26 hyphenation exceptions out of 10000
 25i,4n,17p,197b,202s stack positions out of 3000i,100n,1500p,50000b,4000s

Output written on old_v2.dvi (40 pages, 7488 bytes).
