




               N  NFIX  NCRIT  NRAND  NNBMAX  NRUN

            2048     1     10     27      97     8


            ETAI      ETAR      RS0       DTADJ     DELTAT    TCRIT     QE        RBAR      ZMBAR

            2.0E-02   4.0E-02   4.0E-01   1.0E+00   1.0E+00   2.2E+03   5.0E-02   1.0E+00   1.0E+00


            OPTIONS

           1  2  3  4  5  6  7  8  9 10 11 12 13 14 15 16 17 18 19 20 21 22 23 24 25 26 27 28 29 30 31 32 33 34 35 36 37 38 39 40

           1  1  0  0  1  0  2  1  0  0  0  0  0  0  1  1  0  0  0  0  0  0  1  0  0  1  0  0  0  1  0  0  0  0  0  0  0  0  0  1


            DTMIN     RMIN      ETAU      ECLOSE    GMIN      GMAX

            5.0E-06   1.0E-04   1.0E-01   1.0E+00   1.0E-06   1.0E-02


            SCALING:   SX =  0.99  E = -2.52E-01  M(1) = 4.88E-04  M(N) = 4.88E-04  <M> = 4.88E-04

            TIME SCALES:   TRH = 5.2E+01  TCR = 2.8E+00  2<R>/<V> = 2.8E+00


            PHYSICAL SCALING:    R* = 1.00  M* =  2048.0  V* = 2.967  T* = 0.330  <M> = 1.00  SU = 4.4E+07


            BINARIES:   NBIN =1024  A = 0.000523  E = -1.00  RATIO = 1.0  RANGE = 133.0  NSKIP =  0  IDORM = 0  ICIRC = 0


   LAGR:   -0.859 -0.727 -0.601 -0.555 -0.515 -0.423 -0.356 -0.103  0.113  0.216

   LAGR_BIN:   -0.808 -0.721 -0.618 -0.556 -0.523 -0.437 -0.369 -0.105  0.112  0.216

   LAGR_sing:   -1.023 -0.763 -0.586 -0.551 -0.504 -0.410 -0.343 -0.102  0.114  0.210
 844 602

JMAXS & CTS           29         844   -1.534008    1.066845

EbinS =    -1.421234   -1.265248   -1.178492   -1.098660   -1.038693   -0.992228   -0.942678   -0.893026   -0.843552   -0.793994   -0.744446   -0.698590   -0.654926   -0.615103   -0.578837   -0.535786   -0.492450   -0.453140   -0.414448   -0.367783   -0.319607   -0.278178

NES =     0.064946    0.169493    0.168202    0.201837    0.309312    0.321429    0.273665    0.319997    0.275492    0.318842    0.275589    0.379885    0.300372    0.474408    0.351655    0.329578    0.346913    0.402483    0.357379    0.279863    0.332833    0.377079

DFS =     0.062990    0.048408    0.027891    0.021444    0.024163    0.019838    0.013210    0.012203    0.008245    0.007484    0.005086    0.005575    0.003517    0.004508    0.002773    0.002040    0.001685    0.001541    0.001056    0.000592    0.000494    0.000391

JMAXB & CTB           25         602   -1.477463   -0.108152

EbinB =    -1.396924   -1.277184   -1.203976   -1.135366   -1.070713   -1.018908   -0.978377   -0.936742   -0.897504   -0.859951   -0.820134   -0.779778   -0.740222   -0.697917   -0.649924   -0.596878   -0.551165   -0.521293   -0.490478   -0.450133   -0.401256   -0.356232

NEB =     0.151568    0.311383    0.358971    0.352759    0.406243    0.561081    0.650196    0.533967    0.745390    0.576461    0.654843    0.562141    0.684221    0.498977    0.518812    0.413557    0.753707    0.892591    0.712213    0.526049    0.475499    0.630797

DFB =     0.118400    0.096520    0.069619    0.045989    0.037443    0.039714    0.037530    0.025134    0.029125    0.018704    0.017502    0.012348    0.012339    0.007286    0.005922    0.003578    0.005067    0.005053    0.003367    0.001942    0.001278    0.001225

   PHI0 =     1.674938   -1.534008    1.066845      39      38

Ebin =    -1.441783   -1.306639   -1.245715   -1.195531   -1.137417   -1.090348   -1.051259   -1.016616   -0.986529   -0.958422   -0.926280   -0.893990   -0.865958   -0.834875   -0.804214   -0.773863   -0.742737   -0.711359   -0.678981   -0.647498   -0.615933   -0.588573   -0.560181   -0.531754   -0.508207   -0.483700   -0.455719   -0.425868   -0.394542   -0.361522   -0.326901   -0.290616   -0.246760   -0.197058   -0.131578   -0.042283    0.070283    0.517493    0.983811

NE =     0.142336    0.305848    0.729103    0.407921    0.506159    0.621088    0.731180    0.786496    0.979883    0.892328    0.753068    0.883426    0.996494    0.732952    1.029442    0.745866    0.970432    0.735337    0.903647    0.774171    0.898579    1.029356    0.839357    1.026523    1.220073    0.954831    0.922253    0.840509    0.835706    0.758205    0.758439    0.691724    0.527633    0.528797    0.322879    0.269880    0.205346    0.034248    0.008321

DF =     0.166341    0.115695    0.181929    0.074571    0.066258    0.063005    0.060613    0.054770    0.058609    0.046417    0.033465    0.033631    0.033072    0.020928    0.025294    0.015812    0.017638    0.011423    0.011922    0.008677    0.008541    0.008450    0.005893    0.006147    0.006409    0.004319    0.003507    0.002637    0.002128    0.001516    0.001155    0.000777    0.000388    0.000220    0.000073    0.000044    0.000027    0.000003    0.000001

 ADJUST:  TIME =      0.00  Q = 0.34  DE =  0.00E+00  E = -6.937015  RMIN = 8.4E-04  DTMIN = 4.4E-05  ECLOSE = 1.00  TC =    0  DELTA =  0.0E+00
