0.99995 0.00500992 0 -0.0100202 0.499975 0
0.9998 0.0100093 0 -0.0200217 0.4999 0
0.99955 0.0150077 0 -0.0300256 0.499775 0
0.9992 0.0199997 0 -0.0400233 0.4996 0
0.998749 0.0249946 0 -0.0500361 0.499374 0
0.998199 0.029987 0 -0.060055 0.499098 0
0.997548 0.0349764 0 -0.0700816 0.498772 0
0.996797 0.0399623 0 -0.0801169 0.498395 0
0.995945 0.0449491 0 -0.0901723 0.497966 0
0.994993 0.0499264 0 -0.100229 0.497487 0
0.993941 0.0548987 0 -0.110298 0.496957 0
0.992787 0.0598654 0 -0.120382 0.496374 0
0.991533 0.064826 0 -0.13048 0.49574 0
0.990178 0.06978 0 -0.140596 0.495052 0
0.988723 0.0747219 0 -0.150718 0.494313 0
0.987165 0.0796611 0 -0.160871 0.49352 0
0.985505 0.0845921 0 -0.171043 0.492673 0
0.983744 0.0895144 0 -0.181238 0.491772 0
0.981881 0.0944274 0 -0.191456 0.490816 0
0.979915 0.0993306 0 -0.201699 0.489804 0
0.977847 0.104223 0 -0.211968 0.488736 0
0.975676 0.109105 0 -0.222265 0.487612 0
0.973401 0.113975 0 -0.23259 0.48643 0
0.971024 0.118834 0 -0.242946 0.48519 0
0.968542 0.123679 0 -0.253334 0.483891 0
0.965957 0.128511 0 -0.263756 0.482533 0
0.963267 0.133329 0 -0.274213 0.481113 0
0.960473 0.138133 0 -0.284706 0.479633 0
0.957573 0.142922 0 -0.295237 0.478089 0
0.954568 0.147695 0 -0.305809 0.476483 0
0.951457 0.152451 0 -0.316422 0.474811 0
0.94824 0.157191 0 -0.327078 0.473075 0
0.944915 0.161913 0 -0.337779 0.471271 0
0.941484 0.166616 0 -0.348527 0.469399 0
0.937945 0.1713 0 -0.359323 0.467458 0
0.934297 0.175965 0 -0.37017 0.465446 0
0.930541 0.180609 0 -0.381068 0.463362 0
0.926676 0.185232 0 -0.392021 0.461205 0
0.922701 0.189833 0 -0.40303 0.458972 0
0.918615 0.194411 0 -0.414097 0.456662 0
0.914419 0.198966 0 -0.425224 0.454275 0
0.910111 0.203496 0 -0.436413 0.451806 0
0.90569 0.208002 0 -0.447666 0.449256 0
0.901157 0.212481 0 -0.458986 0.446622 0
0.896511 0.216934 0 -0.470375 0.443901 0
0.89175 0.221359 0 -0.481835 0.441092 0
0.886874 0.225756 0 -0.493369 0.438193 0
0.881882 0.230123 0 -0.504978 0.435201 0
0.876774 0.234459 0 -0.516666 0.432113 0
0.871549 0.238765 0 -0.528435 0.428927 0
0.866205 0.243038 0 -0.540288 0.425641 0
0.860743 0.247277 0 -0.552228 0.422251 0
0.85516 0.251482 0 -0.564257 0.418755 0
0.849457 0.255652 0 -0.576378 0.415148 0
0.843633 0.259785 0 -0.588594 0.411429 0
0.837685 0.26388 0 -0.600909 0.407594 0
0.831614 0.267936 0 -0.613326 0.403638 0
0.825412 0.271957 0 -0.62586 0.399554 0
0.819091 0.275931 0 -0.63849 0.395346 0
0.812642 0.279863 0 -0.651232 0.391006 0
0.806066 0.283751 0 -0.66409 0.386529 0
0.79936 0.287593 0 -0.677067 0.38191 0
0.792524 0.291389 0 -0.690168 0.377145 0
0.785557 0.295136 0 -0.703396 0.372229 0
0.778456 0.298833 0 -0.716755 0.367155 0
0.771221 0.302478 0 -0.730251 0.361918 0
0.763851 0.306071 0 -0.743888 0.356512 0
0.756343 0.309608 0 -0.757669 0.35093 0
0.748697 0.313089 0 -0.771601 0.345166 0
0.740911 0.316511 0 -0.785689 0.339212 0
0.732983 0.319872 0 -0.799936 0.33306 0
0.724911 0.323171 0 -0.81435 0.326702 0
0.716695 0.326406 0 -0.828936 0.320129 0
0.708332 0.329573 0 -0.8437 0.313333 0
0.699821 0.332672 0 -0.858648 0.306303 0
0.691159 0.335698 0 -0.873786 0.299029 0
0.682345 0.338651 0 -0.889121 0.291499 0
0.673376 0.341528 0 -0.904661 0.283702 0
0.664251 0.344325 0 -0.920412 0.275626 0
0.654967 0.347039 0 -0.936383 0.267256 0
0.645523 0.349669 0 -0.952581 0.258578 0
0.635915 0.35221 0 -0.969014 0.249576 0
0.626142 0.354659 0 -0.985692 0.240235 0
0.6162 0.357013 0 -1.00262 0.230536 0
0.606088 0.359269 0 -1.01982 0.220459 0
0.595803 0.361421 0 -1.03728 0.209985 0
0.585342 0.363467 0 -1.05503 0.199091 0
0.574702 0.365402 0 -1.07308 0.187753 0
0.56388 0.367221 0 -1.09143 0.175946 0
0.552872 0.368919 0 -1.11009 0.163641 0
0.541677 0.370492 0 -1.12909 0.150807 0
0.53029 0.371934 0 -1.14843 0.137413 0
0.518707 0.373238 0 -1.16812 0.123422 0
0.506926 0.3744 0 -1.18818 0.108795 0
0.494943 0.375412 0 -1.20863 0.0934896 0
0.482752 0.376268 0 -1.22948 0.0774594 0
0.470352 0.376959 0 -1.25075 0.0606535 0
0.457736 0.377478 0 -1.27244 0.0430157 0
0.444902 0.377816 0 -1.29458 0.0244848 0
0.431843 0.377965 0 -1.31719 0.00499279 0
0.418556 0.377913 0 -1.34029 -0.0155352 0
0.405036 0.377651 0 -1.36388 -0.0371821 0
0.391277 0.377166 0 -1.38799 -0.0600401 0
0.377275 0.376446 0 -1.41264 -0.0842119 0
0.363023 0.375477 0 -1.43784 -0.109812 0
0.348516 0.374244 0 -1.46361 -0.136969 0
0.333749 0.372732 0 -1.48996 -0.165827 0
0.318716 0.370922 0 -1.51691 -0.196548 0
0.303409 0.368795 0 -1.54446 -0.229317 0
0.287825 0.366329 0 -1.57262 -0.264341 0
0.271955 0.3635 0 -1.60139 -0.301858 0
0.255795 0.360283 0 -1.63075 -0.342139 0
0.239338 0.356647 0 -1.66068 -0.385495 0
0.22258 0.352562 0 -1.69114 -0.432284 0
0.205514 0.347989 0 -1.72207 -0.482922 0
0.188138 0.342889 0 -1.75337 -0.537888 0
0.170446 0.337216 0 -1.78491 -0.597744 0
0.152439 0.330917 0 -1.81649 -0.663144 0
0.134118 0.323933 0 -1.84784 -0.73486 0
0.115485 0.316196 0 -1.87859 -0.813797 0
0.0965499 0.30763 0 -1.90819 -0.901023 0
0.0773276 0.298145 0 -1.93591 -0.997799 0
0.0578417 0.287638 0 -1.96071 -1.10561 0
0.0381281 0.275991 0 -1.98115 -1.22619 0
0.0182401 0.263066 0 -1.99518 -1.36153 0
-0.00174457 0.248705 0 -1.99993 -1.51388 0
-0.0217141 0.232726 0 -1.99133 -1.68563 0
-0.0415082 0.214922 0 -1.96371 -1.87906 0
-0.0608992 0.195069 0 -1.90914 -2.09579 0
-0.0795486 0.172954 0 -1.81707 -2.33546 0
-0.097052 0.148318 0 -1.67364 -2.59479 0
-0.1128 0.12103 0 -1.46324 -2.86326 0
-0.126048 0.0910906 0 -1.1717 -3.12066 0
-0.135947 0.0587599 0 -0.793859 -3.33548 0
-0.141684 0.024651 0 -0.343302 -3.47005 0
-0.142697 -0.0102706 0 0.142972 -3.49454 0
-0.138881 -0.0448501 0 0.613906 -3.403 0
-0.130627 -0.0780153 0 1.0247 -3.21696 0
-0.118672 -0.108998 0 1.35203 -2.97296 0
-0.103873 -0.137402 0 1.59449 -2.70618 0
-0.0870288 -0.163133 0 1.76364 -2.44156 0
-0.0687937 -0.186291 0 1.87519 -2.1931 0
-0.0496685 -0.207072 0 1.94386 -1.96684 0
-0.03002 -0.225708 0 1.98156 -1.76411 0
-0.0101106 -0.242431 0 1.99728 -1.58383 0
0.0098743 -0.257455 0 1.99756 -1.4239 0
0.0298048 -0.270971 0 1.98704 -1.28194 0
0.0495905 -0.283147 0 1.96906 -1.15563 0
0.0691692 -0.294129 0 1.94595 -1.04286 0
0.0884983 -0.304044 0 1.91938 -0.941795 0
0.107549 -0.313 0 1.89054 -0.850857 0
0.126305 -0.321091 0 1.86028 -0.768694 0
0.144753 -0.3284 0 1.82922 -0.694166 0
0.162888 -0.334998 0 1.79778 -0.626302 0
0.180708 -0.340946 0 1.76628 -0.564281 0
0.198214 -0.346301 0 1.73494 -0.507403 0
0.215409 -0.35111 0 1.70392 -0.455071 0
0.232295 -0.355416 0 1.67333 -0.406773 0
0.248877 -0.359258 0 1.64324 -0.362069 0
0.265162 -0.362669 0 1.61371 -0.320579 0
0.281154 -0.365679 0 1.58477 -0.281974 0
0.296859 -0.368317 0 1.55642 -0.245968 0
0.312284 -0.370607 0 1.52868 -0.21231 0
0.327435 -0.372571 0 1.50155 -0.18078 0
0.342318 -0.374229 0 1.47501 -0.151185 0
0.356938 -0.375601 0 1.44907 -0.123354 0
0.371301 -0.376702 0 1.42369 -0.0971363 0
0.385414 -0.377549 0 1.39888 -0.0723972 0
0.399281 -0.378155 0 1.3746 -0.0490166 0
0.412908 -0.378533 0 1.35086 -0.0268873 0
0.4263 -0.378697 0 1.32761 -0.00591302 0
0.439462 -0.378655 0 1.30486 0.0139929 0
0.452399 -0.37842 0 1.28258 0.0329084 0
0.465115 -0.378001 0 1.26076 0.0509042 0
0.477615 -0.377405 0 1.23937 0.0680442 0
0.489904 -0.376642 0 1.2184 0.0843865 0
0.501985 -0.37572 0 1.19784 0.099984 0
0.513862 -0.374645 0 1.17767 0.114885 0
0.52554 -0.373425 0 1.15787 0.129133 0
0.537021 -0.372065 0 1.13844 0.14277 0
0.54831 -0.370571 0 1.11935 0.155831 0
0.55941 -0.36895 0 1.1006 0.168352 0
0.570323 -0.367206 0 1.08217 0.180363 0
0.581054 -0.365345 0 1.06405 0.191893 0
0.591606 -0.36337 0 1.04623 0.202969 0
0.60198 -0.361287 0 1.02869 0.213617 0
0.61218 -0.359099 0 1.01143 0.223857 0
0.62221 -0.356811 0 0.994439 0.233713 0
0.63207 -0.354426 0 0.977704 0.243203 0
0.641765 -0.351948 0 0.961217 0.252347 0
0.651296 -0.34938 0 0.944968 0.26116 0
0.660665 -0.346726 0 0.92895 0.26966 0
0.669875 -0.343988 0 0.913154 0.27786 0
0.678929 -0.34117 0 0.897572 0.285776 0
0.687828 -0.338274 0 0.882198 0.293419 0
0.696574 -0.335302 0 0.867023 0.300803 0
0.705169 -0.332259 0 0.852042 0.307938 0
0.713615 -0.329145 0 0.837247 0.314835 0
0.721915 -0.325963 0 0.822633 0.321505 0
0.730069 -0.322715 0 0.808193 0.327956 0
0.738079 -0.319404 0 0.793921 0.334199 0
0.745948 -0.316032 0 0.779811 0.34024 0
0.753676 -0.3126 0 0.76586 0.346089 0
0.761266 -0.309111 0 0.75206 0.351752 0
0.768718 -0.305566 0 0.738408 0.357237 0
0.776034 -0.301967 0 0.724899 0.362551 0
0.783217 -0.298315 0 0.711527 0.367699 0
0.790266 -0.294613 0 0.698289 0.372688 0
0.797183 -0.290862 0 0.68518 0.377523 0
0.80397 -0.287063 0 0.672196 0.382209 0
0.810627 -0.283219 0 0.659333 0.386753 0
0.817157 -0.279329 0 0.646588 0.391158 0
0.82356 -0.275396 0 0.633956 0.395429 0
0.829836 -0.271421 0 0.621433 0.39957 0
0.835989 -0.267405 0 0.609018 0.403586 0
0.842017 -0.263349 0 0.596705 0.407481 0
0.847923 -0.259256 0 0.584493 0.411258 0
0.853708 -0.255125 0 0.572377 0.41492 0
0.859371 -0.250958 0 0.560354 0.418472 0
0.864915 -0.246756 0 0.548423 0.421916 0
0.87034 -0.24252 0 0.536579 0.425256 0
0.875647 -0.238251 0 0.52482 0.428494 0
0.880837 -0.23395 0 0.513144 0.431633 0
0.88591 -0.229619 0 0.501547 0.434676 0
0.890868 -0.225257 0 0.490028 0.437625 0
0.895711 -0.220866 0 0.478583 0.440483 0
0.90044 -0.216448 0 0.467211 0.443252 0
0.905056 -0.212002 0 0.455909 0.445934 0
0.909559 -0.207529 0 0.444674 0.448532 0
0.91395 -0.203031 0 0.433505 0.451047 0
0.918229 -0.198509 0 0.422399 0.453481 0
0.922398 -0.193962 0 0.411354 0.455836 0
0.926457 -0.189392 0 0.400369 0.458114 0
0.930406 -0.1848 0 0.38944 0.460316 0
0.934246 -0.180186 0 0.378567 0.462444 0
0.937977 -0.175551 0 0.367747 0.4645 0
0.941601 -0.170896 0 0.356978 0.466485 0
0.945117 -0.166222 0 0.346259 0.468401 0
0.948526 -0.161529 0 0.335587 0.470248 0
0.951829 -0.156817 0 0.324961 0.472028 0
0.955026 -0.152088 0 0.31438 0.473742 0
0.958117 -0.147343 0 0.303841 0.475392 0
0.961103 -0.142581 0 0.293343 0.476978 0
0.963984 -0.137803 0 0.282885 0.478501 0
0.966761 -0.133011 0 0.272464 0.479963 0
0.969434 -0.128204 0 0.262079 0.481364 0
0.972003 -0.123384 0 0.251728 0.482705 0
0.974468 -0.11855 0 0.241411 0.483988 0
0.976831 -0.113704 0 0.231125 0.485212 0
0.979091 -0.108846 0 0.220869 0.486379 0
0.981249 -0.103977 0 0.210642 0.487489 0
0.983304 -0.0990968 0 0.200442 0.488544 0
0.985258 -0.0942063 0 0.190268 0.489543 0
0.98711 -0.0893061 0 0.180118 0.490487 0
0.98886 -0.0843968 0 0.169991 0.491377 0
0.99051 -0.0794788 0 0.159886 0.492214 0
0.992058 -0.0745527 0 0.149801 0.492998 0
0.993506 -0.069619 0 0.139735 0.493729 0
0.994853 -0.0646783 0 0.129686 0.494407 0
0.9961 -0.059731 0 0.119654 0.495034 0
0.997246 -0.0547778 0 0.109637 0.49561 0
0.998293 -0.049819 0 0.099634 0.496134 0
0.999239 -0.0448553 0 0.0896432 0.496608 0
1.00009 -0.039887 0 0.0796635 0.497031 0
1.00083 -0.0349148 0 0.0696938 0.497403 0
1.00148 -0.0299391 0 0.0597327 0.497726 0
1.00203 -0.0249605 0 0.0497791 0.497999 0
1.00248 -0.0199793 0 0.0398317 0.498222 0
1.00282 -0.0149962 0 0.0298892 0.498395 0
1.00307 -0.0100116 0 0.0199504 0.498519 0
1.00322 -0.00502596 0 0.0100141 0.498594 0
1.00327 -3.98566e-05 0 7.90363e-05 0.498619 0
1.00322 0.00494625 0 -0.00985601 0.498595 0
1.00308 0.00993187 0 -0.0197923 0.498521 0
1.00283 0.0149165 0 -0.029731 0.498398 0
1.00248 0.0198997 0 -0.0396734 0.498225 0
1.00204 0.0248809 0 -0.0496207 0.498003 0
1.00149 0.0298596 0 -0.0595742 0.497731 0
1.00084 0.0348353 0 -0.0695351 0.497409 0
1.0001 0.0398076 0 -0.0795047 0.497037 0
0.999254 0.0447759 0 -0.0894842 0.496615 0
0.998309 0.0497397 0 -0.0994748 0.496143 0
0.997265 0.0546986 0 -0.109478 0.495619 0
0.99612 0.059652 0 -0.119495 0.495045 0
0.994875 0.0645993 0 -0.129526 0.494418 0
0.993529 0.0695402 0 -0.139575 0.493741 0
0.992083 0.074474 0 -0.14964 0.493011 0
0.990537 0.0794002 0 -0.159725 0.492228 0
0.988889 0.0843183 0 -0.16983 0.491392 0
0.98714 0.0892279 0 -0.179956 0.490503 0
0.98529 0.0941282 0 -0.190106 0.489559 0
0.983338 0.0990189 0 -0.200279 0.488561 0
0.981284 0.103899 0 -0.210479 0.487508 0
0.979128 0.108769 0 -0.220706 0.486398 0
0.97687 0.113627 0 -0.230961 0.485232 0
0.974509 0.118473 0 -0.241246 0.484009 0
0.972045 0.123307 0 -0.251563 0.482728 0
0.969478 0.128128 0 -0.261913 0.481387 0
0.966807 0.132935 0 -0.272297 0.479987 0
0.964032 0.137727 0 -0.282717 0.478526 0
0.961153 0.142505 0 -0.293175 0.477004 0
0.958168 0.147267 0 -0.303672 0.475419 0
0.955079 0.152013 0 -0.31421 0.473771 0
0.951884 0.156742 0 -0.324791 0.472058 0
0.948583 0.161454 0 -0.335416 0.470279 0
0.945176 0.166148 0 -0.346086 0.468433 0
0.941661 0.170823 0 -0.356805 0.466519 0
0.93804 0.175478 0 -0.367573 0.464535 0
0.93431 0.180113 0 -0.378392 0.46248 0
0.930472 0.184727 0 -0.389264 0.460353 0
0.926525 0.18932 0 -0.400192 0.458152 0
0.922468 0.19389 0 -0.411176 0.455875 0
0.918301 0.198437 0 -0.42222 0.453522 0
0.914023 0.20296 0 -0.433324 0.451089 0
0.909634 0.207459 0 -0.444492 0.448575 0
0.905133 0.211932 0 -0.455726 0.445979 0
0.90052 0.216378 0 -0.467027 0.443299 0
0.895793 0.220797 0 -0.478398 0.440531 0
0.890952 0.225188 0 -0.489841 0.437675 0
0.885996 0.22955 0 -0.501359 0.434727 0
0.880924 0.233883 0 -0.512954 0.431686 0
0.875737 0.238184 0 -0.524629 0.428549 0
0.870432 0.242453 0 -0.536386 0.425312 0
0.865009 0.24669 0 -0.548228 0.421975 0
0.859467 0.250892 0 -0.560158 0.418532 0
0.853805 0.25506 0 -0.572179 0.414982 0
0.848023 0.259192 0 -0.584293 0.411322 0
0.842119 0.263286 0 -0.596504 0.407547 0
0.836093 0.267342 0 -0.608814 0.403654 0
0.829943 0.271359 0 -0.621228 0.39964 0
0.823668 0.275335 0 -0.633748 0.395501 0
0.817268 0.279269 0 -0.646378 0.391232 0
0.81074 0.283159 0 -0.659121 0.38683 0
0.804085 0.287005 0 -0.671982 0.382289 0
0.7973 0.290804 0 -0.684963 0.377605 0
0.790385 0.294556 0 -0.69807 0.372773 0
0.783339 0.298259 0 -0.711306 0.367787 0
0.776159 0.301912 0 -0.724675 0.362641 0
0.768845 0.305512 0 -0.738182 0.357331 0
0.761395 0.309058 0 -0.751831 0.351849 0
0.753808 0.312548 0 -0.765628 0.346189 0
0.746082 0.315981 0 -0.779576 0.340344 0
0.738216 0.319354 0 -0.793682 0.334305 0
0.730208 0.322667 0 -0.807951 0.328067 0
0.722056 0.325915 0 -0.822388 0.321619 0
0.71376 0.329098 0 -0.836999 0.314953 0
0.705316 0.332214 0 -0.85179 0.30806 0
0.696723 0.335259 0 -0.866768 0.300929 0
0.68798 0.338231 0 -0.881939 0.29355 0
0.679084 0.341129 0 -0.897309 0.285912 0
0.670033 0.343949 0 -0.912886 0.278001 0
0.660826 0.346688 0 -0.928678 0.269806 0
0.651459 0.349344 0 -0.944692 0.261312 0
0.641931 0.351913 0 -0.960936 0.252504 0
0.63224 0.354393 0 -0.977419 0.243367 0
0.622382 0.35678 0 -0.994149 0.233883 0
0.612356 0.35907 0 -1.01114 0.224034 0
0.602159 0.361259 0 -1.02839 0.213801 0
0.591788 0.363344 0 -1.04592 0.203161 0
0.58124 0.365321 0 -1.06374 0.192093 0
0.570512 0.367185 0 -1.08185 0.180571 0
0.559602 0.368931 0 -1.10028 0.16857 0
0.548506 0.370555 0 -1.11902 0.156059 0
0.537221 0.372051 0 -1.1381 0.143008 0
0.525743 0.373413 0 -1.15753 0.129382 0
0.514069 0.374636 0 -1.17732 0.115145 0
0.502195 0.375714 0 -1.19748 0.100257 0
0.490118 0.376639 0 -1.21803 0.0846728 0
0.477834 0.377405 0 -1.23899 0.0683448 0
0.465337 0.378004 0 -1.26037 0.0512203 0
0.452625 0.378427 0 -1.28219 0.0332411 0
0.439692 0.378666 0 -1.30446 0.0143435 0
0.426534 0.378711 0 -1.3272 -0.00554298 0
0.413147 0.378551 0 -1.35043 -0.0264963 0
0.399524 0.378177 0 -1.37417 -0.0486028 0
0.385662 0.377575 0 -1.39843 -0.0719586 0
0.371554 0.376734 0 -1.42323 -0.0966707 0
0.357196 0.375637 0 -1.4486 -0.122859 0
0.342581 0.374271 0 -1.47453 -0.150657 0
0.327703 0.372619 0 -1.50105 -0.180217 0
0.312558 0.370661 0 -1.52817 -0.211707 0
0.297138 0.368378 0 -1.5559 -0.245322 0
0.281438 0.365747 0 -1.58423 -0.281281 0
0.265452 0.362744 0 -1.61316 -0.319832 0
0.249173 0.359341 0 -1.64268 -0.361262 0
0.232597 0.355508 0 -1.67275 -0.405899 0
0.215717 0.351212 0 -1.70333 -0.454121 0
0.198529 0.346413 0 -1.73433 -0.506368 0
0.181029 0.34107 0 -1.76566 -0.56315 0
0.163215 0.335134 0 -1.79716 -0.62506 0
0.145087 0.32855 0 -1.8286 -0.692798 0
0.126645 0.321256 0 -1.85967 -0.767181 0
0.107896 0.313182 0 -1.88994 -0.849174 0
0.0888511 0.304244 0 -1.91881 -0.939918 0
0.0695278 0.294351 0 -1.94542 -1.04075 0
0.0499543 0.283392 0 -1.96861 -1.15325 0
0.0301727 0.271242 0 -1.98671 -1.27925 0
0.0102449 0.257756 0 -1.99739 -1.42085 0
-0.00973953 0.242766 0 -1.99737 -1.58035 0
-0.0296516 0.226083 0 -1.98201 -1.76015 0
-0.0493075 0.207491 0 -1.94484 -1.96234 0
-0.0684469 0.18676 0 -1.87694 -2.18802 0
-0.0867057 0.163658 0 -1.76647 -2.43594 0
-0.103587 0.137988 0 -1.59878 -2.70017 0
-0.11844 0.109648 0 -1.3582 -2.96693 0
-0.13047 0.0787245 0 -1.03302 -3.21157 0
-0.138823 0.0456082 0 -0.624334 -3.39914 0
-0.142756 0.0110569 0 -0.154895 -3.49307 0
-0.14187 -0.0238643 0 0.330946 -3.47141 0
-0.136259 -0.0580017 0 0.782183 -3.33949 0
-0.126474 -0.0903852 0 1.16146 -3.12666 0
-0.113322 -0.120394 0 1.45471 -2.87051 0
-0.0976535 -0.14776 0 1.66677 -2.60266 0
-0.0802129 -0.17248 0 1.81161 -2.34354 0
-0.0615939 -0.194698 0 1.90492 -2.10362 0
-0.042241 -0.214632 0 1.96039 -1.88677 0
-0.0224766 -0.232514 0 1.98874 -1.69317 0
-0.00253008 -0.248569 0 1.99791 -1.52124 0
0.017437 -0.263005 0 1.99365 -1.36871 0
0.0373119 -0.276002 0 1.98002 -1.2332 0
0.057016 -0.287719 0 1.95992 -1.11247 0
0.0764958 -0.298295 0 1.9354 -1.00453 0
0.0957146 -0.307847 0 1.90794 -0.907635 0
0.114648 -0.31648 0 1.87856 -0.820306 0
0.133282 -0.324282 0 1.84803 -0.741278 0
0.151607 -0.331331 0 1.81686 -0.669482 0
0.169619 -0.337693 0 1.78546 -0.60401 0
0.187317 -0.34343 0 1.75408 -0.544091 0
0.204702 -0.348592 0 1.72293 -0.489069 0
0.221777 -0.353226 0 1.69214 -0.43838 0
0.238546 -0.357373 0 1.66182 -0.391544 0
0.255015 -0.361069 0 1.63202 -0.348146 0
0.271189 -0.364347 0 1.60278 -0.307827 0
0.287073 -0.367235 0 1.57414 -0.270275 0
0.302674 -0.369761 0 1.54609 -0.235219 0
0.317997 -0.371947 0 1.51865 -0.20242 0
0.333049 -0.373816 0 1.49182 -0.171671 0
0.347836 -0.375387 0 1.46557 -0.142786 0
0.362363 -0.376678 0 1.43991 -0.115605 0
0.376636 -0.377705 0 1.41481 -0.0899808 0
0.390661 -0.378483 0 1.39027 -0.0657864 0
0.404444 -0.379025 0 1.36626 -0.0429069 0
0.417988 -0.379345 0 1.34276 -0.0212392 0
0.431301 -0.379454 0 1.31977 -0.000691318 0
0.444386 -0.379363 0 1.29725 0.01882 0
0.457248 -0.379081 0 1.27521 0.0373698 0
0.469904 -0.378618 0 1.25358 0.0550431 0
0.482334 -0.377983 0 1.23241 0.0718663 0
0.494554 -0.377183 0 1.21166 0.0879134 0
0.506568 -0.376227 0 1.1913 0.103235 0
0.518381 -0.375121 0 1.17132 0.117879 0
0.529996 -0.373872 0 1.15172 0.131886 0
0.541417 -0.372485 0 1.13247 0.145297 0
0.552647 -0.370968 0 1.11356 0.158146 0
0.56369 -0.369324 0 1.09498 0.170468 0
0.574548 -0.36756 0 1.07672 0.182292 0
0.585225 -0.36568 0 1.05877 0.193645 0
0.595725 -0.363689 0 1.0411 0.204556 0
0.606048 -0.361591 0 1.02372 0.215046 0
0.6162 -0.359389 0 1.00661 0.225138 0
0.626182 -0.357089 0 0.989767 0.234854 0
0.635996 -0.354694 0 0.973174 0.244212 0
0.645646 -0.352206 0 0.956825 0.25323 0
0.655134 -0.34963 0 0.940712 0.261924 0
0.664461 -0.346969 0 0.924825 0.270311 0
0.673631 -0.344225 0 0.909158 0.278405 0
0.682645 -0.341402 0 0.893701 0.286219 0
0.691506 -0.338502 0 0.87845 0.293765 0
0.700215 -0.335527 0 0.863395 0.301057 0
0.708775 -0.332481 0 0.84853 0.308105 0
0.717187 -0.329366 0 0.83385 0.314919 0
0.725452 -0.326184 0 0.819347 0.321509 0
0.733574 -0.322937 0 0.805016 0.327886 0
0.741553 -0.319627 0 0.790852 0.334056 0
0.749392 -0.316256 0 0.776848 0.340029 0
0.757091 -0.312827 0 0.762999 0.345812 0
0.764653 -0.309341 0 0.7493 0.351413 0
0.772078 -0.305799 0 0.735747 0.356839 0
0.779368 -0.302205 0 0.722335 0.362095 0
0.786525 -0.298558 0 0.709059 0.367189 0
0.79355 -0.294861 0 0.695915 0.372125 0
0.800444 -0.291116 0 0.682898 0.376911 0
0.807208 -0.287324 0 0.670005 0.38155 0
0.813844 -0.283486 0 0.657231 0.386048 0
0.820353 -0.279603 0 0.644573 0.39041 0
0.826736 -0.275678 0 0.632028 0.394639 0
0.832995 -0.271711 0 0.619591 0.398741 0
0.839129 -0.267703 0 0.607259 0.402719 0
0.84514 -0.263657 0 0.59503 0.406578 0
0.85103 -0.259572 0 0.582899 0.41032 0
0.856799 -0.255451 0 0.570863 0.41395 0
0.862447 -0.251294 0 0.55892 0.41747 0
0.867977 -0.247102 0 0.547067 0.420884 0
0.873389 -0.242876 0 0.535301 0.424195 0
0.878684 -0.238618 0 0.523619 0.427405 0
0.883862 -0.234329 0 0.512019 0.430518 0
0.888925 -0.230008 0 0.500497 0.433536 0
0.893872 -0.225658 0 0.489052 0.436462 0
0.898706 -0.221279 0 0.477681 0.439297 0
0.903426 -0.216873 0 0.466381 0.442044 0
0.908034 -0.212439 0 0.455151 0.444706 0
0.91253 -0.207979 0 0.443987 0.447284 0
0.916914 -0.203493 0 0.432889 0.44978 0
0.921188 -0.198984 0 0.421853 0.452197 0
0.925351 -0.19445 0 0.410878 0.454535 0
0.929406 -0.189893 0 0.399961 0.456798 0
0.933351 -0.185314 0 0.389101 0.458985 0
0.937188 -0.180714 0 0.378296 0.4611 0
0.940917 -0.176092 0 0.367543 0.463143 0
0.944539 -0.171451 0 0.356841 0.465115 0
0.948054 -0.16679 0 0.346189 0.467019 0
0.951463 -0.162111 0 0.335584 0.468855 0
0.954766 -0.157413 0 0.325024 0.470626 0
0.957964 -0.152699 0 0.314508 0.472331 0
0.961057 -0.147967 0 0.304035 0.473972 0
0.964045 -0.143219 0 0.293602 0.47555 0
0.966929 -0.138456 0 0.283208 0.477066 0
0.969709 -0.133678 0 0.272851 0.478521 0
0.972386 -0.128886 0 0.26253 0.479917 0
0.97496 -0.12408 0 0.252244 0.481253 0
0.977431 -0.119261 0 0.24199 0.482531 0
0.9798 -0.11443 0 0.231768 0.483752 0
0.982067 -0.109586 0 0.221576 0.484915 0
0.984232 -0.104732 0 0.211412 0.486023 0
0.986295 -0.0998662 0 0.201275 0.487076 0
0.988257 -0.0949904 0 0.191164 0.488074 0
0.990119 -0.0901049 0 0.181077 0.489018 0
0.991879 -0.0852102 0 0.171013 0.489908 0
0.993539 -0.0803069 0 0.160971 0.490745 0
0.995099 -0.0753955 0 0.150948 0.49153 0
0.996558 -0.0704765 0 0.140945 0.492262 0
0.997918 -0.0655504 0 0.13096 0.492943 0
0.999178 -0.0606178 0 0.120991 0.493573 0
1.00034 -0.0556791 0 0.111036 0.494152 0
1.0014 -0.0507349 0 0.101096 0.494681 0
1.00236 -0.0457857 0 0.0911684 0.495159 0
1.00322 -0.0408319 0 0.081252 0.495587 0
1.00398 -0.0358741 0 0.0713455 0.495966 0
1.00465 -0.0309128 0 0.0614479 0.496295 0
1.00521 -0.0259484 0 0.0515579 0.496575 0
1.00568 -0.0209815 0 0.0416742 0.496806 0
1.00605 -0.0160124 0 0.0317957 0.496987 0
1.00632 -0.0110419 0 0.021921 0.49712 0
1.00649 -0.00607021 0 0.0120491 0.497204 0
1.00656 -0.00109795 0 0.00217866 0.497239 0
1.00653 0.00387441 0 -0.00769152 0.497226 0
1.0064 0.00884639 0 -0.0175626 0.497163 0
1.00618 0.0138175 0 -0.0274359 0.497052 0
1.00585 0.0187873 0 -0.0373126 0.496892 0
1.00543 0.0237552 0 -0.0471938 0.496683 0
1.00491 0.0287208 0 -0.0570809 0.496425 0
1.00429 0.0336835 0 -0.066975 0.496118 0
1.00357 0.038643 0 -0.0768773 0.495761 0
1.00275 0.0435986 0 -0.0867892 0.495355 0
1.00184 0.0485499 0 -0.0967118 0.494899 0
1.00082 0.0534964 0 -0.106646 0.494392 0
0.999703 0.0584376 0 -0.116594 0.493836 0
0.998487 0.063373 0 -0.126557 0.493229 0
0.997172 0.068302 0 -0.136535 0.49257 0
0.995757 0.0732242 0 -0.14653 0.49186 0
0.994242 0.078139 0 -0.156543 0.491099 0
0.992626 0.083046 0 -0.166577 0.490285 0
0.99091 0.0879446 0 -0.176631 0.489418 0
0.989093 0.0928342 0 -0.186707 0.488498 0
0.987176 0.0977144 0 -0.196808 0.487524 0
0.985157 0.102585 0 -0.206933 0.486496 0
0.983037 0.107444 0 -0.217084 0.485413 0
0.980816 0.112293 0 -0.227264 0.484274 0
0.978492 0.117129 0 -0.237473 0.483078 0
0.976066 0.121954 0 -0.247712 0.481826 0
0.973538 0.126766 0 -0.257984 0.480515 0
0.970906 0.131564 0 -0.268289 0.479146 0
0.968172 0.136348 0 -0.27863 0.477718 0
0.965334 0.141118 0 -0.289007 0.476228 0
0.962392 0.145873 0 -0.299422 0.474678 0
0.959345 0.150612 0 -0.309878 0.473065 0
0.956194 0.155334 0 -0.320375 0.471388 0
0.952938 0.160039 0 -0.330915 0.469647 0
0.949576 0.164727 0 -0.341499 0.46784 0
0.946108 0.169396 0 -0.352131 0.465966 0
0.942533 0.174046 0 -0.36281 0.464024 0
0.938852 0.178676 0 -0.37354 0.462013 0
0.935062 0.183286 0 -0.384322 0.45993 0
0.931165 0.187874 0 -0.395157 0.457775 0
0.927159 0.192441 0 -0.406049 0.455546 0
0.923044 0.196985 0 -0.416998 0.453242 0
0.918819 0.201506 0 -0.428006 0.45086 0
0.914484 0.206002 0 -0.439077 0.448399 0
0.910037 0.210473 0 -0.450211 0.445858 0
0.905479 0.214919 0 -0.461411 0.443233 0
0.900809 0.219338 0 -0.47268 0.440524 0
0.896026 0.223729 0 -0.484019 0.437728 0
0.891129 0.228092 0 -0.495431 0.434843 0
0.886117 0.232426 0 -0.506918 0.431866 0
0.88099 0.236729 0 -0.518484 0.428796 0
0.875747 0.241001 0 -0.530129 0.425629 0
0.870387 0.245241 0 -0.541857 0.422363 0
0.86491 0.249448 0 -0.553671 0.418995 0
0.859314 0.253621 0 -0.565574 0.415522 0
0.853598 0.257758 0 -0.577568 0.411941 0
0.847762 0.26186 0 -0.589656 0.408249 0
0.841805 0.265923 0 -0.601842 0.404443 0
0.835725 0.269948 0 -0.614127 0.400518 0
0.829522 0.273933 0 -0.626517 0.396471 0
0.823195 0.277877 0 -0.639014 0.392299 0
0.816741 0.281779 0 -0.651621 0.387996 0
0.810162 0.285637 0 -0.664343 0.383559 0
0.803454 0.289449 0 -0.677183 0.378983 0
0.796618 0.293216 0 -0.690144 0.374263 0
0.789651 0.296934 0 -0.703231 0.369394 0
0.782553 0.300603 0 -0.716448 0.364371 0
0.775322 0.304221 0 -0.729799 0.359187 0
0.767957 0.307787 0 -0.743289 0.353837 0
0.760456 0.311297 0 -0.756922 0.348315 0
0.752818 0.314752 0 -0.770704 0.342614 0
0.745041 0.318149 0 -0.784638 0.336726 0
0.737125 0.321486 0 -0.798731 0.330644 0
0.729066 0.324761 0 -0.812987 0.32436 0
0.720865 0.327973 0 -0.827412 0.317866 0
0.712518 0.331118 0 -0.842013 0.311152 0
0.704024 0.334195 0 -0.856795 0.304209 0
0.695381 0.337202 0 -0.871764 0.297027 0
0.686588 0.340135 0 -0.886927 0.289595 0
0.677642 0.342993 0 -0.902292 0.281901 0
0.668542 0.345772 0 -0.917864 0.273933 0
0.659284 0.34847 0 -0.933652 0.265678 0
0.649868 0.351085 0 -0.949664 0.257122 0
0.64029 0.353612 0 -0.965907 0.248249 0
0.630549 0.356049 0 -0.98239 0.239044 0
0.620642 0.358392 0 -0.999122 0.22949 0
0.610566 0.360637 0 -1.01611 0.219567 0
0.600319 0.362782 0 -1.03337 0.209256 0
0.589898 0.364821 0 -1.05091 0.198535 0
0.5793 0.366751 0 -1.06873 0.187381 0
0.568523 0.368567 0 -1.08686 0.175769 0
0.557562 0.370265 0 -1.10529 0.163672 0
0.546416 0.371839 0 -1.12405 0.151061 0
0.53508 0.373285 0 -1.14315 0.137904 0
0.523552 0.374596 0 -1.16259 0.124166 0
0.511827 0.375766 0 -1.1824 0.10981 0
0.499903 0.37679 0 -1.20258 0.0947952 0
0.487775 0.37766 0 -1.22316 0.0790762 0
0.475438 0.378369 0 -1.24415 0.0626044 0
0.46289 0.378909 0 -1.26555 0.045326 0
0.450126 0.379273 0 -1.2874 0.0271822 0
0.437141 0.37945 0 -1.3097 0.00810797 0
0.423931 0.379432 0 -1.33248 -0.0119685 0
0.41049 0.379207 0 -1.35575 -0.0331265 0
0.396814 0.378765 0 -1.37953 -0.0554541 0
0.382898 0.378094 0 -1.40383 -0.0790491 0
0.368736 0.37718 0 -1.42868 -0.104021 0
0.354323 0.376009 0 -1.45408 -0.130492 0
0.339653 0.374565 0 -1.48007 -0.158598 0
0.32472 0.372831 0 -1.50664 -0.188494 0
0.309518 0.370789 0 -1.5338 -0.220355 0
0.294042 0.368417 0 -1.56158 -0.254377 0
0.278285 0.365694 0 -1.58995 -0.290785 0
0.262241 0.362593 0 -1.61893 -0.329833 0
0.245905 0.359088 0 -1.64848 -0.371816 0
0.22927 0.355147 0 -1.67857 -0.41707 0
0.212332 0.350735 0 -1.70916 -0.465983 0
0.195086 0.345814 0 -1.74015 -0.519006 0
0.177528 0.34034 0 -1.77145 -0.576663 0
0.159657 0.334264 0 -1.80286 -0.639566 0
0.141472 0.327529 0 -1.83417 -0.708433 0
0.122975 0.320073 0 -1.86504 -0.784105 0
0.104174 0.311822 0 -1.895 -0.867578 0
0.0850808 0.302692 0 -1.92342 -0.960024 0
0.0657144 0.292588 0 -1.9494 -1.06282 0
0.0461054 0.281397 0 -1.97167 -1.17759 0
0.0262993 0.268991 0 -1.98848 -1.30621 0
0.00636231 0.255221 0 -1.99735 -1.45082 0
-0.0136096 0.239915 0 -1.99477 -1.61375 0
-0.0334788 0.222879 0 -1.97582 -1.79736 0
-0.0530491 0.203894 0 -1.93363 -2.00363 0
-0.0720434 0.18273 0 -1.85878 -2.23334 0
-0.0900759 0.159158 0 -1.7389 -2.48457 0
-0.106623 0.132992 0 -1.55899 -2.75021 0
-0.121006 0.104159 0 -1.30365 -3.01467 0
-0.132412 0.072793 0 -0.962835 -3.25125 0
-0.139994 0.0393491 0 -0.541066 -3.42385 0
-0.143056 0.00464953 0 -0.0654554 -3.49737 0
-0.141284 -0.0302063 0 0.417058 -3.45434 0
-0.134865 -0.0640821 0 0.856719 -3.30522 0
-0.124411 -0.0960655 0 1.22027 -3.08211 0
-0.110751 -0.125605 0 1.49773 -2.8222 0
-0.0947222 -0.15249 0 1.69627 -2.55515 0
-0.0770417 -0.176749 0 1.8306 -2.29933 0
-0.0582736 -0.198547 0 1.91615 -2.06375 0
-0.0388377 -0.218104 0 1.96607 -1.85142 0
-0.0190371 -0.235654 0 1.99053 -1.6621 0
0.000912953 -0.251419 0 1.99701 -1.49402 0
0.0208612 -0.265599 0 1.99089 -1.34488 0
0.0407018 -0.278373 0 1.97602 -1.21232 0
0.0603616 -0.289895 0 1.9551 -1.09415 0
0.0797903 -0.300298 0 1.93006 -0.988401 0
0.098954 -0.3097 0 1.90229 -0.893406 0
0.11783 -0.318198 0 1.87275 -0.807722 0
0.136406 -0.325882 0 1.84216 -0.730123 0
0.154672 -0.332825 0 1.81102 -0.659575 0
0.172626 -0.339094 0 1.77969 -0.595195 0
0.190266 -0.344748 0 1.74842 -0.536237 0
0.207596 -0.349836 0 1.71741 -0.482063 0
0.224616 -0.354404 0 1.68678 -0.432127 0
0.241333 -0.358491 0 1.65662 -0.385962 0
0.257751 -0.362135 0 1.62699 -0.343163 0
0.273875 -0.365365 0 1.59793 -0.303381 0
0.289712 -0.368212 0 1.56946 -0.266312 0
0.305267 -0.3707 0 1.54159 -0.231692 0
0.320546 -0.372853 0 1.51433 -0.199288 0
0.335555 -0.374693 0 1.48766 -0.168897 0
0.350301 -0.376237 0 1.46159 -0.140339 0
0.364789 -0.377505 0 1.43609 -0.113456 0
0.379025 -0.378512 0 1.41115 -0.0881046 0
0.393014 -0.379272 0 1.38676 -0.0641605 0
0.406762 -0.3798 0 1.3629 -0.0415109 0
0.420274 -0.380107 0 1.33955 -0.0200552 0
0.433555 -0.380205 0 1.3167 0.000297143 0
0.44661 -0.380104 0 1.29432 0.0196277 0
0.459443 -0.379815 0 1.27241 0.0380099 0
0.47206 -0.379347 0 1.25094 0.0555106 0
0.484464 -0.378708 0 1.2299 0.0721902 0
0.496659 -0.377906 0 1.20926 0.0881036 0
0.508651 -0.376949 0 1.18902 0.103301 0
0.520441 -0.375843 0 1.16917 0.117828 0
0.532035 -0.374594 0 1.14968 0.131727 0
0.543436 -0.37321 0 1.13054 0.145036 0
0.554647 -0.371696 0 1.11174 0.157791 0
0.565672 -0.370056 0 1.09326 0.170023 0
0.576514 -0.368297 0 1.0751 0.181763 0
0.587176 -0.366423 0 1.05725 0.193039 0
0.59766 -0.364438 0 1.03968 0.203875 0
0.60797 -0.362347 0 1.0224 0.214296 0
0.618109 -0.360153 0 1.00538 0.224323 0
0.628079 -0.357861 0 0.988625 0.233977 0
0.637882 -0.355475 0 0.972122 0.243277 0
0.647522 -0.352997 0 0.95586 0.252241 0
0.657001 -0.350431 0 0.939833 0.260884 0
0.66632 -0.34778 0 0.92403 0.269222 0
0.675482 -0.345048 0 0.908445 0.27727 0
0.68449 -0.342236 0 0.89307 0.28504 0
0.693344 -0.339348 0 0.877898 0.292546 0
0.702048 -0.336386 0 0.862921 0.299799 0
0.710604 -0.333353 0 0.848134 0.30681 0
0.719012 -0.330251 0 0.833529 0.31359 0
0.727275 -0.327082 0 0.819101 0.320148 0
0.735395 -0.323849 0 0.804843 0.326493 0
0.743372 -0.320553 0 0.790751 0.332634 0
0.75121 -0.317197 0 0.776818 0.33858 0
0.758909 -0.313782 0 0.763039 0.344337 0
0.766472 -0.310311 0 0.74941 0.349914 0
0.773898 -0.306784 0 0.735926 0.355316 0
0.781191 -0.303205 0 0.722581 0.360551 0
0.78835 -0.299574 0 0.709372 0.365624 0
0.795379 -0.295893 0 0.696294 0.370541 0
0.802277 -0.292164 0 0.683342 0.375309 0
0.809046 -0.288387 0 0.670514 0.379931 0
0.815688 -0.284565 0 0.657804 0.384413 0
0.822203 -0.280699 0 0.64521 0.38876 0
0.828592 -0.276791 0 0.632727 0.392975 0
0.834858 -0.27284 0 0.620353 0.397064 0
0.841 -0.26885 0 0.608083 0.401031 0
0.84702 -0.26482 0 0.595914 0.404878 0
0.852919 -0.260753 0 0.583844 0.40861 0
0.858697 -0.256648 0 0.571869 0.41223 0
0.864356 -0.252509 0 0.559986 0.415741 0
0.869897 -0.248334 0 0.548193 0.419147 0
0.875321 -0.244126 0 0.536486 0.422451 0
0.880627 -0.239885 0 0.524863 0.425655 0
0.885818 -0.235613 0 0.513321 0.428762 0
0.890894 -0.231311 0 0.501858 0.431774 0
0.895856 -0.226978 0 0.49047 0.434695 0
0.900704 -0.222617 0 0.479157 0.437527 0
0.905439 -0.218228 0 0.467915 0.440271 0
0.910063 -0.213812 0 0.456742 0.44293 0
0.914575 -0.20937 0 0.445635 0.445506 0
0.918976 -0.204902 0 0.434594 0.448 0
0.923267 -0.20041 0 0.423615 0.450416 0
0.927448 -0.195894 0 0.412696 0.452754 0
0.931521 -0.191355 0 0.401836 0.455017 0
0.935485 -0.186794 0 0.391032 0.457205 0
0.939342 -0.182211 0 0.380283 0.459321 0
0.943091 -0.177608 0 0.369587 0.461365 0
0.946734 -0.172984 0 0.358942 0.46334 0
0.95027 -0.168341 0 0.348345 0.465247 0
0.953701 -0.163679 0 0.337796 0.467086 0
0.957027 -0.159 0 0.327292 0.46886 0
0.960247 -0.154303 0 0.316833 0.47057 0
0.963363 -0.149589 0 0.306415 0.472215 0
0.966376 -0.144858 0 0.296039 0.473799 0
0.969284 -0.140113 0 0.285701 0.475321 0
0.97209 -0.135352 0 0.275401 0.476782 0
0.974793 -0.130577 0 0.265136 0.478184 0
0.977393 -0.125789 0 0.254907 0.479528 0
0.979891 -0.120987 0 0.24471 0.480814 0
0.982287 -0.116173 0 0.234544 0.482042 0
0.984582 -0.111346 0 0.224409 0.483215 0
0.986776 -0.106509 0 0.214302 0.484332 0
0.988868 -0.10166 0 0.204222 0.485394 0
0.99086 -0.0968009 0 0.194169 0.486402 0
0.992752 -0.0919321 0 0.184139 0.487356 0
0.994543 -0.087054 0 0.174133 0.488257 0
0.996235 -0.0821671 0 0.164149 0.489106 0
0.997826 -0.077272 0 0.154185 0.489903 0
0.999319 -0.0723692 0 0.144241 0.490648 0
1.00071 -0.0674592 0 0.134314 0.491342 0
1.00201 -0.0625426 0 0.124404 0.491985 0
1.0032 -0.0576197 0 0.114509 0.492578 0
1.0043 -0.0526912 0 0.104629 0.493121 0
1.00529 -0.0477575 0 0.0947613 0.493614 0
1.00619 -0.0428191 0 0.0849053 0.494058 0
1.00699 -0.0378765 0 0.0750598 0.494453 0
1.00769 -0.0329302 0 0.0652234 0.494799 0
1.0083 -0.0279807 0 0.055395 0.495096 0
1.0088 -0.0230284 0 0.0455734 0.495344 0
1.00921 -0.0180739 0 0.0357574 0.495544 0
1.00952 -0.0131177 0 0.0259457 0.495696 0
1.00973 -0.00816019 0 0.0161372 0.495799 0
1.00984 -0.00320188 0 0.00633068 0.495854 0
1.00985 0.00175674 0 -0.00347509 0.495861 0
1.00977 0.00671519 0 -0.0132813 0.49582 0
1.00959 0.011673 0 -0.0230891 0.495731 0
1.00931 0.0166296 0 -0.0328997 0.495593 0
1.00893 0.0215847 0 -0.0427143 0.495408 0
1.00845 0.0265376 0 -0.0525342 0.495173 0
1.00788 0.031488 0 -0.0623604 0.494891 0
1.00721 0.0364353 0 -0.0721943 0.494559 0
1.00643 0.041379 0 -0.0820371 0.494179 0
1.00557 0.0463187 0 -0.0918899 0.493749 0
1.0046 0.0512538 0 -0.101754 0.493271 0
1.00353 0.056184 0 -0.111631 0.492742 0
1.00236 0.0611085 0 -0.121521 0.492164 0
1.0011 0.0660271 0 -0.131426 0.491535 0
0.999736 0.0709391 0 -0.141348 0.490856 0
0.998273 0.075844 0 -0.151287 0.490126 0
0.99671 0.0807414 0 -0.161245 0.489344 0
0.995048 0.0856308 0 -0.171223 0.488511 0
0.993286 0.0905115 0 -0.181223 0.487625 0
0.991423 0.0953831 0 -0.191245 0.486686 0
0.989461 0.100245 0 -0.201291 0.485694 0
0.987398 0.105097 0 -0.211363 0.484648 0
0.985234 0.109938 0 -0.221462 0.483547 0
0.982968 0.114768 0 -0.231589 0.482391 0
0.980602 0.119585 0 -0.241745 0.481179 0
0.978134 0.124391 0 -0.251933 0.47991 0
0.975563 0.129183 0 -0.262153 0.478583 0
0.97289 0.133962 0 -0.272407 0.477199 0
0.970115 0.138727 0 -0.282696 0.475754 0
0.967237 0.143477 0 -0.293023 0.47425 0
0.964255 0.148212 0 -0.303388 0.472685 0
0.961169 0.152931 0 -0.313793 0.471058 0
0.957979 0.157633 0 -0.32424 0.469367 0
0.954684 0.162318 0 -0.334731 0.467612 0
0.951284 0.166985 0 -0.345266 0.465792 0
0.947779 0.171634 0 -0.355849 0.463905 0
0.944167 0.176263 0 -0.36648 0.46195 0
0.940449 0.180872 0 -0.377161 0.459926 0
0.936624 0.185461 0 -0.387894 0.457831 0
0.932691 0.190029 0 -0.398682 0.455664 0
0.92865 0.194574 0 -0.409525 0.453424 0
0.9245 0.199097 0 -0.420426 0.451108 0
0.920241 0.203596 0 -0.431387 0.448715 0
0.915872 0.208071 0 -0.44241 0.446244 0
0.911393 0.212521 0 -0.453497 0.443692 0
0.906802 0.216945 0 -0.46465 0.441057 0
0.9021 0.221342 0 -0.475872 0.438338 0
0.897285 0.225711 0 -0.487164 0.435533 0
0.892357 0.230052 0 -0.49853 0.432638 0
0.887314 0.234364 0 -0.50997 0.429653 0
0.882157 0.238645 0 -0.521489 0.426574 0
0.876884 0.242895 0 -0.533088 0.423398 0
0.871495 0.247113 0 -0.54477 0.420124 0
0.865989 0.251297 0 -0.556538 0.416749 0
0.860364 0.255447 0 -0.568394 0.413268 0
0.854621 0.259562 0 -0.580341 0.40968 0
0.848757 0.263641 0 -0.592383 0.405982 0
0.842773 0.267681 0 -0.604523 0.402168 0
0.836666 0.271684 0 -0.616762 0.398238 0
0.830437 0.275646 0 -0.629106 0.394185 0
0.824084 0.279567 0 -0.641556 0.390007 0
0.817606 0.283446 0 -0.654117 0.385699 0
0.811001 0.28728 0 -0.666793 0.381257 0
0.80427 0.29107 0 -0.679586 0.376676 0
0.797409 0.294814 0 -0.6925 0.371952 0
0.790419 0.298509 0 -0.705541 0.367079 0
0.783298 0.302155 0 -0.718711 0.362052 0
0.776045 0.305749 0 -0.732016 0.356865 0
0.768658 0.309291 0 -0.745458 0.351513 0
0.761135 0.312779 0 -0.759044 0.345988 0
0.753476 0.316211 0 -0.772778 0.340284 0
0.745679 0.319584 0 -0.786665 0.334395 0
0.737743 0.322898 0 -0.80071 0.328312 0
0.729665 0.32615 0 -0.814918 0.322027 0
0.721444 0.329338 0 -0.829296 0.315532 0
0.713078 0.33246 0 -0.843848 0.308819 0
0.704567 0.335514 0 -0.858581 0.301876 0
0.695906 0.338497 0 -0.873501 0.294696 0
0.687096 0.341407 0 -0.888615 0.287265 0
0.678134 0.344241 0 -0.90393 0.279573 0
0.669017 0.346997 0 -0.919452 0.271608 0
0.659744 0.349672 0 -0.93519 0.263357 0
0.650313 0.352264 0 -0.95115 0.254805 0
0.64072 0.354768 0 -0.967342 0.245937 0
0.630965 0.357181 0 -0.983773 0.236738 0
0.621044 0.359501 0 -1.00045 0.227189 0
0.610955 0.361724 0 -1.01739 0.217274 0
0.600696 0.363846 0 -1.03459 0.206971 0
0.590263 0.365862 0 -1.05208 0.196259 0
0.579653 0.367769 0 -1.06985 0.185115 0
0.568865 0.369563 0 -1.08792 0.173514 0
0.557894 0.371238 0 -1.1063 0.161429 0
0.546738 0.37279 0 -1.125 0.148831 0
0.535393 0.374213 0 -1.14404 0.135689 0
0.523856 0.375502 0 -1.16342 0.121967 0
0.512124 0.376651 0 -1.18317 0.107628 0
0.500192 0.377653 0 -1.20329 0.0926324 0
0.488057 0.378501 0 -1.22381 0.0769344 0
0.475715 0.379189 0 -1.24473 0.0604855 0
0.463161 0.379708 0 -1.26607 0.0432323 0
0.450392 0.380051 0 -1.28785 0.0251159 0
0.437403 0.380208 0 -1.31009 0.00607155 0
0.424189 0.380169 0 -1.3328 -0.0139721 0
0.410745 0.379925 0 -1.356 -0.0350943 0
0.397067 0.379464 0 -1.3797 -0.0573825 0
0.38315 0.378773 0 -1.40393 -0.0809345 0
0.368987 0.377841 0 -1.42871 -0.105859 0
0.354574 0.376651 0 -1.45404 -0.132277 0
0.339905 0.37519 0 -1.47994 -0.160327 0
0.324974 0.373439 0 -1.50643 -0.19016 0
0.309774 0.37138 0 -1.53352 -0.22195 0
0.294301 0.368993 0 -1.56121 -0.255895 0
0.278548 0.366255 0 -1.5895 -0.292216 0
0.26251 0.363141 0 -1.61838 -0.331168 0
0.246179 0.359622 0 -1.64785 -0.373043 0
0.229551 0.355669 0 -1.67785 -0.418176 0
0.212621 0.351247 0 -1.70835 -0.466953 0
0.195383 0.346317 0 -1.73925 -0.519823 0
0.177835 0.340836 0 -1.77046 -0.577306 0
0.159974 0.334754 0 -1.80179 -0.640011 0
0.1418 0.328016 0 -1.83301 -0.708651 0
0.123315 0.320559 0 -1.86381 -0.784064 0
0.104527 0.31231 0 -1.89371 -0.867237 0
0.0854467 0.303186 0 -1.92208 -0.959336 0
0.0660937 0.29309 0 -1.94804 -1.06173 0
0.0464983 0.281912 0 -1.97034 -1.17603 0
0.0267051 0.269525 0 -1.98723 -1.30411 0
0.00677986 0.255779 0 -1.99627 -1.44808 0
-0.0131826 0.240504 0 -1.99398 -1.61027 0
-0.0330461 0.223507 0 -1.97551 -1.79303 0
-0.0526167 0.20457 0 -1.93405 -1.99837 0
-0.0716204 0.183463 0 -1.8603 -2.2271 0
-0.0896755 0.159958 0 -1.742 -2.47741 0
-0.106264 0.133868 0 -1.56424 -2.7424 0
-0.120712 0.105113 0 -1.31163 -3.00682 0
-0.132214 0.0738222 0 -0.973857 -3.24437 0
-0.13992 0.0404368 0 -0.554862 -3.41925 0
-0.14313 0.00576689 0 -0.0809437 -3.49618 0
-0.141515 -0.0290962 0 0.401514 -3.45695 0
-0.135244 -0.0630151 0 0.84265 -3.31111 0
-0.124919 -0.0950694 0 1.20856 -3.09019 0
-0.111364 -0.124696 0 1.48857 -2.83139 0
-0.0954151 -0.151675 0 1.68941 -2.56462 0
-0.0777934 -0.176028 0 1.82561 -2.30859 0
-0.0590676 -0.197916 0 1.91262 -2.07255 0
-0.0396614 -0.217559 0 1.96364 -1.85967 0
-0.0198808 -0.235188 0 1.98892 -1.66979 0
5.64504e-05 -0.251027 0 1.99602 -1.5012 0
0.0199973 -0.265277 0 1.99038 -1.35159 0
0.0398346 -0.278116 0 1.97586 -1.21862 0
0.0594944 -0.289699 0 1.95522 -1.10007 0
0.0789255 -0.30016 0 1.93041 -0.994009 0
0.0980936 -0.309616 0 1.90281 -0.898736 0
0.116976 -0.318167 0 1.87343 -0.812809 0
0.135559 -0.3259 0 1.84296 -0.734999 0
0.153834 -0.332891 0 1.81192 -0.664263 0
0.171797 -0.339207 0 1.78067 -0.59972 0
0.189448 -0.344904 0 1.74949 -0.540617 0
0.206788 -0.350036 0 1.71854 -0.486314 0
0.22382 -0.354645 0 1.68798 -0.436263 0
0.240549 -0.358774 0 1.65787 -0.389994 0
0.25698 -0.362457 0 1.6283 -0.347102 0
0.273117 -0.365726 0 1.59929 -0.307237 0
0.288968 -0.368611 0 1.57087 -0.270092 0
0.304537 -0.371137 0 1.54304 -0.235403 0
0.319831 -0.373327 0 1.51582 -0.202936 0
0.334856 -0.375203 0 1.4892 -0.172488 0
0.349617 -0.376783 0 1.46316 -0.143877 0
0.364121 -0.378086 0 1.4377 -0.116944 0
0.378373 -0.379127 0 1.4128 -0.091548 0
0.392379 -0.379922 0 1.38845 -0.0675618 0
0.406144 -0.380483 0 1.36463 -0.0448731 0
0.419674 -0.380824 0 1.34132 -0.0233808 0
0.432972 -0.380955 0 1.31851 -0.00299419 0
0.446046 -0.380887 0 1.29617 0.0163685 0
0.458898 -0.380631 0 1.27429 0.0347812 0
0.471533 -0.380195 0 1.25286 0.0523105 0
0.483956 -0.379587 0 1.23185 0.0690173 0
0.496172 -0.378817 0 1.21125 0.0849565 0
0.508183 -0.377891 0 1.19105 0.100179 0
