0.99995 0.00500092 0 -0.0100022 0.499975 0
0.9998 0.0100003 0 -0.0200037 0.4999 0
0.99955 0.0149982 0 -0.0300066 0.499775 0
0.9992 0.0199952 0 -0.0400143 0.4996 0
0.99875 0.0249901 0 -0.0500271 0.499374 0
0.998199 0.0299825 0 -0.0600461 0.499098 0
0.997549 0.0349719 0 -0.0700726 0.498772 0
0.996798 0.0399578 0 -0.0801079 0.498395 0
0.995947 0.0449396 0 -0.0901533 0.497967 0
0.994995 0.0499169 0 -0.10021 0.497488 0
0.993942 0.0548892 0 -0.110279 0.496957 0
0.992789 0.0598559 0 -0.120363 0.496375 0
0.991535 0.0648165 0 -0.130461 0.49574 0
0.99018 0.0697705 0 -0.140576 0.495053 0
0.988723 0.0747174 0 -0.150709 0.494314 0
0.987166 0.0796566 0 -0.160862 0.49352 0
0.985506 0.0845876 0 -0.171034 0.492673 0
0.983745 0.0895099 0 -0.181229 0.491772 0
0.981881 0.0944229 0 -0.191447 0.490816 0
0.979916 0.0993261 0 -0.20169 0.489804 0
0.977848 0.104219 0 -0.211959 0.488737 0
0.975677 0.109101 0 -0.222256 0.487612 0
0.973402 0.113971 0 -0.232581 0.486431 0
0.971025 0.118829 0 -0.242937 0.485191 0
0.968544 0.123674 0 -0.253325 0.483892 0
0.965958 0.128507 0 -0.263748 0.482533 0
0.963268 0.133325 0 -0.274205 0.481114 0
0.960474 0.138129 0 -0.284698 0.479633 0
0.957574 0.142918 0 -0.29523 0.47809 0
0.954569 0.147691 0 -0.305801 0.476483 0
0.951458 0.152447 0 -0.316414 0.474812 0
0.948241 0.157187 0 -0.32707 0.473075 0
0.944916 0.161909 0 -0.337771 0.471271 0
0.941485 0.166612 0 -0.348519 0.4694 0
0.937946 0.171296 0 -0.359315 0.467458 0
0.934299 0.175961 0 -0.370162 0.465447 0
0.930543 0.180605 0 -0.381061 0.463363 0
0.926677 0.185228 0 -0.392013 0.461205 0
0.922702 0.189829 0 -0.403022 0.458973 0
0.918617 0.194407 0 -0.414089 0.456663 0
0.91442 0.198962 0 -0.425216 0.454275 0
0.910112 0.203492 0 -0.436405 0.451807 0
0.905692 0.207998 0 -0.447659 0.449257 0
0.901159 0.212477 0 -0.458979 0.446622 0
0.896512 0.21693 0 -0.470368 0.443902 0
0.891751 0.221355 0 -0.481828 0.441093 0
0.886875 0.225752 0 -0.493361 0.438194 0
0.881884 0.230119 0 -0.504971 0.435201 0
0.876776 0.234455 0 -0.516659 0.432114 0
0.87155 0.238761 0 -0.528428 0.428928 0
0.866207 0.243033 0 -0.540281 0.425642 0
0.860744 0.247273 0 -0.552221 0.422252 0
0.855162 0.251478 0 -0.56425 0.418756 0
0.849459 0.255648 0 -0.576371 0.415149 0
0.843634 0.259781 0 -0.588587 0.41143 0
0.837687 0.263876 0 -0.600902 0.407595 0
0.831616 0.267932 0 -0.613319 0.403639 0
0.82542 0.271948 0 -0.625841 0.399559 0
0.819099 0.275923 0 -0.638471 0.395351 0
0.81265 0.279855 0 -0.651213 0.391011 0
0.806074 0.283743 0 -0.664071 0.386534 0
0.799369 0.287585 0 -0.677048 0.381916 0
0.792533 0.291381 0 -0.690148 0.377151 0
0.785565 0.295128 0 -0.703376 0.372235 0
0.778465 0.298825 0 -0.716736 0.367161 0
0.77123 0.30247 0 -0.730231 0.361924 0
0.76386 0.306063 0 -0.743868 0.356519 0
0.756352 0.3096 0 -0.757649 0.350937 0
0.748706 0.313081 0 -0.771581 0.345173 0
0.74092 0.316503 0 -0.785669 0.339219 0
0.732992 0.319865 0 -0.799916 0.333067 0
0.724921 0.323164 0 -0.81433 0.326709 0
0.716706 0.326398 0 -0.828915 0.320138 0
0.708343 0.329565 0 -0.843678 0.313341 0
0.699832 0.332664 0 -0.858626 0.306312 0
0.69117 0.335691 0 -0.873764 0.299038 0
0.682356 0.338644 0 -0.8891 0.291508 0
0.673387 0.34152 0 -0.904639 0.283712 0
0.664262 0.344317 0 -0.920391 0.275636 0
0.654979 0.347032 0 -0.936361 0.267266 0
0.645535 0.349661 0 -0.952559 0.258588 0
0.635927 0.352202 0 -0.968992 0.249587 0
0.626154 0.354652 0 -0.98567 0.240246 0
0.616213 0.357006 0 -1.0026 0.230547 0
0.606101 0.359262 0 -1.01979 0.220471 0
0.595816 0.361414 0 -1.03726 0.209997 0
0.585355 0.36346 0 -1.05501 0.199104 0
0.574715 0.365395 0 -1.07305 0.187766 0
0.563893 0.367214 0 -1.0914 0.175959 0
0.552886 0.368912 0 -1.11007 0.163654 0
0.54169 0.370485 0 -1.12907 0.150821 0
0.530303 0.371927 0 -1.1484 0.137427 0
0.518721 0.373232 0 -1.1681 0.123437 0
0.50694 0.374394 0 -1.18816 0.10881 0
0.494957 0.375406 0 -1.20861 0.0935053 0
0.482767 0.376261 0 -1.22946 0.0774756 0
0.470366 0.376953 0 -1.25072 0.0606701 0
0.457751 0.377472 0 -1.27242 0.0430329 0
0.444916 0.37781 0 -1.29456 0.0245025 0
0.431858 0.377959 0 -1.31717 0.00501113 0
0.418571 0.377907 0 -1.34026 -0.0155162 0
0.405051 0.377645 0 -1.36386 -0.0371625 0
0.391292 0.37716 0 -1.38797 -0.0600199 0
0.37729 0.37644 0 -1.41262 -0.0841911 0
0.363038 0.375471 0 -1.43782 -0.109791 0
0.348532 0.374239 0 -1.46359 -0.136947 0
0.333764 0.372727 0 -1.48994 -0.165804 0
0.318731 0.370917 0 -1.51689 -0.196525 0
0.303425 0.36879 0 -1.54444 -0.229293 0
0.287838 0.366323 0 -1.57261 -0.26432 0
0.271969 0.363495 0 -1.60138 -0.301836 0
0.255809 0.360277 0 -1.63074 -0.342117 0
0.239352 0.356642 0 -1.66067 -0.385473 0
0.222594 0.352557 0 -1.69113 -0.432262 0
0.205528 0.347984 0 -1.72206 -0.4829 0
0.188151 0.342884 0 -1.75337 -0.537866 0
0.17046 0.337211 0 -1.78491 -0.597722 0
0.152453 0.330911 0 -1.81649 -0.663124 0
0.134131 0.323927 0 -1.84784 -0.734841 0
0.115498 0.316191 0 -1.87859 -0.81378 0
0.096563 0.307624 0 -1.90819 -0.90101 0
0.0773405 0.298139 0 -1.93592 -0.997791 0
0.0578544 0.287632 0 -1.96073 -1.10561 0
0.0381405 0.275984 0 -1.98117 -1.22619 0
0.0182523 0.263059 0 -1.9952 -1.36155 0
-0.00173264 0.248696 0 -1.99995 -1.51392 0
-0.0217024 0.232716 0 -1.99136 -1.68569 0
-0.0414966 0.21491 0 -1.96373 -1.87915 0
-0.0608875 0.195055 0 -1.90915 -2.09593 0
-0.0795545 0.172914 0 -1.81693 -2.33591 0
-0.0970554 0.148272 0 -1.67339 -2.59533 0
-0.112799 0.120977 0 -1.46281 -2.86388 0
-0.12604 0.09103 0 -1.17101 -3.12132 0
-0.135929 0.0586918 0 -0.792851 -3.33611 0
-0.141652 0.0245767 0 -0.341941 -3.47053 0
-0.142648 -0.0103484 0 0.144649 -3.49473 0
-0.138812 -0.0449275 0 0.615789 -3.4028 0
-0.130536 -0.0780876 0 1.02665 -3.21633 0
-0.118561 -0.109062 0 1.35393 -2.97195 0
-0.103743 -0.137452 0 1.59626 -2.70486 0
-0.0868804 -0.163168 0 1.76525 -2.44 0
-0.0686296 -0.186308 0 1.87662 -2.19135 0
-0.0494907 -0.20707 0 1.94511 -1.96495 0
-0.0298302 -0.225686 0 1.98266 -1.76212 0
-0.00991053 -0.242387 0 1.99823 -1.58176 0
0.0100832 -0.257389 0 1.99837 -1.42177 0
0.0300211 -0.270882 0 1.98773 -1.27976 0
0.0498131 -0.283036 0 1.96963 -1.1534 0
0.0693968 -0.293996 0 1.94641 -1.0406 0
0.0887299 -0.303887 0 1.91974 -0.939515 0
0.107784 -0.31282 0 1.89081 -0.848554 0
0.126541 -0.320888 0 1.86047 -0.766374 0
0.144991 -0.328173 0 1.82932 -0.69183 0
0.163127 -0.334747 0 1.7978 -0.623953 0
0.180947 -0.340672 0 1.76622 -0.561921 0
0.198452 -0.346002 0 1.73481 -0.505033 0
0.215644 -0.350787 0 1.70372 -0.452693 0
0.232528 -0.35507 0 1.67307 -0.404388 0
0.249107 -0.358887 0 1.64292 -0.359678 0
0.265388 -0.362274 0 1.61333 -0.318183 0
0.281376 -0.36526 0 1.58432 -0.279575 0
0.297076 -0.367874 0 1.55592 -0.243565 0
0.312496 -0.37014 0 1.52812 -0.209904 0
0.327641 -0.372079 0 1.50093 -0.178371 0
0.342517 -0.373714 0 1.47434 -0.148775 0
0.35713 -0.375061 0 1.44834 -0.120943 0
0.371485 -0.376138 0 1.42292 -0.0947246 0
0.38559 -0.37696 0 1.39805 -0.0699852 0
0.399448 -0.377542 0 1.37373 -0.0466047 0
0.413066 -0.377896 0 1.34993 -0.0244759 0
0.426449 -0.378035 0 1.32664 -0.00350238 0
0.439601 -0.37797 0 1.30384 0.0164024 0
0.452527 -0.377711 0 1.28152 0.0353165 0
0.465232 -0.377267 0 1.25965 0.0533106 0
0.477721 -0.376647 0 1.23821 0.0704486 0
0.489998 -0.375861 0 1.2172 0.0867886 0
0.502067 -0.374914 0 1.1966 0.102384 0
0.513931 -0.373815 0 1.17638 0.117282 0
0.525596 -0.372571 0 1.15654 0.131527 0
0.537064 -0.371187 0 1.13707 0.145161 0
0.548338 -0.369669 0 1.11794 0.158219 0
0.559423 -0.368024 0 1.09914 0.170736 0
0.570322 -0.366256 0 1.08067 0.182743 0
0.581038 -0.364371 0 1.06251 0.194269 0
0.591573 -0.362373 0 1.04464 0.205341 0
0.601932 -0.360266 0 1.02707 0.215984 0
0.612116 -0.358054 0 1.00977 0.22622 0
0.622128 -0.355742 0 0.992735 0.236071 0
0.631971 -0.353334 0 0.97596 0.245557 0
0.641648 -0.350832 0 0.959432 0.254695 0
0.651161 -0.348241 0 0.943144 0.263503 0
0.660512 -0.345563 0 0.927086 0.271997 0
0.669703 -0.342802 0 0.911251 0.280192 0
0.678737 -0.339961 0 0.89563 0.288102 0
0.687616 -0.337041 0 0.880217 0.29574 0
0.696342 -0.334047 0 0.865003 0.303117 0
0.704917 -0.33098 0 0.849983 0.310246 0
0.713343 -0.327843 0 0.835149 0.317137 0
0.721621 -0.324638 0 0.820496 0.3238 0
0.729753 -0.321367 0 0.806017 0.330245 0
0.737742 -0.318033 0 0.791706 0.33648 0
0.745588 -0.314638 0 0.777558 0.342515 0
0.753293 -0.311184 0 0.763568 0.348356 0
0.76086 -0.307672 0 0.74973 0.354012 0
0.768289 -0.304104 0 0.736039 0.35949 0
0.775581 -0.300483 0 0.722491 0.364796 0
0.782739 -0.296809 0 0.709081 0.369936 0
0.789763 -0.293084 0 0.695804 0.374917 0
0.796655 -0.289311 0 0.682656 0.379744 0
0.803417 -0.28549 0 0.669634 0.384422 0
0.810048 -0.281623 0 0.656732 0.388957 0
0.816552 -0.277711 0 0.643948 0.393353 0
0.822928 -0.273756 0 0.631277 0.397615 0
0.829178 -0.26976 0 0.618716 0.401748 0
0.835302 -0.265722 0 0.606261 0.405755 0
0.841303 -0.261645 0 0.593909 0.40964 0
0.847181 -0.25753 0 0.581657 0.413407 0
0.852937 -0.253377 0 0.569502 0.41706 0
0.858571 -0.249189 0 0.55744 0.420602 0
0.864086 -0.244965 0 0.545469 0.424036 0
0.869481 -0.240708 0 0.533585 0.427366 0
0.874758 -0.236418 0 0.521787 0.430593 0
0.879917 -0.232097 0 0.51007 0.433722 0
0.88496 -0.227744 0 0.498434 0.436754 0
0.889886 -0.223362 0 0.486874 0.439692 0
0.894697 -0.218951 0 0.475389 0.442539 0
0.899394 -0.214512 0 0.463975 0.445296 0
0.903977 -0.210045 0 0.452632 0.447967 0
0.908447 -0.205552 0 0.441356 0.450552 0
0.912804 -0.201034 0 0.430146 0.453055 0
0.91705 -0.196492 0 0.418998 0.455477 0
0.921185 -0.191925 0 0.407912 0.45782 0
0.925208 -0.187336 0 0.396884 0.460085 0
0.929122 -0.182724 0 0.385914 0.462274 0
0.932927 -0.17809 0 0.374998 0.46439 0
0.936623 -0.173436 0 0.364135 0.466432 0
0.94021 -0.168762 0 0.353323 0.468403 0
0.943689 -0.164068 0 0.342561 0.470305 0
0.947061 -0.159356 0 0.331846 0.472138 0
0.950326 -0.154626 0 0.321176 0.473903 0
0.953485 -0.149878 0 0.310551 0.475603 0
0.956537 -0.145114 0 0.299968 0.477237 0
0.959484 -0.140334 0 0.289425 0.478808 0
0.962326 -0.135538 0 0.278921 0.480316 0
0.965063 -0.130728 0 0.268455 0.481762 0
0.967695 -0.125903 0 0.258024 0.483147 0
0.970224 -0.121065 0 0.247628 0.484472 0
0.972648 -0.116214 0 0.237264 0.485738 0
0.974969 -0.11135 0 0.226931 0.486945 0
0.977187 -0.106475 0 0.216628 0.488095 0
0.979302 -0.101589 0 0.206354 0.489187 0
0.981314 -0.0966914 0 0.196106 0.490224 0
0.983224 -0.0917842 0 0.185883 0.491204 0
0.985031 -0.086868 0 0.175685 0.49213 0
0.986737 -0.0819423 0 0.165509 0.493001 0
0.988342 -0.0770082 0 0.155354 0.493819 0
0.989845 -0.0720661 0 0.145219 0.494582 0
0.991246 -0.0671167 0 0.135103 0.495293 0
0.992547 -0.0621604 0 0.125003 0.495951 0
0.993746 -0.0571978 0 0.11492 0.496557 0
0.994845 -0.0522295 0 0.104851 0.497111 0
0.995843 -0.0472558 0 0.0947946 0.497614 0
0.996741 -0.0422774 0 0.0847507 0.498065 0
0.997538 -0.0372947 0 0.0747174 0.498466 0
0.998235 -0.0323082 0 0.0646935 0.498815 0
0.998832 -0.0273185 0 0.0546777 0.499114 0
0.999329 -0.0223261 0 0.0446688 0.499363 0
0.999726 -0.0173314 0 0.0346654 0.499561 0
1.00002 -0.012335 0 0.0246664 0.49971 0
1.00022 -0.00733741 0 0.0146705 0.499808 0
1.00032 -0.00233904 0 0.00467636 0.499856 0
1.00031 0.00265955 0 -0.00531716 0.499855 0
1.00021 0.00765789 0 -0.0153113 0.499803 0
1.00001 0.0126555 0 -0.0253074 0.499702 0
0.999703 0.0176518 0 -0.0353067 0.49955 0
0.9993 0.0226463 0 -0.0453104 0.499348 0
0.998797 0.0276386 0 -0.0553197 0.499097 0
0.998194 0.0326281 0 -0.065336 0.498794 0
0.99749 0.0376143 0 -0.0753605 0.498441 0
0.996687 0.0425967 0 -0.0853944 0.498038 0
0.995782 0.0475749 0 -0.095439 0.497583 0
0.994778 0.0525482 0 -0.105496 0.497077 0
0.993673 0.0575162 0 -0.115566 0.49652 0
0.992466 0.0624784 0 -0.12565 0.495911 0
0.991159 0.0674343 0 -0.135751 0.495249 0
0.989751 0.0723832 0 -0.145869 0.494535 0
0.988242 0.0773248 0 -0.156005 0.493768 0
0.986631 0.0822584 0 -0.166161 0.492947 0
0.984919 0.0871836 0 -0.176339 0.492072 0
0.983104 0.0920997 0 -0.186539 0.491143 0
0.981188 0.0970062 0 -0.196763 0.490159 0
0.979169 0.101903 0 -0.207013 0.489119 0
0.977048 0.106788 0 -0.217289 0.488023 0
0.974823 0.111663 0 -0.227594 0.486869 0
0.972496 0.116526 0 -0.237928 0.485658 0
0.970065 0.121376 0 -0.248294 0.484389 0
0.96753 0.126213 0 -0.258693 0.48306 0
0.964891 0.131037 0 -0.269126 0.481671 0
0.962147 0.135846 0 -0.279595 0.480221 0
0.959299 0.140641 0 -0.290101 0.478709 0
0.956345 0.14542 0 -0.300646 0.477135 0
0.953286 0.150184 0 -0.311232 0.475496 0
0.95012 0.15493 0 -0.32186 0.473792 0
0.946848 0.159659 0 -0.332532 0.472022 0
0.943469 0.16437 0 -0.34325 0.470185 0
0.939983 0.169063 0 -0.354016 0.468279 0
0.936389 0.173736 0 -0.364831 0.466303 0
0.932686 0.178389 0 -0.375697 0.464256 0
0.928875 0.183021 0 -0.386616 0.462136 0
0.924954 0.187631 0 -0.39759 0.459942 0
0.920923 0.192219 0 -0.408622 0.457672 0
0.916781 0.196784 0 -0.419712 0.455324 0
0.912528 0.201325 0 -0.430864 0.452897 0
0.908164 0.205842 0 -0.442078 0.450389 0
0.903687 0.210333 0 -0.453358 0.447798 0
0.899096 0.214798 0 -0.464706 0.445122 0
0.894392 0.219235 0 -0.476124 0.442359 0
0.889574 0.223644 0 -0.487613 0.439506 0
0.88464 0.228025 0 -0.499178 0.436562 0
0.87959 0.232375 0 -0.51082 0.433524 0
0.874423 0.236695 0 -0.522541 0.430389 0
0.869139 0.240983 0 -0.534345 0.427155 0
0.863736 0.245238 0 -0.546234 0.423819 0
0.858214 0.249459 0 -0.558211 0.420379 0
0.852571 0.253645 0 -0.570279 0.41683 0
0.846808 0.257795 0 -0.58244 0.413169 0
0.840922 0.261908 0 -0.594699 0.409395 0
0.834914 0.265983 0 -0.607057 0.405502 0
0.828781 0.270018 0 -0.619518 0.401487 0
0.822523 0.274012 0 -0.632086 0.397346 0
0.816139 0.277964 0 -0.644764 0.393075 0
0.809627 0.281873 0 -0.657556 0.38867 0
0.802987 0.285737 0 -0.670465 0.384126 0
0.796218 0.289555 0 -0.683496 0.379439 0
0.789317 0.293325 0 -0.696652 0.374602 0
0.782284 0.297047 0 -0.709937 0.369611 0
0.775118 0.300717 0 -0.723356 0.364461 0
0.767816 0.304335 0 -0.736913 0.359144 0
0.760379 0.307899 0 -0.750613 0.353655 0
0.752804 0.311408 0 -0.764461 0.347988 0
0.745089 0.314859 0 -0.778461 0.342134 0
0.737234 0.31825 0 -0.792619 0.336087 0
0.729236 0.32158 0 -0.80694 0.329838 0
0.721095 0.324846 0 -0.82143 0.32338 0
0.712807 0.328046 0 -0.836095 0.316702 0
0.704372 0.331179 0 -0.85094 0.309796 0
0.695788 0.334242 0 -0.865973 0.302652 0
0.687052 0.337231 0 -0.881199 0.295258 0
0.678163 0.340146 0 -0.896625 0.287604 0
0.669119 0.342983 0 -0.91226 0.279676 0
0.659917 0.345738 0 -0.928109 0.271462 0
0.650556 0.348411 0 -0.944181 0.262949 0
0.641033 0.350996 0 -0.960485 0.25412 0
0.631346 0.353492 0 -0.977028 0.24496 0
0.621492 0.355894 0 -0.993819 0.235451 0
0.611468 0.3582 0 -1.01087 0.225576 0
0.601273 0.360405 0 -1.02819 0.215315 0
0.590904 0.362505 0 -1.04578 0.204645 0
0.580357 0.364496 0 -1.06366 0.193545 0
0.569629 0.366374 0 -1.08184 0.181989 0
0.558719 0.368134 0 -1.10034 0.16995 0
0.547622 0.369772 0 -1.11915 0.157399 0
0.536335 0.371281 0 -1.1383 0.144305 0
0.524854 0.372656 0 -1.1578 0.130634 0
0.513177 0.373891 0 -1.17767 0.116348 0
0.5013 0.374981 0 -1.1979 0.101407 0
0.489218 0.375917 0 -1.21853 0.0857654 0
0.476928 0.376693 0 -1.23957 0.0693759 0
0.464425 0.377302 0 -1.26103 0.052185 0
0.451706 0.377734 0 -1.28293 0.0341341 0
0.438765 0.377981 0 -1.30529 0.0151588 0
0.425598 0.378034 0 -1.32812 -0.00481182 0
0.412201 0.377882 0 -1.35144 -0.0258565 0
0.398568 0.377513 0 -1.37527 -0.0480623 0
0.384694 0.376916 0 -1.39963 -0.0715263 0
0.370574 0.376078 0 -1.42453 -0.0963565 0
0.356202 0.374984 0 -1.44999 -0.122674 0
0.341572 0.373619 0 -1.47603 -0.150614 0
0.326679 0.371966 0 -1.50265 -0.180329 0
0.311517 0.370006 0 -1.52988 -0.211991 0
0.29608 0.367719 0 -1.55771 -0.245795 0
0.280361 0.365082 0 -1.58616 -0.281963 0
0.264354 0.362071 0 -1.6152 -0.320747 0
0.248055 0.358658 0 -1.64483 -0.362437 0
0.231456 0.354812 0 -1.67501 -0.407364 0
0.214553 0.350499 0 -1.7057 -0.455913 0
0.197341 0.34568 0 -1.73681 -0.508527 0
0.179816 0.340313 0 -1.76823 -0.565724 0
0.161976 0.334348 0 -1.79981 -0.628107 0
0.14382 0.327731 0 -1.83132 -0.696383 0
0.12535 0.320398 0 -1.86243 -0.771384 0
0.106574 0.312278 0 -1.89271 -0.854088 0
0.0875012 0.303287 0 -1.92152 -0.945651 0
0.0681512 0.293331 0 -1.94801 -1.04744 0
0.0485528 0.282299 0 -1.97096 -1.16104 0
0.0287495 0.270065 0 -1.98866 -1.28832 0
0.00880497 0.25648 0 -1.99872 -1.43141 0
-0.0111883 0.241376 0 -1.99775 -1.59262 0
-0.0310977 0.224559 0 -1.98099 -1.77435 0
-0.0507336 0.205814 0 -1.94178 -1.97867 0
-0.0698282 0.184907 0 -1.87094 -2.20655 0
-0.088007 0.161609 0 -1.75636 -2.45646 0
-0.10476 0.135726 0 -1.58317 -2.72197 0
-0.119423 0.107165 0 -1.33571 -2.98847 0
-0.131189 0.0760375 0 -1.0029 -3.23027 0
-0.139202 0.0427611 0 -0.5873 -3.41173 0
-0.142739 0.00812654 0 -0.11373 -3.49667 0
-0.141436 -0.0267802 0 0.371994 -3.465 0
-0.135431 -0.0608079 0 0.819088 -3.32446 0
-0.125306 -0.0930088 0 1.19188 -3.1059 0
-0.111884 -0.122792 0 1.47819 -2.84699 0
-0.0960111 -0.149919 0 1.68404 -2.57861 0
-0.0784232 -0.174399 0 1.82388 -2.32026 0
-0.0597013 -0.196391 0 1.91334 -2.08174 0
-0.040279 -0.216112 0 1.96595 -1.86651 0
-0.02047 -0.233799 0 1.99218 -1.67452 0
-0.000497207 -0.249675 0 1.9998 -1.50407 0
0.0194827 -0.263945 0 1.99438 -1.35288 0
0.0393602 -0.276789 0 1.97988 -1.21854 0
0.0590596 -0.288364 0 1.95914 -1.09884 0
0.0785288 -0.298808 0 1.93413 -0.991783 0
0.0977327 -0.308236 0 1.90627 -0.895661 0
0.116648 -0.316753 0 1.8766 -0.809002 0
0.135261 -0.324444 0 1.84582 -0.73056 0
0.153563 -0.331388 0 1.81446 -0.659276 0
0.17155 -0.33765 0 1.78289 -0.594254 0
0.189221 -0.343291 0 1.75137 -0.534732 0
0.206578 -0.348361 0 1.72011 -0.48006 0
0.223624 -0.352907 0 1.68922 -0.429685 0
0.240364 -0.356968 0 1.6588 -0.383128 0
0.256802 -0.360581 0 1.62892 -0.339981 0
0.272944 -0.363778 0 1.59961 -0.299887 0
0.288796 -0.366588 0 1.57089 -0.262539 0
0.304364 -0.369037 0 1.54278 -0.227667 0
0.319654 -0.371148 0 1.51528 -0.195037 0
0.334672 -0.372944 0 1.48838 -0.164441 0
0.349423 -0.374443 0 1.46208 -0.135697 0
0.363915 -0.375664 0 1.43636 -0.108645 0
0.378152 -0.376621 0 1.4112 -0.0831405 0
0.392141 -0.377331 0 1.3866 -0.0590566 0
0.405886 -0.377807 0 1.36253 -0.0362796 0
0.419393 -0.378061 0 1.33898 -0.0147073 0
0.432668 -0.378105 0 1.31593 0.00575162 0
0.445714 -0.377949 0 1.29336 0.0251797 0
0.458537 -0.377604 0 1.27126 0.0436514 0
0.47114 -0.377079 0 1.2496 0.061234 0
0.48353 -0.376383 0 1.22838 0.0779888 0
0.495709 -0.375522 0 1.20756 0.0939711 0
0.507683 -0.374506 0 1.18715 0.109232 0
0.519454 -0.37334 0 1.16712 0.123817 0
0.531026 -0.372031 0 1.14746 0.137769 0
0.542404 -0.370586 0 1.12815 0.151127 0
0.553591 -0.369011 0 1.10919 0.163926 0
0.564589 -0.36731 0 1.09055 0.176199 0
0.575403 -0.365488 0 1.07223 0.187976 0
0.586035 -0.363552 0 1.05421 0.199285 0
0.596488 -0.361504 0 1.03649 0.210152 0
0.606765 -0.35935 0 1.01905 0.220601 0
0.61687 -0.357093 0 1.00189 0.230653 0
0.626804 -0.354738 0 0.98498 0.24033 0
0.63657 -0.352288 0 0.968327 0.24965 0
0.646171 -0.349746 0 0.951918 0.258631 0
0.655609 -0.347117 0 0.935744 0.26729 0
0.664887 -0.344402 0 0.919796 0.275641 0
0.674006 -0.341605 0 0.904067 0.283701 0
0.682969 -0.338729 0 0.88855 0.291481 0
0.691778 -0.335776 0 0.873236 0.298995 0
0.700434 -0.33275 0 0.858119 0.306254 0
0.708941 -0.329652 0 0.843192 0.31327 0
0.717299 -0.326485 0 0.828448 0.320053 0
0.72551 -0.323251 0 0.813882 0.326613 0
0.733577 -0.319953 0 0.799488 0.332959 0
0.741501 -0.316593 0 0.785259 0.339099 0
0.749283 -0.313172 0 0.771191 0.345043 0
0.756925 -0.309693 0 0.757277 0.350797 0
0.764429 -0.306157 0 0.743513 0.356368 0
0.771796 -0.302566 0 0.729895 0.361765 0
0.779027 -0.298922 0 0.716417 0.366993 0
0.786125 -0.295227 0 0.703074 0.372058 0
0.793089 -0.291481 0 0.689863 0.376966 0
0.799922 -0.287688 0 0.676779 0.381723 0
0.806625 -0.283847 0 0.663818 0.386334 0
0.813199 -0.279962 0 0.650977 0.390804 0
0.819645 -0.276032 0 0.638251 0.395137 0
0.825965 -0.272059 0 0.625637 0.399339 0
0.832158 -0.268045 0 0.61313 0.403413 0
0.838228 -0.263991 0 0.600729 0.407363 0
0.844173 -0.259899 0 0.588429 0.411193 0
0.849996 -0.255768 0 0.576228 0.414907 0
0.855698 -0.251601 0 0.564121 0.418508 0
0.861279 -0.247398 0 0.552107 0.422 0
0.866741 -0.243161 0 0.540182 0.425385 0
0.872083 -0.238891 0 0.528343 0.428667 0
0.877308 -0.234588 0 0.516588 0.431849 0
0.882415 -0.230254 0 0.504914 0.434933 0
0.887406 -0.22589 0 0.493319 0.437922 0
0.892282 -0.221496 0 0.481799 0.440818 0
0.897042 -0.217074 0 0.470352 0.443623 0
0.901689 -0.212624 0 0.458977 0.446341 0
0.906222 -0.208147 0 0.447671 0.448972 0
0.910643 -0.203645 0 0.43643 0.45152 0
0.914951 -0.199117 0 0.425255 0.453986 0
0.919148 -0.194565 0 0.414141 0.456371 0
0.923234 -0.18999 0 0.403087 0.458678 0
0.92721 -0.185392 0 0.392091 0.460909 0
0.931076 -0.180772 0 0.381151 0.463065 0
0.934833 -0.176131 0 0.370266 0.465147 0
0.938482 -0.171469 0 0.359432 0.467157 0
0.942022 -0.166788 0 0.348648 0.469097 0
0.945455 -0.162088 0 0.337913 0.470968 0
0.94878 -0.157369 0 0.327225 0.47277 0
0.951999 -0.152632 0 0.316581 0.474506 0
0.955112 -0.147879 0 0.305981 0.476176 0
0.958119 -0.143109 0 0.295422 0.477782 0
0.961021 -0.138324 0 0.284903 0.479325 0
0.963817 -0.133523 0 0.274422 0.480805 0
0.966509 -0.128708 0 0.263978 0.482224 0
0.969097 -0.123879 0 0.253569 0.483582 0
0.971581 -0.119036 0 0.243193 0.484881 0
0.973961 -0.114181 0 0.232849 0.486121 0
0.976238 -0.109314 0 0.222536 0.487303 0
0.978412 -0.104435 0 0.212252 0.488428 0
0.980483 -0.0995456 0 0.201995 0.489496 0
0.982452 -0.0946455 0 0.191765 0.490508 0
0.984319 -0.0897356 0 0.181559 0.491465 0
0.986083 -0.0848164 0 0.171377 0.492367 0
0.987746 -0.0798885 0 0.161216 0.493215 0
0.989308 -0.0749523 0 0.151077 0.494009 0
0.990768 -0.0700085 0 0.140956 0.49475 0
0.992127 -0.0650575 0 0.130853 0.495438 0
0.993385 -0.0600999 0 0.120767 0.496074 0
0.994542 -0.0551362 0 0.110696 0.496657 0
0.995599 -0.0501669 0 0.10064 0.49719 0
0.996555 -0.0451926 0 0.0905954 0.49767 0
0.997411 -0.0402137 0 0.0805626 0.4981 0
0.998166 -0.0352308 0 0.0705399 0.498479 0
0.998822 -0.0302443 0 0.0605261 0.498807 0
0.999377 -0.0252548 0 0.0505198 0.499085 0
0.999832 -0.0202627 0 0.0405199 0.499313 0
1.00019 -0.0152687 0 0.030525 0.499491 0
1.00044 -0.0102731 0 0.0205339 0.499618 0
1.0006 -0.00527648 0 0.0105454 0.499696 0
1.00065 -0.000279345 0 0.000558261 0.499724 0
1.00061 0.00471782 0 -0.00942885 0.499701 0
1.00046 0.00971452 0 -0.0194171 0.499629 0
1.00022 0.0147102 0 -0.0294079 0.499507 0
0.999877 0.0197045 0 -0.0394022 0.499335 0
0.999433 0.0246968 0 -0.0494016 0.499113 0
0.998889 0.0296866 0 -0.059407 0.498841 0
0.998245 0.0346734 0 -0.06942 0.498518 0
0.9975 0.0396568 0 -0.0794416 0.498145 0
0.996656 0.0446362 0 -0.0894732 0.497721 0
0.995711 0.049611 0 -0.099516 0.497246 0
0.994665 0.0545809 0 -0.109571 0.49672 0
0.993519 0.0595453 0 -0.119641 0.496142 0
0.992273 0.0645036 0 -0.129725 0.495512 0
0.990925 0.0694553 0 -0.139826 0.494829 0
0.989476 0.0744 0 -0.149944 0.494094 0
0.987926 0.079337 0 -0.160082 0.493306 0
0.986274 0.0842659 0 -0.17024 0.492464 0
0.984521 0.0891861 0 -0.18042 0.491568 0
0.982666 0.0940971 0 -0.190623 0.490618 0
0.980709 0.0989983 0 -0.20085 0.489612 0
0.978649 0.103889 0 -0.211104 0.48855 0
0.976486 0.108769 0 -0.221385 0.487432 0
0.974221 0.113638 0 -0.231695 0.486256 0
0.971852 0.118494 0 -0.242035 0.485023 0
0.96938 0.123338 0 -0.252407 0.483731 0
0.966804 0.128168 0 -0.262812 0.482379 0
0.964124 0.132985 0 -0.273253 0.480967 0
0.961339 0.137788 0 -0.283729 0.479494 0
0.958449 0.142575 0 -0.294244 0.477958 0
0.955454 0.147347 0 -0.304798 0.476359 0
0.952353 0.152102 0 -0.315394 0.474696 0
0.949146 0.15684 0 -0.326033 0.472968 0
0.945832 0.161561 0 -0.336716 0.471173 0
0.942412 0.166264 0 -0.347446 0.46931 0
0.938883 0.170947 0 -0.358224 0.467378 0
0.935247 0.175611 0 -0.369052 0.465376 0
0.931502 0.180254 0 -0.379931 0.463301 0
0.927648 0.184877 0 -0.390865 0.461154 0
0.923685 0.189477 0 -0.401855 0.458932 0
0.919611 0.194055 0 -0.412902 0.456633 0
0.915426 0.19861 0 -0.424009 0.454256 0
0.91113 0.20314 0 -0.435178 0.4518 0
0.906723 0.207645 0 -0.44641 0.449261 0
0.902202 0.212125 0 -0.457709 0.446639 0
0.897568 0.216578 0 -0.469077 0.443932 0
0.89282 0.221003 0 -0.480515 0.441136 0
0.887958 0.2254 0 -0.492027 0.43825 0
0.882979 0.229768 0 -0.503614 0.435272 0
0.877885 0.234105 0 -0.515279 0.432199 0
0.872674 0.238412 0 -0.527024 0.429028 0
0.867344 0.242686 0 -0.538854 0.425758 0
0.861896 0.246926 0 -0.550769 0.422384 0
0.856329 0.251133 0 -0.562773 0.418904 0
0.850641 0.255304 0 -0.574869 0.415315 0
0.844831 0.259439 0 -0.58706 0.411614 0
0.838899 0.263536 0 -0.599348 0.407797 0
0.832844 0.267594 0 -0.611738 0.403861 0
0.826664 0.271613 0 -0.624232 0.399801 0
0.820359 0.27559 0 -0.636834 0.395614 0
0.813927 0.279525 0 -0.649548 0.391296 0
0.807367 0.283415 0 -0.662376 0.386841 0
0.800679 0.287261 0 -0.675323 0.382246 0
0.793861 0.29106 0 -0.688393 0.377506 0
0.786911 0.294811 0 -0.70159 0.372615 0
0.779828 0.298512 0 -0.714917 0.367567 0
0.772612 0.302161 0 -0.72838 0.362358 0
0.76526 0.305758 0 -0.741983 0.356981 0
0.757772 0.3093 0 -0.75573 0.351429 0
0.750145 0.312786 0 -0.769626 0.345696 0
0.742379 0.316214 0 -0.783677 0.339774 0
0.734471 0.319581 0 -0.797888 0.333656 0
0.726421 0.322886 0 -0.812263 0.327334 0
0.718225 0.326127 0 -0.82681 0.320799 0
0.709884 0.329301 0 -0.841533 0.314041 0
0.701394 0.332407 0 -0.856439 0.307052 0
0.692754 0.335442 0 -0.871535 0.29982 0
0.683963 0.338403 0 -0.886826 0.292335 0
0.675017 0.341288 0 -0.90232 0.284585 0
0.665916 0.344093 0 -0.918025 0.276558 0
0.656656 0.346818 0 -0.933948 0.26824 0
0.647236 0.349457 0 -0.950096 0.259616 0
0.637653 0.352009 0 -0.966478 0.250672 0
0.627906 0.35447 0 -0.983103 0.241391 0
0.61799 0.356836 0 -0.99998 0.231755 0
0.607905 0.359103 0 -1.01712 0.221746 0
0.597647 0.361269 0 -1.03453 0.211343 0
0.587214 0.363329 0 -1.05222 0.200524 0
0.576602 0.365278 0 -1.0702 0.189265 0
0.565809 0.367113 0 -1.08848 0.177542 0
0.554831 0.368827 0 -1.10708 0.165326 0
0.543666 0.370417 0 -1.12601 0.152587 0
0.53231 0.371877 0 -1.14528 0.139294 0
0.520759 0.373201 0 -1.1649 0.12541 0
0.509011 0.374383 0 -1.18489 0.110898 0
0.49706 0.375417 0 -1.20526 0.0957153 0
0.484904 0.376295 0 -1.22603 0.0798162 0
0.472538 0.377011 0 -1.24721 0.0631507 0
0.459959 0.377556 0 -1.26881 0.0456638 0
0.447161 0.377921 0 -1.29087 0.027295 0
0.43414 0.378098 0 -1.31338 0.00797771 0
0.420891 0.378077 0 -1.33638 -0.0123617 0
0.407411 0.377848 0 -1.35987 -0.0338048 0
0.393692 0.377397 0 -1.38388 -0.0564419 0
0.379731 0.376714 0 -1.40842 -0.0803738 0
0.365522 0.375785 0 -1.43351 -0.105713 0
0.351059 0.374595 0 -1.45917 -0.132585 0
0.336337 0.373128 0 -1.4854 -0.161131 0
0.321349 0.371366 0 -1.51223 -0.191511 0
0.30609 0.369291 0 -1.53967 -0.223903 0
0.290554 0.366881 0 -1.56771 -0.258512 0
0.274734 0.364113 0 -1.59636 -0.29557 0
0.258625 0.360961 0 -1.6256 -0.335341 0
0.24222 0.357396 0 -1.65542 -0.378129 0
0.225514 0.353387 0 -1.68578 -0.424284 0
0.208503 0.348898 0 -1.71662 -0.474209 0
0.191181 0.343889 0 -1.74785 -0.528372 0
0.173545 0.338314 0 -1.77935 -0.587319 0
0.155594 0.332124 0 -1.81092 -0.651688 0
0.137327 0.32526 0 -1.84232 -0.722227 0
0.118749 0.317656 0 -1.87319 -0.799817 0
0.0998668 0.309237 0 -1.90302 -0.885495 0
0.0806943 0.299915 0 -1.93112 -0.980485 0
0.0612534 0.289592 0 -1.95651 -1.08623 0
0.0415777 0.278149 0 -1.97782 -1.20442 0
0.0217169 0.265455 0 -1.99314 -1.337 0
0.00174385 0.251354 0 -1.99975 -1.48619 0
-0.0182365 0.235668 0 -1.99384 -1.65435 0
-0.0380735 0.218196 0 -1.97003 -1.84381 0
-0.0575529 0.198715 0 -1.92086 -2.05638 0
-0.0763726 0.176991 0 -1.83615 -2.29236 0
-0.094114 0.152799 0 -1.70274 -2.54881 0
-0.110213 0.125975 0 -1.5051 -2.81682 0
-0.123952 0.0964844 0 -1.22839 -3.07811 0
-0.134491 0.0645335 0 -0.865165 -3.30302 0
-0.140997 0.0306706 0 -0.425116 -3.45414 0
-0.142846 -0.00419245 0 0.058609 -3.49898 0
-0.139846 -0.0389151 0 0.536045 -3.42665 0
-0.132307 -0.0723905 0 0.959806 -3.25443 0
-0.120924 -0.103788 0 1.30237 -3.01757 0
-0.106548 -0.132649 0 1.55903 -2.75242 0
-0.0899971 -0.158834 0 1.73982 -2.48594 0
-0.0719533 -0.182417 0 1.86021 -2.23389 0
-0.0529435 -0.203585 0 1.93533 -2.00343 0
-0.0333559 -0.222565 0 1.97761 -1.79652 0
-0.0134689 -0.239591 0 1.99655 -1.61237 0
0.00652049 -0.254882 0 1.99905 -1.44899 0
0.026474 -0.268632 0 1.99006 -1.304 0
0.0462953 -0.281015 0 1.97311 -1.17507 0
0.0659179 -0.29218 0 1.95067 -1.06004 0
0.0852965 -0.302256 0 1.92454 -0.957019 0
0.104401 -0.311355 0 1.89596 -0.864388 0
0.123211 -0.319574 0 1.86583 -0.780757 0
0.141714 -0.326996 0 1.83481 -0.704949 0
0.159905 -0.333696 0 1.80334 -0.635967 0
0.177781 -0.339736 0 1.77178 -0.572964 0
0.195341 -0.345173 0 1.74034 -0.51522 0
0.212589 -0.350056 0 1.7092 -0.462122 0
0.229527 -0.354429 0 1.67848 -0.413143 0
0.24616 -0.358331 0 1.64825 -0.367831 0
0.262494 -0.361796 0 1.61857 -0.325798 0
0.278533 -0.364857 0 1.58948 -0.286704 0
0.294285 -0.367539 0 1.56098 -0.250257 0
0.309755 -0.36987 0 1.53309 -0.216201 0
0.324949 -0.371871 0 1.50581 -0.184309 0
0.339873 -0.373563 0 1.47913 -0.154386 0
0.354533 -0.374964 0 1.45303 -0.126255 0
0.368936 -0.376093 0 1.42752 -0.0997633 0
0.383086 -0.376965 0 1.40257 -0.074773 0
0.396989 -0.377593 0 1.37816 -0.0511616 0
0.410651 -0.377992 0 1.35429 -0.0288198 0
0.424076 -0.378174 0 1.33092 -0.00764946 0
0.437271 -0.378149 0 1.30805 0.0124376 0
0.450239 -0.377928 0 1.28565 0.031521 0
0.462985 -0.377521 0 1.26371 0.0496725 0
0.475515 -0.376938 0 1.24221 0.0669571 0
0.487831 -0.376185 0 1.22114 0.0834341 0
0.499939 -0.375271 0 1.20047 0.0991571 0
0.511842 -0.374204 0 1.1802 0.114175 0
0.523544 -0.37299 0 1.1603 0.128533 0
0.535049 -0.371636 0 1.14077 0.142272 0
0.546361 -0.370147 0 1.12159 0.15543 0
0.557482 -0.368529 0 1.10275 0.16804 0
0.568417 -0.366788 0 1.08423 0.180136 0
0.579168 -0.364928 0 1.06602 0.191745 0
0.589738 -0.362954 0 1.04812 0.202897 0
0.600131 -0.360871 0 1.0305 0.213614 0
0.610349 -0.358683 0 1.01316 0.223921 0
0.620395 -0.356394 0 0.996093 0.23384 0
0.630272 -0.354008 0 0.979282 0.243389 0
0.639982 -0.351528 0 0.962721 0.252588 0
0.649527 -0.348957 0 0.9464 0.261455 0
0.658911 -0.3463 0 0.930311 0.270004 0
0.668134 -0.343558 0 0.914446 0.278252 0
0.6772 -0.340735 0 0.898796 0.286212 0
0.686111 -0.337835 0 0.883356 0.293898 0
0.694868 -0.334858 0 0.868116 0.301322 0
0.703474 -0.331809 0 0.853071 0.308495 0
0.71193 -0.328689 0 0.838214 0.315428 0
0.720239 -0.325501 0 0.823538 0.322132 0
0.728401 -0.322247 0 0.809037 0.328617 0
0.73642 -0.31893 0 0.794706 0.33489 0
0.744296 -0.31555 0 0.780539 0.340961 0
0.752031 -0.312111 0 0.76653 0.346837 0
0.759627 -0.308614 0 0.752674 0.352527 0
0.767085 -0.305061 0 0.738966 0.358037 0
0.774407 -0.301454 0 0.725402 0.363374 0
0.781594 -0.297794 0 0.711976 0.368545 0
0.788647 -0.294084 0 0.698685 0.373555 0
0.795568 -0.290324 0 0.685523 0.378411 0
0.802358 -0.286516 0 0.672488 0.383117 0
0.809018 -0.282662 0 0.659574 0.387678 0
0.81555 -0.278763 0 0.646777 0.392101 0
0.821954 -0.27482 0 0.634095 0.396388 0
0.828232 -0.270836 0 0.621524 0.400545 0
0.834385 -0.26681 0 0.609059 0.404576 0
0.840414 -0.262744 0 0.596699 0.408484 0
0.846319 -0.258641 0 0.584438 0.412274 0
0.852103 -0.254499 0 0.572275 0.415949 0
0.857765 -0.250322 0 0.560205 0.419513 0
0.863307 -0.246109 0 0.548227 0.422968 0
0.86873 -0.241863 0 0.536337 0.426318 0
0.874034 -0.237583 0 0.524533 0.429565 0
0.879221 -0.233272 0 0.512811 0.432713 0
0.884291 -0.228929 0 0.50117 0.435765 0
0.889245 -0.224557 0 0.489606 0.438722 0
0.894083 -0.220155 0 0.478116 0.441587 0
0.898807 -0.215726 0 0.4667 0.444362 0
0.903417 -0.211268 0 0.455354 0.447051 0
0.907914 -0.206785 0 0.444075 0.449654 0
0.912299 -0.202276 0 0.432863 0.452174 0
0.916572 -0.197742 0 0.421713 0.454612 0
0.920734 -0.193184 0 0.410626 0.456972 0
0.924785 -0.188602 0 0.399597 0.459253 0
0.928726 -0.183999 0 0.388626 0.461459 0
0.932557 -0.179373 0 0.37771 0.46359 0
0.93628 -0.174727 0 0.366848 0.465648 0
0.939894 -0.170061 0 0.356037 0.467635 0
0.943401 -0.165375 0 0.345275 0.469552 0
0.9468 -0.16067 0 0.334562 0.4714 0
0.950092 -0.155947 0 0.323894 0.47318 0
0.953278 -0.151207 0 0.313271 0.474895 0
0.956358 -0.146449 0 0.30269 0.476544 0
0.959332 -0.141676 0 0.292151 0.478129 0
0.962201 -0.136887 0 0.28165 0.479651 0
0.964965 -0.132083 0 0.271187 0.481112 0
0.967625 -0.127265 0 0.260761 0.482511 0
0.970181 -0.122433 0 0.250369 0.48385 0
0.972632 -0.117588 0 0.24001 0.48513 0
0.974981 -0.112731 0 0.229682 0.486351 0
0.977226 -0.107861 0 0.219384 0.487515 0
0.979369 -0.102981 0 0.209115 0.488621 0
0.981409 -0.0980891 0 0.198874 0.489672 0
0.983346 -0.0931873 0 0.188657 0.490666 0
0.985182 -0.0882759 0 0.178465 0.491606 0
0.986916 -0.0833554 0 0.168296 0.492491 0
0.988548 -0.0784263 0 0.158149 0.493322 0
0.990079 -0.0734892 0 0.148022 0.494099 0
0.991508 -0.0685445 0 0.137913 0.494824 0
0.992837 -0.0635929 0 0.127822 0.495496 0
0.994065 -0.0586347 0 0.117747 0.496116 0
0.995192 -0.0536707 0 0.107687 0.496684 0
0.996219 -0.0487012 0 0.0976409 0.4972 0
0.997145 -0.0437269 0 0.0876067 0.497665 0
0.997971 -0.0387481 0 0.0775836 0.49808 0
0.998697 -0.0337654 0 0.0675702 0.498443 0
0.999322 -0.0287794 0 0.0575653 0.498757 0
0.999848 -0.0237905 0 0.0475676 0.49902 0
1.00027 -0.0187992 0 0.0375758 0.499232 0
1.0006 -0.013806 0 0.0275887 0.499395 0
1.00083 -0.00881145 0 0.017605 0.499508 0
1.00095 -0.00381601 0 0.00762355 0.499571 0
1.00098 0.0011798 0 -0.00235696 0.499584 0
1.0009 0.0061755 0 -0.0123378 0.499547 0
1.00073 0.0111706 0 -0.0223201 0.499461 0
1.00046 0.0161646 0 -0.0323052 0.499324 0
1.00009 0.0211569 0 -0.0422944 0.499138 0
0.999612 0.0261471 0 -0.0522888 0.498902 0
0.999039 0.0311348 0 -0.0622898 0.498615 0
0.998366 0.0361193 0 -0.0722986 0.498278 0
0.997593 0.0411002 0 -0.0823164 0.49789 0
0.99672 0.0460769 0 -0.0923445 0.497452 0
0.995746 0.051049 0 -0.102384 0.496963 0
0.994672 0.056016 0 -0.112437 0.496422 0
0.993498 0.0609773 0 -0.122504 0.49583 0
0.992222 0.0659324 0 -0.132586 0.495185 0
0.990846 0.0708808 0 -0.142685 0.494488 0
0.989368 0.075822 0 -0.152802 0.493739 0
0.98779 0.0807554 0 -0.162939 0.492936 0
0.98611 0.0856806 0 -0.173097 0.49208 0
0.984328 0.0905969 0 -0.183276 0.491169 0
0.982444 0.0955038 0 -0.193479 0.490203 0
0.980458 0.100401 0 -0.203708 0.489183 0
0.97837 0.105287 0 -0.213962 0.488106 0
0.976179 0.110163 0 -0.224244 0.486972 0
0.973885 0.115026 0 -0.234556 0.485782 0
0.971488 0.119878 0 -0.244898 0.484533 0
0.968987 0.124717 0 -0.255273 0.483225 0
0.966382 0.129542 0 -0.265681 0.481858 0
0.963673 0.134354 0 -0.276124 0.48043 0
0.960859 0.139151 0 -0.286605 0.47894 0
0.957941 0.143932 0 -0.297123 0.477388 0
0.954917 0.148698 0 -0.307682 0.475773 0
0.951787 0.153448 0 -0.318283 0.474093 0
0.948551 0.15818 0 -0.328927 0.472348 0
0.945208 0.162894 0 -0.339616 0.470535 0
0.941759 0.16759 0 -0.350352 0.468655 0
0.938201 0.172267 0 -0.361136 0.466705 0
0.934536 0.176924 0 -0.371971 0.464685 0
0.930762 0.181561 0 -0.382859 0.462593 0
0.926878 0.186176 0 -0.393801 0.460427 0
0.922885 0.190769 0 -0.404799 0.458185 0
0.918782 0.195339 0 -0.415855 0.455867 0
0.914568 0.199886 0 -0.426971 0.453471 0
0.910243 0.204409 0 -0.43815 0.450994 0
0.905805 0.208906 0 -0.449393 0.448435 0
0.901254 0.213377 0 -0.460704 0.445792 0
0.896591 0.217821 0 -0.472083 0.443063 0
0.891813 0.222238 0 -0.483533 0.440245 0
0.88692 0.226626 0 -0.495057 0.437337 0
0.881911 0.230984 0 -0.506658 0.434336 0
0.876786 0.235312 0 -0.518337 0.431239 0
0.871544 0.239609 0 -0.530097 0.428044 0
0.866184 0.243873 0 -0.541942 0.424749 0
0.860705 0.248103 0 -0.553873 0.42135 0
0.855106 0.2523 0 -0.565894 0.417844 0
0.849387 0.25646 0 -0.578007 0.414228 0
0.843546 0.260584 0 -0.590216 0.410499 0
0.837582 0.26467 0 -0.602523 0.406654 0
0.831495 0.268716 0 -0.614933 0.402688 0
0.825283 0.272723 0 -0.627447 0.398598 0
0.818946 0.276688 0 -0.640071 0.39438 0
0.812482 0.28061 0 -0.652806 0.39003 0
0.805889 0.284488 0 -0.665657 0.385542 0
0.799168 0.28832 0 -0.678628 0.380913 0
0.792316 0.292106 0 -0.691723 0.376137 0
0.785333 0.295843 0 -0.704945 0.371209 0
0.778217 0.29953 0 -0.718299 0.366124 0
0.770967 0.303165 0 -0.73179 0.360875 0
0.763581 0.306746 0 -0.745421 0.355457 0
0.756058 0.310273 0 -0.759198 0.349863 0
0.748396 0.313743 0 -0.773126 0.344086 0
0.740595 0.317154 0 -0.787209 0.338119 0
0.732652 0.320505 0 -0.801453 0.331954 0
0.724565 0.323793 0 -0.815863 0.325582 0
0.716334 0.327016 0 -0.830446 0.318995 0
0.707956 0.330172 0 -0.845207 0.312184 0
0.699429 0.333259 0 -0.860152 0.305139 0
0.690752 0.336274 0 -0.875288 0.297849 0
0.681923 0.339215 0 -0.890621 0.290303 0
0.672939 0.342079 0 -0.90616 0.282489 0
0.663799 0.344864 0 -0.92191 0.274395 0
0.6545 0.347566 0 -0.937879 0.266006 0
0.64504 0.350183 0 -0.954077 0.257309 0
0.635418 0.352711 0 -0.97051 0.248287 0
0.625629 0.355147 0 -0.987188 0.238925 0
0.615673 0.357488 0 -1.00412 0.229204 0
0.605546 0.35973 0 -1.02132 0.219105 0
0.595246 0.361869 0 -1.03878 0.208606 0
0.58477 0.363901 0 -1.05654 0.197687 0
0.574113 0.365822 0 -1.07458 0.186322 0
0.563276 0.367626 0 -1.09294 0.174486 0
0.552253 0.36931 0 -1.11161 0.162151 0
0.541043 0.370867 0 -1.13061 0.149286 0
0.52964 0.372294 0 -1.14995 0.135859 0
0.518042 0.373583 0 -1.16965 0.121833 0
0.506246 0.374728 0 -1.18972 0.107168 0
0.494247 0.375724 0 -1.21018 0.0918232 0
0.482041 0.376562 0 -1.23104 0.0757506 0
0.469625 0.377236 0 -1.25231 0.0588993 0
0.456993 0.377737 0 -1.27401 0.0412131 0
0.444143 0.378057 0 -1.29617 0.0226302 0
0.431068 0.378187 0 -1.31879 0.00308233 0
0.417765 0.378116 0 -1.34189 -0.0175058 0
0.404229 0.377833 0 -1.3655 -0.0392176 0
0.390454 0.377327 0 -1.38962 -0.0621459 0
0.376435 0.376586 0 -1.41428 -0.0863939 0
0.362166 0.375595 0 -1.4395 -0.112077 0
0.347643 0.374339 0 -1.46528 -0.139324 0
0.332859 0.372802 0 -1.49165 -0.168281 0
0.317808 0.370967 0 -1.51861 -0.19911 0
0.302485 0.368813 0 -1.54618 -0.231998 0
0.286882 0.36632 0 -1.57436 -0.267153 0
0.270995 0.363462 0 -1.60314 -0.304815 0
0.254818 0.360214 0 -1.63251 -0.345257 0
0.238343 0.356547 0 -1.66246 -0.388793 0
0.221567 0.352427 0 -1.69293 -0.435784 0
0.204483 0.347818 0 -1.72386 -0.486647 0
0.187089 0.342679 0 -1.75515 -0.541867 0
0.16938 0.336964 0 -1.78667 -0.602011 0
0.151355 0.330621 0 -1.81823 -0.667739 0
0.133016 0.323588 0 -1.84953 -0.739828 0
0.114367 0.3158 0 -1.8802 -0.819194 0
0.0954159 0.307177 0 -1.90969 -0.906913 0
0.0761793 0.29763 0 -1.93724 -1.00426 0
0.0566809 0.287055 0 -1.96182 -1.11273 0
0.0369578 0.275332 0 -1.98192 -1.23407 0
0.0170643 0.262324 0 -1.99548 -1.37029 0
-0.00292029 0.247869 0 -1.99956 -1.52366 0
-0.0228817 0.231786 0 -1.99002 -1.69655 0
-0.0426563 0.213866 0 -1.96107 -1.89124 0
-0.0620119 0.193883 0 -1.90465 -2.10928 0
-0.080622 0.171603 0 -1.80991 -2.35041 0
-0.0980366 0.146811 0 -1.66301 -2.61059 0
-0.113656 0.119363 0 -1.44821 -2.87903 0
-0.126727 0.0892713 0 -1.15164 -3.13488 0
-0.1364 0.0568139 0 -0.768928 -3.34604 0
-0.141866 0.0226262 0 -0.315 -3.47482 0
-0.142589 -0.0123088 0 0.17192 -3.49237 0
-0.13849 -0.046833 0 0.640524 -3.39441 0
-0.129988 -0.0798866 0 1.04695 -3.20378 0
-0.117835 -0.110723 0 1.36926 -2.9574 0
-0.102887 -0.138966 0 1.60706 -2.69002 0
-0.0859355 -0.164536 0 1.77241 -2.42589 0
-0.0676275 -0.187541 0 1.88103 -2.17848 0
-0.048455 -0.208181 0 1.94754 -1.95347 0
-0.0287777 -0.226689 0 1.98368 -1.75199 0
-0.00885296 -0.243296 0 1.99828 -1.57288 0
0.0111376 -0.258214 0 1.99774 -1.414 0
0.0310669 -0.271635 0 1.98665 -1.27295 0
0.0508464 -0.283725 0 1.96825 -1.14743 0
0.0704152 -0.294629 0 1.94483 -1.03535 0
0.0897318 -0.304471 0 1.91804 -0.934888 0
0.108769 -0.31336 0 1.88904 -0.844465 0
0.127508 -0.321389 0 1.85867 -0.762752 0
0.145939 -0.32864 0 1.82751 -0.688614 0
0.164057 -0.335184 0 1.79601 -0.621093 0
0.18186 -0.341082 0 1.76446 -0.559373 0
0.199347 -0.346388 0 1.73309 -0.50276 0
0.216522 -0.351152 0 1.70205 -0.450663 0
0.23339 -0.355415 0 1.67144 -0.402574 0
0.249953 -0.359215 0 1.64135 -0.358058 0
0.266218 -0.362587 0 1.61181 -0.316736 0
0.282191 -0.36556 0 1.58286 -0.278282 0
0.297877 -0.368161 0 1.55451 -0.242412 0
0.313283 -0.370416 0 1.52676 -0.208878 0
0.328415 -0.372346 0 1.49963 -0.17746 0
0.343278 -0.373971 0 1.47309 -0.147968 0
0.357879 -0.375311 0 1.44714 -0.120231 0
0.372223 -0.376381 0 1.42176 -0.0941 0
0.386316 -0.377198 0 1.39695 -0.0694403 0
0.400163 -0.377775 0 1.37267 -0.0461331 0
0.413771 -0.378125 0 1.34892 -0.0240716 0
0.427144 -0.37826 0 1.32567 -0.00316022 0
0.440286 -0.378192 0 1.30292 0.0166871 0
0.453203 -0.37793 0 1.28063 0.0355481 0
0.4659 -0.377484 0 1.2588 0.0534929 0
0.478381 -0.376863 0 1.23741 0.0705852 0
0.49065 -0.376075 0 1.21644 0.0868827 0
0.502711 -0.375127 0 1.19587 0.102438 0
0.514569 -0.374028 0 1.17569 0.117299 0
0.526226 -0.372784 0 1.15589 0.13151 0
0.537687 -0.3714 0 1.13644 0.145112 0
0.548956 -0.369883 0 1.11735 0.158139 0
0.560036 -0.368239 0 1.09859 0.170628 0
0.570929 -0.366472 0 1.08014 0.182609 0
0.58164 -0.364588 0 1.06201 0.19411 0
