0.999948 0.00509991 0 -0.0102002 0.499974 0
0.999797 0.0100993 0 -0.0202017 0.499898 0
0.999545 0.0150977 0 -0.0302057 0.499773 0
0.999198 0.0200447 0 -0.0401133 0.499599 0
0.998747 0.0250396 0 -0.050126 0.499373 0
0.998196 0.030032 0 -0.060145 0.499097 0
0.997545 0.0350214 0 -0.0701715 0.49877 0
0.996794 0.0400073 0 -0.0802068 0.498393 0
0.995942 0.0449891 0 -0.0902521 0.497965 0
0.99499 0.0499664 0 -0.100309 0.497485 0
0.993937 0.0549387 0 -0.110378 0.496955 0
0.992783 0.0599054 0 -0.120461 0.496372 0
0.991529 0.064866 0 -0.13056 0.495737 0
0.990173 0.06982 0 -0.140675 0.49505 0
0.988701 0.0748163 0 -0.150909 0.494302 0
0.987142 0.0797555 0 -0.161062 0.493508 0
0.985481 0.0846864 0 -0.171235 0.49266 0
0.983718 0.0896086 0 -0.18143 0.491758 0
0.981853 0.0945215 0 -0.191648 0.490801 0
0.979886 0.0994245 0 -0.201891 0.489789 0
0.977816 0.104317 0 -0.21216 0.48872 0
0.975644 0.109199 0 -0.222457 0.487595 0
0.973368 0.114069 0 -0.232783 0.486413 0
0.970989 0.118927 0 -0.243139 0.485172 0
0.968506 0.123772 0 -0.253527 0.483872 0
0.965919 0.128604 0 -0.263949 0.482513 0
0.963228 0.133423 0 -0.274406 0.481093 0
0.960432 0.138226 0 -0.2849 0.479611 0
0.957531 0.143015 0 -0.295431 0.478067 0
0.954524 0.147788 0 -0.306003 0.476459 0
0.951412 0.152544 0 -0.316616 0.474787 0
0.948193 0.157283 0 -0.327273 0.473049 0
0.944867 0.162005 0 -0.337974 0.471245 0
0.941434 0.166708 0 -0.348722 0.469372 0
0.937894 0.171392 0 -0.359519 0.46743 0
0.934245 0.176057 0 -0.370366 0.465417 0
0.930487 0.180701 0 -0.381265 0.463332 0
0.926621 0.185323 0 -0.392218 0.461174 0
0.922644 0.189924 0 -0.403227 0.45894 0
0.918557 0.194502 0 -0.414294 0.45663 0
0.914359 0.199057 0 -0.425422 0.454241 0
0.910049 0.203587 0 -0.436611 0.451771 0
0.905628 0.208092 0 -0.447865 0.44922 0
0.901093 0.212571 0 -0.459185 0.446585 0
0.896445 0.217024 0 -0.470575 0.443863 0
0.891682 0.221448 0 -0.482035 0.441053 0
0.886805 0.225845 0 -0.493569 0.438152 0
0.881812 0.230211 0 -0.505179 0.435159 0
0.876702 0.234548 0 -0.516868 0.43207 0
0.871476 0.238853 0 -0.528637 0.428883 0
0.866131 0.243125 0 -0.540491 0.425596 0
0.860667 0.247365 0 -0.552431 0.422204 0
0.855083 0.25157 0 -0.56446 0.418707 0
0.849378 0.255739 0 -0.576582 0.415099 0
0.843552 0.259872 0 -0.588799 0.411379 0
0.837603 0.263966 0 -0.601114 0.407541 0
0.831531 0.268022 0 -0.613531 0.403584 0
0.825333 0.272038 0 -0.626054 0.399503 0
0.819011 0.276012 0 -0.638684 0.395293 0
0.812561 0.279944 0 -0.651427 0.390952 0
0.805983 0.283831 0 -0.664285 0.386473 0
0.799276 0.287673 0 -0.677262 0.381853 0
0.792439 0.291468 0 -0.690363 0.377087 0
0.78547 0.295215 0 -0.703592 0.372169 0
0.778368 0.298912 0 -0.716952 0.367093 0
0.771131 0.302557 0 -0.730448 0.361855 0
0.76376 0.306149 0 -0.744085 0.356447 0
0.756251 0.309686 0 -0.757867 0.350864 0
0.748603 0.313166 0 -0.7718 0.345098 0
0.740815 0.316588 0 -0.785888 0.339141 0
0.732886 0.319949 0 -0.800136 0.332988 0
0.724814 0.323247 0 -0.81455 0.326628 0
0.716596 0.326481 0 -0.829137 0.320053 0
0.708232 0.329648 0 -0.843901 0.313255 0
0.699719 0.332746 0 -0.858849 0.306223 0
0.691056 0.335773 0 -0.873988 0.298946 0
0.68224 0.338725 0 -0.889324 0.291414 0
0.67327 0.341601 0 -0.904864 0.283615 0
0.664144 0.344397 0 -0.920616 0.275536 0
0.654859 0.347112 0 -0.936586 0.267164 0
0.645413 0.34974 0 -0.952785 0.258483 0
0.635804 0.352281 0 -0.969218 0.249479 0
0.626029 0.35473 0 -0.985896 0.240135 0
0.616087 0.357083 0 -1.00283 0.230433 0
0.605973 0.359338 0 -1.02002 0.220354 0
0.595687 0.36149 0 -1.03749 0.209876 0
0.585225 0.363535 0 -1.05524 0.198979 0
0.574583 0.365469 0 -1.07328 0.187638 0
0.56376 0.367288 0 -1.09163 0.175828 0
0.552751 0.368986 0 -1.1103 0.163519 0
0.541555 0.370558 0 -1.12929 0.150682 0
0.530166 0.371999 0 -1.14863 0.137284 0
0.518583 0.373303 0 -1.16832 0.123289 0
0.5068 0.374464 0 -1.18839 0.108658 0
0.494816 0.375475 0 -1.20884 0.0933486 0
0.482624 0.37633 0 -1.22968 0.0773142 0
0.470223 0.37702 0 -1.25095 0.0605039 0
0.457606 0.377539 0 -1.27264 0.0428617 0
0.444771 0.377877 0 -1.29478 0.0243262 0
0.431711 0.378024 0 -1.31739 0.00482945 0
0.418423 0.377972 0 -1.34048 -0.0157033 0
0.404902 0.377708 0 -1.36407 -0.0373552 0
0.391143 0.377223 0 -1.38818 -0.0602183 0
0.377139 0.376502 0 -1.41282 -0.0843952 0
0.362887 0.375533 0 -1.43802 -0.110001 0
0.34838 0.374299 0 -1.46378 -0.137163 0
0.333612 0.372786 0 -1.49013 -0.166026 0
0.318578 0.370976 0 -1.51707 -0.196752 0
0.303271 0.368848 0 -1.54462 -0.229525 0
0.287686 0.366381 0 -1.57277 -0.264554 0
0.271816 0.363552 0 -1.60153 -0.302075 0
0.255656 0.360334 0 -1.63088 -0.342359 0
0.2392 0.356699 0 -1.6608 -0.385718 0
0.222442 0.352613 0 -1.69125 -0.432509 0
0.205376 0.348041 0 -1.72216 -0.483146 0
0.188 0.342941 0 -1.75345 -0.538109 0
0.17031 0.337268 0 -1.78497 -0.597959 0
0.152304 0.33097 0 -1.81652 -0.663349 0
0.133983 0.323987 0 -1.84785 -0.735049 0
0.115352 0.316252 0 -1.87856 -0.813963 0
0.0964188 0.307688 0 -1.90813 -0.901156 0
0.0771985 0.298206 0 -1.93581 -0.997885 0
0.0577148 0.287704 0 -1.96058 -1.10563 0
0.0380037 0.276063 0 -1.98097 -1.22612 0
0.0181183 0.263145 0 -1.99497 -1.36133 0
-0.00186391 0.248794 0 -1.99969 -1.51351 0
-0.0218314 0.232827 0 -1.99109 -1.68502 0
-0.0416245 0.21504 0 -1.96352 -1.87812 0
-0.0610166 0.195208 0 -1.90909 -2.09441 0
-0.0796891 0.173097 0 -1.8172 -2.33376 0
-0.0972026 0.148492 0 -1.6743 -2.5924 0
-0.112971 0.121244 0 -1.46484 -2.86007 0
-0.126255 0.0913526 0 -1.17486 -3.11673 0
-0.136214 0.0590731 0 -0.799297 -3.33119 0
-0.142039 0.0250118 0 -0.351622 -3.46622 0
-0.143172 -0.00987722 0 0.131641 -3.4923 0
-0.139504 -0.044451 0 0.600089 -3.40344 0
-0.131414 -0.0776449 0 1.00938 -3.22069 0
-0.11963 -0.108693 0 1.33627 -2.98006 0
-0.104999 -0.137195 0 1.57911 -2.71631 0
-0.0883118 -0.163053 0 1.74917 -2.45423 0
-0.0702207 -0.186359 0 1.8619 -2.20782 0
-0.0512252 -0.207306 0 1.93185 -1.98319 0
-0.031692 -0.226121 0 1.97086 -1.78174 0
-0.011884 -0.243034 0 1.98785 -1.60249 0
0.00801255 -0.258255 0 1.98933 -1.44338 0
0.027867 -0.271976 0 1.97996 -1.30209 0
0.0475881 -0.284362 0 1.96305 -1.17632 0
0.0671128 -0.295559 0 1.94096 -1.064 0
0.086398 -0.305691 0 1.91534 -0.96332 0
0.105415 -0.314868 0 1.88741 -0.872701 0
0.124144 -0.323183 0 1.85801 -0.790809 0
0.142575 -0.330718 0 1.82776 -0.716512 0
0.160701 -0.337543 0 1.79709 -0.648846 0
0.17852 -0.34372 0 1.76633 -0.586996 0
0.196031 -0.349305 0 1.7357 -0.530266 0
0.213238 -0.354346 0 1.70537 -0.478062 0
0.230143 -0.358885 0 1.67544 -0.429874 0
0.246751 -0.36296 0 1.64599 -0.385267 0
0.263067 -0.366605 0 1.61707 -0.34386 0
0.279097 -0.369851 0 1.58872 -0.305328 0
0.294846 -0.372724 0 1.56095 -0.269383 0
0.310321 -0.37525 0 1.53378 -0.235778 0
0.325527 -0.37745 0 1.50719 -0.204293 0
0.340469 -0.379345 0 1.48119 -0.174735 0
0.355155 -0.380954 0 1.45577 -0.146936 0
0.369589 -0.382292 0 1.4309 -0.120743 0
0.383777 -0.383376 0 1.40659 -0.0960235 0
0.397725 -0.384219 0 1.38281 -0.0726574 0
0.411438 -0.384836 0 1.35954 -0.0505379 0
0.42492 -0.385236 0 1.33678 -0.0295692 0
0.438177 -0.385432 0 1.31449 -0.00966483 0
0.451213 -0.385435 0 1.29267 0.00925292 0
0.464034 -0.385252 0 1.2713 0.0272544 0
0.476643 -0.384894 0 1.25036 0.0444034 0
0.489045 -0.384369 0 1.22983 0.0607579 0
0.501243 -0.383683 0 1.20971 0.0763704 0
0.513242 -0.382845 0 1.18997 0.0912892 0
0.525046 -0.381861 0 1.1706 0.105558 0
0.536657 -0.380737 0 1.15158 0.119218 0
0.54808 -0.37948 0 1.13291 0.132305 0
0.559318 -0.378094 0 1.11457 0.144853 0
0.570375 -0.376586 0 1.09655 0.156894 0
0.581252 -0.374959 0 1.07884 0.168456 0
0.591954 -0.373219 0 1.06142 0.179567 0
0.602483 -0.37137 0 1.04428 0.190251 0
0.612842 -0.369417 0 1.02742 0.20053 0
0.623034 -0.367362 0 1.01083 0.210426 0
0.633061 -0.36521 0 0.994485 0.219958 0
0.642926 -0.362965 0 0.978388 0.229145 0
0.652632 -0.360629 0 0.962529 0.238005 0
0.662179 -0.358207 0 0.946898 0.246552 0
0.671572 -0.3557 0 0.931488 0.254801 0
0.680811 -0.353112 0 0.916291 0.262768 0
0.6899 -0.350447 0 0.9013 0.270464 0
0.698839 -0.347705 0 0.886507 0.277901 0
0.707632 -0.34489 0 0.871906 0.285092 0
0.71628 -0.342004 0 0.857491 0.292047 0
0.724784 -0.339051 0 0.843256 0.298776 0
0.733147 -0.33603 0 0.829193 0.305288 0
0.74137 -0.332946 0 0.815299 0.311593 0
0.749455 -0.3298 0 0.801567 0.317698 0
0.757403 -0.326593 0 0.787992 0.323613 0
0.765216 -0.323329 0 0.774569 0.329343 0
0.772896 -0.320008 0 0.761293 0.334897 0
0.780444 -0.316632 0 0.748159 0.34028 0
0.787861 -0.313203 0 0.735163 0.3455 0
0.795149 -0.309723 0 0.722301 0.350562 0
0.802309 -0.306193 0 0.709568 0.355472 0
0.809272 -0.30265 0 0.697086 0.360188 0
0.816181 -0.299026 0 0.684599 0.364811 0
0.822966 -0.295355 0 0.672229 0.369297 0
0.829627 -0.291641 0 0.659973 0.373651 0
0.836167 -0.287883 0 0.647828 0.377877 0
0.842586 -0.284084 0 0.63579 0.381979 0
0.848884 -0.280244 0 0.623856 0.385961 0
0.855064 -0.276365 0 0.612023 0.389827 0
0.861126 -0.272448 0 0.600287 0.39358 0
0.867071 -0.268495 0 0.588646 0.397224 0
0.872901 -0.264505 0 0.577097 0.400763 0
0.878615 -0.26048 0 0.565637 0.404198 0
0.884215 -0.256421 0 0.554263 0.407534 0
0.889702 -0.25233 0 0.542973 0.410772 0
0.895076 -0.248207 0 0.531763 0.413916 0
0.900338 -0.244052 0 0.520633 0.416968 0
0.90549 -0.239868 0 0.509578 0.419931 0
0.910531 -0.235654 0 0.498598 0.422807 0
0.915463 -0.231412 0 0.487689 0.425598 0
0.920286 -0.227143 0 0.476849 0.428306 0
0.925001 -0.222847 0 0.466077 0.430933 0
0.929609 -0.218525 0 0.45537 0.433481 0
0.93411 -0.214178 0 0.444726 0.435953 0
0.938505 -0.209806 0 0.434143 0.438349 0
0.942794 -0.205411 0 0.42362 0.440672 0
0.946978 -0.200993 0 0.413154 0.442924 0
0.951058 -0.196553 0 0.402743 0.445104 0
0.955035 -0.192091 0 0.392386 0.447217 0
0.958907 -0.187609 0 0.38208 0.449261 0
0.962677 -0.183107 0 0.371825 0.45124 0
0.966345 -0.178585 0 0.361619 0.453154 0
0.969911 -0.174044 0 0.351459 0.455005 0
0.973375 -0.169485 0 0.341345 0.456793 0
0.976739 -0.164908 0 0.331274 0.45852 0
0.980002 -0.160315 0 0.321245 0.460187 0
0.983165 -0.155705 0 0.311257 0.461795 0
0.986228 -0.151079 0 0.301308 0.463345 0
0.989192 -0.146439 0 0.291397 0.464838 0
0.992057 -0.141783 0 0.281522 0.466275 0
0.994824 -0.137113 0 0.271682 0.467657 0
0.997492 -0.13243 0 0.261875 0.468984 0
1.00006 -0.127734 0 0.2521 0.470257 0
1.00254 -0.123025 0 0.242356 0.471478 0
1.00491 -0.118305 0 0.232642 0.472646 0
1.00719 -0.113573 0 0.222955 0.473762 0
1.00937 -0.10883 0 0.213296 0.474828 0
1.01146 -0.104076 0 0.203662 0.475843 0
1.01345 -0.0993132 0 0.194052 0.476809 0
1.01534 -0.0945405 0 0.184465 0.477725 0
1.01714 -0.0897589 0 0.174901 0.478592 0
1.01884 -0.0849689 0 0.165357 0.479412 0
1.02044 -0.0801709 0 0.155832 0.480183 0
1.02195 -0.0753655 0 0.146326 0.480907 0
1.02337 -0.070553 0 0.136837 0.481585 0
1.02469 -0.065734 0 0.127364 0.482215 0
1.02592 -0.0609089 0 0.117906 0.4828 0
1.02705 -0.0560782 0 0.108461 0.483338 0
1.02809 -0.0512424 0 0.0990292 0.483831 0
1.02903 -0.0464018 0 0.0896089 0.484278 0
1.02988 -0.041557 0 0.0801989 0.48468 0
1.03064 -0.0367084 0 0.0707981 0.485038 0
1.0313 -0.0318564 0 0.0614056 0.48535 0
1.03187 -0.0270015 0 0.0520202 0.485618 0
1.03234 -0.0221442 0 0.0426407 0.485842 0
1.03272 -0.0172849 0 0.0332662 0.486021 0
1.03301 -0.012424 0 0.0238955 0.486156 0
1.0332 -0.00756192 0 0.0145275 0.486247 0
1.0333 -0.00269918 0 0.00516128 0.486294 0
1.0333 0.0021638 0 -0.00420438 0.486296 0
1.03322 0.0070266 0 -0.0135705 0.486255 0
1.03303 0.0118888 0 -0.0229382 0.486169 0
1.03276 0.0167498 0 -0.0323085 0.48604 0
1.03239 0.0216094 0 -0.0416825 0.485866 0
1.03193 0.026467 0 -0.0510613 0.485647 0
1.03137 0.0313222 0 -0.0604459 0.485385 0
1.03072 0.0361746 0 -0.0698375 0.485078 0
1.02997 0.0410237 0 -0.0792372 0.484726 0
1.02913 0.045869 0 -0.088646 0.484329 0
1.0282 0.0507102 0 -0.098065 0.483887 0
1.02717 0.0555466 0 -0.107495 0.4834 0
1.02605 0.060378 0 -0.116938 0.482867 0
1.02483 0.0652039 0 -0.126395 0.482288 0
1.02352 0.0700237 0 -0.135866 0.481663 0
1.02212 0.0748371 0 -0.145353 0.480991 0
1.02062 0.0796434 0 -0.154857 0.480273 0
1.01902 0.0844424 0 -0.164379 0.479507 0
1.01733 0.0892335 0 -0.173921 0.478693 0
1.01554 0.0940162 0 -0.183483 0.477832 0
1.01366 0.0987901 0 -0.193067 0.476921 0
1.01168 0.103555 0 -0.202673 0.475962 0
1.00961 0.108309 0 -0.212304 0.474952 0
1.00744 0.113054 0 -0.221961 0.473893 0
1.00517 0.117787 0 -0.231644 0.472782 0
1.00281 0.122509 0 -0.241355 0.471621 0
1.00035 0.127219 0 -0.251095 0.470406 0
0.997786 0.131917 0 -0.260866 0.46914 0
0.995129 0.136602 0 -0.270669 0.467819 0
0.992374 0.141274 0 -0.280505 0.466444 0
0.98952 0.145931 0 -0.290375 0.465014 0
0.986567 0.150574 0 -0.300282 0.463528 0
0.983515 0.155201 0 -0.310226 0.461984 0
0.980363 0.159813 0 -0.320209 0.460383 0
0.977112 0.164409 0 -0.330233 0.458723 0
0.973759 0.168988 0 -0.340298 0.457003 0
0.970306 0.173549 0 -0.350407 0.455222 0
0.966752 0.178092 0 -0.360561 0.453379 0
0.963096 0.182617 0 -0.370761 0.451473 0
0.959338 0.187122 0 -0.38101 0.449502 0
0.955477 0.191607 0 -0.391309 0.447465 0
0.951512 0.196071 0 -0.40166 0.445361 0
0.947444 0.200514 0 -0.412064 0.443189 0
0.943272 0.204935 0 -0.422523 0.440946 0
0.938995 0.209333 0 -0.433039 0.438632 0
0.934612 0.213707 0 -0.443614 0.436244 0
0.930123 0.218058 0 -0.45425 0.433782 0
0.925528 0.222383 0 -0.464949 0.431243 0
0.920825 0.226683 0 -0.475713 0.428625 0
0.916015 0.230956 0 -0.486544 0.425927 0
0.911095 0.235201 0 -0.497444 0.423146 0
0.906067 0.239418 0 -0.508415 0.420281 0
0.900928 0.243607 0 -0.51946 0.417329 0
0.895678 0.247765 0 -0.530581 0.414288 0
0.890317 0.251893 0 -0.54178 0.411155 0
0.884843 0.255988 0 -0.55306 0.407928 0
0.879257 0.260051 0 -0.564423 0.404604 0
0.873556 0.26408 0 -0.575873 0.401181 0
0.86774 0.268075 0 -0.58741 0.397655 0
0.861808 0.272033 0 -0.59904 0.394024 0
0.85576 0.275955 0 -0.610763 0.390284 0
0.849594 0.279839 0 -0.622584 0.386432 0
0.843309 0.283684 0 -0.634504 0.382464 0
0.836905 0.287488 0 -0.646529 0.378376 0
0.83038 0.291251 0 -0.65866 0.374166 0
0.823732 0.294972 0 -0.670901 0.369828 0
0.816962 0.298648 0 -0.683256 0.365358 0
0.810068 0.302279 0 -0.695728 0.360752 0
0.803049 0.305863 0 -0.708321 0.356005 0
0.795903 0.309399 0 -0.721038 0.351112 0
0.788629 0.312885 0 -0.733885 0.346067 0
0.781226 0.31632 0 -0.746864 0.340865 0
0.773692 0.319702 0 -0.759981 0.3355 0
0.766027 0.32303 0 -0.77324 0.329966 0
0.758228 0.326302 0 -0.786645 0.324256 0
0.750295 0.329515 0 -0.800201 0.318362 0
0.742225 0.332669 0 -0.813914 0.312279 0
0.734018 0.335761 0 -0.827788 0.305997 0
0.72567 0.338789 0 -0.84183 0.299509 0
0.717182 0.341751 0 -0.856044 0.292805 0
0.70855 0.344645 0 -0.870437 0.285876 0
0.699774 0.347468 0 -0.885014 0.278712 0
0.690851 0.350219 0 -0.899783 0.271303 0
0.681779 0.352894 0 -0.914749 0.263637 0
0.672557 0.355492 0 -0.929921 0.255703 0
0.663181 0.358008 0 -0.945304 0.247486 0
0.653651 0.360441 0 -0.960907 0.238974 0
0.643964 0.362788 0 -0.976737 0.230151 0
0.634117 0.365044 0 -0.992804 0.221002 0
0.624109 0.367207 0 -1.00911 0.21151 0
0.613936 0.369274 0 -1.02568 0.201657 0
0.603596 0.37124 0 -1.04251 0.191423 0
0.593087 0.373102 0 -1.0596 0.180788 0
0.582405 0.374856 0 -1.07699 0.169728 0
0.571548 0.376496 0 -1.09466 0.15822 0
0.560512 0.37802 0 -1.11264 0.146236 0
0.549296 0.379421 0 -1.13094 0.133749 0
0.537894 0.380694 0 -1.14957 0.120727 0
0.526305 0.381835 0 -1.16853 0.107136 0
0.514524 0.382836 0 -1.18786 0.0929413 0
0.502549 0.383693 0 -1.20755 0.0781017 0
0.490374 0.384398 0 -1.22762 0.0625739 0
0.477997 0.384943 0 -1.24809 0.0463105 0
0.465413 0.385323 0 -1.26898 0.0292595 0
0.452618 0.385528 0 -1.29029 0.0113635 0
0.439608 0.385549 0 -1.31205 -0.00744042 0
0.426378 0.385377 0 -1.33427 -0.0272216 0
0.412923 0.385003 0 -1.35697 -0.0480568 0
0.399239 0.384415 0 -1.38017 -0.0700312 0
0.38532 0.3836 0 -1.40387 -0.0932394 0
0.371162 0.382548 0 -1.42811 -0.117787 0
0.356759 0.381242 0 -1.45289 -0.143791 0
0.342105 0.379669 0 -1.47824 -0.171383 0
0.327195 0.377812 0 -1.50415 -0.200713 0
0.312022 0.375652 0 -1.53065 -0.231947 0
0.296582 0.373169 0 -1.55773 -0.265274 0
0.280868 0.370342 0 -1.58541 -0.300909 0
0.264875 0.367146 0 -1.61367 -0.339097 0
0.248596 0.363555 0 -1.64249 -0.380117 0
0.232026 0.359538 0 -1.67185 -0.424292 0
0.215161 0.355062 0 -1.70169 -0.471991 0
0.197994 0.35009 0 -1.73195 -0.523642 0
0.180524 0.344579 0 -1.76251 -0.579743 0
0.162747 0.338484 0 -1.79322 -0.640874 0
0.144663 0.331749 0 -1.82386 -0.707713 0
0.126274 0.324315 0 -1.85414 -0.781058 0
0.107585 0.316111 0 -1.88361 -0.861844 0
0.0886088 0.307058 0 -1.91171 -0.951177 0
0.0693612 0.297064 0 -1.93761 -1.05035 0
0.0498701 0.286024 0 -1.96017 -1.1609 0
0.0301763 0.273814 0 -1.97779 -1.28459 0
0.0103396 0.260294 0 -1.98823 -1.42344 0
-0.00955358 0.245302 0 -1.98835 -1.57968 0
-0.0293793 0.228652 0 -1.97373 -1.75562 0
-0.0489613 0.210136 0 -1.9382 -1.95331 0
-0.0680506 0.18953 0 -1.87327 -2.17391 0
-0.0863001 0.166607 0 -1.7677 -2.41638 0
-0.103236 0.141171 0 -1.60749 -2.67541 0
-0.118237 0.113111 0 -1.3775 -2.93838 0
-0.13054 0.0824907 0 -1.06584 -3.18247 0
-0.139312 0.0496558 0 -0.672016 -3.3747 0
-0.143811 0.0153049 0 -0.215678 -3.47933 0
-0.1436 -0.0195527 0 0.262239 -3.47291 0
-0.138707 -0.0537925 0 0.712286 -3.35729 0
-0.129619 -0.086436 0 1.09602 -3.15851 0
-0.1171 -0.116829 0 1.39688 -2.91262 0
-0.101976 -0.144664 0 1.61746 -2.65135 0
-0.0849948 -0.169902 0 1.77041 -2.39601 0
-0.0667558 -0.192667 0 1.87085 -2.15802 0
-0.0477153 -0.213159 0 1.93238 -1.94198 0
-0.0282063 -0.231603 0 1.96582 -1.74855 0
-0.0084676 -0.248219 0 1.97928 -1.57643 0
0.0113319 -0.263212 0 1.97866 -1.42356 0
0.0310734 -0.276761 0 1.96816 -1.28763 0
0.0506738 -0.289027 0 1.9508 -1.16646 0
0.0700756 -0.300145 0 1.9287 -1.0581 0
0.0892395 -0.310236 0 1.90339 -0.960804 0
0.108139 -0.319402 0 1.87597 -0.873105 0
0.126757 -0.327734 0 1.84722 -0.79374 0
0.145084 -0.335309 0 1.81771 -0.721636 0
0.163113 -0.342195 0 1.78784 -0.655884 0
0.180843 -0.348451 0 1.7579 -0.59571 0
0.198275 -0.354131 0 1.72812 -0.540453 0
0.21541 -0.35928 0 1.69863 -0.48955 0
0.232251 -0.36394 0 1.66954 -0.442517 0
0.248805 -0.368147 0 1.64092 -0.398936 0
0.265074 -0.371933 0 1.61282 -0.358445 0
0.281066 -0.375329 0 1.58527 -0.320733 0
0.296785 -0.37836 0 1.55829 -0.285525 0
0.312236 -0.38105 0 1.53189 -0.252582 0
0.327427 -0.383421 0 1.50606 -0.221696 0
0.342362 -0.385493 0 1.48079 -0.19268 0
0.357047 -0.387283 0 1.45608 -0.165371 0
0.371488 -0.388808 0 1.43192 -0.139624 0
0.38569 -0.390083 0 1.4083 -0.11531 0
0.399658 -0.391121 0 1.38518 -0.0923127 0
0.413397 -0.391936 0 1.36257 -0.0705301 0
0.426913 -0.392538 0 1.34045 -0.0498688 0
0.44021 -0.392939 0 1.31879 -0.0302455 0
0.453293 -0.393148 0 1.29759 -0.0115847 0
0.466165 -0.393175 0 1.27682 0.00618166 0
0.478832 -0.393029 0 1.25647 0.0231155 0
0.491298 -0.392717 0 1.23652 0.039273 0
0.503566 -0.392247 0 1.21697 0.0547054 0
0.515641 -0.391627 0 1.19779 0.0694594 0
0.527525 -0.390862 0 1.17897 0.0835778 0
0.539223 -0.389958 0 1.1605 0.0970998 0
0.550738 -0.388923 0 1.14237 0.110061 0
0.562073 -0.38776 0 1.12456 0.122495 0
0.573232 -0.386476 0 1.10706 0.134433 0
0.584217 -0.385074 0 1.08985 0.145901 0
0.595032 -0.38356 0 1.07294 0.156927 0
0.605679 -0.381938 0 1.05631 0.167534 0
0.61616 -0.380212 0 1.03994 0.177744 0
0.62648 -0.378386 0 1.02383 0.187579 0
0.63664 -0.376463 0 1.00797 0.197058 0
0.646642 -0.374447 0 0.992357 0.206198 0
0.656489 -0.372341 0 0.976972 0.215016 0
0.666183 -0.370148 0 0.961811 0.223528 0
0.675727 -0.367872 0 0.946866 0.231748 0
0.685123 -0.365515 0 0.932131 0.23969 0
0.694372 -0.36308 0 0.917598 0.247367 0
0.703477 -0.360569 0 0.903261 0.25479 0
0.712439 -0.357986 0 0.889112 0.261972 0
0.721261 -0.355331 0 0.875146 0.268921 0
0.729944 -0.352609 0 0.861357 0.275649 0
0.73849 -0.34982 0 0.847738 0.282165 0
0.746901 -0.346967 0 0.834285 0.288476 0
0.755178 -0.344051 0 0.820992 0.294592 0
0.763323 -0.341076 0 0.807853 0.300521 0
0.771337 -0.338042 0 0.794865 0.306269 0
0.779222 -0.334952 0 0.782022 0.311844 0
0.786979 -0.331806 0 0.76932 0.317252 0
0.79461 -0.328608 0 0.756755 0.3225 0
0.802116 -0.325357 0 0.744321 0.327593 0
0.809498 -0.322057 0 0.732016 0.332537 0
0.816758 -0.318708 0 0.719835 0.337337 0
0.823896 -0.315311 0 0.707775 0.341998 0
0.830915 -0.311869 0 0.695831 0.346525 0
0.837814 -0.308381 0 0.684001 0.350923 0
0.844596 -0.304851 0 0.67228 0.355196 0
0.851262 -0.301278 0 0.660667 0.359347 0
0.857811 -0.297665 0 0.649156 0.363382 0
0.864246 -0.294011 0 0.637746 0.367302 0
0.870568 -0.290319 0 0.626434 0.371113 0
0.876776 -0.28659 0 0.615216 0.374817 0
0.882873 -0.282824 0 0.60409 0.378418 0
0.88886 -0.279022 0 0.593053 0.381919 0
0.894736 -0.275186 0 0.582103 0.385322 0
0.900503 -0.271316 0 0.571236 0.38863 0
0.906162 -0.267414 0 0.560451 0.391846 0
0.911713 -0.26348 0 0.549745 0.394973 0
0.917158 -0.259515 0 0.539116 0.398013 0
0.922497 -0.25552 0 0.528562 0.400968 0
0.927731 -0.251497 0 0.51808 0.403841 0
0.93286 -0.247444 0 0.507668 0.406634 0
0.937885 -0.243364 0 0.497324 0.409348 0
0.942808 -0.239258 0 0.487047 0.411985 0
0.947627 -0.235125 0 0.476834 0.414549 0
0.952345 -0.230967 0 0.466683 0.417039 0
0.956962 -0.226785 0 0.456593 0.419459 0
0.961479 -0.222579 0 0.446561 0.421809 0
0.965895 -0.218349 0 0.436586 0.424091 0
0.970211 -0.214097 0 0.426667 0.426307 0
0.974429 -0.209823 0 0.416801 0.428458 0
0.978549 -0.205528 0 0.406987 0.430545 0
0.98257 -0.201213 0 0.397223 0.432571 0
0.986494 -0.196877 0 0.387508 0.434535 0
0.990321 -0.192523 0 0.37784 0.43644 0
0.994052 -0.188149 0 0.368218 0.438286 0
0.997687 -0.183757 0 0.35864 0.440075 0
1.00123 -0.179348 0 0.349105 0.441807 0
1.00467 -0.174922 0 0.339611 0.443484 0
1.00802 -0.170479 0 0.330157 0.445107 0
1.01127 -0.16602 0 0.320742 0.446676 0
1.01444 -0.161545 0 0.311365 0.448193 0
1.0175 -0.157056 0 0.302023 0.449658 0
1.02048 -0.152553 0 0.292717 0.451072 0
1.02336 -0.148035 0 0.283443 0.452436 0
1.02615 -0.143504 0 0.274203 0.45375 0
1.02884 -0.13896 0 0.264993 0.455017 0
1.03145 -0.134404 0 0.255813 0.456235 0
1.03396 -0.129836 0 0.246662 0.457406 0
1.03638 -0.125256 0 0.237538 0.45853 0
1.03871 -0.120666 0 0.228442 0.459609 0
1.04095 -0.116064 0 0.21937 0.460641 0
1.0431 -0.111453 0 0.210322 0.461629 0
1.04516 -0.106832 0 0.201298 0.462573 0
1.04713 -0.102202 0 0.192296 0.463472 0
1.04901 -0.0975628 0 0.183315 0.464329 0
1.05079 -0.0929154 0 0.174354 0.465142 0
1.05249 -0.0882602 0 0.165412 0.465912 0
1.0541 -0.0835974 0 0.156487 0.46664 0
1.05562 -0.0789276 0 0.14758 0.467327 0
1.05706 -0.0742511 0 0.138689 0.467972 0
1.0584 -0.0695684 0 0.129812 0.468575 0
1.05965 -0.0648798 0 0.120949 0.469138 0
1.06082 -0.0601858 0 0.1121 0.46966 0
1.0619 -0.0554868 0 0.103262 0.470142 0
1.06289 -0.0507831 0 0.0944353 0.470584 0
1.06379 -0.0460753 0 0.0856186 0.470986 0
1.0646 -0.0413636 0 0.076811 0.471348 0
1.06532 -0.0366485 0 0.0680116 0.47167 0
1.06596 -0.0319303 0 0.0592194 0.471953 0
1.06651 -0.0272096 0 0.0504334 0.472197 0
1.06697 -0.0224865 0 0.0416528 0.472402 0
1.06734 -0.0177617 0 0.0328766 0.472567 0
1.06763 -0.0130353 0 0.0241039 0.472694 0
1.06783 -0.00830793 0 0.0153337 0.472782 0
1.06794 -0.00357984 0 0.00656518 0.472831 0
1.06796 0.00114856 0 -0.00220267 0.472841 0
1.06789 0.00587686 0 -0.0109707 0.472813 0
1.06774 0.0106047 0 -0.01974 0.472745 0
1.0675 0.0153316 0 -0.0285113 0.472639 0
1.06717 0.0200573 0 -0.0372856 0.472493 0
1.06675 0.0247814 0 -0.0460638 0.472309 0
1.06625 0.0295034 0 -0.0548469 0.472086 0
1.06566 0.034223 0 -0.0636358 0.471823 0
1.06497 0.0389869 0 -0.0725193 0.471518 0
1.0642 0.0437005 0 -0.0813227 0.471177 0
1.06334 0.0484104 0 -0.0901347 0.470795 0
1.0624 0.0531163 0 -0.0989562 0.470374 0
1.06137 0.0578178 0 -0.107788 0.469913 0
1.06024 0.0625144 0 -0.116632 0.469412 0
1.05903 0.0672059 0 -0.125488 0.46887 0
1.05774 0.0718918 0 -0.134357 0.468287 0
1.05635 0.0765716 0 -0.143241 0.467663 0
1.05487 0.081245 0 -0.15214 0.466998 0
1.05331 0.0859115 0 -0.161056 0.466292 0
1.05165 0.0905707 0 -0.169989 0.465543 0
1.04991 0.0952223 0 -0.17894 0.464752 0
1.04807 0.0998657 0 -0.187911 0.463918 0
1.04615 0.104501 0 -0.196903 0.46304 0
1.04414 0.109126 0 -0.205916 0.46212 0
1.04203 0.113743 0 -0.214951 0.461154 0
1.03984 0.118349 0 -0.22401 0.460145 0
1.03755 0.122946 0 -0.233094 0.45909 0
1.03518 0.127531 0 -0.242204 0.457989 0
1.03271 0.132105 0 -0.251341 0.456842 0
1.03015 0.136668 0 -0.260507 0.455648 0
1.0275 0.141218 0 -0.269701 0.454407 0
1.02476 0.145756 0 -0.278926 0.453117 0
1.02192 0.150281 0 -0.288183 0.451778 0
1.019 0.154792 0 -0.297472 0.45039 0
1.01597 0.159288 0 -0.306796 0.448951 0
1.01286 0.163771 0 -0.316155 0.447461 0
1.00965 0.168238 0 -0.325551 0.445919 0
1.00635 0.172689 0 -0.334985 0.444323 0
1.00295 0.177124 0 -0.344459 0.442674 0
0.999461 0.181542 0 -0.353973 0.44097 0
0.995874 0.185944 0 -0.363529 0.439211 0
0.992192 0.190327 0 -0.373128 0.437394 0
0.988413 0.194691 0 -0.382773 0.435519 0
0.984537 0.199037 0 -0.392464 0.433586 0
0.980564 0.203363 0 -0.402203 0.431592 0
0.976494 0.207669 0 -0.411991 0.429536 0
0.972325 0.211954 0 -0.421831 0.427418 0
0.968058 0.216217 0 -0.431723 0.425235 0
0.963691 0.220459 0 -0.44167 0.422987 0
0.959225 0.224677 0 -0.451672 0.420671 0
0.954659 0.228872 0 -0.461732 0.418288 0
0.949991 0.233043 0 -0.471852 0.415834 0
0.945223 0.237189 0 -0.482034 0.413308 0
0.940352 0.241309 0 -0.492278 0.410708 0
0.935378 0.245403 0 -0.502588 0.408033 0
0.930301 0.24947 0 -0.512965 0.405281 0
0.925119 0.253508 0 -0.523411 0.402449 0
0.919833 0.257519 0 -0.533929 0.399536 0
0.914442 0.261499 0 -0.54452 0.39654 0
0.908944 0.265449 0 -0.555186 0.393458 0
0.903339 0.269368 0 -0.565931 0.390287 0
0.897626 0.273255 0 -0.576755 0.387026 0
0.891804 0.277109 0 -0.587663 0.383671 0
0.885873 0.280929 0 -0.598656 0.380221 0
0.879832 0.284713 0 -0.609736 0.376672 0
0.873679 0.288462 0 -0.620907 0.37302 0
0.867415 0.292174 0 -0.632171 0.369264 0
0.861037 0.295847 0 -0.643531 0.3654 0
0.854545 0.299482 0 -0.654989 0.361424 0
0.847938 0.303076 0 -0.66655 0.357332 0
0.841215 0.306628 0 -0.678216 0.353122 0
0.834374 0.310138 0 -0.68999 0.348788 0
0.827416 0.313604 0 -0.701875 0.344328 0
0.820338 0.317025 0 -0.713876 0.339735 0
0.813139 0.320399 0 -0.725995 0.335006 0
0.805819 0.323725 0 -0.738236 0.330136 0
0.798375 0.327002 0 -0.750603 0.32512 0
0.790807 0.330227 0 -0.763101 0.319952 0
0.783114 0.333401 0 -0.775732 0.314626 0
0.775294 0.33652 0 -0.788503 0.309137 0
0.767345 0.339583 0 -0.801416 0.303478 0
0.759266 0.342589 0 -0.814477 0.297642 0
0.751056 0.345536 0 -0.82769 0.291622 0
0.742713 0.348422 0 -0.84106 0.285411 0
0.734236 0.351244 0 -0.854593 0.279 0
0.725622 0.354002 0 -0.868295 0.272382 0
0.71687 0.356692 0 -0.882169 0.265546 0
0.707979 0.359313 0 -0.896223 0.258484 0
0.698947 0.361862 0 -0.910463 0.251186 0
0.689771 0.364336 0 -0.924895 0.243639 0
0.68045 0.366734 0 -0.939525 0.235834 0
0.670981 0.369053 0 -0.95436 0.227757 0
0.661363 0.371289 0 -0.969409 0.219396 0
0.651594 0.373441 0 -0.984677 0.210736 0
0.641671 0.375504 0 -1.00017 0.201762 0
0.631591 0.377476 0 -1.01591 0.192458 0
0.621353 0.379353 0 -1.03188 0.182808 0
0.610954 0.381132 0 -1.04812 0.172791 0
0.600392 0.382808 0 -1.06461 0.16239 0
0.589663 0.384379 0 -1.08138 0.151581 0
0.578765 0.38584 0 -1.09843 0.140342 0
0.567695 0.387186 0 -1.11577 0.128648 0
0.55645 0.388412 0 -1.13342 0.116472 0
0.545027 0.389515 0 -1.15139 0.103784 0
0.533423 0.390487 0 -1.16968 0.0905538 0
0.521634 0.391325 0 -1.18831 0.0767457 0
0.509658 0.392022 0 -1.2073 0.0623228 0
0.497489 0.392571 0 -1.22666 0.047244 0
0.485125 0.392966 0 -1.2464 0.0314649 0
0.472562 0.393199 0 -1.26653 0.0149366 0
0.459795 0.393264 0 -1.28708 -0.00239447 0
0.446821 0.39315 0 -1.30805 -0.0205871 0
0.433635 0.392851 0 -1.32947 -0.0397059 0
0.420232 0.392355 0 -1.35135 -0.0598226 0
0.406608 0.391653 0 -1.3737 -0.0810161 0
0.392759 0.390733 0 -1.39654 -0.103374 0
0.378678 0.389583 0 -1.41989 -0.126994 0
0.364362 0.388191 0 -1.44377 -0.151985 0
0.349803 0.386541 0 -1.46818 -0.178469 0
0.334999 0.384619 0 -1.49314 -0.206581 0
0.319941 0.382406 0 -1.51867 -0.236476 0
0.304626 0.379886 0 -1.54477 -0.268327 0
0.289047 0.377036 0 -1.57143 -0.302329 0
0.273198 0.373835 0 -1.59867 -0.338706 0
0.257074 0.370257 0 -1.62646 -0.377712 0
0.24067 0.366275 0 -1.65479 -0.419638 0
0.223979 0.361858 0 -1.68362 -0.464819 0
0.206999 0.356971 0 -1.71289 -0.513639 0
0.189723 0.351576 0 -1.7425 -0.566547 0
0.172151 0.34563 0 -1.77235 -0.62406 0
0.154279 0.339084 0 -1.80224 -0.686785 0
0.13611 0.331881 0 -1.83194 -0.75543 0
0.117645 0.32396 0 -1.86109 -0.830828 0
0.0988941 0.315247 0 -1.88923 -0.913958 0
0.0798691 0.30566 0 -1.91569 -1.00597 0
0.0605914 0.295103 0 -1.93956 -1.10822 0
0.041093 0.283467 0 -1.95955 -1.22228 0
0.0214209 0.270624 0 -1.97389 -1.34999 0
0.00164332 0.256428 0 -1.98007 -1.49339 0
-0.0181417 0.240712 0 -1.97458 -1.6547 0
-0.0377946 0.223284 0 -1.95252 -1.83613 0
-0.0571179 0.203935 0 -1.90709 -2.03944 0
-0.0758343 0.182442 0 -1.82906 -2.26513 0
-0.0935607 0.158589 0 -1.70643 -2.51093 0
-0.109782 0.132206 0 -1.52489 -2.76945 0
-0.123836 0.103234 0 -1.27016 -3.02514 0
-0.13494 0.0718219 0 -0.933535 -3.25202 0
-0.142287 0.0384233 0 -0.520507 -3.41582 0
-0.145226 0.00383779 0 -0.0577345 -3.484 0
-0.143471 -0.0308817 0 0.410189 -3.44102 0
-0.137207 -0.0646537 0 0.836678 -3.29729 0
-0.12702 -0.0966099 0 1.19067 -3.08305 0
-0.1137 -0.12622 0 1.46267 -2.83321 0
-0.0980427 -0.153275 0 1.65917 -2.5758 0
-0.0807392 -0.177796 0 1.79381 -2.32839 0
-0.0623351 -0.19993 0 1.88112 -2.09981 0
-0.0432396 -0.219887 0 1.9336 -1.89319 0
-0.0237503 -0.237887 0 1.96101 -1.70848 0
-0.0040804 -0.254142 0 1.97059 -1.54413 0
0.0156193 -0.268846 0 1.96757 -1.39802 0
0.0352425 -0.28217 0 1.95573 -1.26794 0
0.0547149 -0.294264 0 1.93773 -1.1518 0
0.073985 -0.305257 0 1.91549 -1.04775 0
0.0930176 -0.315263 0 1.89039 -0.954171 0
0.111789 -0.32438 0 1.8634 -0.869684 0
0.130285 -0.332691 0 1.83525 -0.793104 0
0.148495 -0.340272 0 1.80643 -0.723425 0
0.166415 -0.347187 0 1.77732 -0.659793 0
0.184044 -0.353492 0 1.74818 -0.60148 0
0.201382 -0.359237 0 1.71922 -0.547865 0
0.218432 -0.364468 0 1.69056 -0.498414 0
0.235197 -0.369223 0 1.66229 -0.452671 0
0.251682 -0.373537 0 1.6345 -0.410239 0
0.267892 -0.377442 0 1.60721 -0.370778 0
0.283831 -0.380965 0 1.58047 -0.333989 0
0.299506 -0.384133 0 1.55427 -0.299612 0
0.314921 -0.386968 0 1.52863 -0.267419 0
0.330083 -0.389491 0 1.50355 -0.237211 0
0.344996 -0.391721 0 1.47901 -0.20881 0
0.359667 -0.393676 0 1.45502 -0.18206 0
0.374101 -0.39537 0 1.43156 -0.156822 0
0.388303 -0.396819 0 1.40862 -0.132972 0
0.402277 -0.398036 0 1.38617 -0.1104 0
0.41603 -0.399033 0 1.36421 -0.0890057 0
0.429565 -0.399822 0 1.34273 -0.0687002 0
0.442888 -0.400413 0 1.32169 -0.0494032 0
0.456003 -0.400815 0 1.3011 -0.0310421 0
0.468914 -0.401038 0 1.28093 -0.0135511 0
0.481625 -0.40109 0 1.26117 0.00312951 0
0.49414 -0.40098 0 1.2418 0.0190541 0
0.506464 -0.400713 0 1.22281 0.034272 0
0.518599 -0.400298 0 1.20419 0.0488287 0
0.530551 -0.39974 0 1.18591 0.0627654 0
0.542321 -0.399046 0 1.16798 0.0761202 0
0.553913 -0.398221 0 1.15037 0.0889279 0
0.565331 -0.39727 0 1.13308 0.101221 0
0.576577 -0.396199 0 1.11609 0.113028 0
0.587655 -0.395012 0 1.09939 0.124377 0
0.598568 -0.393714 0 1.08298 0.135294 0
0.609317 -0.392309 0 1.06683 0.145801 0
0.619907 -0.390801 0 1.05095 0.155921 0
0.630339 -0.389193 0 1.03532 0.165673 0
0.640616 -0.387489 0 1.01994 0.175076 0
0.65074 -0.385693 0 1.00479 0.184148 0
0.660714 -0.383808 0 0.989866 0.192905 0
0.67054 -0.381837 0 0.975164 0.201363 0
0.680219 -0.379783 0 0.960673 0.209534 0
0.689755 -0.377648 0 0.946387 0.217434 0
0.699149 -0.375436 0 0.9323 0.225073 0
0.708403 -0.373148 0 0.918404 0.232464 0
0.717519 -0.370788 0 0.904694 0.239618 0
0.726499 -0.368357 0 0.891162 0.246546 0
0.735344 -0.365858 0 0.877805 0.253255 0
0.744057 -0.363294 0 0.864615 0.259757 0
0.752639 -0.360665 0 0.851588 0.266059 0
0.761091 -0.357974 0 0.838718 0.27217 0
0.769415 -0.355222 0 0.826001 0.278097 0
0.777612 -0.352413 0 0.813431 0.283847 0
0.785685 -0.349547 0 0.801005 0.289427 0
0.793634 -0.346625 0 0.788718 0.294844 0
0.801461 -0.343651 0 0.776565 0.300104 0
0.809167 -0.340624 0 0.764543 0.305212 0
0.816754 -0.337548 0 0.752647 0.310175 0
0.824222 -0.334422 0 0.740874 0.314996 0
0.831573 -0.331249 0 0.729221 0.319682 0
0.838808 -0.328029 0 0.717683 0.324236 0
0.845928 -0.324765 0 0.706257 0.328664 0
0.852934 -0.321457 0 0.69494 0.332969 0
0.859828 -0.318106 0 0.683729 0.337156 0
0.86661 -0.314714 0 0.672621 0.341228 0
0.873282 -0.311282 0 0.661613 0.345189 0
0.879844 -0.307811 0 0.650701 0.349043 0
0.886297 -0.304302 0 0.639884 0.352793 0
0.892643 -0.300756 0 0.629158 0.356441 0
0.898882 -0.297174 0 0.618521 0.359992 0
0.905015 -0.293557 0 0.60797 0.363447 0
0.911043 -0.289906 0 0.597503 0.36681 0
0.916966 -0.286221 0 0.587118 0.370084 0
0.922786 -0.282505 0 0.576812 0.37327 0
0.928504 -0.278757 0 0.566583 0.376372 0
0.934119 -0.274978 0 0.556428 0.379391 0
0.939633 -0.271169 0 0.546347 0.38233 0
0.945047 -0.267332 0 0.536336 0.38519 0
0.950361 -0.263466 0 0.526394 0.387975 0
0.955576 -0.259573 0 0.516519 0.390685 0
0.960693 -0.255653 0 0.506709 0.393323 0
0.965712 -0.251707 0 0.496961 0.395891 0
0.970633 -0.247736 0 0.487275 0.398389 0
0.975458 -0.24374 0 0.477649 0.400821 0
0.980188 -0.23972 0 0.468081 0.403187 0
0.984821 -0.235676 0 0.458568 0.405488 0
0.98936 -0.23161 0 0.449111 0.407727 0
0.993805 -0.227522 0 0.439706 0.409905 0
0.998155 -0.223413 0 0.430353 0.412022 0
1.00241 -0.219282 0 0.421051 0.414081 0
1.00658 -0.215131 0 0.411796 0.416082 0
1.01065 -0.210961 0 0.402589 0.418027 0
1.01463 -0.206771 0 0.393428 0.419917 0
1.01852 -0.202563 0 0.384311 0.421753 0
1.02232 -0.198336 0 0.375238 0.423536 0
1.02603 -0.194093 0 0.366206 0.425266 0
1.02964 -0.189831 0 0.357215 0.426946 0
1.03317 -0.185554 0 0.348263 0.428575 0
1.03661 -0.18126 0 0.339349 0.430155 0
1.03996 -0.176951 0 0.330472 0.431687 0
1.04322 -0.172627 0 0.32163 0.43317 0
1.04639 -0.168288 0 0.312824 0.434607 0
1.04948 -0.163935 0 0.30405 0.435998 0
1.05247 -0.159568 0 0.295309 0.437344 0
1.05538 -0.155188 0 0.286599 0.438645 0
1.05821 -0.150796 0 0.27792 0.439902 0
1.06094 -0.146391 0 0.269269 0.441115 0
1.06359 -0.141974 0 0.260646 0.442285 0
1.06616 -0.137545 0 0.252051 0.443414 0
1.06864 -0.133106 0 0.243481 0.4445 0
1.07103 -0.128655 0 0.234936 0.445546 0
1.07333 -0.124195 0 0.226416 0.446551 0
1.07556 -0.119725 0 0.217918 0.447516 0
1.07769 -0.115245 0 0.209443 0.448441 0
1.07975 -0.110756 0 0.200989 0.449327 0
1.08171 -0.106259 0 0.192555 0.450173 0
1.0836 -0.101753 0 0.18414 0.450982 0
1.0854 -0.0972392 0 0.175744 0.451753 0
1.08711 -0.092718 0 0.167366 0.452485 0
1.08875 -0.0881897 0 0.159004 0.453181 0
1.0903 -0.0836546 0 0.150657 0.453839 0
1.09176 -0.0791131 0 0.142326 0.454461 0
1.09314 -0.0745655 0 0.134009 0.455046 0
1.09444 -0.0700123 0 0.125705 0.455595 0
1.09566 -0.0654538 0 0.117413 0.456108 0
1.09679 -0.0608903 0 0.109133 0.456585 0
1.09784 -0.0563223 0 0.100864 0.457027 0
1.09881 -0.0517499 0 0.0926041 0.457434 0
1.09969 -0.0471737 0 0.0843535 0.457805 0
1.1005 -0.042594 0 0.0761112 0.458142 0
1.10122 -0.0380111 0 0.0678762 0.458443 0
1.10186 -0.0334253 0 0.0596479 0.45871 0
1.10241 -0.028837 0 0.0514253 0.458943 0
1.10288 -0.0242466 0 0.0432077 0.459141 0
1.10328 -0.0196543 0 0.0349944 0.459304 0
1.10359 -0.0150606 0 0.0267844 0.459434 0
1.10381 -0.0104658 0 0.018577 0.459529 0
1.10396 -0.00587015 0 0.0103714 0.45959 0
1.10402 -0.00127409 0 0.00216676 0.459616 0
1.104 0.00332207 0 -0.00603762 0.459609 0
1.1039 0.00791798 0 -0.0142426 0.459567 0
1.10372 0.0125133 0 -0.0224489 0.459491 0
1.10345 0.0171077 0 -0.0306574 0.459381 0
1.10311 0.0217008 0 -0.0388689 0.459237 0
1.10268 0.0262923 0 -0.0470841 0.459059 0
1.10216 0.0308819 0 -0.0553039 0.458846 0
1.10157 0.0354692 0 -0.063529 0.458598 0
1.1009 0.0400538 0 -0.0717603 0.458316 0
1.10014 0.0446354 0 -0.0799985 0.457999 0
1.0993 0.0492137 0 -0.0882446 0.457648 0
1.09837 0.0537883 0 -0.0964992 0.457261 0
1.09737 0.0583588 0 -0.104763 0.456839 0
1.09628 0.062925 0 -0.113038 0.456382 0
1.09511 0.0674864 0 -0.121323 0.455889 0
1.09385 0.0720427 0 -0.12962 0.45536 0
1.09252 0.0765935 0 -0.13793 0.454795 0
1.09109 0.0811385 0 -0.146254 0.454194 0
1.08959 0.0856773 0 -0.154592 0.453557 0
1.088 0.0902096 0 -0.162945 0.452882 0
1.08633 0.0947349 0 -0.171314 0.45217 0
1.08458 0.099253 0 -0.179701 0.451421 0
1.08274 0.103763 0 -0.188106 0.450634 0
1.08082 0.108266 0 -0.196529 0.449809 0
1.07881 0.112759 0 -0.204972 0.448945 0
1.07672 0.117244 0 -0.213436 0.448042 0
1.07454 0.12172 0 -0.221921 0.447099 0
1.07228 0.126186 0 -0.230429 0.446117 0
1.06993 0.130643 0 -0.238961 0.445094 0
1.0675 0.135088 0 -0.247517 0.444031 0
1.06498 0.139523 0 -0.256098 0.442926 0
1.06238 0.143947 0 -0.264706 0.441779 0
1.05969 0.148359 0 -0.273341 0.44059 0
1.05691 0.152759 0 -0.282005 0.439357 0
1.05405 0.157146 0 -0.290699 0.438081 0
1.0511 0.16152 0 -0.299423 0.436761 0
1.04806 0.165881 0 -0.308179 0.435395 0
1.04494 0.170228 0 -0.316967 0.433984 0
1.04173 0.174561 0 -0.32579 0.432527 0
1.03842 0.178879 0 -0.334647 0.431022 0
1.03503 0.183181 0 -0.343541 0.429469 0
1.03155 0.187468 0 -0.352472 0.427867 0
1.02798 0.191738 0 -0.361442 0.426216 0
1.02433 0.195992 0 -0.370452 0.424514 0
1.02058 0.200229 0 -0.379503 0.422761 0
1.01674 0.204447 0 -0.388596 0.420955 0
1.01281 0.208648 0 -0.397733 0.419095 0
1.00878 0.212829 0 -0.406915 0.417181 0
1.00467 0.216991 0 -0.416143 0.415211 0
1.00046 0.221134 0 -0.42542 0.413184 0
0.99616 0.225255 0 -0.434745 0.4111 0
0.991766 0.229356 0 -0.444122 0.408956 0
0.987278 0.233434 0 -0.45355 0.406751 0
0.982696 0.237491 0 -0.463033 0.404484 0
0.978018 0.241524 0 -0.47257 0.402154 0
0.973245 0.245534 0 -0.482165 0.39976 0
0.968376 0.249519 0 -0.491818 0.397299 0
0.96341 0.25348 0 -0.501532 0.39477 0
0.958346 0.257415 0 -0.511308 0.392171 0
0.953184 0.261323 0 -0.521148 0.389501 0
0.947924 0.265205 0 -0.531053 0.386758 0
0.942564 0.269058 0 -0.541027 0.383939 0
0.937104 0.272883 0 -0.551069 0.381044 0
0.931543 0.276679 0 -0.561184 0.37807 0
0.925881 0.280445 0 -0.571372 0.375014 0
0.920117 0.28418 0 -0.581636 0.371875 0
0.914249 0.287882 0 -0.591978 0.36865 0
0.908278 0.291553 0 -0.6024 0.365337 0
0.902202 0.295189 0 -0.612905 0.361933 0
0.896021 0.298791 0 -0.623495 0.358435 0
0.889733 0.302358 0 -0.634172 0.354841 0
0.883338 0.305888 0 -0.644939 0.351147 0
0.876835 0.309381 0 -0.655799 0.347352 0
0.870223 0.312835 0 -0.666754 0.34345 0
0.863501 0.31625 0 -0.677808 0.33944 0
0.856667 0.319624 0 -0.688962 0.335316 0
0.849722 0.322956 0 -0.700221 0.331077 0
0.842664 0.326246 0 -0.711586 0.326717 0
0.835491 0.329491 0 -0.723063 0.322233 0
0.828203 0.33269 0 -0.734653 0.317621 0
0.820799 0.335843 0 -0.74636 0.312875 0
0.813277 0.338948 0 -0.758188 0.307991 0
0.805636 0.342003 0 -0.77014 0.302963 0
0.797875 0.345007 0 -0.782221 0.297788 0
0.789992 0.347959 0 -0.794434 0.292458 0
0.781987 0.350856 0 -0.806784 0.286969 0
0.773857 0.353698 0 -0.819274 0.281313 0
0.765602 0.356483 0 -0.83191 0.275484 0
0.75722 0.359208 0 -0.844695 0.269475 0
0.748709 0.361872 0 -0.857635 0.26328 0
0.740068 0.364473 0 -0.870735 0.256889 0
0.731295 0.36701 0 -0.884 0.250295 0
0.722389 0.369479 0 -0.897435 0.243488 0
0.713347 0.371879 0 -0.911046 0.23646 0
0.704169 0.374208 0 -0.924839 0.229201 0
0.694851 0.376463 0 -0.938821 0.2217 0
0.685393 0.378642 0 -0.952996 0.213945 0
0.675792 0.380742 0 -0.967373 0.205925 0
0.666046 0.382761 0 -0.981958 0.197626 0
0.656153 0.384695 0 -0.996758 0.189036 0
0.646112 0.386541 0 -1.01178 0.18014 0
0.635919 0.388297 0 -1.02703 0.170921 0
0.625572 0.389959 0 -1.04253 0.161363 0
0.615069 0.391524 0 -1.05827 0.151448 0
0.604407 0.392988 0 -1.07427 0.141158 0
0.593584 0.394347 0 -1.09053 0.130469 0
0.582597 0.395597 0 -1.10707 0.119362 0
0.571444 0.396734 0 -1.12389 0.10781 0
0.56012 0.397753 0 -1.14102 0.0957886 0
0.548624 0.398649 0 -1.15845 0.0832689 0
0.536952 0.399418 0 -1.1762 0.0702202 0
0.525101 0.400053 0 -1.19428 0.0566093 0
0.513067 0.40055 0 -1.21271 0.0424 0
0.500847 0.400901 0 -1.23149 0.0275529 0
0.488438 0.4011 0 -1.25065 0.0120248 0
0.475835 0.40114 0 -1.27018 -0.00423118 0
0.463035 0.401014 0 -1.29012 -0.0212667 0
0.450033 0.400714 0 -1.31048 -0.0391383 0
0.436826 0.40023 0 -1.33126 -0.0579083 0
0.423408 0.399554 0 -1.35249 -0.0776453 0
0.409777 0.398676 0 -1.37418 -0.0984252 0
0.395925 0.397584 0 -1.39635 -0.120332 0
0.38185 0.396268 0 -1.41901 -0.14346 0
0.367546 0.394713 0 -1.44217 -0.167911 0
0.353007 0.392907 0 -1.46586 -0.193804 0
0.338229 0.390834 0 -1.49008 -0.221267 0
0.323206 0.388479 0 -1.51485 -0.250448 0
0.307933 0.385822 0 -1.54017 -0.28151 0
