1 0.005 0 -0.01 0.5 0
0.9999 0.01 0 -0.0199996 0.49995 0
0.9997 0.0149995 0 -0.0300001 0.49985 0
0.9994 0.019998 0 -0.0400027 0.4997 0
0.999 0.024995 0 -0.0500088 0.4995 0
0.9985 0.02999 0 -0.0600194 0.499249 0
0.9979 0.0349825 0 -0.0700359 0.498948 0
0.997199 0.039972 0 -0.0800595 0.498597 0
0.996399 0.0449579 0 -0.0900916 0.498195 0
0.995498 0.0499399 0 -0.100133 0.497742 0
0.994496 0.0549173 0 -0.110186 0.497237 0
0.993395 0.0598897 0 -0.120251 0.496682 0
0.992192 0.0648565 0 -0.130329 0.496074 0
0.990889 0.0698172 0 -0.140423 0.495414 0
0.989485 0.0747714 0 -0.150532 0.494702 0
0.987979 0.0797184 0 -0.160659 0.493937 0
0.986373 0.0846578 0 -0.170804 0.493118 0
0.984665 0.089589 0 -0.18097 0.492246 0
0.982855 0.0945114 0 -0.191157 0.491319 0
0.980943 0.0994246 0 -0.201367 0.490337 0
0.97893 0.104328 0 -0.211601 0.4893 0
0.976814 0.109221 0 -0.221861 0.488206 0
0.974595 0.114103 0 -0.232148 0.487056 0
0.972274 0.118974 0 -0.242463 0.485848 0
0.969849 0.123832 0 -0.252809 0.484582 0
0.967321 0.128678 0 -0.263185 0.483258 0
0.964689 0.13351 0 -0.273595 0.481873 0
0.961953 0.138329 0 -0.284039 0.480427 0
0.959113 0.143133 0 -0.294519 0.47892 0
0.956167 0.147923 0 -0.305036 0.477351 0
0.953117 0.152696 0 -0.315593 0.475718 0
0.949961 0.157453 0 -0.32619 0.47402 0
0.946699 0.162194 0 -0.33683 0.472256 0
0.943331 0.166916 0 -0.347514 0.470426 0
0.939856 0.17162 0 -0.358244 0.468527 0
0.936273 0.176306 0 -0.369021 0.466559 0
0.932583 0.180971 0 -0.379848 0.464521 0
0.928785 0.185616 0 -0.390726 0.46241 0
0.924877 0.190241 0 -0.401656 0.460225 0
0.920861 0.194843 0 -0.412642 0.457966 0
0.916735 0.199422 0 -0.423685 0.455629 0
0.912498 0.203979 0 -0.434787 0.453214 0
0.90815 0.208511 0 -0.44595 0.450719 0
0.90369 0.213018 0 -0.457176 0.448141 0
0.899119 0.217499 0 -0.468467 0.44548 0
0.894434 0.221954 0 -0.479825 0.442732 0
0.889636 0.226382 0 -0.491253 0.439896 0
0.884723 0.230781 0 -0.502753 0.43697 0
0.879696 0.23515 0 -0.514328 0.433951 0
0.874552 0.23949 0 -0.525979 0.430836 0
0.869292 0.243798 0 -0.53771 0.427624 0
0.863915 0.248074 0 -0.549522 0.424311 0
0.85842 0.252317 0 -0.561419 0.420895 0
0.852806 0.256526 0 -0.573404 0.417372 0
0.847072 0.2607 0 -0.585478 0.41374 0
0.841217 0.264838 0 -0.597646 0.409995 0
0.835241 0.268937 0 -0.60991 0.406134 0
0.829142 0.272999 0 -0.622272 0.402153 0
0.822919 0.27702 0 -0.634737 0.398049 0
0.816571 0.281001 0 -0.647308 0.393818 0
0.810098 0.284939 0 -0.659988 0.389454 0
0.803499 0.288834 0 -0.67278 0.384955 0
0.796771 0.292683 0 -0.685688 0.380315 0
0.789914 0.296486 0 -0.698716 0.375529 0
0.782927 0.300242 0 -0.711867 0.370593 0
0.775808 0.303947 0 -0.725147 0.3655 0
0.768557 0.307603 0 -0.738558 0.360246 0
0.761171 0.311205 0 -0.752105 0.354824 0
0.75365 0.314753 0 -0.765793 0.349228 0
0.745992 0.318245 0 -0.779627 0.34345 0
0.738196 0.32168 0 -0.79361 0.337485 0
0.73026 0.325055 0 -0.807748 0.331324 0
0.722182 0.328368 0 -0.822047 0.32496 0
0.713962 0.331618 0 -0.83651 0.318383 0
0.705597 0.334801 0 -0.851145 0.311585 0
0.697085 0.337917 0 -0.865957 0.304557 0
0.688426 0.340963 0 -0.880952 0.297289 0
0.679616 0.343936 0 -0.896135 0.289768 0
0.670655 0.346833 0 -0.911514 0.281985 0
0.66154 0.349653 0 -0.927096 0.273927 0
0.652269 0.352393 0 -0.942886 0.265581 0
0.64284 0.355048 0 -0.958894 0.256933 0
0.633251 0.357618 0 -0.975125 0.247969 0
0.6235 0.360097 0 -0.991588 0.238671 0
0.613584 0.362484 0 -1.00829 0.229024 0
0.603501 0.364774 0 -1.02524 0.219009 0
0.593248 0.366965 0 -1.04245 0.208607 0
0.582824 0.369051 0 -1.05993 0.197796 0
0.572224 0.371029 0 -1.07769 0.186554 0
0.561448 0.372894 0 -1.09573 0.174857 0
0.55049 0.374643 0 -1.11406 0.162678 0
0.53935 0.376269 0 -1.13271 0.149989 0
0.528023 0.377769 0 -1.15167 0.136759 0
0.516506 0.379137 0 -1.17097 0.122955 0
0.504796 0.380366 0 -1.1906 0.108541 0
0.49289 0.381452 0 -1.21059 0.0934775 0
0.480784 0.382387 0 -1.23095 0.0777216 0
0.468475 0.383164 0 -1.25169 0.0612268 0
0.455958 0.383776 0 -1.27283 0.0439422 0
0.44323 0.384216 0 -1.29437 0.025812 0
0.430286 0.384474 0 -1.31633 0.00677506 0
0.417123 0.384541 0 -1.33872 -0.0132358 0
0.403735 0.384409 0 -1.36156 -0.0342947 0
0.39012 0.384066 0 -1.38487 -0.0564833 0
0.376271 0.383501 0 -1.40865 -0.0798919 0
0.362185 0.382702 0 -1.43291 -0.104621 0
0.347856 0.381656 0 -1.45767 -0.130781 0
0.333279 0.380348 0 -1.48293 -0.158496 0
0.31845 0.378763 0 -1.5087 -0.187906 0
0.303363 0.376884 0 -1.53498 -0.219164 0
0.288013 0.374693 0 -1.56177 -0.252444 0
0.272395 0.372168 0 -1.58905 -0.287942 0
0.256505 0.369289 0 -1.61682 -0.325879 0
0.240336 0.36603 0 -1.64504 -0.366504 0
0.223886 0.362365 0 -1.67366 -0.410101 0
0.207149 0.358264 0 -1.70263 -0.456989 0
0.190123 0.353694 0 -1.73186 -0.507538 0
0.172805 0.348619 0 -1.76122 -0.562163 0
0.155192 0.342997 0 -1.79056 -0.621343 0
0.137287 0.336784 0 -1.81964 -0.685625 0
0.11909 0.329927 0 -1.84818 -0.755634 0
0.100609 0.322371 0 -1.87578 -0.832084 0
0.0818508 0.31405 0 -1.9019 -0.915787 0
0.0628318 0.304892 0 -1.92584 -1.00766 0
0.0435734 0.294816 0 -1.94667 -1.10873 0
0.0241067 0.283728 0 -1.96313 -1.22011 0
0.00447532 0.271527 0 -1.97357 -1.343 0
-0.0152604 0.258097 0 -1.97581 -1.47858 0
-0.0350185 0.243312 0 -1.96698 -1.62791 0
-0.0546883 0.227032 0 -1.9434 -1.79172 0
-0.0741224 0.209115 0 -1.90046 -1.96999 0
-0.093127 0.189415 0 -1.83259 -2.16147 0
-0.111453 0.167801 0 -1.73355 -2.3629 0
-0.128788 0.144172 0 -1.59721 -2.56818 0
-0.144761 0.11849 0 -1.41895 -2.76774 0
-0.15895 0.0908125 0 -1.19782 -2.94873 0
-0.170928 0.0613252 0 -0.938729 -3.09676 0
-0.180316 0.0303577 0 -0.653304 -3.19916 0
-0.186849 -0.00163396 0 -0.358369 -3.24882 0
-0.190432 -0.0341221 0 -0.0719706 -3.24631 0
-0.191152 -0.0665853 0 0.191015 -3.19919 0
-0.189242 -0.0985772 0 0.421498 -3.1189 0
-0.185027 -0.129766 0 0.61629 -3.01744 0
-0.178864 -0.159941 0 0.776589 -2.90501 0
-0.171098 -0.188991 0 0.906066 -2.78923 0
-0.162037 -0.216883 0 1.00933 -2.67517 0
-0.151944 -0.243635 0 1.09099 -2.56587 0
-0.141034 -0.269293 0 1.15518 -2.46295 0
-0.129482 -0.293923 0 1.20538 -2.36709 0
-0.117429 -0.317594 0 1.24446 -2.27837 0
-0.104984 -0.340378 0 1.27471 -2.19657 0
-0.0922368 -0.362343 0 1.29794 -2.12125 0
-0.0792574 -0.383556 0 1.31559 -2.05193 0
-0.0661015 -0.404075 0 1.32878 -1.98809 0
-0.0528138 -0.423956 0 1.33841 -1.92923 0
-0.0394297 -0.443248 0 1.34518 -1.87486 0
-0.0259779 -0.461997 0 1.34965 -1.82456 0
-0.0124813 -0.480243 0 1.35228 -1.77793 0
0.00104144 -0.498022 0 1.3534 -1.73461 0
0.0145755 -0.515368 0 1.35332 -1.6943 0
0.0281087 -0.532311 0 1.35225 -1.65669 0
0.0416312 -0.548878 0 1.3504 -1.62155 0
0.0551352 -0.565093 0 1.3479 -1.58864 0
0.0686142 -0.58098 0 1.34489 -1.55777 0
0.0820631 -0.596557 0 1.34146 -1.52875 0
0.0954778 -0.611845 0 1.33771 -1.50143 0
0.108855 -0.626859 0 1.33368 -1.47566 0
0.122192 -0.641616 0 1.32946 -1.45132 0
0.135486 -0.656129 0 1.32507 -1.4283 0
0.148737 -0.670412 0 1.32057 -1.40648 0
0.161943 -0.684477 0 1.31597 -1.38578 0
0.175102 -0.698334 0 1.31132 -1.36611 0
0.188216 -0.711995 0 1.30663 -1.34739 0
0.201282 -0.725469 0 1.30192 -1.32957 0
0.214301 -0.738765 0 1.2972 -1.31257 0
0.227273 -0.751891 0 1.29249 -1.29633 0
0.240198 -0.764854 0 1.2878 -1.28082 0
0.253076 -0.777662 0 1.28314 -1.26598 0
0.265907 -0.790322 0 1.27851 -1.25176 0
0.278693 -0.80284 0 1.27393 -1.23813 0
0.291432 -0.815221 0 1.26939 -1.22505 0
0.304126 -0.827471 0 1.26489 -1.21248 0
0.316775 -0.839596 0 1.26046 -1.20041 0
0.329379 -0.8516 0 1.25607 -1.18879 0
0.34194 -0.863488 0 1.25175 -1.1776 0
0.354457 -0.875264 0 1.24748 -1.16682 0
0.366932 -0.886932 0 1.24327 -1.15643 0
0.379365 -0.898497 0 1.23912 -1.1464 0
0.391756 -0.909961 0 1.23503 -1.13671 0
0.404106 -0.921328 0 1.231 -1.12735 0
0.416416 -0.932601 0 1.22703 -1.11831 0
0.428687 -0.943784 0 1.22312 -1.10955 0
0.440918 -0.95488 0 1.21927 -1.10108 0
0.453111 -0.965891 0 1.21548 -1.09287 0
0.465265 -0.976819 0 1.21175 -1.08492 0
0.477383 -0.987669 0 1.20808 -1.07721 0
0.489464 -0.998441 0 1.20446 -1.06972 0
0.501508 -1.00914 0 1.2009 -1.06246 0
0.513517 -1.01976 0 1.1974 -1.05541 0
0.525491 -1.03032 0 1.19395 -1.04856 0
0.537431 -1.0408 0 1.19055 -1.0419 0
0.549336 -1.05122 0 1.18721 -1.03542 0
0.561209 -1.06158 0 1.18392 -1.02912 0
0.573048 -1.07187 0 1.18068 -1.02299 0
0.584854 -1.0821 0 1.17748 -1.01702 0
0.596629 -1.09227 0 1.17434 -1.01121 0
0.608373 -1.10238 0 1.17125 -1.00554 0
0.620085 -1.11243 0 1.1682 -1.00002 0
0.631767 -1.12243 0 1.1652 -0.994635 0
0.643419 -1.13238 0 1.16224 -0.989383 0
0.655042 -1.14227 0 1.15933 -0.984257 0
0.666635 -1.15212 0 1.15646 -0.979254 0
0.678199 -1.16191 0 1.15363 -0.974369 0
0.689736 -1.17165 0 1.15085 -0.969597 0
0.701244 -1.18135 0 1.1481 -0.964935 0
0.712725 -1.191 0 1.1454 -0.960379 0
0.724179 -1.2006 0 1.14273 -0.955925 0
0.735607 -1.21016 0 1.14011 -0.951569 0
0.747008 -1.21968 0 1.13752 -0.947308 0
0.758383 -1.22915 0 1.13496 -0.943139 0
0.769732 -1.23858 0 1.13245 -0.93906 0
0.781057 -1.24797 0 1.12996 -0.935066 0
0.792356 -1.25732 0 1.12752 -0.931155 0
0.803632 -1.26663 0 1.1251 -0.927324 0
0.814883 -1.27591 0 1.12272 -0.923572 0
0.82611 -1.28514 0 1.12037 -0.919895 0
0.837314 -1.29434 0 1.11806 -0.916291 0
0.848494 -1.30351 0 1.11577 -0.912758 0
0.859652 -1.31263 0 1.11351 -0.909293 0
0.870787 -1.32173 0 1.11129 -0.905895 0
0.8819 -1.33079 0 1.10909 -0.902562 0
0.892991 -1.33981 0 1.10693 -0.899291 0
0.90406 -1.3488 0 1.10479 -0.896082 0
0.915108 -1.35776 0 1.10267 -0.892931 0
0.926135 -1.36669 0 1.10059 -0.889838 0
0.937141 -1.37559 0 1.09853 -0.886801 0
0.948126 -1.38446 0 1.0965 -0.883818 0
0.959091 -1.3933 0 1.09449 -0.880888 0
0.970036 -1.40211 0 1.09251 -0.878009 0
0.980961 -1.41089 0 1.09055 -0.875179 0
0.991866 -1.41964 0 1.08862 -0.872399 0
1.00275 -1.42836 0 1.08671 -0.869666 0
1.01362 -1.43706 0 1.08482 -0.866979 0
1.02447 -1.44573 0 1.08296 -0.864336 0
1.0353 -1.45437 0 1.08112 -0.861737 0
1.04611 -1.46299 0 1.0793 -0.859181 0
1.0569 -1.47158 0 1.0775 -0.856666 0
1.06768 -1.48015 0 1.07572 -0.854192 0
1.07843 -1.48869 0 1.07397 -0.851757 0
1.08917 -1.49721 0 1.07223 -0.849361 0
1.0999 -1.5057 0 1.07052 -0.847002 0
1.1106 -1.51417 0 1.06882 -0.844679 0
1.12129 -1.52262 0 1.06714 -0.842392 0
1.13196 -1.53104 0 1.06548 -0.84014 0
1.14262 -1.53944 0 1.06384 -0.837923 0
1.15325 -1.54782 0 1.06222 -0.835738 0
1.16388 -1.55618 0 1.06062 -0.833586 0
1.17448 -1.56452 0 1.05903 -0.831465 0
1.18507 -1.57283 0 1.05746 -0.829375 0
1.19565 -1.58112 0 1.05591 -0.827316 0
1.20621 -1.5894 0 1.05438 -0.825286 0
1.21675 -1.59765 0 1.05286 -0.823285 0
1.22728 -1.60588 0 1.05136 -0.821313 0
1.23779 -1.6141 0 1.04987 -0.819368 0
1.24829 -1.62229 0 1.0484 -0.81745 0
1.25878 -1.63046 0 1.04694 -0.815558 0
1.26924 -1.63862 0 1.0455 -0.813693 0
1.2797 -1.64676 0 1.04408 -0.811852 0
1.29014 -1.65488 0 1.04267 -0.810037 0
1.30057 -1.66298 0 1.04127 -0.808246 0
1.31098 -1.67106 0 1.03989 -0.806478 0
1.32138 -1.67912 0 1.03852 -0.804734 0
1.33176 -1.68717 0 1.03717 -0.803013 0
1.34214 -1.6952 0 1.03583 -0.801314 0
1.35249 -1.70321 0 1.0345 -0.799637 0
1.36284 -1.71121 0 1.03318 -0.797982 0
1.37317 -1.71919 0 1.03188 -0.796347 0
1.38349 -1.72715 0 1.03059 -0.794733 0
1.3938 -1.7351 0 1.02932 -0.793139 0
1.40409 -1.74303 0 1.02805 -0.791565 0
1.41437 -1.75095 0 1.0268 -0.790011 0
1.42464 -1.75885 0 1.02556 -0.788475 0
1.43489 -1.76673 0 1.02433 -0.786959 0
1.44514 -1.7746 0 1.02311 -0.78546 0
1.45537 -1.78246 0 1.02191 -0.78398 0
1.46559 -1.7903 0 1.02071 -0.782517 0
1.47579 -1.79812 0 1.01953 -0.781071 0
1.48599 -1.80593 0 1.01836 -0.779643 0
1.49617 -1.81373 0 1.0172 -0.778231 0
1.50634 -1.82151 0 1.01604 -0.776836 0
1.5165 -1.82928 0 1.0149 -0.775456 0
1.52665 -1.83703 0 1.01377 -0.774093 0
1.53679 -1.84478 0 1.01265 -0.772745 0
1.54692 -1.8525 0 1.01154 -0.771412 0
1.55703 -1.86022 0 1.01044 -0.770094 0
1.56714 -1.86792 0 1.00935 -0.768791 0
1.57723 -1.87561 0 1.00827 -0.767502 0
1.58731 -1.88328 0 1.0072 -0.766228 0
1.59739 -1.89094 0 1.00614 -0.764968 0
1.60745 -1.89859 0 1.00508 -0.763721 0
1.6175 -1.90623 0 1.00404 -0.762488 0
1.62754 -1.91386 0 1.003 -0.761268 0
1.63757 -1.92147 0 1.00198 -0.760061 0
1.64759 -1.92907 0 1.00096 -0.758867 0
1.6576 -1.93666 0 0.999951 -0.757685 0
1.6676 -1.94423 0 0.99895 -0.756516 0
1.67759 -1.9518 0 0.997958 -0.755359 0
1.68757 -1.95935 0 0.996974 -0.754214 0
1.69754 -1.96689 0 0.995998 -0.753081 0
1.7075 -1.97443 0 0.99503 -0.75196 0
1.71745 -1.98195 0 0.99407 -0.750849 0
1.72739 -1.98945 0 0.993118 -0.749751 0
1.73732 -1.99695 0 0.992173 -0.748663 0
1.74724 -2.00444 0 0.991236 -0.747586 0
1.75715 -2.01191 0 0.990307 -0.74652 0
1.76706 -2.01938 0 0.989385 -0.745464 0
1.77695 -2.02683 0 0.98847 -0.744419 0
1.78683 -2.03428 0 0.987563 -0.743384 0
1.79671 -2.04171 0 0.986663 -0.742359 0
1.80658 -2.04914 0 0.98577 -0.741345 0
1.81643 -2.05655 0 0.984884 -0.740339 0
1.82628 -2.06395 0 0.984004 -0.739344 0
1.83612 -2.07135 0 0.983132 -0.738358 0
1.84595 -2.07873 0 0.982266 -0.737381 0
1.85578 -2.0861 0 0.981407 -0.736414 0
1.86559 -2.09347 0 0.980554 -0.735455 0
1.8754 -2.10082 0 0.979708 -0.734506 0
1.88519 -2.10817 0 0.978869 -0.733565 0
1.89498 -2.1155 0 0.978035 -0.732633 0
1.90476 -2.12283 0 0.977208 -0.73171 0
1.91453 -2.13015 0 0.976387 -0.730795 0
1.9243 -2.13745 0 0.975572 -0.729888 0
1.93405 -2.14475 0 0.974763 -0.72899 0
1.9438 -2.15204 0 0.97396 -0.728099 0
1.95354 -2.15932 0 0.973163 -0.727217 0
1.96327 -2.1666 0 0.972372 -0.726342 0
1.973 -2.17386 0 0.971586 -0.725475 0
1.98271 -2.18111 0 0.970807 -0.724616 0
1.99242 -2.18836 0 0.970032 -0.723764 0
2.00212 -2.1956 0 0.969264 -0.72292 0
2.01181 -2.20283 0 0.968501 -0.722083 0
2.0215 -2.21005 0 0.967743 -0.721254 0
2.03118 -2.21726 0 0.966991 -0.720431 0
2.04085 -2.22446 0 0.966244 -0.719616 0
2.05051 -2.23166 0 0.965502 -0.718807 0
2.06016 -2.23885 0 0.964765 -0.718005 0
2.06981 -2.24603 0 0.964034 -0.71721 0
2.07945 -2.2532 0 0.963307 -0.716422 0
2.08908 -2.26036 0 0.962586 -0.71564 0
2.09871 -2.26752 0 0.961869 -0.714865 0
2.10833 -2.27467 0 0.961158 -0.714096 0
2.11794 -2.28181 0 0.960451 -0.713334 0
2.12755 -2.28894 0 0.959749 -0.712578 0
2.13714 -2.29607 0 0.959052 -0.711828 0
2.14673 -2.30319 0 0.95836 -0.711084 0
2.15632 -2.3103 0 0.957672 -0.710346 0
2.16589 -2.3174 0 0.956989 -0.709614 0
2.17546 -2.3245 0 0.95631 -0.708888 0
2.18503 -2.33159 0 0.955636 -0.708167 0
2.19458 -2.33867 0 0.954966 -0.707453 0
2.20413 -2.34574 0 0.954301 -0.706744 0
2.21368 -2.35281 0 0.95364 -0.70604 0
2.22321 -2.35987 0 0.952983 -0.705343 0
2.23274 -2.36693 0 0.952331 -0.70465 0
2.24227 -2.37397 0 0.951683 -0.703963 0
2.25178 -2.38101 0 0.951039 -0.703281 0
2.26129 -2.38804 0 0.950399 -0.702605 0
2.2708 -2.39507 0 0.949763 -0.701934 0
2.28029 -2.40209 0 0.949132 -0.701267 0
2.28979 -2.4091 0 0.948504 -0.700606 0
2.29927 -2.41611 0 0.94788 -0.69995 0
2.30875 -2.42311 0 0.947261 -0.699299 0
2.31822 -2.4301 0 0.946645 -0.698653 0
2.32769 -2.43709 0 0.946033 -0.698011 0
2.33715 -2.44407 0 0.945425 -0.697374 0
2.3466 -2.45104 0 0.944821 -0.696742 0
2.35605 -2.45801 0 0.94422 -0.696115 0
2.36549 -2.46497 0 0.943623 -0.695492 0
2.37493 -2.47192 0 0.94303 -0.694874 0
2.38436 -2.47887 0 0.94244 -0.69426 0
2.39378 -2.48582 0 0.941854 -0.693651 0
2.4032 -2.49275 0 0.941272 -0.693046 0
2.41262 -2.49968 0 0.940693 -0.692446 0
2.42202 -2.50661 0 0.940117 -0.69185 0
2.43142 -2.51353 0 0.939545 -0.691258 0
2.44082 -2.52044 0 0.938977 -0.69067 0
2.45021 -2.52735 0 0.938412 -0.690087 0
2.45959 -2.53425 0 0.93785 -0.689507 0
2.46897 -2.54114 0 0.937292 -0.688932 0
2.47834 -2.54803 0 0.936737 -0.68836 0
2.48771 -2.55491 0 0.936185 -0.687793 0
2.49707 -2.56179 0 0.935636 -0.68723 0
2.50643 -2.56866 0 0.935091 -0.68667 0
2.51578 -2.57553 0 0.934549 -0.686114 0
2.52513 -2.58239 0 0.934009 -0.685563 0
2.53447 -2.58925 0 0.933474 -0.685014 0
2.5438 -2.5961 0 0.932941 -0.68447 0
2.55313 -2.60294 0 0.932411 -0.683929 0
2.56245 -2.60978 0 0.931884 -0.683392 0
2.57177 -2.61662 0 0.93136 -0.682859 0
2.58109 -2.62344 0 0.93084 -0.682329 0
2.5904 -2.63027 0 0.930322 -0.681803 0
2.5997 -2.63709 0 0.929807 -0.68128 0
2.609 -2.6439 0 0.929295 -0.680761 0
2.61829 -2.65071 0 0.928786 -0.680245 0
2.62758 -2.65751 0 0.92828 -0.679732 0
2.63686 -2.66431 0 0.927776 -0.679223 0
2.64614 -2.6711 0 0.927276 -0.678717 0
2.65541 -2.67789 0 0.926778 -0.678215 0
2.66468 -2.68467 0 0.926283 -0.677716 0
2.67394 -2.69144 0 0.92579 -0.677219 0
2.6832 -2.69822 0 0.925301 -0.676727 0
2.69245 -2.70498 0 0.924814 -0.676237 0
2.7017 -2.71175 0 0.924329 -0.67575 0
2.71094 -2.7185 0 0.923848 -0.675267 0
2.72018 -2.72526 0 0.923369 -0.674786 0
2.72942 -2.732 0 0.922892 -0.674309 0
2.73864 -2.73875 0 0.922418 -0.673835 0
2.74787 -2.74549 0 0.921947 -0.673363 0
2.75709 -2.75222 0 0.921478 -0.672895 0
2.7663 -2.75895 0 0.921012 -0.672429 0
2.77551 -2.76567 0 0.920548 -0.671967 0
2.78472 -2.77239 0 0.920087 -0.671507 0
2.79392 -2.77911 0 0.919628 -0.67105 0
2.80312 -2.78582 0 0.919171 -0.670596 0
2.81231 -2.79252 0 0.918717 -0.670145 0
2.82149 -2.79923 0 0.918265 -0.669696 0
2.83068 -2.80592 0 0.917816 -0.66925 0
2.83986 -2.81261 0 0.917369 -0.668807 0
2.84903 -2.8193 0 0.916924 -0.668367 0
2.8582 -2.82599 0 0.916481 -0.667929 0
2.86736 -2.83267 0 0.916041 -0.667494 0
2.87652 -2.83934 0 0.915603 -0.667061 0
2.88568 -2.84601 0 0.915168 -0.666631 0
2.89483 -2.85268 0 0.914734 -0.666203 0
2.90398 -2.85934 0 0.914303 -0.665778 0
2.91312 -2.866 0 0.913874 -0.665356 0
2.92226 -2.87265 0 0.913447 -0.664936 0
2.9314 -2.8793 0 0.913023 -0.664519 0
2.94053 -2.88595 0 0.9126 -0.664104 0
2.94965 -2.89259 0 0.91218 -0.663691 0
2.95877 -2.89922 0 0.911761 -0.663281 0
2.96789 -2.90586 0 0.911345 -0.662873 0
2.977 -2.91249 0 0.910931 -0.662467 0
2.98611 -2.91911 0 0.910519 -0.662064 0
2.99522 -2.92573 0 0.910109 -0.661663 0
3.00432 -2.93235 0 0.909701 -0.661265 0
3.01342 -2.93896 0 0.909295 -0.660868 0
3.02251 -2.94557 0 0.908891 -0.660474 0
3.0316 -2.95217 0 0.908488 -0.660083 0
3.04068 -2.95877 0 0.908088 -0.659693 0
3.04976 -2.96537 0 0.90769 -0.659305 0
3.05884 -2.97196 0 0.907294 -0.65892 0
3.06791 -2.97855 0 0.9069 -0.658537 0
3.07698 -2.98514 0 0.906507 -0.658156 0
3.08605 -2.99172 0 0.906117 -0.657777 0
3.09511 -2.9983 0 0.905728 -0.6574 0
3.10417 -3.00487 0 0.905341 -0.657026 0
3.11322 -3.01144 0 0.904956 -0.656653 0
3.12227 -3.01801 0 0.904573 -0.656283 0
3.13132 -3.02457 0 0.904192 -0.655914 0
3.14036 -3.03113 0 0.903812 -0.655547 0
3.1494 -3.03769 0 0.903435 -0.655183 0
3.15843 -3.04424 0 0.903059 -0.65482 0
3.16746 -3.05079 0 0.902685 -0.65446 0
3.17649 -3.05733 0 0.902312 -0.654101 0
3.18551 -3.06387 0 0.901942 -0.653744 0
3.19453 -3.07041 0 0.901573 -0.653389 0
3.20355 -3.07694 0 0.901205 -0.653036 0
3.21256 -3.08347 0 0.90084 -0.652685 0
3.22157 -3.09 0 0.900476 -0.652336 0
3.23057 -3.09652 0 0.900114 -0.651989 0
3.23957 -3.10304 0 0.899753 -0.651643 0
3.24857 -3.10956 0 0.899394 -0.651299 0
3.25756 -3.11607 0 0.899037 -0.650957 0
3.26655 -3.12258 0 0.898682 -0.650617 0
3.27554 -3.12909 0 0.898328 -0.650279 0
3.28452 -3.13559 0 0.897975 -0.649942 0
3.2935 -3.14209 0 0.897624 -0.649607 0
3.30248 -3.14859 0 0.897275 -0.649274 0
3.31145 -3.15508 0 0.896928 -0.648943 0
3.32042 -3.16157 0 0.896582 -0.648613 0
3.32939 -3.16806 0 0.896237 -0.648285 0
3.33835 -3.17454 0 0.895894 -0.647959 0
3.34731 -3.18102 0 0.895553 -0.647634 0
3.35626 -3.18749 0 0.895213 -0.647311 0
3.36522 -3.19397 0 0.894874 -0.646989 0
3.37417 -3.20044 0 0.894537 -0.64667 0
3.38311 -3.2069 0 0.894202 -0.646351 0
3.39205 -3.21337 0 0.893868 -0.646035 0
3.40099 -3.21983 0 0.893535 -0.64572 0
3.40993 -3.22628 0 0.893204 -0.645406 0
3.41886 -3.23274 0 0.892875 -0.645095 0
3.42779 -3.23919 0 0.892546 -0.644784 0
3.43671 -3.24564 0 0.89222 -0.644475 0
3.44564 -3.25208 0 0.891894 -0.644168 0
3.45455 -3.25852 0 0.89157 -0.643862 0
3.46347 -3.26496 0 0.891248 -0.643558 0
3.47238 -3.2714 0 0.890926 -0.643255 0
3.48129 -3.27783 0 0.890607 -0.642954 0
3.4902 -3.28426 0 0.890288 -0.642654 0
3.4991 -3.29069 0 0.889971 -0.642356 0
3.508 -3.29711 0 0.889655 -0.642059 0
3.5169 -3.30353 0 0.889341 -0.641763 0
3.52579 -3.30995 0 0.889028 -0.641469 0
3.53468 -3.31636 0 0.888716 -0.641177 0
3.54357 -3.32278 0 0.888406 -0.640885 0
3.55245 -3.32918 0 0.888097 -0.640596 0
3.56133 -3.33559 0 0.887789 -0.640307 0
3.57021 -3.34199 0 0.887482 -0.64002 0
3.57909 -3.34839 0 0.887177 -0.639734 0
3.58796 -3.35479 0 0.886873 -0.63945 0
3.59683 -3.36119 0 0.88657 -0.639167 0
3.60569 -3.36758 0 0.886269 -0.638885 0
3.61455 -3.37397 0 0.885969 -0.638605 0
3.62341 -3.38035 0 0.88567 -0.638326 0
3.63227 -3.38673 0 0.885372 -0.638048 0
3.64112 -3.39312 0 0.885075 -0.637771 0
3.64998 -3.39949 0 0.88478 -0.637496 0
3.65882 -3.40587 0 0.884486 -0.637222 0
3.66767 -3.41224 0 0.884193 -0.636949 0
3.67651 -3.41861 0 0.883901 -0.636678 0
3.68535 -3.42498 0 0.883611 -0.636408 0
3.69418 -3.43134 0 0.883321 -0.636139 0
3.70302 -3.4377 0 0.883033 -0.635871 0
3.71185 -3.44406 0 0.882746 -0.635605 0
3.72068 -3.45042 0 0.88246 -0.635339 0
3.7295 -3.45677 0 0.882175 -0.635075 0
3.73832 -3.46312 0 0.881892 -0.634812 0
3.74714 -3.46947 0 0.881609 -0.634551 0
3.75596 -3.47581 0 0.881328 -0.63429 0
3.76477 -3.48216 0 0.881047 -0.634031 0
3.77358 -3.4885 0 0.880768 -0.633773 0
3.78239 -3.49484 0 0.88049 -0.633516 0
3.79119 -3.50117 0 0.880213 -0.63326 0
3.8 -3.5075 0 0.879937 -0.633005 0
3.8088 -3.51383 0 0.879663 -0.632751 0
3.81759 -3.52016 0 0.879389 -0.632499 0
3.82639 -3.52649 0 0.879116 -0.632247 0
3.83518 -3.53281 0 0.878845 -0.631997 0
3.84397 -3.53913 0 0.878574 -0.631748 0
3.85275 -3.54545 0 0.878305 -0.6315 0
3.86153 -3.55176 0 0.878036 -0.631253 0
3.87031 -3.55807 0 0.877769 -0.631007 0
3.87909 -3.56438 0 0.877503 -0.630762 0
3.88787 -3.57069 0 0.877237 -0.630518 0
3.89664 -3.577 0 0.876973 -0.630275 0
3.90541 -3.5833 0 0.87671 -0.630034 0
3.91418 -3.5896 0 0.876447 -0.629793 0
3.92294 -3.5959 0 0.876186 -0.629553 0
3.9317 -3.60219 0 0.875926 -0.629315 0
3.94046 -3.60849 0 0.875666 -0.629077 0
3.94922 -3.61478 0 0.875408 -0.628841 0
3.95797 -3.62107 0 0.875151 -0.628605 0
3.96672 -3.62735 0 0.874894 -0.628371 0
3.97547 -3.63363 0 0.874639 -0.628137 0
3.98422 -3.63992 0 0.874385 -0.627904 0
3.99296 -3.6462 0 0.874131 -0.627673 0
4.0017 -3.65247 0 0.873878 -0.627442 0
4.01044 -3.65875 0 0.873627 -0.627213 0
4.01918 -3.66502 0 0.873376 -0.626984 0
4.02791 -3.67129 0 0.873126 -0.626756 0
4.03664 -3.67756 0 0.872878 -0.626529 0
4.04537 -3.68382 0 0.87263 -0.626304 0
4.0541 -3.69008 0 0.872383 -0.626079 0
4.06282 -3.69634 0 0.872137 -0.625855 0
4.07155 -3.7026 0 0.871891 -0.625632 0
4.08026 -3.70886 0 0.871647 -0.625409 0
4.08898 -3.71511 0 0.871404 -0.625188 0
4.09769 -3.72137 0 0.871161 -0.624968 0
4.10641 -3.72762 0 0.87092 -0.624748 0
4.11512 -3.73386 0 0.870679 -0.62453 0
4.12382 -3.74011 0 0.870439 -0.624312 0
4.13253 -3.74635 0 0.8702 -0.624096 0
4.14123 -3.75259 0 0.869962 -0.62388 0
4.14993 -3.75883 0 0.869725 -0.623665 0
4.15863 -3.76507 0 0.869488 -0.623451 0
4.16732 -3.7713 0 0.869253 -0.623237 0
4.17601 -3.77753 0 0.869018 -0.623025 0
4.1847 -3.78376 0 0.868784 -0.622813 0
4.19339 -3.78999 0 0.868551 -0.622603 0
4.20208 -3.79622 0 0.868319 -0.622393 0
4.21076 -3.80244 0 0.868088 -0.622184 0
4.21944 -3.80866 0 0.867857 -0.621975 0
4.22812 -3.81488 0 0.867627 -0.621768 0
4.2368 -3.8211 0 0.867398 -0.621562 0
4.24547 -3.82732 0 0.86717 -0.621356 0
4.25414 -3.83353 0 0.866943 -0.621151 0
4.26281 -3.83974 0 0.866716 -0.620947 0
4.27148 -3.84595 0 0.866491 -0.620743 0
4.28014 -3.85216 0 0.866266 -0.620541 0
4.2888 -3.85837 0 0.866041 -0.620339 0
4.29747 -3.86457 0 0.865818 -0.620138 0
4.30612 -3.87077 0 0.865595 -0.619938 0
4.31478 -3.87697 0 0.865374 -0.619739 0
4.32343 -3.88317 0 0.865153 -0.61954 0
4.33208 -3.88936 0 0.864932 -0.619342 0
4.34073 -3.89556 0 0.864713 -0.619145 0
4.34938 -3.90175 0 0.864494 -0.618949 0
4.35803 -3.90794 0 0.864276 -0.618753 0
4.36667 -3.91412 0 0.864059 -0.618558 0
4.37531 -3.92031 0 0.863842 -0.618364 0
4.38395 -3.92649 0 0.863626 -0.618171 0
4.39258 -3.93268 0 0.863411 -0.617978 0
4.40122 -3.93885 0 0.863197 -0.617786 0
4.40985 -3.94503 0 0.862983 -0.617595 0
4.41848 -3.95121 0 0.86277 -0.617405 0
4.42711 -3.95738 0 0.862558 -0.617215 0
4.43573 -3.96355 0 0.862347 -0.617026 0
4.44436 -3.96973 0 0.862136 -0.616838 0
4.45298 -3.97589 0 0.861926 -0.61665 0
4.4616 -3.98206 0 0.861717 -0.616463 0
4.47021 -3.98822 0 0.861508 -0.616277 0
4.47883 -3.99439 0 0.8613 -0.616091 0
4.48744 -4.00055 0 0.861093 -0.615907 0
4.49605 -4.00671 0 0.860886 -0.615722 0
4.50466 -4.01286 0 0.860681 -0.615539 0
4.51327 -4.01902 0 0.860475 -0.615356 0
4.52187 -4.02517 0 0.860271 -0.615174 0
4.53048 -4.03133 0 0.860067 -0.614993 0
4.53908 -4.03748 0 0.859864 -0.614812 0
4.54768 -4.04362 0 0.859662 -0.614632 0
4.55627 -4.04977 0 0.85946 -0.614452 0
4.56487 -4.05591 0 0.859259 -0.614274 0
4.57346 -4.06206 0 0.859058 -0.614096 0
4.58205 -4.0682 0 0.858858 -0.613918 0
4.59064 -4.07434 0 0.858659 -0.613741 0
4.59923 -4.08047 0 0.858461 -0.613565 0
4.60781 -4.08661 0 0.858263 -0.613389 0
4.61639 -4.09274 0 0.858066 -0.613215 0
4.62497 -4.09888 0 0.857869 -0.61304 0
4.63355 -4.10501 0 0.857673 -0.612867 0
4.64213 -4.11114 0 0.857478 -0.612694 0
4.6507 -4.11726 0 0.857283 -0.612521 0
4.65928 -4.12339 0 0.857089 -0.612349 0
4.66785 -4.12951 0 0.856895 -0.612178 0
4.67642 -4.13563 0 0.856703 -0.612008 0
4.68498 -4.14175 0 0.85651 -0.611838 0
4.69355 -4.14787 0 0.856319 -0.611668 0
4.70211 -4.15399 0 0.856128 -0.611499 0
4.71067 -4.1601 0 0.855937 -0.611331 0
4.71923 -4.16622 0 0.855748 -0.611164 0
4.72779 -4.17233 0 0.855558 -0.610997 0
4.73635 -4.17844 0 0.85537 -0.61083 0
4.7449 -4.18455 0 0.855182 -0.610664 0
4.75345 -4.19065 0 0.854995 -0.610499 0
4.762 -4.19676 0 0.854808 -0.610334 0
4.77055 -4.20286 0 0.854622 -0.61017 0
4.7791 -4.20896 0 0.854436 -0.610007 0
4.78764 -4.21506 0 0.854251 -0.609844 0
4.79618 -4.22116 0 0.854066 -0.609681 0
4.80472 -4.22726 0 0.853882 -0.60952 0
4.81326 -4.23335 0 0.853699 -0.609358 0
4.8218 -4.23945 0 0.853516 -0.609198 0
4.83033 -4.24554 0 0.853334 -0.609037 0
4.83887 -4.25163 0 0.853153 -0.608878 0
4.8474 -4.25772 0 0.852972 -0.608719 0
4.85593 -4.26381 0 0.852791 -0.60856 0
4.86446 -4.26989 0 0.852611 -0.608402 0
4.87298 -4.27597 0 0.852432 -0.608245 0
4.88151 -4.28206 0 0.852253 -0.608088 0
4.89003 -4.28814 0 0.852075 -0.607931 0
4.89855 -4.29422 0 0.851897 -0.607775 0
4.90707 -4.3003 0 0.85172 -0.60762 0
4.91559 -4.30637 0 0.851543 -0.607465 0
4.9241 -4.31245 0 0.851367 -0.607311 0
4.93262 -4.31852 0 0.851191 -0.607157 0
4.94113 -4.32459 0 0.851016 -0.607004 0
4.94964 -4.33066 0 0.850842 -0.606851 0
4.95815 -4.33673 0 0.850668 -0.606699 0
4.96665 -4.3428 0 0.850494 -0.606547 0
4.97516 -4.34886 0 0.850321 -0.606396 0
4.98366 -4.35493 0 0.850149 -0.606245 0
4.99216 -4.36099 0 0.849977 -0.606095 0
5.00066 -4.36705 0 0.849806 -0.605945 0
5.00916 -4.37311 0 0.849635 -0.605796 0
5.01766 -4.37917 0 0.849464 -0.605647 0
5.02615 -4.38522 0 0.849294 -0.605499 0
5.03464 -4.39128 0 0.849125 -0.605351 0
5.04314 -4.39733 0 0.848956 -0.605204 0
5.05162 -4.40338 0 0.848788 -0.605057 0
5.06011 -4.40943 0 0.84862 -0.604911 0
5.0686 -4.41548 0 0.848453 -0.604765 0
5.07708 -4.42153 0 0.848286 -0.60462 0
5.08557 -4.42758 0 0.848119 -0.604475 0
5.09405 -4.43362 0 0.847954 -0.60433 0
5.10253 -4.43966 0 0.847788 -0.604186 0
5.111 -4.44571 0 0.847623 -0.604043 0
5.11948 -4.45175 0 0.847459 -0.6039 0
5.12796 -4.45779 0 0.847295 -0.603757 0
5.13643 -4.46382 0 0.847131 -0.603615 0
5.1449 -4.46986 0 0.846968 -0.603474 0
5.15337 -4.47589 0 0.846806 -0.603332 0
5.16184 -4.48193 0 0.846644 -0.603192 0
5.1703 -4.48796 0 0.846482 -0.603051 0
5.17877 -4.49399 0 0.846321 -0.602912 0
5.18723 -4.50002 0 0.846161 -0.602772 0
5.19569 -4.50605 0 0.846 -0.602633 0
5.20415 -4.51207 0 0.845841 -0.602495 0
5.21261 -4.5181 0 0.845681 -0.602357 0
5.22107 -4.52412 0 0.845523 -0.602219 0
5.22952 -4.53014 0 0.845364 -0.602082 0
5.23798 -4.53617 0 0.845206 -0.601945 0
5.24643 -4.54218 0 0.845049 -0.601809 0
5.25488 -4.5482 0 0.844892 -0.601673 0
5.26333 -4.55422 0 0.844735 -0.601537 0
5.27178 -4.56023 0 0.844579 -0.601402 0
5.28022 -4.56625 0 0.844424 -0.601268 0
5.28867 -4.57226 0 0.844268 -0.601133 0
5.29711 -4.57827 0 0.844114 -0.600999 0
5.30555 -4.58428 0 0.843959 -0.600866 0
5.31399 -4.59029 0 0.843805 -0.600733 0
5.32243 -4.5963 0 0.843652 -0.600601 0
5.33086 -4.6023 0 0.843499 -0.600468 0
5.3393 -4.60831 0 0.843346 -0.600337 0
5.34773 -4.61431 0 0.843194 -0.600205 0
5.35616 -4.62031 0 0.843042 -0.600074 0
5.3646 -4.62632 0 0.842891 -0.599944 0
5.37302 -4.63232 0 0.84274 -0.599814 0
5.38145 -4.63831 0 0.84259 -0.599684 0
5.38988 -4.64431 0 0.842439 -0.599555 0
5.3983 -4.65031 0 0.84229 -0.599426 0
5.40672 -4.6563 0 0.842141 -0.599297 0
5.41515 -4.66229 0 0.841992 -0.599169 0
5.42357 -4.66828 0 0.841843 -0.599041 0
5.43198 -4.67427 0 0.841695 -0.598914 0
5.4404 -4.68026 0 0.841548 -0.598787 0
5.44882 -4.68625 0 0.841401 -0.59866 0
5.45723 -4.69224 0 0.841254 -0.598534 0
5.46564 -4.69822 0 0.841107 -0.598408 0
5.47405 -4.70421 0 0.840961 -0.598282 0
5.48246 -4.71019 0 0.840816 -0.598157 0
5.49087 -4.71617 0 0.840671 -0.598033 0
5.49928 -4.72215 0 0.840526 -0.597908 0
5.50768 -4.72813 0 0.840381 -0.597784 0
5.51609 -4.73411 0 0.840237 -0.597661 0
5.52449 -4.74009 0 0.840094 -0.597537 0
5.53289 -4.74606 0 0.839951 -0.597414 0
5.54129 -4.75204 0 0.839808 -0.597292 0
5.54969 -4.75801 0 0.839665 -0.59717 0
5.55809 -4.76398 0 0.839523 -0.597048 0
5.56648 -4.76995 0 0.839382 -0.596927 0
5.57487 -4.77592 0 0.83924 -0.596805 0
5.58327 -4.78189 0 0.839099 -0.596685 0
5.59166 -4.78786 0 0.838959 -0.596564 0
5.60005 -4.79382 0 0.838819 -0.596444 0
5.60844 -4.79979 0 0.838679 -0.596325 0
5.61682 -4.80575 0 0.838539 -0.596205 0
5.62521 -4.81171 0 0.8384 -0.596086 0
5.63359 -4.81767 0 0.838262 -0.595968 0
5.64197 -4.82363 0 0.838123 -0.595849 0
5.65036 -4.82959 0 0.837985 -0.595732 0
5.65874 -4.83555 0 0.837848 -0.595614 0
5.66711 -4.8415 0 0.837711 -0.595497 0
5.67549 -4.84746 0 0.837574 -0.59538 0
5.68387 -4.85341 0 0.837437 -0.595263 0
5.69224 -4.85936 0 0.837301 -0.595147 0
5.70061 -4.86532 0 0.837165 -0.595031 0
5.70899 -4.87127 0 0.83703 -0.594915 0
5.71736 -4.87722 0 0.836895 -0.5948 0
5.72573 -4.88316 0 0.83676 -0.594685 0
5.73409 -4.88911 0 0.836626 -0.594571 0
5.74246 -4.89506 0 0.836492 -0.594456 0
5.75082 -4.901 0 0.836358 -0.594342 0
5.75919 -4.90694 0 0.836225 -0.594229 0
5.76755 -4.91289 0 0.836092 -0.594116 0
5.77591 -4.91883 0 0.835959 -0.594003 0
5.78427 -4.92477 0 0.835827 -0.59389 0
5.79263 -4.93071 0 0.835695 -0.593778 0
5.80099 -4.93664 0 0.835563 -0.593666 0
5.80934 -4.94258 0 0.835432 -0.593554 0
5.8177 -4.94852 0 0.835301 -0.593443 0
5.82605 -4.95445 0 0.835171 -0.593331 0
5.8344 -4.96038 0 0.83504 -0.593221 0
5.84275 -4.96632 0 0.83491 -0.59311 0
5.8511 -4.97225 0 0.834781 -0.593 0
5.85945 -4.97818 0 0.834652 -0.59289 0
5.86779 -4.98411 0 0.834523 -0.592781 0
5.87614 -4.99003 0 0.834394 -0.592672 0
5.88448 -4.99596 0 0.834266 -0.592563 0
5.89283 -5.00189 0 0.834138 -0.592454 0
5.90117 -5.00781 0 0.83401 -0.592346 0
5.90951 -5.01373 0 0.833883 -0.592238 0
5.91785 -5.01966 0 0.833756 -0.59213 0
5.92618 -5.02558 0 0.833629 -0.592023 0
5.93452 -5.0315 0 0.833503 -0.591915 0
5.94286 -5.03742 0 0.833377 -0.591809 0
5.95119 -5.04334 0 0.833251 -0.591702 0
5.95952 -5.04925 0 0.833126 -0.591596 0
5.96785 -5.05517 0 0.833001 -0.59149 0
5.97618 -5.06108 0 0.832876 -0.591384 0
5.98451 -5.067 0 0.832752 -0.591279 0
5.99284 -5.07291 0 0.832628 -0.591174 0
6.00117 -5.07882 0 0.832504 -0.591069 0
6.00949 -5.08473 0 0.83238 -0.590964 0
6.01781 -5.09064 0 0.832257 -0.59086 0
6.02614 -5.09655 0 0.832134 -0.590756 0
6.03446 -5.10246 0 0.832012 -0.590653 0
6.04278 -5.10836 0 0.831889 -0.590549 0
6.0511 -5.11427 0 0.831767 -0.590446 0
6.05941 -5.12017 0 0.831646 -0.590343 0
6.06773 -5.12608 0 0.831524 -0.590241 0
6.07605 -5.13198 0 0.831403 -0.590138 0
6.08436 -5.13788 0 0.831283 -0.590036 0
6.09267 -5.14378 0 0.831162 -0.589935 0
6.10099 -5.14968 0 0.831042 -0.589833 0
6.1093 -5.15558 0 0.830922 -0.589732 0
6.1176 -5.16148 0 0.830802 -0.589631 0
6.12591 -5.16737 0 0.830683 -0.58953 0
6.13422 -5.17327 0 0.830564 -0.58943 0
6.14253 -5.17916 0 0.830445 -0.58933 0
6.15083 -5.18506 0 0.830327 -0.58923 0
6.15913 -5.19095 0 0.830209 -0.58913 0
6.16743 -5.19684 0 0.830091 -0.589031 0
6.17574 -5.20273 0 0.829973 -0.588932 0
6.18404 -5.20862 0 0.829856 -0.588833 0
6.19233 -5.21451 0 0.829739 -0.588735 0
6.20063 -5.2204 0 0.829622 -0.588636 0
6.20893 -5.22628 0 0.829506 -0.588538 0
6.21722 -5.23217 0 0.82939 -0.588441 0
6.22552 -5.23805 0 0.829274 -0.588343 0
6.23381 -5.24393 0 0.829158 -0.588246 0
6.2421 -5.24982 0 0.829043 -0.588149 0
6.25039 -5.2557 0 0.828928 -0.588052 0
6.25868 -5.26158 0 0.828813 -0.587956 0
6.26697 -5.26746 0 0.828699 -0.587859 0
6.27526 -5.27334 0 0.828585 -0.587763 0
6.28354 -5.27922 0 0.828471 -0.587668 0
6.29183 -5.28509 0 0.828357 -0.587572 0
6.30011 -5.29097 0 0.828244 -0.587477 0
6.30839 -5.29684 0 0.82813 -0.587382 0
6.31667 -5.30272 0 0.828018 -0.587287 0
6.32495 -5.30859 0 0.827905 -0.587192 0
6.33323 -5.31446 0 0.827793 -0.587098 0
6.34151 -5.32033 0 0.827681 -0.587004 0
6.34979 -5.3262 0 0.827569 -0.58691 0
6.35806 -5.33207 0 0.827457 -0.586817 0
6.36634 -5.33794 0 0.827346 -0.586723 0
6.37461 -5.34381 0 0.827235 -0.58663 0
6.38288 -5.34967 0 0.827124 -0.586538 0
6.39116 -5.35554 0 0.827014 -0.586445 0
6.39943 -5.3614 0 0.826903 -0.586353 0
6.40769 -5.36727 0 0.826793 -0.58626 0
6.41596 -5.37313 0 0.826684 -0.586168 0
6.42423 -5.37899 0 0.826574 -0.586077 0
6.43249 -5.38485 0 0.826465 -0.585985 0
6.44076 -5.39071 0 0.826356 -0.585894 0
6.44902 -5.39657 0 0.826247 -0.585803 0
6.45729 -5.40243 0 0.826139 -0.585712 0
6.46555 -5.40829 0 0.826031 -0.585622 0
6.47381 -5.41414 0 0.825923 -0.585532 0
6.48207 -5.42 0 0.825815 -0.585442 0
6.49032 -5.42585 0 0.825708 -0.585352 0
6.49858 -5.4317 0 0.8256 -0.585262 0
6.50684 -5.43756 0 0.825493 -0.585173 0
6.51509 -5.44341 0 0.825387 -0.585083 0
6.52335 -5.44926 0 0.82528 -0.584995 0
6.5316 -5.45511 0 0.825174 -0.584906 0
6.53985 -5.46096 0 0.825068 -0.584817 0
6.5481 -5.46681 0 0.824962 -0.584729 0
6.55635 -5.47265 0 0.824857 -0.584641 0
6.5646 -5.4785 0 0.824752 -0.584553 0
6.57285 -5.48435 0 0.824646 -0.584465 0
6.58109 -5.49019 0 0.824542 -0.584378 0
6.58934 -5.49603 0 0.824437 -0.584291 0
6.59758 -5.50188 0 0.824333 -0.584204 0
6.60583 -5.50772 0 0.824229 -0.584117 0
6.61407 -5.51356 0 0.824125 -0.58403 0
6.62231 -5.5194 0 0.824021 -0.583944 0
6.63055 -5.52524 0 0.823918 -0.583858 0
6.63879 -5.53108 0 0.823815 -0.583772 0
6.64703 -5.53692 0 0.823712 -0.583686 0
6.65527 -5.54275 0 0.823609 -0.583601 0
6.6635 -5.54859 0 0.823507 -0.583515 0
6.67174 -5.55442 0 0.823405 -0.58343 0
6.67997 -5.56026 0 0.823303 -0.583345 0
6.6882 -5.56609 0 0.823201 -0.583261 0
6.69644 -5.57193 0 0.823099 -0.583176 0
6.70467 -5.57776 0 0.822998 -0.583092 0
6.7129 -5.58359 0 0.822897 -0.583008 0
6.72113 -5.58942 0 0.822796 -0.582924 0
6.72935 -5.59525 0 0.822696 -0.58284 0
6.73758 -5.60108 0 0.822595 -0.582757 0
6.74581 -5.6069 0 0.822495 -0.582674 0
6.75403 -5.61273 0 0.822395 -0.58259 0
6.76226 -5.61856 0 0.822295 -0.582508 0
6.77048 -5.62438 0 0.822196 -0.582425 0
6.7787 -5.63021 0 0.822097 -0.582342 0
6.78692 -5.63603 0 0.821998 -0.58226 0
6.79514 -5.64185 0 0.821899 -0.582178 0
6.80336 -5.64767 0 0.8218 -0.582096 0
6.81158 -5.65349 0 0.821702 -0.582014 0
6.81979 -5.65931 0 0.821603 -0.581933 0
6.82801 -5.66513 0 0.821505 -0.581852 0
6.83623 -5.67095 0 0.821408 -0.581771 0
6.84444 -5.67677 0 0.82131 -0.58169 0
6.85265 -5.68259 0 0.821213 -0.581609 0
6.86087 -5.6884 0 0.821116 -0.581528 0
6.86908 -5.69422 0 0.821019 -0.581448 0
6.87729 -5.70003 0 0.820922 -0.581368 0
6.8855 -5.70585 0 0.820826 -0.581288 0
6.8937 -5.71166 0 0.820729 -0.581208 0
6.90191 -5.71747 0 0.820633 -0.581128 0
6.91012 -5.72328 0 0.820537 -0.581049 0
6.91832 -5.72909 0 0.820442 -0.58097 0
6.92653 -5.7349 0 0.820346 -0.580891 0
6.93473 -5.74071 0 0.820251 -0.580812 0
6.94293 -5.74652 0 0.820156 -0.580733 0
6.95114 -5.75233 0 0.820061 -0.580655 0
6.95934 -5.75813 0 0.819966 -0.580576 0
6.96754 -5.76394 0 0.819872 -0.580498 0
6.97573 -5.76974 0 0.819778 -0.58042 0
6.98393 -5.77555 0 0.819684 -0.580343 0
6.99213 -5.78135 0 0.81959 -0.580265 0
7.00032 -5.78715 0 0.819496 -0.580188 0
7.00852 -5.79296 0 0.819403 -0.58011 0
7.01671 -5.79876 0 0.81931 -0.580033 0
7.02491 -5.80456 0 0.819217 -0.579956 0
7.0331 -5.81036 0 0.819124 -0.57988 0
7.04129 -5.81616 0 0.819031 -0.579803 0
7.04948 -5.82195 0 0.818939 -0.579727 0
7.05767 -5.82775 0 0.818846 -0.579651 0
7.06586 -5.83355 0 0.818754 -0.579575 0
7.07405 -5.83934 0 0.818663 -0.579499 0
7.08223 -5.84514 0 0.818571 -0.579423 0
7.09042 -5.85093 0 0.818479 -0.579348 0
7.0986 -5.85673 0 0.818388 -0.579272 0
7.10679 -5.86252 0 0.818297 -0.579197 0
7.11497 -5.86831 0 0.818206 -0.579122 0
7.12315 -5.8741 0 0.818115 -0.579047 0
7.13133 -5.87989 0 0.818025 -0.578973 0
7.13951 -5.88568 0 0.817935 -0.578898 0
7.14769 -5.89147 0 0.817845 -0.578824 0
7.15587 -5.89726 0 0.817755 -0.57875 0
7.16405 -5.90305 0 0.817665 -0.578676 0
7.17223 -5.90883 0 0.817575 -0.578602 0
7.1804 -5.91462 0 0.817486 -0.578528 0
7.18858 -5.92041 0 0.817397 -0.578455 0
7.19675 -5.92619 0 0.817308 -0.578382 0
7.20492 -5.93197 0 0.817219 -0.578309 0
7.21309 -5.93776 0 0.81713 -0.578236 0
7.22127 -5.94354 0 0.817042 -0.578163 0
7.22944 -5.94932 0 0.816954 -0.57809 0
7.23761 -5.9551 0 0.816865 -0.578018 0
7.24577 -5.96088 0 0.816778 -0.577945 0
7.25394 -5.96666 0 0.81669 -0.577873 0
7.26211 -5.97244 0 0.816602 -0.577801 0
7.27028 -5.97822 0 0.816515 -0.577729 0
7.27844 -5.984 0 0.816428 -0.577658 0
7.28661 -5.98977 0 0.816341 -0.577586 0
7.29477 -5.99555 0 0.816254 -0.577515 0
7.30293 -6.00132 0 0.816167 -0.577443 0
7.31109 -6.0071 0 0.816081 -0.577372 0
7.31925 -6.01287 0 0.815994 -0.577301 0
7.32741 -6.01864 0 0.815908 -0.577231 0
7.33557 -6.02442 0 0.815822 -0.57716 0
7.34373 -6.03019 0 0.815737 -0.57709 0
7.35189 -6.03596 0 0.815651 -0.577019 0
7.36004 -6.04173 0 0.815566 -0.576949 0
7.3682 -6.0475 0 0.81548 -0.576879 0
7.37636 -6.05327 0 0.815395 -0.57681 0
7.38451 -6.05904 0 0.81531 -0.57674 0
7.39266 -6.0648 0 0.815226 -0.57667 0
7.40081 -6.07057 0 0.815141 -0.576601 0
7.40897 -6.07634 0 0.815057 -0.576532 0
7.41712 -6.0821 0 0.814973 -0.576463 0
7.42527 -6.08787 0 0.814888 -0.576394 0
7.43341 -6.09363 0 0.814805 -0.576325 0
7.44156 -6.09939 0 0.814721 -0.576256 0
7.44971 -6.10516 0 0.814637 -0.576188 0
7.45786 -6.11092 0 0.814554 -0.57612 0
7.466 -6.11668 0 0.814471 -0.576051 0
7.47415 -6.12244 0 0.814388 -0.575983 0
7.48229 -6.1282 0 0.814305 -0.575915 0
7.49043 -6.13396 0 0.814222 -0.575848 0
7.49858 -6.13972 0 0.81414 -0.57578 0
7.50672 -6.14547 0 0.814057 -0.575713 0
7.51486 -6.15123 0 0.813975 -0.575645 0
7.523 -6.15699 0 0.813893 -0.575578 0
7.53114 -6.16274 0 0.813811 -0.575511 0
7.53927 -6.1685 0 0.813729 -0.575444 0
7.54741 -6.17425 0 0.813648 -0.575378 0
7.55555 -6.18001 0 0.813566 -0.575311 0
7.56368 -6.18576 0 0.813485 -0.575245 0
7.57182 -6.19151 0 0.813404 -0.575178 0
7.57995 -6.19726 0 0.813323 -0.575112 0
7.58809 -6.20302 0 0.813242 -0.575046 0
7.59622 -6.20877 0 0.813162 -0.57498 0
7.60435 -6.21452 0 0.813081 -0.574914 0
7.61248 -6.22026 0 0.813001 -0.574849 0
7.62061 -6.22601 0 0.812921 -0.574783 0
7.62874 -6.23176 0 0.812841 -0.574718 0
7.63687 -6.23751 0 0.812761 -0.574653 0
7.645 -6.24325 0 0.812682 -0.574588 0
7.65312 -6.249 0 0.812602 -0.574523 0
7.66125 -6.25475 0 0.812523 -0.574458 0
7.66937 -6.26049 0 0.812443 -0.574393 0
7.6775 -6.26623 0 0.812364 -0.574329 0
7.68562 -6.27198 0 0.812286 -0.574264 0
7.69375 -6.27772 0 0.812207 -0.5742 0
7.70187 -6.28346 0 0.812128 -0.574136 0
