This is TeX, Version 3.14159 (Web2C 7.3.1) (format=latex 2000.7.19)  25 NOV 2001 10:15
**ch1
(ch1.tex
LaTeX2e <1999/12/01> patch level 1
Babel <v3.6Z> and hyphenation patterns for american, french, german, ngerman, i
talian, nohyphenation, loaded.
(/usr/share/texmf/tex/latex/base/latex209.def
File: latex209.def 1998/05/13 v0.52 Standard LaTeX file


          Entering LaTeX 2.09 COMPATIBILITY MODE
 *************************************************************
    !!WARNING!!    !!WARNING!!    !!WARNING!!    !!WARNING!!   
 
 This mode attempts to provide an emulation of the LaTeX 2.09
 author environment so that OLD documents can be successfully
 processed. It should NOT be used for NEW documents!
 
 New documents should use Standard LaTeX conventions and start
 with the \documentclass command.
 
 Compatibility mode is UNLIKELY TO WORK with LaTeX 2.09 style
 files that change any internal macros, especially not with
 those that change the FONT SELECTION or OUTPUT ROUTINES.
 
 Therefore such style files MUST BE UPDATED to use
          Current Standard LaTeX: LaTeX2e.
 If you suspect that you may be using such a style file, which
 is probably very, very old by now, then you should attempt to
 get it updated by sending a copy of this error message to the
 author of that file.
 *************************************************************

\footheight=\dimen102
\@maxsep=\dimen103
\@dblmaxsep=\dimen104
\@cla=\count79
\@clb=\count80
\mscount=\count81
(/usr/share/texmf/tex/latex/base/tracefnt.sty
Package: tracefnt 1997/05/29 v3.0j Standard LaTeX package (font tracing)
\tracingfonts=\count82
LaTeX Info: Redefining \selectfont on input line 96.
)
\symbold=\mathgroup4
\symsans=\mathgroup5
\symtypewriter=\mathgroup6
\symitalic=\mathgroup7
\symsmallcaps=\mathgroup8
\symslanted=\mathgroup9
LaTeX Font Info:    Redeclaring math alphabet \mathbf on input line 288.
LaTeX Font Info:    Redeclaring math alphabet \mathsf on input line 289.
LaTeX Font Info:    Redeclaring math alphabet \mathtt on input line 290.
LaTeX Font Info:    Redeclaring math alphabet \mathit on input line 296.
LaTeX Info: Redefining \em on input line 306.

(/usr/share/texmf/tex/latex/base/latexsym.sty
Package: latexsym 1998/08/17 v2.2e Standard LaTeX package (lasy symbols)
\symlasy=\mathgroup10
LaTeX Font Info:    Overwriting symbol font `lasy' in version `bold'
(Font)                  U/lasy/m/n --> U/lasy/b/n on input line 42.
)
LaTeX Font Info:    Redeclaring math delimiter \lgroup on input line 370.
LaTeX Font Info:    Redeclaring math delimiter \rgroup on input line 372.
LaTeX Font Info:    Redeclaring math delimiter \bracevert on input line 374.

(/usr/share/texmf/tex/latex/config/latex209.cfg)
(/usr/share/texmf/tex/latex/tools/rawfonts.sty
Package: rawfonts 1994/05/08 Low-level LaTeX 2.09 font compatibility

(/usr/share/texmf/tex/latex/tools/somedefs.sty
Package: somedefs 1994/06/01 Toolkit for optional definitions
)
LaTeX Font Info:    Try loading font information for U+lasy on input line 44.

(/usr/share/texmf/tex/latex/base/ulasy.fd
File: ulasy.fd 1998/08/17 v2.2eLaTeX symbol font definitions
)))
(/usr/share/texmf/tex/latex/base/article.cls
Document Class: article 1999/09/10 v1.4a Standard LaTeX document class
(/usr/share/texmf/tex/latex/base/size11.clo
File: size11.clo 1999/09/10 v1.4a Standard LaTeX file (size option)
)
\c@part=\count83
\c@section=\count84
\c@subsection=\count85
\c@subsubsection=\count86
\c@paragraph=\count87
\c@subparagraph=\count88
\c@figure=\count89
\c@table=\count90
\abovecaptionskip=\skip41
\belowcaptionskip=\skip42
Compatibility mode: definition of \rm ignored.
Compatibility mode: definition of \sf ignored.
Compatibility mode: definition of \tt ignored.
Compatibility mode: definition of \bf ignored.
Compatibility mode: definition of \it ignored.
Compatibility mode: definition of \sl ignored.
Compatibility mode: definition of \sc ignored.
LaTeX Info: Redefining \cal on input line 501.
LaTeX Info: Redefining \mit on input line 502.
\bibindent=\dimen105
)
(/usr/share/texmf/tex/plain/dvips/epsf.tex
This is `epsf.tex' v2.7k <10 July 1997>
\epsffilein=\read1
\epsfframemargin=\dimen106
\epsfframethickness=\dimen107
\epsfrsize=\dimen108
\epsftmp=\dimen109
\epsftsize=\dimen110
\epsfxsize=\dimen111
\epsfysize=\dimen112
\pspoints=\dimen113
\epsfnoopenhelp=\toks14
) (/usr/share/texmf/tex/latex/tools/verbatim.sty
Package: verbatim 2000/01/07 v1.5m LaTeX2e package for verbatim enhancements
\every@verbatim=\toks15
\verbatim@line=\toks16
\verbatim@in@stream=\read2
) (ch1.aux)
\openout1 = `ch1.aux'.

LaTeX Font Info:    Checking defaults for OML/cmm/m/it on input line 89.
LaTeX Font Info:    ... okay on input line 89.
LaTeX Font Info:    Checking defaults for T1/cmr/m/n on input line 89.
LaTeX Font Info:    ... okay on input line 89.
LaTeX Font Info:    Checking defaults for OT1/cmr/m/n on input line 89.
LaTeX Font Info:    ... okay on input line 89.
LaTeX Font Info:    Checking defaults for OMS/cmsy/m/n on input line 89.
LaTeX Font Info:    ... okay on input line 89.
LaTeX Font Info:    Checking defaults for OMX/cmex/m/n on input line 89.
LaTeX Font Info:    ... okay on input line 89.
LaTeX Font Info:    Checking defaults for U/cmr/m/n on input line 89.
LaTeX Font Info:    ... okay on input line 89.
 [1

] [2]
LaTeX Font Info:    External font `cmex10' loaded for size
(Font)              <10.95> on input line 170.
LaTeX Font Info:    External font `cmex10' loaded for size
(Font)              <8> on input line 170.
LaTeX Font Info:    External font `cmex10' loaded for size
(Font)              <6> on input line 170.
File: forward_euler1.C  (verbatim)
 [3]
[4] [5]
Overfull \hbox (59.6542pt too wide) in paragraph at lines 270--270
[]\OT1/cmtt/m/n/10.95 Options are 'eps noenhanced monochrome dashed defaultplex
 "Helvetica" 22'[] 
 []

File: forward_euler2.C  (verbatim)
[6]
Overfull \hbox (7.91602pt too wide) in paragraph at lines 286--286
[]            \OT1/cmtt/m/n/10.95 epot = -1.0/sqrt(r[0]*r[0] + r[1]*r[1] + r[2]
*r[2]);[] 
 []


Overfull \hbox (2.16733pt too wide) in paragraph at lines 286--286
[]            \OT1/cmtt/m/n/10.95 cout << v[0] << " " << v[1] << " " << v[2] <<
 endl;[] 
 []

[7]
File: leapfrog1.C  (verbatim)
 [8] [9] [10]
Overfull \hbox (7.91602pt too wide) in paragraph at lines 360--360
[]            \OT1/cmtt/m/n/10.95 epot = -1.0/sqrt(r[0]*r[0] + r[1]*r[1] + r[2]
*r[2]);[] 
 []


Overfull \hbox (2.16733pt too wide) in paragraph at lines 360--360
[]            \OT1/cmtt/m/n/10.95 cout << v[0] << " " << v[1] << " " << v[2] <<
 endl;[] 
 []

[11] [12]
File: leapfrog1a.C  (verbatim)
 [13] [14] [15] [16] [17]
File: leapfrog1b.C  (verbatim)
 [18] [19] [20] [21] [22]
File: leapfrog1c.C  (verbatim)
 [23] [24] [25]
[26] [27]
File: leapfrog1d.C  (verbatim)
 [28] [29] [30] [31] [32] [33]
File: leapfrog1e.C  (verbatim)
 [34] [35] [36] [37] [38] [39]
File: leapfrog2.C  (verbatim)
 [40]
[41] [42] [43]
File: leapfrog2.C  (verbatim)
 [44] [45] [46] [47] [48]
File: triple.in  (verbatim)
File: leapfrog3.C  (verbatim)
 [49] [50] [51]
File: leapfrog4.C  (verbatim)
 [52] [53] [54] [55]
(ch1.aux) ) 
Here is how much of TeX's memory you used:
 702 strings out of 20898
 7312 string characters out of 196686
 53719 words of memory out of 350001
 3619 multiletter control sequences out of 10000+15000
 24940 words of font info for 92 fonts, out of 400000 for 1000
 14 hyphenation exceptions out of 1000
 25i,5n,22p,266b,292s stack positions out of 1500i,100n,500p,50000b,4000s

Output written on ch1.dvi (55 pages, 56964 bytes).
