1 0.0005 0 -0.001 0.5 0
0.999945 0.00549992 0 -0.0110002 0.499972 0
0.99979 0.0104993 0 -0.0210016 0.499895 0
0.999535 0.0154978 0 -0.0310054 0.499767 0
0.99918 0.0204947 0 -0.041013 0.49959 0
0.998725 0.0254896 0 -0.0510256 0.499362 0
0.998169 0.030482 0 -0.0610444 0.499083 0
0.997514 0.0354714 0 -0.0710706 0.498755 0
0.996758 0.0404573 0 -0.0811057 0.498375 0
0.995902 0.0454391 0 -0.0911507 0.497945 0
0.994945 0.0504164 0 -0.101207 0.497463 0
0.993888 0.0553887 0 -0.111276 0.49693 0
0.992729 0.0603554 0 -0.121359 0.496345 0
0.99147 0.065316 0 -0.131457 0.495708 0
0.99011 0.0702701 0 -0.141572 0.495018 0
0.988649 0.075217 0 -0.151704 0.494276 0
0.987086 0.0801562 0 -0.161856 0.49348 0
0.985422 0.0850872 0 -0.172028 0.492631 0
0.983656 0.0900095 0 -0.182222 0.491727 0
0.981788 0.0949225 0 -0.192439 0.490768 0
0.979817 0.0998256 0 -0.202681 0.489754 0
0.977744 0.104718 0 -0.212949 0.488684 0
0.975568 0.1096 0 -0.223245 0.487557 0
0.97329 0.114471 0 -0.233569 0.486372 0
0.970907 0.119329 0 -0.243924 0.48513 0
0.968421 0.124174 0 -0.254311 0.483828 0
0.965831 0.129006 0 -0.264732 0.482467 0
0.963137 0.133825 0 -0.275187 0.481045 0
0.960338 0.138629 0 -0.285679 0.479562 0
0.957434 0.143417 0 -0.29621 0.478016 0
0.954424 0.14819 0 -0.30678 0.476407 0
0.951309 0.152947 0 -0.317391 0.474733 0
0.948087 0.157686 0 -0.328046 0.472993 0
0.944758 0.162408 0 -0.338745 0.471187 0
0.941323 0.167112 0 -0.349491 0.469312 0
0.937779 0.171796 0 -0.360285 0.467369 0
0.934128 0.176461 0 -0.37113 0.465354 0
0.930367 0.181105 0 -0.382027 0.463267 0
0.926498 0.185728 0 -0.392977 0.461107 0
0.922518 0.190329 0 -0.403984 0.458872 0
0.918429 0.194908 0 -0.415048 0.45656 0
0.914228 0.199462 0 -0.426173 0.454169 0
0.909916 0.203993 0 -0.437359 0.451698 0
0.905492 0.208499 0 -0.44861 0.449145 0
0.900955 0.212978 0 -0.459927 0.446508 0
0.896305 0.217431 0 -0.471313 0.443785 0
0.89154 0.221856 0 -0.48277 0.440973 0
0.886661 0.226253 0 -0.4943 0.438071 0
0.881665 0.23062 0 -0.505906 0.435076 0
0.876554 0.234957 0 -0.517591 0.431986 0
0.871325 0.239263 0 -0.529356 0.428798 0
0.865978 0.243536 0 -0.541205 0.425509 0
0.860513 0.247776 0 -0.55314 0.422116 0
0.854927 0.251982 0 -0.565165 0.418617 0
0.849221 0.256152 0 -0.577281 0.415008 0
0.843393 0.260285 0 -0.589493 0.411286 0
0.837443 0.264381 0 -0.601803 0.407448 0
0.831369 0.268438 0 -0.614214 0.40349 0
0.825171 0.272454 0 -0.62673 0.399408 0
0.818847 0.276429 0 -0.639354 0.395197 0
0.812396 0.280362 0 -0.65209 0.390855 0
0.805818 0.284251 0 -0.664941 0.386376 0
0.79911 0.288094 0 -0.677911 0.381755 0
0.792272 0.29189 0 -0.691005 0.376988 0
0.785303 0.295638 0 -0.704225 0.37207 0
0.7782 0.299336 0 -0.717577 0.366995 0
0.770964 0.302982 0 -0.731064 0.361756 0
0.763592 0.306576 0 -0.744691 0.356349 0
0.756083 0.310114 0 -0.758463 0.350766 0
0.748436 0.313596 0 -0.772385 0.345 0
0.740649 0.317019 0 -0.786462 0.339045 0
0.732721 0.320382 0 -0.800699 0.332892 0
0.724649 0.323683 0 -0.815101 0.326534 0
0.716432 0.326919 0 -0.829675 0.319961 0
0.708069 0.330088 0 -0.844425 0.313165 0
0.699558 0.333188 0 -0.859359 0.306135 0
0.690897 0.336217 0 -0.874483 0.298862 0
0.682083 0.339172 0 -0.889803 0.291333 0
0.673115 0.34205 0 -0.905327 0.283538 0
0.663991 0.34485 0 -0.921061 0.275463 0
0.654709 0.347567 0 -0.937013 0.267096 0
0.645267 0.350199 0 -0.953191 0.258421 0
0.635661 0.352743 0 -0.969604 0.249424 0
0.62589 0.355196 0 -0.98626 0.240087 0
0.615952 0.357553 0 -1.00317 0.230393 0
0.605843 0.359812 0 -1.02034 0.220324 0
0.595561 0.361969 0 -1.03778 0.209857 0
0.585104 0.364018 0 -1.0555 0.198972 0
0.574468 0.365958 0 -1.07351 0.187644 0
0.563651 0.367781 0 -1.09183 0.175848 0
0.552649 0.369485 0 -1.11046 0.163556 0
0.541459 0.371063 0 -1.12942 0.150738 0
0.530079 0.372511 0 -1.14872 0.137361 0
0.518503 0.373822 0 -1.16838 0.123389 0
0.50673 0.374991 0 -1.1884 0.108784 0
0.494754 0.376011 0 -1.2088 0.0935043 0
0.482573 0.376874 0 -1.2296 0.0775027 0
0.470182 0.377574 0 -1.25081 0.0607292 0
0.457577 0.378103 0 -1.27244 0.0431284 0
0.444753 0.378452 0 -1.29453 0.0246393 0
0.431707 0.378612 0 -1.31707 0.00519485 0
0.418433 0.378572 0 -1.34009 -0.015279 0
0.404927 0.378323 0 -1.3636 -0.0368643 0
0.391183 0.377853 0 -1.38763 -0.0596521 0
0.377197 0.377149 0 -1.41219 -0.0837437 0
0.362962 0.376198 0 -1.43729 -0.109252 0
0.348474 0.374986 0 -1.46295 -0.136304 0
0.333727 0.373495 0 -1.48919 -0.165041 0
0.318715 0.371708 0 -1.51602 -0.195623 0
0.303432 0.369607 0 -1.54343 -0.228231 0
0.287872 0.36717 0 -1.57145 -0.263069 0
0.272029 0.364373 0 -1.60006 -0.30037 0
0.255898 0.361192 0 -1.62925 -0.340399 0
0.239472 0.357597 0 -1.659 -0.383461 0
0.222746 0.353556 0 -1.68927 -0.429904 0
0.205716 0.349034 0 -1.71998 -0.480133 0
0.188376 0.343992 0 -1.75106 -0.534614 0
0.170725 0.338383 0 -1.78236 -0.593892 0
0.15276 0.332158 0 -1.8137 -0.658601 0
0.134483 0.325258 0 -1.8448 -0.729482 0
0.115897 0.317619 0 -1.8753 -0.807407 0
0.0970106 0.309165 0 -1.90468 -0.893399 0
0.0778379 0.29981 0 -1.93224 -0.98866 0
0.0584014 0.289457 0 -1.95696 -1.0946 0
0.0387353 0.277989 0 -1.97748 -1.21285 0
0.0188897 0.265277 0 -1.99186 -1.34529 0
-0.00106246 0.25117 0 -1.9974 -1.494 0
-0.0210168 0.235494 0 -1.99031 -1.66118 0
-0.0408249 0.218055 0 -1.96534 -1.84894 0
-0.0602772 0.19864 0 -1.91525 -2.05872 0
-0.0790813 0.177027 0 -1.83039 -2.29042 0
-0.0968361 0.153009 0 -1.69851 -2.54072 0
-0.113009 0.126435 0 -1.50561 -2.8006 0
-0.12693 0.0972785 0 -1.23896 -3.05256 0
-0.137828 0.0657351 0 -0.893201 -3.2693 0
-0.144941 0.0323048 0 -0.478494 -3.41761 0
-0.1477 -0.00219188 0 -0.0250415 -3.46951 0
-0.14591 -0.0367299 0 0.423243 -3.41586 0
-0.139819 -0.0703021 0 0.824961 -3.27137 0
-0.130018 -0.102129 0 1.15537 -3.06614 0
-0.117262 -0.131748 0 1.40904 -2.83182 0
-0.102289 -0.158987 0 1.5936 -2.59269 0
-0.0857343 -0.18387 0 1.72197 -2.36362 0
-0.0681 -0.206538 0 1.80732 -2.15197 0
-0.0497637 -0.227179 0 1.86083 -1.96029 0
-0.0310025 -0.245992 0 1.89122 -1.78845 0
-0.0120168 -0.263172 0 1.90499 -1.63507 0
0.00704971 -0.278894 0 1.90686 -1.49827 0
0.0260946 -0.293316 0 1.90028 -1.37609 0
0.0450449 -0.306575 0 1.88771 -1.26668 0
0.0638493 -0.318791 0 1.87092 -1.16839 0
0.0824717 -0.330068 0 1.8512 -1.07975 0
0.100887 -0.340498 0 1.82949 -0.999527 0
0.119079 -0.35016 0 1.80647 -0.926643 0
0.137037 -0.359122 0 1.78263 -0.860185 0
0.154755 -0.367446 0 1.75835 -0.799371 0
0.172228 -0.375185 0 1.73389 -0.743535 0
0.189457 -0.382385 0 1.70945 -0.692104 0
0.206442 -0.38909 0 1.68516 -0.644588 0
0.223185 -0.395335 0 1.66113 -0.600562 0
0.23969 -0.401154 0 1.63744 -0.55966 0
0.255959 -0.406577 0 1.61413 -0.521564 0
0.271997 -0.41163 0 1.59124 -0.485995 0
0.287808 -0.416339 0 1.5688 -0.452712 0
0.303397 -0.420724 0 1.54681 -0.421501 0
0.318767 -0.424805 0 1.52528 -0.392174 0
0.333925 -0.428601 0 1.5042 -0.364565 0
0.348874 -0.432129 0 1.48359 -0.338527 0
0.363619 -0.435402 0 1.46343 -0.313929 0
0.378164 -0.438436 0 1.4437 -0.290655 0
0.392514 -0.441242 0 1.42441 -0.268598 0
0.406673 -0.443833 0 1.40554 -0.247666 0
0.420645 -0.446219 0 1.38708 -0.227775 0
0.434434 -0.448411 0 1.36902 -0.208847 0
0.448044 -0.450418 0 1.35134 -0.190814 0
0.461479 -0.452248 0 1.33403 -0.173613 0
0.474743 -0.453909 0 1.31708 -0.157188 0
0.487839 -0.45541 0 1.30048 -0.141487 0
0.50077 -0.456757 0 1.28422 -0.126463 0
0.51354 -0.457956 0 1.26828 -0.112072 0
0.526153 -0.459014 0 1.25266 -0.0982755 0
0.53861 -0.459937 0 1.23734 -0.0850367 0
0.550916 -0.46073 0 1.22231 -0.0723223 0
0.563072 -0.461397 0 1.20756 -0.0601017 0
0.575082 -0.461945 0 1.19308 -0.0483464 0
0.586949 -0.462377 0 1.17887 -0.0370304 0
0.598675 -0.462698 0 1.16492 -0.0261294 0
0.610262 -0.462912 0 1.1512 -0.015621 0
0.621713 -0.463022 0 1.13773 -0.00548428 0
0.633031 -0.463033 0 1.12449 0.0043001 0
0.644217 -0.462947 0 1.11146 0.0137502 0
0.655274 -0.462768 0 1.09865 0.0228827 0
0.666203 -0.462499 0 1.08605 0.0317133 0
0.677008 -0.462144 0 1.07365 0.0402568 0
0.687689 -0.461704 0 1.06145 0.0485267 0
0.69825 -0.461182 0 1.04943 0.0565359 0
0.70869 -0.460582 0 1.0376 0.0642963 0
0.719014 -0.459905 0 1.02594 0.0718194 0
0.729221 -0.459153 0 1.01445 0.0791155 0
0.739315 -0.45833 0 1.00313 0.0861948 0
0.749296 -0.457437 0 0.991967 0.0930665 0
0.759166 -0.456476 0 0.980961 0.0997394 0
0.768926 -0.45545 0 0.970107 0.106222 0
0.778579 -0.454359 0 0.9594 0.112522 0
0.788125 -0.453206 0 0.948835 0.118647 0
0.797567 -0.451992 0 0.938408 0.124603 0
0.806904 -0.45072 0 0.928116 0.130398 0
0.81614 -0.449391 0 0.917954 0.136038 0
0.825274 -0.448006 0 0.907919 0.141529 0
0.834309 -0.446566 0 0.898007 0.146875 0
0.843244 -0.445074 0 0.888215 0.152084 0
0.852083 -0.44353 0 0.87854 0.157159 0
0.860825 -0.441936 0 0.868977 0.162105 0
0.869472 -0.440293 0 0.859525 0.166928 0
0.878026 -0.438603 0 0.850181 0.171631 0
0.886486 -0.436866 0 0.84094 0.176219 0
0.894854 -0.435083 0 0.831802 0.180695 0
0.903131 -0.433256 0 0.822762 0.185064 0
0.911318 -0.431387 0 0.813819 0.189329 0
0.919417 -0.429474 0 0.80497 0.193493 0
0.927427 -0.427521 0 0.796213 0.197559 0
0.93535 -0.425528 0 0.787545 0.201531 0
0.943187 -0.423495 0 0.778963 0.205412 0
0.950938 -0.421423 0 0.770467 0.209205 0
0.958605 -0.419315 0 0.762054 0.212912 0
0.966188 -0.417169 0 0.753721 0.216536 0
0.973688 -0.414988 0 0.745466 0.220079 0
0.981106 -0.412771 0 0.737289 0.223544 0
0.988442 -0.410521 0 0.729187 0.226933 0
0.995698 -0.408236 0 0.721158 0.230248 0
1.00287 -0.405919 0 0.7132 0.233492 0
1.00997 -0.40357 0 0.705312 0.236667 0
1.01699 -0.401189 0 0.697492 0.239773 0
1.02393 -0.398778 0 0.689739 0.242814 0
1.03079 -0.396336 0 0.68205 0.245791 0
1.03758 -0.393865 0 0.674426 0.248706 0
1.04429 -0.391365 0 0.666863 0.251561 0
1.05092 -0.388837 0 0.659361 0.254356 0
1.05748 -0.386281 0 0.651918 0.257094 0
1.06397 -0.383698 0 0.644533 0.259776 0
1.07038 -0.381088 0 0.637205 0.262404 0
1.07672 -0.378453 0 0.629932 0.264978 0
1.08299 -0.375791 0 0.622713 0.267501 0
1.08918 -0.373105 0 0.615548 0.269973 0
1.0953 -0.370395 0 0.608434 0.272396 0
1.10136 -0.36766 0 0.60137 0.274771 0
1.10734 -0.364902 0 0.594357 0.277098 0
1.11325 -0.36212 0 0.587391 0.27938 0
1.11909 -0.359316 0 0.580474 0.281618 0
1.12487 -0.35649 0 0.573602 0.283811 0
1.13057 -0.353643 0 0.566776 0.285961 0
1.13621 -0.350773 0 0.559995 0.28807 0
1.14178 -0.347883 0 0.553257 0.290138 0
1.14728 -0.344973 0 0.546562 0.292166 0
1.15272 -0.342042 0 0.539908 0.294155 0
1.15809 -0.339092 0 0.533295 0.296105 0
1.16339 -0.336122 0 0.526722 0.298018 0
1.16863 -0.333133 0 0.520189 0.299895 0
1.1738 -0.330126 0 0.513693 0.301735 0
1.17891 -0.327101 0 0.507235 0.303541 0
1.18395 -0.324057 0 0.500814 0.305311 0
1.18893 -0.320996 0 0.494429 0.307048 0
1.19385 -0.317918 0 0.488079 0.308752 0
1.1987 -0.314823 0 0.481763 0.310424 0
1.20349 -0.311711 0 0.475481 0.312063 0
1.20822 -0.308584 0 0.469232 0.313672 0
1.21288 -0.30544 0 0.463016 0.315249 0
1.21748 -0.30228 0 0.456831 0.316797 0
1.22202 -0.299105 0 0.450678 0.318315 0
1.2265 -0.295916 0 0.444555 0.319804 0
1.23092 -0.292711 0 0.438461 0.321265 0
1.23528 -0.289492 0 0.432397 0.322697 0
1.23957 -0.286258 0 0.426361 0.324102 0
1.24381 -0.283011 0 0.420354 0.325481 0
1.24799 -0.27975 0 0.414374 0.326832 0
1.2521 -0.276476 0 0.40842 0.328158 0
1.25616 -0.273189 0 0.402493 0.329458 0
1.26016 -0.269888 0 0.396591 0.330732 0
1.2641 -0.266575 0 0.390715 0.331982 0
1.26798 -0.26325 0 0.384863 0.333208 0
1.2718 -0.259912 0 0.379036 0.334409 0
1.27557 -0.256563 0 0.373232 0.335587 0
1.27927 -0.253202 0 0.367451 0.336741 0
1.28292 -0.249829 0 0.361693 0.337872 0
1.28651 -0.246446 0 0.355957 0.338981 0
1.29005 -0.243051 0 0.350243 0.340068 0
1.29352 -0.239645 0 0.34455 0.341132 0
1.29694 -0.236229 0 0.338878 0.342175 0
1.30031 -0.232803 0 0.333226 0.343197 0
1.30361 -0.229367 0 0.327594 0.344197 0
1.30686 -0.22592 0 0.321981 0.345177 0
1.31006 -0.222464 0 0.316387 0.346136 0
1.3132 -0.218998 0 0.310812 0.347075 0
1.31628 -0.215524 0 0.305255 0.347995 0
1.31931 -0.21204 0 0.299716 0.348894 0
1.32228 -0.208547 0 0.294194 0.349774 0
1.3252 -0.205045 0 0.288689 0.350635 0
1.32806 -0.201535 0 0.283201 0.351477 0
1.33087 -0.198016 0 0.277729 0.3523 0
1.33362 -0.19449 0 0.272272 0.353104 0
1.33632 -0.190955 0 0.266831 0.353891 0
1.33896 -0.187413 0 0.261405 0.354659 0
1.34155 -0.183863 0 0.255994 0.355409 0
1.34409 -0.180305 0 0.250597 0.356142 0
1.34657 -0.176741 0 0.245214 0.356857 0
1.349 -0.173169 0 0.239845 0.357555 0
1.35137 -0.16959 0 0.234489 0.358235 0
1.35369 -0.166005 0 0.229145 0.358899 0
1.35596 -0.162413 0 0.223815 0.359546 0
1.35817 -0.158815 0 0.218496 0.360176 0
1.36034 -0.15521 0 0.21319 0.36079 0
1.36244 -0.1516 0 0.207895 0.361387 0
1.3645 -0.147983 0 0.202611 0.361968 0
1.3665 -0.144361 0 0.197338 0.362534 0
1.36845 -0.140733 0 0.192076 0.363083 0
1.37035 -0.1371 0 0.186825 0.363616 0
1.37219 -0.133461 0 0.181583 0.364134 0
1.37398 -0.129818 0 0.176351 0.364636 0
1.37572 -0.126169 0 0.171128 0.365123 0
1.37741 -0.122516 0 0.165914 0.365595 0
1.37905 -0.118858 0 0.160709 0.366052 0
1.38063 -0.115195 0 0.155513 0.366493 0
1.38216 -0.111528 0 0.150325 0.36692 0
1.38364 -0.107857 0 0.145144 0.367331 0
1.38507 -0.104182 0 0.139971 0.367728 0
1.38645 -0.100503 0 0.134806 0.36811 0
1.38777 -0.0968205 0 0.129648 0.368478 0
1.38905 -0.0931341 0 0.124496 0.368831 0
1.39027 -0.0894442 0 0.119351 0.36917 0
1.39144 -0.0857511 0 0.114212 0.369494 0
1.39256 -0.0820547 0 0.109079 0.369804 0
1.39362 -0.0783553 0 0.103951 0.3701 0
1.39464 -0.074653 0 0.0988289 0.370382 0
1.39561 -0.070948 0 0.0937118 0.370649 0
1.39652 -0.0672404 0 0.0885996 0.370903 0
1.39738 -0.0635302 0 0.0834919 0.371143 0
1.3982 -0.0598178 0 0.0783884 0.371369 0
1.39896 -0.0561031 0 0.073289 0.371581 0
1.39967 -0.0523864 0 0.0681932 0.371779 0
1.40033 -0.0486678 0 0.063101 0.371963 0
1.40093 -0.0449474 0 0.058012 0.372134 0
1.40149 -0.0412253 0 0.0529258 0.372291 0
1.402 -0.0375017 0 0.0478424 0.372435 0
1.40245 -0.0337768 0 0.0427614 0.372565 0
1.40286 -0.0300506 0 0.0376825 0.372681 0
1.40321 -0.0263233 0 0.0326056 0.372783 0
1.40351 -0.0225951 0 0.0275302 0.372873 0
1.40377 -0.018866 0 0.0224563 0.372948 0
1.40397 -0.0151362 0 0.0173834 0.37301 0
1.40412 -0.0114059 0 0.0123114 0.373059 0
1.40422 -0.00767515 0 0.00723996 0.373094 0
1.40427 -0.0039441 0 0.00216888 0.373116 0
1.40427 -0.0002129 0 -0.00290213 0.373124 0
1.40422 0.00351833 0 -0.00797333 0.373119 0
1.40411 0.00724944 0 -0.013045 0.3731 0
1.40396 0.0109803 0 -0.0181173 0.373068 0
1.40376 0.0147108 0 -0.0231906 0.373022 0
1.4035 0.0184407 0 -0.0282651 0.372963 0
1.4032 0.0221701 0 -0.0333411 0.37289 0
1.40284 0.0258986 0 -0.0384189 0.372804 0
1.40243 0.0296262 0 -0.0434986 0.372704 0
1.40198 0.0333527 0 -0.0485806 0.37259 0
1.40147 0.0370781 0 -0.0536652 0.372463 0
1.40091 0.0408021 0 -0.0587525 0.372322 0
1.4003 0.0445246 0 -0.0638429 0.372168 0
1.39964 0.0482455 0 -0.0689365 0.372 0
1.39892 0.0519647 0 -0.0740338 0.371818 0
1.39816 0.055682 0 -0.0791349 0.371622 0
1.39735 0.0593973 0 -0.0842402 0.371413 0
1.39648 0.0631105 0 -0.0893498 0.37119 0
1.39556 0.0668213 0 -0.094464 0.370952 0
1.3946 0.0705297 0 -0.0995832 0.370701 0
1.39358 0.0742355 0 -0.104708 0.370436 0
1.39251 0.0779387 0 -0.109837 0.370156 0
1.39139 0.0816389 0 -0.114973 0.369862 0
1.39021 0.0853362 0 -0.120115 0.369554 0
1.38899 0.0890303 0 -0.125263 0.369232 0
1.38771 0.0927211 0 -0.130417 0.368896 0
1.38639 0.0964085 0 -0.135578 0.368544 0
1.38501 0.100092 0 -0.140747 0.368179 0
1.38358 0.103772 0 -0.145923 0.367798 0
1.38209 0.107449 0 -0.151106 0.367403 0
1.38056 0.111121 0 -0.156298 0.366993 0
1.37897 0.114789 0 -0.161498 0.366568 0
1.37733 0.118453 0 -0.166707 0.366128 0
1.37564 0.122112 0 -0.171924 0.365673 0
1.3739 0.125766 0 -0.177151 0.365202 0
1.37211 0.129416 0 -0.182387 0.364716 0
1.37026 0.133061 0 -0.187633 0.364215 0
1.36836 0.136701 0 -0.192889 0.363698 0
1.36641 0.140336 0 -0.198155 0.363165 0
1.3644 0.143965 0 -0.203433 0.362617 0
1.36234 0.147588 0 -0.208721 0.362052 0
1.36023 0.151206 0 -0.214021 0.361471 0
1.35807 0.154818 0 -0.219332 0.360874 0
1.35585 0.158424 0 -0.224655 0.36026 0
1.35358 0.162024 0 -0.229991 0.35963 0
1.35126 0.165618 0 -0.23534 0.358983 0
1.34888 0.169204 0 -0.240701 0.358319 0
1.34645 0.172785 0 -0.246076 0.357637 0
1.34396 0.176358 0 -0.251465 0.356939 0
1.34142 0.179924 0 -0.256868 0.356223 0
1.33883 0.183483 0 -0.262285 0.355489 0
1.33618 0.187034 0 -0.267717 0.354737 0
1.33348 0.190578 0 -0.273164 0.353968 0
1.33072 0.194114 0 -0.278627 0.35318 0
1.32791 0.197643 0 -0.284106 0.352373 0
1.32505 0.201163 0 -0.289601 0.351548 0
1.32213 0.204674 0 -0.295113 0.350704 0
1.31915 0.208178 0 -0.300642 0.34984 0
1.31612 0.211672 0 -0.306188 0.348958 0
1.31303 0.215158 0 -0.311752 0.348055 0
1.30989 0.218634 0 -0.317335 0.347133 0
1.30669 0.222101 0 -0.322936 0.34619 0
1.30344 0.225559 0 -0.328557 0.345227 0
1.30013 0.229007 0 -0.334197 0.344243 0
1.29676 0.232444 0 -0.339857 0.343238 0
1.29333 0.235872 0 -0.345537 0.342212 0
1.28985 0.23929 0 -0.351239 0.341164 0
1.28632 0.242696 0 -0.356962 0.340094 0
1.28272 0.246093 0 -0.362706 0.339002 0
1.27907 0.249478 0 -0.368473 0.337888 0
1.27536 0.252851 0 -0.374263 0.33675 0
1.27159 0.256214 0 -0.380076 0.335589 0
1.26776 0.259564 0 -0.385913 0.334404 0
1.26387 0.262903 0 -0.391775 0.333196 0
1.25993 0.266229 0 -0.397661 0.331962 0
1.25593 0.269543 0 -0.403572 0.330705 0
1.25186 0.272845 0 -0.40951 0.329421 0
1.24774 0.276133 0 -0.415474 0.328113 0
1.24356 0.279408 0 -0.421464 0.326778 0
1.23932 0.28267 0 -0.427483 0.325416 0
1.23502 0.285918 0 -0.43353 0.324028 0
1.23065 0.289152 0 -0.439605 0.322612 0
1.22623 0.292371 0 -0.44571 0.321168 0
1.22175 0.295576 0 -0.451845 0.319695 0
1.2172 0.298766 0 -0.45801 0.318194 0
1.21259 0.301942 0 -0.464207 0.316663 0
1.20792 0.305101 0 -0.470435 0.315102 0
1.20319 0.308245 0 -0.476697 0.313511 0
1.19839 0.311373 0 -0.482991 0.311888 0
1.19354 0.314484 0 -0.48932 0.310233 0
1.18861 0.317579 0 -0.495683 0.308546 0
1.18363 0.320657 0 -0.502081 0.306825 0
1.17858 0.323717 0 -0.508516 0.305071 0
1.17346 0.32676 0 -0.514988 0.303283 0
1.16829 0.329785 0 -0.521498 0.301459 0
1.16304 0.332791 0 -0.528046 0.299599 0
1.15773 0.335778 0 -0.534634 0.297703 0
1.15236 0.338747 0 -0.541261 0.295769 0
1.14691 0.341696 0 -0.54793 0.293796 0
1.1414 0.344624 0 -0.554641 0.291785 0
1.13583 0.347533 0 -0.561395 0.289733 0
1.13018 0.350421 0 -0.568192 0.287641 0
1.12447 0.353288 0 -0.575034 0.285507 0
1.11869 0.356133 0 -0.581922 0.28333 0
1.11284 0.358957 0 -0.588857 0.281109 0
1.10692 0.361758 0 -0.595839 0.278844 0
1.10093 0.364536 0 -0.602871 0.276532 0
1.09487 0.36729 0 -0.609952 0.274174 0
1.08874 0.370021 0 -0.617084 0.271767 0
1.08253 0.372728 0 -0.624268 0.269311 0
1.07626 0.37541 0 -0.631505 0.266804 0
1.06991 0.378066 0 -0.638797 0.264246 0
1.06349 0.380697 0 -0.646145 0.261634 0
1.05699 0.383302 0 -0.65355 0.258968 0
1.05042 0.385879 0 -0.661013 0.256246 0
1.04378 0.388429 0 -0.668535 0.253466 0
1.03706 0.390951 0 -0.676119 0.250628 0
1.03027 0.393444 0 -0.683765 0.247728 0
1.02339 0.395908 0 -0.691475 0.244767 0
1.01644 0.398342 0 -0.699251 0.241741 0
1.00942 0.400746 0 -0.707093 0.23865 0
1.00231 0.403118 0 -0.715004 0.235491 0
0.995124 0.405459 0 -0.722985 0.232262 0
0.987858 0.407766 0 -0.731038 0.228961 0
0.980511 0.410041 0 -0.739164 0.225587 0
0.973082 0.412281 0 -0.747366 0.222137 0
0.965571 0.414487 0 -0.755646 0.218608 0
0.957977 0.416657 0 -0.764004 0.214999 0
0.950299 0.41879 0 -0.772444 0.211306 0
0.942537 0.420886 0 -0.780967 0.207528 0
0.934688 0.422944 0 -0.789575 0.203661 0
0.926754 0.424963 0 -0.798271 0.199702 0
0.918731 0.426942 0 -0.807056 0.19565 0
0.910621 0.42888 0 -0.815934 0.191499 0
0.902421 0.430776 0 -0.824906 0.187248 0
0.894131 0.432629 0 -0.833975 0.182892 0
0.885751 0.434438 0 -0.843144 0.178428 0
0.877277 0.436202 0 -0.852415 0.173853 0
0.868711 0.437919 0 -0.861791 0.169162 0
0.860051 0.439589 0 -0.871275 0.164351 0
0.851295 0.441211 0 -0.88087 0.159416 0
0.842443 0.442782 0 -0.890579 0.154352 0
0.833493 0.444302 0 -0.900405 0.149155 0
0.824444 0.44577 0 -0.910352 0.143819 0
0.815295 0.447184 0 -0.920422 0.138338 0
0.806045 0.448542 0 -0.93062 0.132708 0
0.796693 0.449843 0 -0.940949 0.126923 0
0.787236 0.451086 0 -0.951413 0.120975 0
0.777674 0.452268 0 -0.962016 0.114859 0
0.768006 0.453388 0 -0.972762 0.108567 0
0.75823 0.454445 0 -0.983656 0.102092 0
0.748343 0.455436 0 -0.994701 0.0954257 0
0.738346 0.45636 0 -1.0059 0.0885603 0
0.728236 0.457214 0 -1.01727 0.0814868 0
0.718012 0.457996 0 -1.0288 0.0741957 0
0.707671 0.458704 0 -1.0405 0.0666771 0
0.697213 0.459336 0 -1.05238 0.0589203 0
0.686635 0.45989 0 -1.06444 0.050914 0
0.675936 0.460362 0 -1.07669 0.0426462 0
0.665113 0.46075 0 -1.08914 0.034104 0
0.654165 0.461052 0 -1.10179 0.0252736 0
0.643089 0.461263 0 -1.11464 0.0161405 0
0.631884 0.461383 0 -1.12772 0.0066888 0
0.620547 0.461406 0 -1.14101 -0.00309826 0
0.609076 0.461329 0 -1.15454 -0.0132388 0
0.597469 0.46115 0 -1.1683 -0.0237522 0
0.585723 0.460864 0 -1.18231 -0.0346594 0
0.573836 0.460467 0 -1.19657 -0.0459829 0
0.561806 0.459954 0 -1.2111 -0.057747 0
0.549628 0.459322 0 -1.2259 -0.0699779 0
0.537301 0.458565 0 -1.24099 -0.082704 0
0.524823 0.457679 0 -1.25637 -0.0959562 0
0.512189 0.456658 0 -1.27205 -0.109768 0
0.499396 0.455496 0 -1.28804 -0.124175 0
0.486443 0.454187 0 -1.30436 -0.139218 0
0.473325 0.452725 0 -1.32102 -0.154939 0
0.460038 0.451102 0 -1.33802 -0.171386 0
0.44658 0.449311 0 -1.35538 -0.18861 0
0.432947 0.447345 0 -1.37312 -0.206669 0
0.419134 0.445193 0 -1.39124 -0.225624 0
0.405139 0.442848 0 -1.40975 -0.245545 0
0.390957 0.440299 0 -1.42867 -0.266508 0
0.376583 0.437536 0 -1.44802 -0.288597 0
0.362015 0.434546 0 -1.46778 -0.311905 0
0.347246 0.431317 0 -1.48799 -0.336538 0
0.332274 0.427836 0 -1.50865 -0.362611 0
0.317093 0.424087 0 -1.52975 -0.390254 0
0.301698 0.420054 0 -1.55131 -0.419615 0
0.286087 0.415718 0 -1.57333 -0.450858 0
0.270253 0.411062 0 -1.59579 -0.484169 0
0.254192 0.406062 0 -1.61868 -0.519759 0
0.237901 0.400695 0 -1.64198 -0.557868 0
0.221375 0.394935 0 -1.66565 -0.598771 0
0.204611 0.388752 0 -1.68963 -0.64278 0
0.187605 0.382113 0 -1.71386 -0.690256 0
0.170357 0.374983 0 -1.73822 -0.741614 0
0.152865 0.36732 0 -1.76257 -0.797333 0
0.135131 0.359078 0 -1.78671 -0.857971 0
0.117157 0.350205 0 -1.81037 -0.924173 0
0.0989494 0.340643 0 -1.83318 -0.996692 0
0.0805196 0.330323 0 -1.85465 -1.0764 0
0.0618835 0.319171 0 -1.8741 -1.16433 0
0.0430654 0.307098 0 -1.89061 -1.26164 0
0.0240998 0.294005 0 -1.90292 -1.36969 0
0.00503615 0.279777 0 -1.90931 -1.49001 0
-0.0140565 0.264285 0 -1.90743 -1.62425 0
-0.0330817 0.247382 0 -1.89405 -1.77413 0
-0.0519057 0.228904 0 -1.86477 -1.94122 0
-0.0703445 0.208673 0 -1.8137 -2.12654 0
-0.0881468 0.186507 0 -1.73309 -2.32984 0
-0.104975 0.162235 0 -1.61331 -2.54844 0
-0.12039 0.135732 0 -1.44345 -2.77547 0
-0.133842 0.106965 0 -1.21329 -2.9979 0
-0.144698 0.0760665 0 -0.917437 -3.19541 0
-0.152312 0.0433984 0 -0.561007 -3.34239 0
-0.156156 0.00957964 0 -0.163821 -3.41477 0
-0.155961 -0.0245738 0 0.241755 -3.39991 0
-0.151804 -0.0581974 0 0.620788 -3.30285 0
-0.144076 -0.0905497 0 0.947491 -3.14349 0
-0.133363 -0.121122 0 1.21074 -2.94733 0
-0.120302 -0.149653 0 1.4119 -2.737 0
-0.105479 -0.176078 0 1.55937 -2.52837 0
-0.0893848 -0.200461 0 1.66367 -2.33073 0
-0.0724044 -0.222934 0 1.73479 -2.14847 0
-0.0548308 -0.24366 0 1.78103 -1.98292 0
-0.0368823 -0.262805 0 1.80887 -1.83373 0
-0.0187196 -0.280527 0 1.82322 -1.69971 0
-0.00046029 -0.296972 0 1.82772 -1.57939 0
0.0178098 -0.31227 0 1.82503 -1.47122 0
0.0360283 -0.326535 0 1.81714 -1.37376 0
0.0541499 -0.339869 0 1.80549 -1.28568 0
0.0721421 -0.352361 0 1.79114 -1.20582 0
0.0899817 -0.364086 0 1.77489 -1.13319 0
0.107652 -0.375115 0 1.75733 -1.06689 0
0.125143 -0.385506 0 1.73888 -1.00617 0
0.142447 -0.395313 0 1.71988 -0.950397 0
0.159559 -0.404582 0 1.70058 -0.898998 0
0.176477 -0.413356 0 1.68115 -0.851495 0
0.193202 -0.42167 0 1.66174 -0.807468 0
0.209732 -0.429558 0 1.64245 -0.766555 0
0.22607 -0.43705 0 1.62334 -0.728441 0
0.242219 -0.444172 0 1.60448 -0.692849 0
0.25818 -0.450949 0 1.58591 -0.659538 0
0.273956 -0.457402 0 1.56766 -0.628295 0
0.289552 -0.463551 0 1.54974 -0.598934 0
0.30497 -0.469415 0 1.53216 -0.571288 0
0.320214 -0.475009 0 1.51493 -0.54521 0
0.335287 -0.480349 0 1.49806 -0.52057 0
0.350193 -0.485449 0 1.48153 -0.49725 0
0.364935 -0.490321 0 1.46536 -0.475145 0
0.379517 -0.494977 0 1.44953 -0.454163 0
0.393943 -0.499428 0 1.43405 -0.434218 0
0.408215 -0.503684 0 1.41889 -0.415234 0
0.422336 -0.507754 0 1.40405 -0.397142 0
0.436311 -0.511648 0 1.38953 -0.37988 0
0.450142 -0.515371 0 1.37532 -0.36339 0
0.463833 -0.518934 0 1.3614 -0.347621 0
0.477385 -0.522342 0 1.34777 -0.332526 0
0.490803 -0.525601 0 1.33442 -0.318062 0
0.504088 -0.528719 0 1.32135 -0.304188 0
0.517243 -0.5317 0 1.30853 -0.29087 0
0.530272 -0.534551 0 1.29597 -0.278072 0
0.543176 -0.537276 0 1.28366 -0.265766 0
0.555958 -0.53988 0 1.27159 -0.253922 0
0.568621 -0.542368 0 1.25975 -0.242514 0
0.581166 -0.544743 0 1.24813 -0.231518 0
0.593595 -0.54701 0 1.23672 -0.220911 0
0.605912 -0.549173 0 1.22553 -0.210673 0
0.618118 -0.551235 0 1.21454 -0.200785 0
0.630214 -0.553199 0 1.20375 -0.191228 0
0.642204 -0.55507 0 1.19315 -0.181986 0
0.654088 -0.556849 0 1.18273 -0.173042 0
0.66587 -0.55854 0 1.17249 -0.164383 0
0.677549 -0.560146 0 1.16242 -0.155995 0
0.689129 -0.561669 0 1.15252 -0.147864 0
0.70061 -0.563112 0 1.14279 -0.139979 0
0.711994 -0.564478 0 1.13321 -0.132329 0
0.723284 -0.565767 0 1.12379 -0.124903 0
0.73448 -0.566984 0 1.11451 -0.117691 0
0.745584 -0.568129 0 1.10538 -0.110684 0
0.756597 -0.569205 0 1.09639 -0.103873 0
0.767521 -0.570214 0 1.08754 -0.09725 0
0.778357 -0.571157 0 1.07882 -0.0908066 0
0.789107 -0.572037 0 1.07023 -0.0845357 0
0.799771 -0.572855 0 1.06176 -0.0784304 0
0.810351 -0.573612 0 1.05341 -0.072484 0
0.820848 -0.574311 0 1.04518 -0.0666903 0
0.831263 -0.574952 0 1.03707 -0.0610434 0
0.841598 -0.575537 0 1.02907 -0.0555376 0
0.851853 -0.576069 0 1.02118 -0.0501677 0
0.862029 -0.576547 0 1.01339 -0.0449285 0
0.872129 -0.576973 0 1.00571 -0.0398152 0
0.882152 -0.577348 0 0.998129 -0.0348234 0
0.892099 -0.577675 0 0.990644 -0.0299486 0
0.901972 -0.577953 0 0.983256 -0.0251868 0
0.911772 -0.578183 0 0.97596 -0.0205339 0
0.921499 -0.578368 0 0.968756 -0.0159863 0
0.931154 -0.578508 0 0.96164 -0.0115403 0
0.940739 -0.578604 0 0.95461 -0.00719252 0
0.950254 -0.578656 0 0.947664 -0.00293974 0
0.9597 -0.578667 0 0.940801 0.00122119 0
0.969077 -0.578636 0 0.934018 0.00529324 0
0.978387 -0.578565 0 0.927313 0.00927925 0
0.98763 -0.578455 0 0.920685 0.013182 0
0.996808 -0.578306 0 0.914131 0.017004 0
1.00592 -0.578119 0 0.907651 0.0207478 0
1.01497 -0.577895 0 0.901242 0.0244158 0
1.02395 -0.577635 0 0.894902 0.0280102 0
1.03287 -0.577339 0 0.888631 0.0315334 0
1.04173 -0.577008 0 0.882427 0.0349873 0
1.05053 -0.576642 0 0.876287 0.0383741 0
1.05926 -0.576244 0 0.870212 0.0416956 0
1.06794 -0.575812 0 0.864198 0.0449538 0
1.07655 -0.575348 0 0.858246 0.0481504 0
1.08511 -0.574852 0 0.852354 0.0512872 0
1.09361 -0.574326 0 0.84652 0.0543657 0
1.10204 -0.573768 0 0.840743 0.0573877 0
1.11043 -0.573181 0 0.835022 0.0603547 0
1.11875 -0.572564 0 0.829356 0.0632681 0
1.12702 -0.571919 0 0.823744 0.0661294 0
1.13523 -0.571245 0 0.818185 0.0689399 0
1.14339 -0.570543 0 0.812677 0.0717011 0
1.15149 -0.569814 0 0.807219 0.074414 0
1.15954 -0.569057 0 0.801812 0.0770801 0
1.16753 -0.568275 0 0.796452 0.0797004 0
1.17547 -0.567466 0 0.791141 0.0822762 0
1.18336 -0.566632 0 0.785876 0.0848085 0
1.1912 -0.565773 0 0.780657 0.0872985 0
1.19898 -0.564889 0 0.775483 0.0897471 0
1.20671 -0.56398 0 0.770353 0.0921553 0
1.21439 -0.563048 0 0.765266 0.0945242 0
1.22202 -0.562092 0 0.760222 0.0968547 0
1.2296 -0.561113 0 0.755219 0.0991476 0
1.23713 -0.560112 0 0.750257 0.101404 0
1.24461 -0.559088 0 0.745336 0.103624 0
1.25204 -0.558042 0 0.740453 0.10581 0
1.25943 -0.556974 0 0.73561 0.107961 0
1.26676 -0.555885 0 0.730804 0.110079 0
1.27405 -0.554774 0 0.726035 0.112164 0
1.28129 -0.553643 0 0.721304 0.114217 0
1.28848 -0.552492 0 0.716608 0.11624 0
1.29562 -0.551321 0 0.711948 0.118231 0
1.30272 -0.55013 0 0.707322 0.120193 0
1.30977 -0.548919 0 0.70273 0.122125 0
1.31678 -0.547689 0 0.698172 0.124029 0
1.32374 -0.54644 0 0.693648 0.125904 0
1.33066 -0.545173 0 0.689155 0.127753 0
1.33753 -0.543887 0 0.684694 0.129574 0
1.34436 -0.542583 0 0.680265 0.131369 0
1.35114 -0.541262 0 0.675867 0.133138 0
1.35788 -0.539923 0 0.671498 0.134882 0
1.36457 -0.538566 0 0.66716 0.136602 0
1.37123 -0.537192 0 0.662851 0.138297 0
1.37784 -0.535802 0 0.658571 0.139968 0
1.3844 -0.534395 0 0.654319 0.141616 0
1.39093 -0.532971 0 0.650095 0.143241 0
1.39741 -0.531532 0 0.645899 0.144843 0
1.40385 -0.530076 0 0.641729 0.146424 0
1.41025 -0.528605 0 0.637587 0.147983 0
1.4166 -0.527118 0 0.63347 0.149521 0
1.42292 -0.525616 0 0.629379 0.151038 0
1.4292 -0.524099 0 0.625314 0.152535 0
1.43543 -0.522567 0 0.621274 0.154012 0
1.44163 -0.52102 0 0.617258 0.155469 0
1.44778 -0.519459 0 0.613266 0.156907 0
1.45389 -0.517883 0 0.609299 0.158326 0
1.45997 -0.516294 0 0.605354 0.159726 0
1.46601 -0.51469 0 0.601433 0.161109 0
1.472 -0.513073 0 0.597535 0.162473 0
1.47796 -0.511442 0 0.593659 0.163819 0
1.48388 -0.509798 0 0.589805 0.165149 0
1.48976 -0.508141 0 0.585974 0.166461 0
1.4956 -0.50647 0 0.582163 0.167756 0
1.50141 -0.504787 0 0.578374 0.169035 0
1.50717 -0.503091 0 0.574605 0.170298 0
1.5129 -0.501382 0 0.570857 0.171545 0
1.5186 -0.499661 0 0.56713 0.172777 0
1.52425 -0.497928 0 0.563422 0.173993 0
1.52987 -0.496183 0 0.559734 0.175194 0
1.53545 -0.494425 0 0.556065 0.17638 0
1.54099 -0.492656 0 0.552416 0.177551 0
1.5465 -0.490876 0 0.548785 0.178708 0
1.55197 -0.489083 0 0.545173 0.179851 0
1.55741 -0.48728 0 0.541579 0.18098 0
1.56281 -0.485465 0 0.538003 0.182095 0
1.56817 -0.483639 0 0.534445 0.183197 0
1.5735 -0.481802 0 0.530904 0.184285 0
1.57879 -0.479954 0 0.527381 0.18536 0
1.58405 -0.478096 0 0.523875 0.186423 0
1.58927 -0.476227 0 0.520386 0.187472 0
1.59446 -0.474348 0 0.516913 0.18851 0
1.59962 -0.472458 0 0.513457 0.189535 0
1.60473 -0.470558 0 0.510017 0.190547 0
1.60982 -0.468648 0 0.506593 0.191548 0
1.61487 -0.466728 0 0.503184 0.192537 0
1.61989 -0.464798 0 0.499792 0.193515 0
1.62487 -0.462859 0 0.496414 0.194481 0
1.62982 -0.46091 0 0.493051 0.195435 0
1.63473 -0.458951 0 0.489704 0.196379 0
1.63962 -0.456983 0 0.486371 0.197312 0
1.64446 -0.455006 0 0.483052 0.198233 0
1.64928 -0.453019 0 0.479748 0.199145 0
1.65406 -0.451024 0 0.476458 0.200045 0
1.65881 -0.449019 0 0.473182 0.200936 0
1.66353 -0.447006 0 0.46992 0.201816 0
1.66821 -0.444984 0 0.466671 0.202686 0
1.67287 -0.442953 0 0.463436 0.203546 0
1.67749 -0.440914 0 0.460214 0.204396 0
1.68207 -0.438866 0 0.457005 0.205237 0
1.68663 -0.43681 0 0.453809 0.206068 0
1.69115 -0.434746 0 0.450625 0.20689 0
1.69565 -0.432673 0 0.447455 0.207702 0
1.70011 -0.430592 0 0.444296 0.208506 0
1.70453 -0.428504 0 0.44115 0.2093 0
1.70893 -0.426407 0 0.438016 0.210085 0
1.7133 -0.424303 0 0.434893 0.210862 0
1.71763 -0.422191 0 0.431783 0.211629 0
1.72194 -0.420071 0 0.428684 0.212388 0
1.72621 -0.417944 0 0.425597 0.213139 0
1.73045 -0.415809 0 0.422521 0.213881 0
1.73466 -0.413667 0 0.419456 0.214615 0
1.73884 -0.411518 0 0.416402 0.215341 0
1.74299 -0.409361 0 0.413359 0.216059 0
1.74711 -0.407197 0 0.410327 0.216768 0
1.7512 -0.405026 0 0.407306 0.21747 0
1.75526 -0.402848 0 0.404295 0.218164 0
1.75929 -0.400664 0 0.401294 0.21885 0
1.76329 -0.398472 0 0.398304 0.219529 0
1.76726 -0.396274 0 0.395324 0.2202 0
1.7712 -0.394069 0 0.392354 0.220864 0
1.77511 -0.391857 0 0.389393 0.22152 0
1.77899 -0.389639 0 0.386443 0.222169 0
1.78284 -0.387415 0 0.383502 0.222811 0
1.78667 -0.385184 0 0.38057 0.223446 0
1.79046 -0.382946 0 0.377648 0.224073 0
1.79422 -0.380703 0 0.374735 0.224694 0
1.79796 -0.378453 0 0.371832 0.225308 0
1.80166 -0.376197 0 0.368937 0.225915 0
1.80534 -0.373935 0 0.366051 0.226516 0
1.80899 -0.371668 0 0.363175 0.227109 0
1.8126 -0.369394 0 0.360306 0.227696 0
1.81619 -0.367114 0 0.357447 0.228277 0
1.81976 -0.364829 0 0.354596 0.228851 0
1.82329 -0.362538 0 0.351753 0.229419 0
1.82679 -0.360241 0 0.348919 0.22998 0
1.83027 -0.357939 0 0.346092 0.230536 0
1.83372 -0.355631 0 0.343274 0.231085 0
1.83714 -0.353318 0 0.340464 0.231628 0
1.84053 -0.350999 0 0.337662 0.232165 0
1.84389 -0.348675 0 0.334867 0.232696 0
1.84723 -0.346346 0 0.332081 0.23322 0
1.85054 -0.344011 0 0.329301 0.23374 0
1.85382 -0.341671 0 0.32653 0.234253 0
1.85707 -0.339326 0 0.323765 0.23476 0
1.8603 -0.336977 0 0.321008 0.235262 0
1.8635 -0.334622 0 0.318259 0.235758 0
1.86667 -0.332262 0 0.315516 0.236249 0
1.86981 -0.329897 0 0.312781 0.236734 0
1.87292 -0.327528 0 0.310052 0.237213 0
1.87601 -0.325154 0 0.30733 0.237687 0
1.87907 -0.322775 0 0.304615 0.238156 0
1.88211 -0.320391 0 0.301907 0.238619 0
1.88511 -0.318003 0 0.299205 0.239077 0
1.88809 -0.31561 0 0.29651 0.23953 0
1.89105 -0.313212 0 0.293822 0.239978 0
1.89397 -0.310811 0 0.291139 0.24042 0
1.89687 -0.308405 0 0.288463 0.240858 0
1.89975 -0.305994 0 0.285794 0.24129 0
1.90259 -0.303579 0 0.28313 0.241717 0
1.90541 -0.30116 0 0.280472 0.242139 0
1.9082 -0.298737 0 0.277821 0.242557 0
1.91097 -0.296309 0 0.275175 0.242969 0
1.91371 -0.293878 0 0.272535 0.243377 0
1.91642 -0.291442 0 0.269901 0.243779 0
1.91911 -0.289003 0 0.267273 0.244177 0
1.92177 -0.286559 0 0.26465 0.24457 0
1.92441 -0.284112 0 0.262032 0.244959 0
1.92701 -0.28166 0 0.25942 0.245343 0
1.9296 -0.279205 0 0.256814 0.245722 0
1.93215 -0.276746 0 0.254213 0.246097 0
1.93468 -0.274284 0 0.251617 0.246467 0
1.93719 -0.271817 0 0.249026 0.246833 0
1.93967 -0.269347 0 0.24644 0.247194 0
1.94212 -0.266874 0 0.24386 0.24755 0
1.94455 -0.264397 0 0.241284 0.247903 0
1.94695 -0.261916 0 0.238713 0.24825 0
1.94932 -0.259432 0 0.236147 0.248594 0
1.95167 -0.256945 0 0.233586 0.248933 0
1.954 -0.254454 0 0.23103 0.249268 0
1.9563 -0.25196 0 0.228478 0.249599 0
1.95857 -0.249462 0 0.225931 0.249925 0
1.96082 -0.246962 0 0.223388 0.250247 0
1.96304 -0.244458 0 0.22085 0.250565 0
1.96524 -0.241951 0 0.218316 0.250879 0
1.96741 -0.23944 0 0.215787 0.251189 0
1.96956 -0.236927 0 0.213261 0.251495 0
1.97168 -0.234411 0 0.21074 0.251797 0
1.97377 -0.231891 0 0.208223 0.252094 0
1.97584 -0.229369 0 0.205711 0.252388 0
1.97789 -0.226844 0 0.203202 0.252678 0
1.97991 -0.224316 0 0.200697 0.252963 0
1.98191 -0.221785 0 0.198196 0.253245 0
1.98388 -0.219251 0 0.195699 0.253523 0
1.98582 -0.216715 0 0.193206 0.253797 0
1.98774 -0.214176 0 0.190716 0.254067 0
1.98964 -0.211634 0 0.188231 0.254333 0
1.99151 -0.209089 0 0.185748 0.254596 0
1.99336 -0.206542 0 0.18327 0.254855 0
1.99518 -0.203992 0 0.180795 0.255109 0
1.99698 -0.20144 0 0.178323 0.255361 0
1.99875 -0.198886 0 0.175855 0.255608 0
2.00049 -0.196328 0 0.17339 0.255852 0
2.00222 -0.193769 0 0.170928 0.256092 0
2.00392 -0.191207 0 0.16847 0.256328 0
2.00559 -0.188642 0 0.166015 0.256561 0
2.00724 -0.186076 0 0.163562 0.25679 0
2.00886 -0.183507 0 0.161113 0.257016 0
2.01046 -0.180936 0 0.158668 0.257238 0
2.01204 -0.178362 0 0.156225 0.257456 0
2.01359 -0.175787 0 0.153785 0.257671 0
2.01512 -0.173209 0 0.151347 0.257882 0
2.01662 -0.170629 0 0.148913 0.25809 0
2.0181 -0.168048 0 0.146482 0.258294 0
2.01955 -0.165464 0 0.144053 0.258495 0
2.02098 -0.162878 0 0.141627 0.258692 0
2.02239 -0.16029 0 0.139203 0.258886 0
2.02377 -0.1577 0 0.136782 0.259077 0
2.02512 -0.155109 0 0.134364 0.259264 0
2.02646 -0.152515 0 0.131948 0.259447 0
2.02777 -0.14992 0 0.129534 0.259627 0
2.02905 -0.147323 0 0.127123 0.259804 0
2.03031 -0.144724 0 0.124714 0.259978 0
2.03155 -0.142124 0 0.122308 0.260148 0
2.03276 -0.139521 0 0.119903 0.260315 0
2.03395 -0.136917 0 0.117501 0.260478 0
2.03511 -0.134312 0 0.115101 0.260638 0
2.03625 -0.131705 0 0.112704 0.260795 0
2.03737 -0.129096 0 0.110308 0.260949 0
2.03846 -0.126486 0 0.107914 0.261099 0
2.03953 -0.123874 0 0.105522 0.261246 0
2.04057 -0.121261 0 0.103132 0.26139 0
2.04159 -0.118647 0 0.100744 0.26153 0
2.04259 -0.116031 0 0.0983578 0.261667 0
2.04356 -0.113414 0 0.0959734 0.261801 0
2.04451 -0.110795 0 0.0935906 0.261932 0
2.04544 -0.108175 0 0.0912095 0.26206 0
2.04634 -0.105554 0 0.0888301 0.262184 0
2.04722 -0.102931 0 0.0864522 0.262306 0
2.04807 -0.100308 0 0.0840759 0.262424 0
2.0489 -0.0976831 0 0.0817011 0.262539 0
2.04971 -0.0950572 0 0.0793278 0.26265 0
2.05049 -0.0924302 0 0.0769559 0.262759 0
2.05125 -0.0898022 0 0.0745853 0.262864 0
2.05198 -0.0871731 0 0.0722161 0.262967 0
2.0527 -0.0845429 0 0.0698481 0.263066 0
2.05338 -0.0819119 0 0.0674814 0.263162 0
2.05405 -0.0792798 0 0.0651159 0.263255 0
2.05469 -0.0766469 0 0.0627515 0.263345 0
2.0553 -0.074013 0 0.0603882 0.263432 0
2.0559 -0.0713783 0 0.058026 0.263515 0
2.05647 -0.0687428 0 0.0556649 0.263596 0
2.05701 -0.0661065 0 0.0533047 0.263674 0
2.05754 -0.0634694 0 0.0509454 0.263748 0
2.05804 -0.0608316 0 0.048587 0.263819 0
2.05851 -0.0581931 0 0.0462295 0.263888 0
2.05896 -0.0555539 0 0.0438728 0.263953 0
2.05939 -0.0529141 0 0.0415168 0.264015 0
2.05979 -0.0502737 0 0.0391616 0.264074 0
2.06018 -0.0476327 0 0.036807 0.26413 0
2.06053 -0.0449912 0 0.0344531 0.264183 0
2.06087 -0.0423491 0 0.0320998 0.264233 0
2.06118 -0.0397065 0 0.029747 0.26428 0
2.06146 -0.0370635 0 0.0273947 0.264324 0
2.06173 -0.0344201 0 0.0250429 0.264365 0
2.06197 -0.0317763 0 0.0226916 0.264403 0
2.06218 -0.0291321 0 0.0203406 0.264438 0
2.06238 -0.0264876 0 0.0179899 0.26447 0
2.06255 -0.0238427 0 0.0156396 0.264499 0
2.06269 -0.0211976 0 0.0132895 0.264525 0
2.06281 -0.0185523 0 0.0109396 0.264547 0
2.06291 -0.0159067 0 0.00858989 0.264567 0
2.06299 -0.013261 0 0.00624031 0.264584 0
2.06304 -0.0106151 0 0.00389082 0.264598 0
2.06307 -0.00796903 0 0.00154138 0.264608 0
2.06307 -0.0053229 0 -0.000808061 0.264616 0
2.06305 -0.00267672 0 -0.00315753 0.264621 0
2.06301 -3.05004e-05 0 -0.00550709 0.264623 0
2.06295 0.00261572 0 -0.00785676 0.264621 0
2.06286 0.00526192 0 -0.0102066 0.264617 0
2.06275 0.00790805 0 -0.0125566 0.26461 0
2.06261 0.0105541 0 -0.0149069 0.264599 0
2.06245 0.0132 0 -0.0172575 0.264586 0
2.06227 0.0158458 0 -0.0196084 0.264569 0
2.06206 0.0184914 0 -0.0219597 0.26455 0
2.06183 0.0211368 0 -0.0243114 0.264527 0
2.06158 0.023782 0 -0.0266635 0.264502 0
2.0613 0.0264269 0 -0.0290162 0.264474 0
2.061 0.0290715 0 -0.0313694 0.264442 0
2.06067 0.0317158 0 -0.0337232 0.264407 0
2.06033 0.0343597 0 -0.0360776 0.26437 0
2.05995 0.0370032 0 -0.0384326 0.264329 0
2.05956 0.0396463 0 -0.0407884 0.264286 0
2.05914 0.0422889 0 -0.0431449 0.264239 0
2.0587 0.0449311 0 -0.0455023 0.264189 0
2.05823 0.0475727 0 -0.0478604 0.264136 0
2.05774 0.0502139 0 -0.0502195 0.26408 0
2.05723 0.0528544 0 -0.0525795 0.264021 0
2.05669 0.0554943 0 -0.0549404 0.263959 0
2.05613 0.0581336 0 -0.0573024 0.263894 0
2.05555 0.0607723 0 -0.0596654 0.263826 0
2.05494 0.0634102 0 -0.0620295 0.263755 0
2.05431 0.0660474 0 -0.0643947 0.26368 0
2.05366 0.0686839 0 -0.0667611 0.263603 0
2.05298 0.0713196 0 -0.0691288 0.263522 0
2.05228 0.0739544 0 -0.0714977 0.263439 0
2.05155 0.0765884 0 -0.073868 0.263352 0
2.0508 0.0792215 0 -0.0762396 0.263262 0
2.05003 0.0818537 0 -0.0786126 0.263169 0
2.04923 0.084485 0 -0.080987 0.263073 0
2.04841 0.0871153 0 -0.0833629 0.262973 0
2.04757 0.0897445 0 -0.0857404 0.262871 0
2.0467 0.0923728 0 -0.0881195 0.262765 0
2.04581 0.0949999 0 -0.0905001 0.262656 0
2.04489 0.097626 0 -0.0928825 0.262544 0
2.04395 0.100251 0 -0.0952666 0.262429 0
2.04299 0.102875 0 -0.0976524 0.262311 0
2.042 0.105497 0 -0.10004 0.262189 0
2.04099 0.108119 0 -0.102429 0.262064 0
2.03996 0.110739 0 -0.104821 0.261936 0
2.0389 0.113357 0 -0.107214 0.261805 0
2.03781 0.115975 0 -0.10961 0.26167 0
2.03671 0.118591 0 -0.112007 0.261532 0
2.03558 0.121206 0 -0.114406 0.261391 0
2.03442 0.123819 0 -0.116808 0.261247 0
2.03324 0.126431 0 -0.119212 0.261099 0
2.03204 0.129041 0 -0.121618 0.260948 0
2.03081 0.13165 0 -0.124026 0.260794 0
2.02956 0.134257 0 -0.126436 0.260636 0
2.02829 0.136863 0 -0.128849 0.260475 0
2.02699 0.139467 0 -0.131265 0.26031 0
2.02566 0.142069 0 -0.133682 0.260143 0
2.02432 0.14467 0 -0.136103 0.259971 0
2.02294 0.147269 0 -0.138526 0.259797 0
2.02155 0.149866 0 -0.140951 0.259619 0
2.02013 0.152461 0 -0.143379 0.259437 0
2.01868 0.155055 0 -0.14581 0.259252 0
2.01721 0.157646 0 -0.148244 0.259064 0
2.01572 0.160236 0 -0.15068 0.258872 0
