0.99995 0.005 0 -0.0100003 0.499975 0
0.9998 0.0099995 0 -0.0200019 0.4999 0
0.99955 0.014998 0 -0.0300059 0.499775 0
0.9992 0.019995 0 -0.0400138 0.4996 0
0.99875 0.02499 0 -0.0500266 0.499374 0
0.998199 0.0299825 0 -0.0600457 0.499098 0
0.997549 0.034972 0 -0.0700723 0.498772 0
0.996798 0.0399579 0 -0.0801077 0.498395 0
0.995947 0.0449399 0 -0.0901532 0.497967 0
0.994995 0.0499173 0 -0.10021 0.497488 0
0.993942 0.0548896 0 -0.11028 0.496957 0
0.992789 0.0598564 0 -0.120363 0.496375 0
0.991535 0.0648171 0 -0.130462 0.49574 0
0.99018 0.0697712 0 -0.140577 0.495053 0
0.988724 0.0747182 0 -0.15071 0.494313 0
0.987166 0.0796575 0 -0.160862 0.49352 0
0.985506 0.0845886 0 -0.171035 0.492673 0
0.983745 0.0895109 0 -0.18123 0.491772 0
0.981882 0.094424 0 -0.191448 0.490815 0
0.979916 0.0993272 0 -0.201691 0.489804 0
0.977848 0.10422 0 -0.21196 0.488736 0
0.975677 0.109102 0 -0.222257 0.487612 0
0.973403 0.113972 0 -0.232583 0.48643 0
0.971025 0.118831 0 -0.242939 0.48519 0
0.968544 0.123676 0 -0.253327 0.483891 0
0.965959 0.128508 0 -0.263749 0.482532 0
0.963269 0.133327 0 -0.274206 0.481113 0
0.960475 0.138131 0 -0.284699 0.479632 0
0.957575 0.142919 0 -0.295231 0.478089 0
0.95457 0.147692 0 -0.305802 0.476482 0
0.951459 0.152449 0 -0.316415 0.474811 0
0.948242 0.157189 0 -0.327072 0.473074 0
0.944918 0.16191 0 -0.337773 0.47127 0
0.941486 0.166614 0 -0.348521 0.469398 0
0.937947 0.171298 0 -0.359317 0.467457 0
0.9343 0.175963 0 -0.370164 0.465445 0
0.930544 0.180607 0 -0.381063 0.463361 0
0.926679 0.18523 0 -0.392016 0.461203 0
0.922704 0.189831 0 -0.403025 0.45897 0
0.918618 0.19441 0 -0.414092 0.45666 0
0.914422 0.198965 0 -0.425219 0.454272 0
0.910114 0.203495 0 -0.436408 0.451804 0
0.905694 0.208001 0 -0.447662 0.449254 0
0.901161 0.21248 0 -0.458982 0.446619 0
0.896514 0.216933 0 -0.470371 0.443898 0
0.891753 0.221358 0 -0.481831 0.441089 0
0.886877 0.225755 0 -0.493365 0.43819 0
0.881886 0.230122 0 -0.504974 0.435197 0
0.876778 0.234459 0 -0.516663 0.432109 0
0.871553 0.238764 0 -0.528432 0.428924 0
0.866209 0.243037 0 -0.540285 0.425637 0
0.860747 0.247277 0 -0.552225 0.422247 0
0.855165 0.251482 0 -0.564254 0.41875 0
0.849462 0.255652 0 -0.576375 0.415144 0
0.843637 0.259785 0 -0.588592 0.411424 0
0.83769 0.26388 0 -0.600907 0.407588 0
0.831619 0.267937 0 -0.613324 0.403632 0
0.825424 0.271953 0 -0.625845 0.399552 0
0.819102 0.275928 0 -0.638476 0.395344 0
0.812654 0.27986 0 -0.651218 0.391003 0
0.806078 0.283748 0 -0.664076 0.386526 0
0.799372 0.28759 0 -0.677053 0.381907 0
0.792537 0.291386 0 -0.690154 0.377142 0
0.785569 0.295133 0 -0.703382 0.372225 0
0.778469 0.298831 0 -0.716742 0.367151 0
0.771235 0.302476 0 -0.730237 0.361914 0
0.763864 0.306069 0 -0.743874 0.356507 0
0.756357 0.309606 0 -0.757656 0.350925 0
0.748711 0.313087 0 -0.771588 0.345161 0
0.740925 0.31651 0 -0.785675 0.339206 0
0.732998 0.319871 0 -0.799923 0.333053 0
0.724927 0.323171 0 -0.814337 0.326695 0
0.716711 0.326405 0 -0.828923 0.320122 0
0.708348 0.329573 0 -0.843687 0.313325 0
0.699837 0.332672 0 -0.858635 0.306294 0
0.691176 0.335699 0 -0.873773 0.29902 0
0.682362 0.338652 0 -0.889109 0.291489 0
0.673394 0.341529 0 -0.904649 0.283692 0
0.664269 0.344326 0 -0.9204 0.275615 0
0.654986 0.347041 0 -0.936371 0.267244 0
0.645541 0.349671 0 -0.952569 0.258565 0
0.635934 0.352212 0 -0.969002 0.249562 0
0.626161 0.354662 0 -0.98568 0.24022 0
0.616221 0.357017 0 -1.00261 0.23052 0
0.606109 0.359273 0 -1.01981 0.220442 0
0.595824 0.361426 0 -1.03727 0.209967 0
0.585364 0.363472 0 -1.05502 0.199071 0
0.574724 0.365407 0 -1.07307 0.187732 0
0.563902 0.367227 0 -1.09142 0.175923 0
0.552896 0.368926 0 -1.11008 0.163616 0
0.541701 0.370499 0 -1.12908 0.150781 0
0.530314 0.371941 0 -1.14842 0.137384 0
0.518732 0.373247 0 -1.16811 0.123391 0
0.506952 0.374409 0 -1.18817 0.108762 0
0.494969 0.375422 0 -1.20862 0.0934536 0
0.482779 0.376278 0 -1.22947 0.0774205 0
0.47038 0.37697 0 -1.25073 0.0606113 0
0.457765 0.37749 0 -1.27243 0.0429701 0
0.444931 0.37783 0 -1.29457 0.0244352 0
0.431873 0.377979 0 -1.31718 0.00493899 0
0.418587 0.377928 0 -1.34027 -0.0155937 0
0.405068 0.377667 0 -1.36387 -0.0372458 0
0.39131 0.377184 0 -1.38798 -0.0601097 0
0.377308 0.376465 0 -1.41262 -0.084288 0
0.363058 0.375498 0 -1.43782 -0.109895 0
0.348552 0.374267 0 -1.46359 -0.13706 0
0.333786 0.372757 0 -1.48994 -0.165927 0
0.318753 0.370948 0 -1.51688 -0.196659 0
0.303448 0.368823 0 -1.54443 -0.229439 0
0.287865 0.36636 0 -1.57259 -0.264476 0
0.271996 0.363534 0 -1.60135 -0.302008 0
0.255838 0.36032 0 -1.6307 -0.342306 0
0.239382 0.356688 0 -1.66063 -0.385681 0
0.222625 0.352606 0 -1.69108 -0.432493 0
0.205561 0.348038 0 -1.72199 -0.483155 0
0.188185 0.342943 0 -1.75327 -0.53815 0
0.170495 0.337275 0 -1.78478 -0.598039 0
0.15249 0.330982 0 -1.81633 -0.663478 0
0.134169 0.324005 0 -1.84764 -0.735237 0
0.115537 0.316277 0 -1.87833 -0.814222 0
0.0966021 0.307721 0 -1.90786 -0.901504 0
0.0773796 0.298247 0 -1.93548 -0.99834 0
0.0578925 0.287754 0 -1.96015 -1.10621 0
0.0381765 0.276123 0 -1.98041 -1.22685 0
0.0182843 0.263217 0 -1.9942 -1.36224 0
-0.00170748 0.248878 0 -1.99862 -1.51461 0
-0.0216882 0.232925 0 -1.9896 -1.6863 0
-0.0414995 0.215152 0 -1.96141 -1.87953 0
-0.0609163 0.195334 0 -1.90613 -2.09579 0
-0.079622 0.173236 0 -1.81313 -2.33479 0
-0.0971789 0.148639 0 -1.66893 -2.59247 0
-0.113001 0.121387 0 -1.4583 -2.85823 0
-0.126345 0.0914741 0 -1.16798 -3.1118 0
-0.13636 0.0591509 0 -0.793897 -3.32238 0
-0.142223 0.0250264 0 -0.350135 -3.454 0
-0.143363 -0.00992907 0 0.127538 -3.47882 0
-0.139672 -0.04455 0 0.590706 -3.3914 0
-0.131549 -0.0777571 0 0.996667 -3.21175 0
-0.119739 -0.108785 0 1.3224 -2.97433 0
-0.105101 -0.137244 0 1.56553 -2.71302 0
-0.0884281 -0.163045 0 1.73656 -2.45242 0
-0.0703696 -0.186292 0 1.8504 -2.20671 0
-0.0514201 -0.20718 0 1.92138 -1.98227 0
-0.031942 -0.225937 0 1.96126 -1.78069 0
-0.012195 -0.242794 0 1.97894 -1.60111 0
0.0076369 -0.25796 0 1.98097 -1.44157 0
0.0274243 -0.271625 0 1.97201 -1.29978 0
0.047077 -0.283955 0 1.9554 -1.1735 0
0.0665322 -0.295095 0 1.93351 -1.06065 0
0.0857471 -0.305168 0 1.90803 -0.959446 0
0.104693 -0.314284 0 1.88017 -0.868311 0
0.12335 -0.322535 0 1.85079 -0.785918 0
0.141709 -0.330002 0 1.82051 -0.711134 0
0.159761 -0.336757 0 1.78979 -0.642998 0
0.177504 -0.342862 0 1.75895 -0.580694 0
0.19494 -0.348371 0 1.7282 -0.523527 0
0.212069 -0.353333 0 1.69773 -0.470902 0
0.228894 -0.357789 0 1.66764 -0.42231 0
0.245421 -0.361779 0 1.63802 -0.377313 0
0.261655 -0.365335 0 1.60891 -0.335532 0
0.2776 -0.368489 0 1.58036 -0.296639 0
0.293262 -0.371268 0 1.55238 -0.260348 0
0.308647 -0.373696 0 1.52498 -0.226408 0
0.323762 -0.375796 0 1.49816 -0.194602 0
0.338611 -0.377588 0 1.47192 -0.164735 0
0.3532 -0.379091 0 1.44625 -0.136637 0
0.367536 -0.380321 0 1.42113 -0.110156 0
0.381623 -0.381294 0 1.39656 -0.0851595 0
0.395467 -0.382024 0 1.37251 -0.0615259 0
0.409073 -0.382525 0 1.34897 -0.0391482 0
0.422446 -0.382807 0 1.32593 -0.0179302 0
0.435591 -0.382883 0 1.30336 0.00221481 0
0.448513 -0.382763 0 1.28126 0.021365 0
0.461216 -0.382456 0 1.2596 0.0395911 0
0.473705 -0.381971 0 1.23836 0.0569572 0
0.485984 -0.381317 0 1.21754 0.0735214 0
0.498056 -0.380501 0 1.19712 0.0893368 0
0.509926 -0.37953 0 1.17708 0.104452 0
0.521598 -0.378412 0 1.15741 0.11891 0
0.533074 -0.377152 0 1.13809 0.132753 0
0.544359 -0.375757 0 1.11911 0.146018 0
0.555457 -0.374232 0 1.10046 0.158738 0
0.566369 -0.372582 0 1.08213 0.170945 0
0.577099 -0.370813 0 1.0641 0.182668 0
0.587651 -0.368929 0 1.04637 0.193934 0
0.598026 -0.366934 0 1.02891 0.204768 0
0.608229 -0.364833 0 1.01173 0.215193 0
0.618261 -0.36263 0 0.994814 0.225229 0
0.628125 -0.360329 0 0.978148 0.234898 0
0.637824 -0.357932 0 0.961726 0.244217 0
0.64736 -0.355444 0 0.945539 0.253203 0
0.656735 -0.352868 0 0.929579 0.261873 0
0.665951 -0.350207 0 0.913838 0.270242 0
0.675012 -0.347463 0 0.898308 0.278323 0
0.683918 -0.34464 0 0.882982 0.286129 0
0.692671 -0.341741 0 0.867853 0.293674 0
0.701275 -0.338767 0 0.852914 0.300968 0
0.70973 -0.335721 0 0.838159 0.308022 0
0.718038 -0.332606 0 0.823582 0.314846 0
0.726201 -0.329424 0 0.809176 0.32145 0
0.734221 -0.326177 0 0.794936 0.327844 0
0.7421 -0.322868 0 0.780857 0.334034 0
0.749839 -0.319497 0 0.766933 0.34003 0
0.757439 -0.316067 0 0.753159 0.345839 0
0.764902 -0.31258 0 0.73953 0.351467 0
0.772229 -0.309038 0 0.726041 0.356923 0
0.779422 -0.305442 0 0.712688 0.362211 0
0.786483 -0.301793 0 0.699467 0.367338 0
0.793412 -0.298095 0 0.686373 0.372311 0
0.80021 -0.294347 0 0.673403 0.377133 0
0.80688 -0.290552 0 0.660552 0.381811 0
0.813421 -0.286711 0 0.647816 0.386348 0
0.819836 -0.282825 0 0.635192 0.390751 0
0.826125 -0.278896 0 0.622677 0.395022 0
0.83229 -0.274925 0 0.610266 0.399167 0
0.838331 -0.270913 0 0.597957 0.403189 0
0.844249 -0.266861 0 0.585746 0.407092 0
0.850046 -0.262771 0 0.57363 0.41088 0
0.855721 -0.258643 0 0.561607 0.414556 0
0.861278 -0.25448 0 0.549673 0.418122 0
0.866715 -0.250281 0 0.537825 0.421583 0
0.872034 -0.246048 0 0.526061 0.424942 0
0.877236 -0.241782 0 0.514378 0.4282 0
0.882322 -0.237484 0 0.502774 0.431361 0
0.887292 -0.233155 0 0.491245 0.434428 0
0.892147 -0.228795 0 0.47979 0.437402 0
0.896887 -0.224407 0 0.468406 0.440286 0
0.901515 -0.21999 0 0.45709 0.443082 0
0.906029 -0.215545 0 0.445841 0.445793 0
0.910432 -0.211074 0 0.434656 0.44842 0
0.914722 -0.206577 0 0.423534 0.450965 0
0.918902 -0.202055 0 0.412471 0.453431 0
0.922972 -0.197508 0 0.401466 0.455818 0
0.926932 -0.192938 0 0.390517 0.458129 0
0.930782 -0.188346 0 0.379623 0.460365 0
0.934524 -0.183731 0 0.36878 0.462528 0
0.938158 -0.179095 0 0.357987 0.464619 0
0.941684 -0.174438 0 0.347243 0.46664 0
0.945103 -0.169762 0 0.336546 0.468592 0
0.948415 -0.165067 0 0.325893 0.470476 0
0.95162 -0.160353 0 0.315283 0.472293 0
0.95472 -0.155621 0 0.304715 0.474045 0
0.957715 -0.150872 0 0.294187 0.475732 0
0.960604 -0.146106 0 0.283696 0.477356 0
0.963389 -0.141325 0 0.273243 0.478918 0
0.966069 -0.136528 0 0.262824 0.480418 0
0.968645 -0.131716 0 0.252439 0.481858 0
0.971118 -0.126891 0 0.242085 0.483239 0
0.973487 -0.122051 0 0.231762 0.48456 0
0.975753 -0.117199 0 0.221468 0.485824 0
0.977916 -0.112335 0 0.211202 0.48703 0
0.979977 -0.107459 0 0.200961 0.48818 0
0.981935 -0.102571 0 0.190746 0.489273 0
0.983792 -0.0976733 0 0.180553 0.490312 0
0.985547 -0.0927652 0 0.170382 0.491295 0
0.9872 -0.0878474 0 0.160232 0.492225 0
0.988751 -0.0829207 0 0.150101 0.4931 0
0.990202 -0.0779854 0 0.139988 0.493923 0
0.991551 -0.0730422 0 0.129891 0.494692 0
0.992799 -0.0680916 0 0.119809 0.495409 0
0.993947 -0.063134 0 0.109741 0.496074 0
0.994994 -0.0581701 0 0.0996861 0.496688 0
0.995941 -0.0532003 0 0.0896421 0.497249 0
0.996787 -0.0482251 0 0.0796081 0.49776 0
0.997533 -0.0432451 0 0.0695828 0.49822 0
0.998179 -0.0382607 0 0.0595649 0.498629 0
0.998724 -0.0332725 0 0.0495533 0.498988 0
0.99917 -0.028281 0 0.0395465 0.499296 0
0.999515 -0.0232866 0 0.0295434 0.499554 0
0.999761 -0.0182899 0 0.0195428 0.499762 0
0.999906 -0.0132913 0 0.00954328 0.49992 0
0.999952 -0.00829147 0 -0.000456308 0.500028 0
0.999897 -0.00329078 0 -0.0104572 0.500086 0
0.999742 0.00171025 0 -0.0204607 0.500094 0
0.999488 0.0067111 0 -0.0304681 0.500052 0
0.999133 0.0117113 0 -0.0404805 0.499959 0
0.998678 0.0167103 0 -0.0504993 0.499817 0
0.998123 0.0217076 0 -0.0605257 0.499624 0
0.997468 0.0267028 0 -0.070561 0.49938 0
0.996712 0.0316952 0 -0.0806064 0.499086 0
0.995855 0.0366845 0 -0.0906633 0.498741 0
0.994899 0.04167 0 -0.100733 0.498345 0
0.993841 0.0466514 0 -0.110817 0.497897 0
0.992682 0.051628 0 -0.120915 0.497397 0
0.991423 0.0565993 0 -0.131031 0.496845 0
0.990062 0.0615649 0 -0.141165 0.496241 0
0.988599 0.0665242 0 -0.151318 0.495584 0
0.987035 0.0714766 0 -0.161491 0.494873 0
0.985369 0.0764216 0 -0.171687 0.494109 0
0.983601 0.0813587 0 -0.181906 0.49329 0
0.981731 0.0862874 0 -0.192149 0.492416 0
0.979759 0.0912071 0 -0.202419 0.491486 0
0.977683 0.0961171 0 -0.212717 0.490501 0
0.975504 0.101017 0 -0.223044 0.489458 0
0.973222 0.105906 0 -0.233401 0.488359 0
0.970836 0.110784 0 -0.243791 0.4872 0
0.968346 0.11565 0 -0.254214 0.485983 0
0.965752 0.120504 0 -0.264672 0.484706 0
0.963053 0.125344 0 -0.275167 0.483368 0
0.960249 0.130171 0 -0.2857 0.481969 0
0.957339 0.134984 0 -0.296274 0.480507 0
0.954323 0.139781 0 -0.306889 0.478981 0
0.951201 0.144563 0 -0.317547 0.477391 0
0.947972 0.149329 0 -0.32825 0.475734 0
0.944636 0.154078 0 -0.339 0.474011 0
0.941192 0.158809 0 -0.349798 0.472219 0
0.93764 0.163522 0 -0.360647 0.470358 0
0.933979 0.168217 0 -0.371548 0.468425 0
0.930209 0.172891 0 -0.382503 0.466421 0
0.926329 0.177545 0 -0.393515 0.464342 0
0.922339 0.182178 0 -0.404584 0.462188 0
0.918237 0.186789 0 -0.415714 0.459957 0
0.914024 0.191377 0 -0.426906 0.457646 0
0.909699 0.195942 0 -0.438162 0.455256 0
0.905261 0.200482 0 -0.449486 0.452782 0
0.90071 0.204997 0 -0.460877 0.450224 0
0.896044 0.209487 0 -0.472341 0.44758 0
0.891263 0.213949 0 -0.483877 0.444846 0
0.886366 0.218383 0 -0.49549 0.442022 0
0.881353 0.222789 0 -0.507182 0.439104 0
0.876222 0.227166 0 -0.518954 0.43609 0
0.870974 0.231511 0 -0.530811 0.432977 0
0.865606 0.235825 0 -0.542754 0.429762 0
0.860119 0.240106 0 -0.554787 0.426444 0
0.854511 0.244354 0 -0.566912 0.423017 0
0.848781 0.248567 0 -0.579132 0.419481 0
0.842928 0.252744 0 -0.591451 0.41583 0
0.836952 0.256883 0 -0.603872 0.412061 0
0.83085 0.260985 0 -0.616398 0.408172 0
0.824624 0.265047 0 -0.629032 0.404157 0
0.81827 0.269068 0 -0.641779 0.400012 0
0.811788 0.273047 0 -0.654641 0.395734 0
0.805177 0.276983 0 -0.667622 0.391318 0
0.798436 0.280873 0 -0.680728 0.386759 0
0.791562 0.284718 0 -0.69396 0.382051 0
0.784556 0.288514 0 -0.707325 0.37719 0
0.777416 0.292262 0 -0.720825 0.372169 0
0.77014 0.295958 0 -0.734467 0.366984 0
0.762727 0.299601 0 -0.748254 0.361627 0
0.755175 0.30319 0 -0.762191 0.356091 0
0.747483 0.306723 0 -0.776284 0.35037 0
0.739649 0.310198 0 -0.790537 0.344457 0
0.731672 0.313612 0 -0.804957 0.338342 0
0.72355 0.316965 0 -0.819548 0.332019 0
0.715281 0.320253 0 -0.834318 0.325477 0
0.706864 0.323474 0 -0.849272 0.318707 0
0.698296 0.326627 0 -0.864416 0.3117 0
0.689575 0.329708 0 -0.879758 0.304443 0
0.6807 0.332716 0 -0.895305 0.296927 0
0.671669 0.335647 0 -0.911063 0.289137 0
0.662479 0.338498 0 -0.927041 0.281063 0
0.653128 0.341268 0 -0.943246 0.272688 0
0.643614 0.343952 0 -0.959687 0.263999 0
0.633935 0.346548 0 -0.976373 0.254979 0
0.624087 0.349052 0 -0.993313 0.245611 0
0.614068 0.35146 0 -1.01052 0.235876 0
0.603876 0.353769 0 -1.02799 0.225755 0
0.593508 0.355975 0 -1.04575 0.215226 0
0.582961 0.358074 0 -1.06381 0.204265 0
0.572232 0.36006 0 -1.08217 0.192849 0
0.561318 0.361931 0 -1.10085 0.180949 0
0.550215 0.363679 0 -1.11986 0.168537 0
0.538921 0.365301 0 -1.13921 0.15558 0
0.527431 0.366791 0 -1.15892 0.142045 0
0.515743 0.368142 0 -1.179 0.127893 0
0.503851 0.369349 0 -1.19947 0.113084 0
0.491753 0.370404 0 -1.22034 0.0975732 0
0.479444 0.3713 0 -1.24163 0.081311 0
0.466921 0.37203 0 -1.26335 0.0642439 0
0.454178 0.372585 0 -1.28552 0.0463127 0
0.44121 0.372956 0 -1.30816 0.0274524 0
0.428014 0.373134 0 -1.33129 0.00759099 0
0.414584 0.373108 0 -1.35493 -0.0133511 0
0.400916 0.372867 0 -1.37909 -0.0354622 0
0.387003 0.372399 0 -1.40379 -0.0588406 0
0.37284 0.37169 0 -1.42906 -0.083596 0
0.358421 0.370727 0 -1.45491 -0.109851 0
0.343742 0.369493 0 -1.48135 -0.137744 0
0.328795 0.367972 0 -1.5084 -0.167429 0
0.313574 0.366145 0 -1.53608 -0.199082 0
0.298073 0.363991 0 -1.56439 -0.232901 0
0.282286 0.361487 0 -1.59333 -0.269112 0
0.266206 0.358608 0 -1.6229 -0.307973 0
0.249828 0.355327 0 -1.65308 -0.34978 0
0.233145 0.351613 0 -1.68385 -0.394871 0
0.216151 0.34743 0 -1.71515 -0.44364 0
0.198842 0.34274 0 -1.7469 -0.496542 0
0.181213 0.337499 0 -1.779 -0.554107 0
0.163262 0.331658 0 -1.81128 -0.616954 0
0.144987 0.32516 0 -1.8435 -0.68581 0
0.126392 0.317942 0 -1.87535 -0.76153 0
0.107481 0.309929 0 -1.90635 -0.845121 0
0.0882648 0.301039 0 -1.93587 -0.937774 0
0.0687632 0.291174 0 -1.963 -1.04089 0
0.0490048 0.280221 0 -1.98648 -1.15612 0
0.0290335 0.268052 0 -2.00453 -1.28536 0
0.0089141 0.254514 0 -2.01464 -1.43078 0
-0.0112593 0.239436 0 -2.01325 -1.59476 0
-0.0313509 0.222619 0 -1.99537 -1.77964 0
-0.0511666 0.203843 0 -1.95401 -1.9874 0
-0.0704311 0.182871 0 -1.87966 -2.21869 0
-0.0887597 0.159469 0 -1.75986 -2.47135 0
-0.105628 0.133444 0 -1.57972 -2.73787 0
-0.120354 0.104712 0 -1.32436 -3.00218 0
-0.132115 0.0734006 0 -0.98479 -3.23744 0
-0.14005 0.0399631 0 -0.566765 -3.40843 0
-0.143451 0.00523192 0 -0.0975939 -3.48196 0
-0.142002 -0.0296761 0 0.377459 -3.4422 0
-0.135902 -0.0636121 0 0.811144 -3.29946 0
-0.125779 -0.0956653 0 1.17163 -3.08411 0
-0.112469 -0.125294 0 1.44882 -2.83164 0
-0.0968024 -0.152298 0 1.649 -2.57081 0
-0.0794888 -0.17671 0 1.78599 -2.31978 0
-0.0610825 -0.198694 0 1.87463 -2.08772 0
-0.0419962 -0.218465 0 1.9277 -1.8779 0
-0.0225285 -0.236252 0 1.9552 -1.69032 0
-0.00289221 -0.252271 0 1.96453 -1.52339 0
0.0167621 -0.26672 0 1.96104 -1.37497 0
0.0363286 -0.279771 0 1.94856 -1.2428 0
0.0557333 -0.291576 0 1.92982 -1.12477 0
0.0749249 -0.302266 0 1.90676 -1.019 0
0.0938685 -0.311956 0 1.88078 -0.923843 0
0.11254 -0.320743 0 1.85288 -0.837894 0
0.130926 -0.328713 0 1.82377 -0.759957 0
0.149016 -0.335942 0 1.79398 -0.689014 0
0.166806 -0.342494 0 1.76389 -0.624199 0
0.184294 -0.348426 0 1.73375 -0.564777 0
0.201481 -0.353789 0 1.70378 -0.510117 0
0.218369 -0.358628 0 1.6741 -0.459682 0
0.234963 -0.362983 0 1.64482 -0.413009 0
0.251266 -0.366889 0 1.616 -0.369697 0
0.267283 -0.370377 0 1.58769 -0.3294 0
0.283019 -0.373477 0 1.55991 -0.291817 0
0.298481 -0.376213 0 1.53268 -0.256685 0
0.313673 -0.37861 0 1.50601 -0.223773 0
0.328601 -0.380689 0 1.4799 -0.192879 0
0.343271 -0.382468 0 1.45433 -0.163825 0
0.357688 -0.383965 0 1.42931 -0.13645 0
0.371857 -0.385197 0 1.40482 -0.110615 0
0.385784 -0.386177 0 1.38085 -0.0861942 0
0.399474 -0.386921 0 1.35738 -0.0630751 0
0.412932 -0.387439 0 1.33439 -0.0411573 0
0.426162 -0.387744 0 1.31188 -0.0203504 0
0.439169 -0.387846 0 1.28982 -0.000572706 0
0.451958 -0.387755 0 1.2682 0.0182493 0
0.464533 -0.387481 0 1.24701 0.0361823 0
0.476899 -0.387032 0 1.22622 0.053287 0
0.489058 -0.386415 0 1.20583 0.0696185 0
0.501015 -0.385639 0 1.18582 0.0852269 0
0.512774 -0.384711 0 1.16618 0.100158 0
0.524339 -0.383636 0 1.14689 0.114455 0
0.535712 -0.382422 0 1.12793 0.128155 0
0.546898 -0.381073 0 1.10931 0.141294 0
0.557898 -0.379596 0 1.091 0.153904 0
0.568717 -0.377995 0 1.07299 0.166016 0
0.579358 -0.376275 0 1.05527 0.177658 0
0.589823 -0.374442 0 1.03784 0.188855 0
0.600115 -0.372498 0 1.02067 0.19963 0
0.610236 -0.370449 0 1.00377 0.210007 0
0.62019 -0.368298 0 0.987121 0.220005 0
0.629979 -0.366049 0 0.970714 0.229644 0
0.639604 -0.363705 0 0.954542 0.238942 0
0.64907 -0.36127 0 0.938596 0.247914 0
0.658376 -0.358747 0 0.922869 0.256576 0
0.667527 -0.356139 0 0.907352 0.264943 0
0.676523 -0.353448 0 0.892039 0.273029 0
0.685368 -0.350678 0 0.876922 0.280846 0
0.694062 -0.347831 0 0.861996 0.288405 0
0.702608 -0.34491 0 0.847253 0.295718 0
0.711007 -0.341917 0 0.832687 0.302796 0
0.719261 -0.338854 0 0.818292 0.309649 0
0.727373 -0.335724 0 0.804064 0.316284 0
0.735343 -0.332528 0 0.789995 0.322712 0
0.743173 -0.32927 0 0.776081 0.328941 0
0.750864 -0.32595 0 0.762317 0.334978 0
0.758419 -0.32257 0 0.748698 0.34083 0
0.765838 -0.319133 0 0.73522 0.346505 0
0.773123 -0.31564 0 0.721877 0.35201 0
0.780276 -0.312093 0 0.708665 0.357349 0
0.787297 -0.308493 0 0.695581 0.362529 0
0.794187 -0.304842 0 0.682619 0.367557 0
0.800949 -0.301142 0 0.669777 0.372436 0
0.807583 -0.297393 0 0.65705 0.377172 0
0.81409 -0.293598 0 0.644435 0.38177 0
0.820472 -0.289758 0 0.631928 0.386234 0
0.826729 -0.285874 0 0.619525 0.390568 0
0.832862 -0.281947 0 0.607224 0.394777 0
0.838873 -0.277978 0 0.595022 0.398865 0
0.844763 -0.273969 0 0.582914 0.402834 0
0.850531 -0.269922 0 0.570898 0.40669 0
0.856181 -0.265836 0 0.558972 0.410434 0
0.861711 -0.261713 0 0.547132 0.41407 0
0.867123 -0.257554 0 0.535375 0.417601 0
0.872418 -0.253361 0 0.523699 0.421031 0
0.877597 -0.249134 0 0.512102 0.424361 0
0.88266 -0.244874 0 0.50058 0.427595 0
0.887609 -0.240582 0 0.489132 0.430735 0
0.892443 -0.236259 0 0.477754 0.433783 0
0.897164 -0.231906 0 0.466445 0.436741 0
0.901772 -0.227524 0 0.455203 0.439613 0
0.906268 -0.223114 0 0.444024 0.442399 0
0.910652 -0.218676 0 0.432908 0.445102 0
0.914926 -0.214212 0 0.421851 0.447724 0
0.919089 -0.209722 0 0.410853 0.450267 0
0.923143 -0.205206 0 0.39991 0.452731 0
0.927088 -0.200667 0 0.389021 0.45512 0
0.930924 -0.196104 0 0.378184 0.457435 0
0.934651 -0.191518 0 0.367397 0.459676 0
0.938271 -0.186911 0 0.356658 0.461846 0
0.941784 -0.182281 0 0.345966 0.463946 0
0.945191 -0.177632 0 0.335319 0.465977 0
0.948491 -0.172962 0 0.324714 0.46794 0
0.951685 -0.168273 0 0.314151 0.469837 0
0.954774 -0.163565 0 0.303628 0.471669 0
0.957758 -0.158839 0 0.293142 0.473437 0
0.960637 -0.154096 0 0.282693 0.475141 0
0.963411 -0.149337 0 0.272279 0.476784 0
0.966082 -0.144561 0 0.261898 0.478365 0
0.968649 -0.139769 0 0.251549 0.479886 0
0.971113 -0.134963 0 0.241231 0.481347 0
0.973474 -0.130142 0 0.230941 0.48275 0
0.975732 -0.125308 0 0.220679 0.484095 0
0.977888 -0.12046 0 0.210442 0.485383 0
0.979941 -0.1156 0 0.200231 0.486614 0
0.981892 -0.110728 0 0.190042 0.48779 0
0.983742 -0.105845 0 0.179875 0.48891 0
0.98549 -0.10095 0 0.169728 0.489976 0
0.987136 -0.096045 0 0.159601 0.490987 0
0.988682 -0.0911302 0 0.149491 0.491945 0
0.990126 -0.0862061 0 0.139398 0.492849 0
0.99147 -0.0812732 0 0.129319 0.493701 0
0.992713 -0.0763321 0 0.119255 0.494501 0
0.993855 -0.0713832 0 0.109203 0.495248 0
0.994897 -0.0664271 0 0.0991617 0.495944 0
0.995838 -0.0614643 0 0.0891306 0.496588 0
0.996679 -0.0564954 0 0.0791082 0.497182 0
0.99742 -0.0515207 0 0.0690932 0.497724 0
0.998061 -0.0465409 0 0.0590842 0.498216 0
0.998602 -0.0415564 0 0.0490801 0.498658 0
0.999043 -0.0365677 0 0.0390795 0.499049 0
0.999383 -0.0315754 0 0.0290813 0.49939 0
0.999624 -0.0265799 0 0.0190841 0.49968 0
0.999765 -0.0215818 0 0.00908683 0.499921 0
0.999806 -0.0165815 0 -0.000911904 0.500112 0
0.999747 -0.0115795 0 -0.0109133 0.500253 0
0.999588 -0.00657644 0 -0.0209186 0.500344 0
0.999329 -0.00157267 0 -0.0309291 0.500385 0
0.998969 0.00343125 0 -0.0409461 0.500375 0
0.99851 0.00843483 0 -0.0509707 0.500316 0
0.99795 0.0134376 0 -0.0610043 0.500206 0
0.99729 0.018439 0 -0.0710481 0.500045 0
0.996529 0.0234385 0 -0.0811035 0.499834 0
0.995667 0.0284356 0 -0.0911717 0.499572 0
0.994705 0.0334299 0 -0.101254 0.499258 0
0.993642 0.0384208 0 -0.111352 0.498894 0
0.992478 0.0434078 0 -0.121466 0.498477 0
0.991213 0.0483903 0 -0.131598 0.498008 0
0.989846 0.0533679 0 -0.14175 0.497486 0
0.988378 0.0583401 0 -0.151923 0.496912 0
0.986808 0.0633062 0 -0.162118 0.496284 0
0.985136 0.0682657 0 -0.172336 0.495602 0
0.983361 0.0732182 0 -0.182579 0.494866 0
0.981484 0.0781631 0 -0.192848 0.494075 0
0.979504 0.0830997 0 -0.203145 0.493228 0
0.977421 0.0880276 0 -0.213472 0.492325 0
0.975235 0.0929462 0 -0.223829 0.491365 0
0.972945 0.0978549 0 -0.234218 0.490347 0
0.97055 0.102753 0 -0.244641 0.489271 0
0.968052 0.10764 0 -0.255099 0.488136 0
0.965448 0.112516 0 -0.265593 0.486941 0
0.96274 0.117379 0 -0.276127 0.485685 0
0.959926 0.12223 0 -0.2867 0.484367 0
0.957006 0.127067 0 -0.297315 0.482987 0
0.95398 0.131889 0 -0.307973 0.481542 0
0.950847 0.136697 0 -0.318677 0.480033 0
0.947606 0.14149 0 -0.329427 0.478458 0
0.944258 0.146267 0 -0.340226 0.476815 0
0.940802 0.151026 0 -0.351075 0.475104 0
0.937236 0.155769 0 -0.361977 0.473323 0
0.933562 0.160493 0 -0.372932 0.471471 0
0.929778 0.165198 0 -0.383945 0.469546 0
0.925883 0.169884 0 -0.395015 0.467547 0
0.921878 0.174549 0 -0.406145 0.465472 0
0.91776 0.179193 0 -0.417338 0.463319 0
0.913531 0.183815 0 -0.428595 0.461087 0
0.909188 0.188415 0 -0.439919 0.458775 0
0.904732 0.192991 0 -0.451312 0.456379 0
0.900162 0.197542 0 -0.462777 0.453898 0
0.895477 0.202069 0 -0.474315 0.45133 0
0.890676 0.206569 0 -0.485929 0.448673 0
0.885758 0.211042 0 -0.497622 0.445924 0
0.880723 0.215487 0 -0.509396 0.443081 0
0.87557 0.219904 0 -0.521254 0.440141 0
0.870298 0.22429 0 -0.533198 0.437102 0
0.864906 0.228646 0 -0.545232 0.43396 0
0.859394 0.23297 0 -0.557359 0.430713 0
0.853759 0.23726 0 -0.569581 0.427358 0
0.848002 0.241517 0 -0.581902 0.423892 0
0.842121 0.245738 0 -0.594325 0.42031 0
0.836116 0.249923 0 -0.606852 0.41661 0
0.829984 0.25407 0 -0.619488 0.412787 0
0.823726 0.258179 0 -0.632237 0.408837 0
0.817339 0.262247 0 -0.645101 0.404758 0
0.810824 0.266274 0 -0.658085 0.400542 0
0.804178 0.270258 0 -0.671192 0.396187 0
0.7974 0.274198 0 -0.684427 0.391688 0
0.790489 0.278092 0 -0.697794 0.387038 0
0.783444 0.281938 0 -0.711297 0.382233 0
0.776263 0.285736 0 -0.72494 0.377267 0
0.768945 0.289484 0 -0.73873 0.372133 0
0.761489 0.293179 0 -0.752669 0.366825 0
0.753892 0.29682 0 -0.766765 0.361337 0
0.746153 0.300406 0 -0.781021 0.35566 0
0.738271 0.303933 0 -0.795443 0.349788 0
0.730244 0.307401 0 -0.810038 0.343711 0
0.722071 0.310808 0 -0.82481 0.337422 0
0.713748 0.31415 0 -0.839767 0.330911 0
0.705275 0.317426 0 -0.854915 0.324168 0
0.69665 0.320633 0 -0.87026 0.317183 0
0.68787 0.323769 0 -0.88581 0.309945 0
0.678934 0.326832 0 -0.901572 0.302441 0
0.669839 0.329818 0 -0.917553 0.294659 0
0.660583 0.332725 0 -0.933762 0.286586 0
0.651163 0.33555 0 -0.950208 0.278206 0
0.641579 0.338289 0 -0.966898 0.269505 0
0.631826 0.34094 0 -0.983842 0.260466 0
0.621902 0.343499 0 -1.00105 0.25107 0
0.611805 0.345961 0 -1.01853 0.241298 0
0.601531 0.348325 0 -1.0363 0.23113 0
0.591079 0.350584 0 -1.05436 0.220544 0
0.580444 0.352736 0 -1.07273 0.209515 0
0.569624 0.354774 0 -1.09141 0.198016 0
0.558616 0.356696 0 -1.11043 0.186021 0
0.547415 0.358495 0 -1.12979 0.173498 0
0.53602 0.360166 0 -1.14951 0.160414 0
0.524425 0.361703 0 -1.16961 0.146732 0
0.512628 0.3631 0 -1.19009 0.132414 0
0.500623 0.364351 0 -1.21097 0.117416 0
0.488408 0.365449 0 -1.23227 0.101691 0
0.475978 0.366385 0 -1.25401 0.0851878 0
0.463328 0.367153 0 -1.27621 0.0678489 0
0.450454 0.367742 0 -1.29888 0.049612 0
0.43735 0.368145 0 -1.32204 0.0304082 0
0.424013 0.36835 0 -1.34571 0.0101612 0
0.410436 0.368348 0 -1.36991 -0.0112136 0
0.396615 0.368126 0 -1.39466 -0.0338103 0
0.382543 0.367672 0 -1.41998 -0.0577338 0
0.368215 0.366971 0 -1.44589 -0.0831013 0
0.353625 0.36601 0 -1.4724 -0.110044 0
0.338767 0.36477 0 -1.49955 -0.138711 0
0.323635 0.363236 0 -1.52733 -0.169268 0
0.308221 0.361385 0 -1.55577 -0.201904 0
0.292519 0.359197 0 -1.58486 -0.236834 0
0.276523 0.356648 0 -1.61462 -0.274303 0
0.260227 0.353711 0 -1.64503 -0.314591 0
0.243623 0.350357 0 -1.67607 -0.35802 0
0.226705 0.346551 0 -1.7077 -0.404961 0
0.209469 0.342257 0 -1.73988 -0.455846 0
0.191908 0.337434 0 -1.77249 -0.511174 0
0.174019 0.332034 0 -1.80541 -0.57153 0
0.1558 0.326003 0 -1.83844 -0.6376 0
0.13725 0.319282 0 -1.8713 -0.710188 0
0.118374 0.3118 0 -1.90361 -0.790246 0
0.099178 0.303477 0 -1.9348 -0.878895 0
0.0796777 0.294222 0 -1.9641 -0.977461 0
0.059896 0.283928 0 -1.99043 -1.0875 0
0.0398692 0.272472 0 -2.01223 -1.21085 0
0.0196514 0.259711 0 -2.02734 -1.34959 0
-0.000677569 0.24548 0 -2.03267 -1.50606 0
-0.021002 0.22959 0 -2.02387 -1.68271 0
-0.041155 0.211826 0 -1.99482 -1.88179 0
-0.0608984 0.191954 0 -1.93706 -2.10472 0
-0.0798962 0.169731 0 -1.83927 -2.35078 0
-0.0976837 0.144938 0 -1.68728 -2.61505 0
-0.113642 0.11743 0 -1.4656 -2.88532 0
-0.126996 0.0872317 0 -1.16177 -3.13913 0
-0.136877 0.0546477 0 -0.77437 -3.34374 0
-0.142483 0.0203568 0 -0.32166 -3.46323 0
-0.14331 -0.0146169 0 0.156977 -3.47292 0
-0.139344 -0.0491016 0 0.612727 -3.37234 0
-0.131056 -0.0820637 0 1.00601 -3.18523 0
-0.119223 -0.112806 0 1.31807 -2.94669 0
-0.104695 -0.140997 0 1.54953 -2.68896 0
-0.0882328 -0.166585 0 1.71204 -2.43446 0
-0.0704538 -0.189687 0 1.82041 -2.19565 0
-0.0518245 -0.210498 0 1.88837 -1.97786 0
-0.0326865 -0.229244 0 1.92696 -1.78224 0
-0.0132852 -0.246143 0 1.94456 -1.60776 0
0.00620474 -0.261399 0 1.94726 -1.45248 0
0.02566 -0.275193 0 1.93945 -1.3142 0
0.0449937 -0.287683 0 1.92426 -1.19076 0
0.0641452 -0.299008 0 1.90393 -1.08022 0
0.0830724 -0.309288 0 1.88007 -0.980865 0
0.101747 -0.318625 0 1.85383 -0.891207 0
0.120149 -0.327112 0 1.82604 -0.809984 0
0.138267 -0.334825 0 1.7973 -0.736117 0
0.156095 -0.341834 0 1.76805 -0.668692 0
0.173628 -0.348199 0 1.7386 -0.606928 0
0.190867 -0.353973 0 1.70919 -0.550159 0
0.207812 -0.359202 0 1.67998 -0.497815 0
0.224467 -0.363929 0 1.65108 -0.449408 0
0.240834 -0.36819 0 1.62259 -0.404514 0
0.256918 -0.372019 0 1.59455 -0.362769 0
0.272725 -0.375446 0 1.567 -0.323855 0
0.288258 -0.378496 0 1.53997 -0.287495 0
0.303524 -0.381195 0 1.51347 -0.253448 0
0.318528 -0.383565 0 1.4875 -0.2215 0
0.333274 -0.385626 0 1.46207 -0.191464 0
0.347769 -0.387395 0 1.43716 -0.163173 0
0.362017 -0.388889 0 1.41276 -0.13648 0
0.376024 -0.390124 0 1.38888 -0.111254 0
0.389795 -0.391114 0 1.36548 -0.087377 0
0.403334 -0.391872 0 1.34257 -0.0647445 0
0.416646 -0.392409 0 1.32012 -0.0432621 0
0.429736 -0.392737 0 1.29811 -0.0228446 0
0.442609 -0.392866 0 1.27655 -0.00341542 0
0.455267 -0.392805 0 1.2554 0.015095 0
0.467717 -0.392564 0 1.23466 0.0327497 0
0.47996 -0.39215 0 1.21431 0.0496059 0
0.492003 -0.391572 0 1.19433 0.065716 0
0.503847 -0.390836 0 1.17472 0.0811275 0
0.515497 -0.389949 0 1.15546 0.0958843 0
0.526956 -0.388918 0 1.13654 0.110026 0
0.538228 -0.387749 0 1.11794 0.12359 0
0.549315 -0.386446 0 1.09966 0.136609 0
0.560221 -0.385017 0 1.08167 0.149116 0
0.570949 -0.383464 0 1.06398 0.161138 0
0.581501 -0.381794 0 1.04657 0.172702 0
0.59188 -0.38001 0 1.02943 0.183833 0
0.602089 -0.378117 0 1.01255 0.194554 0
0.612131 -0.376119 0 0.995916 0.204886 0
0.622008 -0.374019 0 0.979529 0.214848 0
0.631721 -0.371822 0 0.963375 0.22446 0
0.641275 -0.36953 0 0.947447 0.233737 0
0.65067 -0.367147 0 0.931737 0.242696 0
0.65991 -0.364676 0 0.916237 0.251353 0
0.668995 -0.36212 0 0.90094 0.25972 0
0.677929 -0.359482 0 0.88584 0.267811 0
0.686712 -0.356764 0 0.870928 0.275638 0
0.695347 -0.353969 0 0.8562 0.283213 0
0.703836 -0.3511 0 0.841649 0.290547 0
0.71218 -0.348158 0 0.827269 0.297649 0
0.720381 -0.345147 0 0.813054 0.304529 0
0.728441 -0.342068 0 0.798999 0.311197 0
0.736361 -0.338923 0 0.785098 0.31766 0
0.744143 -0.335714 0 0.771347 0.323926 0
0.751788 -0.332444 0 0.757741 0.330004 0
0.759298 -0.329114 0 0.744275 0.3359 0
0.766674 -0.325726 0 0.730944 0.341622 0
0.773917 -0.322282 0 0.717745 0.347174 0
0.781029 -0.318783 0 0.704672 0.352564 0
0.78801 -0.315231 0 0.691722 0.357797 0
0.794863 -0.311627 0 0.678891 0.362879 0
0.801588 -0.307973 0 0.666175 0.367815 0
0.808187 -0.304271 0 0.653571 0.372609 0
0.81466 -0.300521 0 0.641075 0.377266 0
0.821008 -0.296725 0 0.628683 0.381792 0
0.827233 -0.292885 0 0.616392 0.386189 0
0.833336 -0.289001 0 0.6042 0.390461 0
0.839317 -0.285076 0 0.592102 0.394614 0
0.845178 -0.281109 0 0.580096 0.398649 0
0.850919 -0.277103 0 0.568179 0.402572 0
0.856542 -0.273058 0 0.556349 0.406384 0
0.862046 -0.268975 0 0.544601 0.410089 0
0.867434 -0.264856 0 0.532935 0.413691 0
0.872705 -0.260701 0 0.521346 0.417191 0
0.87786 -0.256512 0 0.509834 0.420592 0
0.882901 -0.252289 0 0.498394 0.423898 0
0.887828 -0.248034 0 0.487025 0.427111 0
0.892642 -0.243747 0 0.475725 0.430232 0
0.897343 -0.23943 0 0.464491 0.433265 0
0.901932 -0.235082 0 0.45332 0.436211 0
0.906409 -0.230705 0 0.442212 0.439072 0
0.910776 -0.2263 0 0.431163 0.441851 0
0.915033 -0.221868 0 0.420173 0.444549 0
0.919179 -0.217409 0 0.409237 0.447168 0
0.923217 -0.212925 0 0.398356 0.44971 0
0.927147 -0.208415 0 0.387526 0.452176 0
0.930968 -0.203881 0 0.376747 0.454568 0
0.934682 -0.199324 0 0.366015 0.456888 0
0.938288 -0.194744 0 0.35533 0.459136 0
0.941788 -0.190141 0 0.34469 0.461314 0
0.945182 -0.185517 0 0.334092 0.463424 0
0.94847 -0.180873 0 0.323536 0.465467 0
0.951653 -0.176208 0 0.313019 0.467443 0
0.95473 -0.171524 0 0.30254 0.469355 0
0.957703 -0.166821 0 0.292098 0.471202 0
0.960572 -0.1621 0 0.28169 0.472987 0
0.963337 -0.157361 0 0.271315 0.47471 0
0.965999 -0.152606 0 0.260973 0.476371 0
0.968557 -0.147834 0 0.25066 0.477973 0
0.971012 -0.143046 0 0.240376 0.479515 0
0.973364 -0.138243 0 0.230119 0.480999 0
0.975614 -0.133426 0 0.219889 0.482425 0
0.977762 -0.128595 0 0.209683 0.483795 0
0.979808 -0.12375 0 0.199499 0.485107 0
0.981752 -0.118893 0 0.189338 0.486364 0
0.983595 -0.114023 0 0.179196 0.487566 0
0.985336 -0.109141 0 0.169074 0.488714 0
0.986976 -0.104249 0 0.158969 0.489807 0
0.988515 -0.0993453 0 0.148881 0.490847 0
0.989954 -0.0944318 0 0.138808 0.491833 0
0.991291 -0.0895087 0 0.128748 0.492767 0
0.992529 -0.0845764 0 0.1187 0.493649 0
0.993665 -0.0796357 0 0.108664 0.494479 0
0.994702 -0.0746869 0 0.0986375 0.495257 0
0.995638 -0.0697305 0 0.0886195 0.495984 0
0.996474 -0.0647672 0 0.0786088 0.49666 0
0.99721 -0.0597973 0 0.0686041 0.497285 0
0.997846 -0.0548215 0 0.0586041 0.497859 0
0.998382 -0.0498402 0 0.0486077 0.498384 0
0.998819 -0.0448538 0 0.0386134 0.498857 0
0.999155 -0.039863 0 0.0286202 0.499281 0
0.999391 -0.0348682 0 0.0186267 0.499655 0
0.999527 -0.0298699 0 0.00863168 0.499979 0
0.999564 -0.0248686 0 -0.00136608 0.500252 0
0.9995 -0.0198649 0 -0.0113678 0.500476 0
0.999336 -0.0148591 0 -0.0213749 0.50065 0
0.999072 -0.00985187 0 -0.0313884 0.500774 0
0.998708 -0.00484364 0 -0.0414097 0.500847 0
0.998244 0.000165081 0 -0.0514401 0.500871 0
0.99768 0.00517378 0 -0.0614808 0.500844 0
0.997015 0.010182 0 -0.0715331 0.500767 0
0.996249 0.0151891 0 -0.0815982 0.500638 0
0.995383 0.0201947 0 -0.0916776 0.500459 0
0.994415 0.0251983 0 -0.101772 0.500229 0
0.993347 0.0301993 0 -0.111884 0.499947 0
0.992178 0.0351972 0 -0.122014 0.499614 0
0.990907 0.0401916 0 -0.132163 0.499228 0
0.989535 0.0451818 0 -0.142333 0.498789 0
0.98806 0.0501674 0 -0.152525 0.498298 0
0.986484 0.0551478 0 -0.162741 0.497753 0
0.984805 0.0601224 0 -0.172982 0.497154 0
0.983024 0.0650908 0 -0.183249 0.496501 0
0.98114 0.0700524 0 -0.193544 0.495792 0
0.979154 0.0750067 0 -0.203868 0.495028 0
0.977063 0.079953 0 -0.214223 0.494208 0
0.974869 0.0848908 0 -0.22461 0.493331 0
0.972571 0.0898196 0 -0.235031 0.492396 0
0.970168 0.0947387 0 -0.245487 0.491402 0
0.967661 0.0996477 0 -0.25598 0.490349 0
0.965049 0.104546 0 -0.266512 0.489237 0
0.962331 0.109432 0 -0.277084 0.488063 0
0.959507 0.114307 0 -0.287697 0.486827 0
0.956577 0.119169 0 -0.298354 0.485529 0
0.95354 0.124018 0 -0.309056 0.484166 0
0.950396 0.128852 0 -0.319804 0.482738 0
0.947144 0.133672 0 -0.330602 0.481244 0
0.943784 0.138477 0 -0.34145 0.479683 0
0.940315 0.143266 0 -0.35235 0.478053 0
0.936737 0.148038 0 -0.363305 0.476353 0
0.933049 0.152793 0 -0.374316 0.474581 0
0.929251 0.15753 0 -0.385385 0.472736 0
0.925341 0.162248 0 -0.396515 0.470817 0
0.92132 0.166946 0 -0.407707 0.468822 0
0.917187 0.171624 0 -0.418963 0.466749 0
0.912941 0.176281 0 -0.430286 0.464596 0
0.908581 0.180916 0 -0.441678 0.462362 0
0.904107 0.185528 0 -0.453142 0.460044 0
0.899518 0.190117 0 -0.464679 0.457641 0
0.894814 0.194681 0 -0.476293 0.45515 0
0.889993 0.19922 0 -0.487985 0.45257 0
0.885054 0.203733 0 -0.499758 0.449897 0
0.879997 0.208218 0 -0.511616 0.447129 0
0.874822 0.212675 0 -0.52356 0.444264 0
0.869526 0.217103 0 -0.535594 0.441299 0
0.86411 0.221501 0 -0.54772 0.438231 0
0.858572 0.225868 0 -0.559942 0.435056 0
0.852911 0.230202 0 -0.572262 0.431773 0
0.847127 0.234503 0 -0.584684 0.428377 0
0.841217 0.23877 0 -0.597211 0.424865 0
0.835182 0.243001 0 -0.609847 0.421233 0
0.82902 0.247194 0 -0.622596 0.417478 0
0.82273 0.25135 0 -0.635459 0.413595 0
0.816311 0.255466 0 -0.648443 0.40958 0
0.809762 0.259542 0 -0.66155 0.405428 0
0.80308 0.263575 0 -0.674785 0.401135 0
0.796266 0.267564 0 -0.688151 0.396696 0
0.789317 0.271509 0 -0.701654 0.392104 0
0.782233 0.275407 0 -0.715298 0.387356 0
0.775011 0.279256 0 -0.729087 0.382444 0
0.767651 0.283055 0 -0.743027 0.377362 0
0.760151 0.286803 0 -0.757122 0.372104 0
0.752509 0.290497 0 -0.771378 0.366662 0
0.744723 0.294136 0 -0.7858 0.36103 0
0.736793 0.297718 0 -0.800395 0.355199 0
0.728715 0.30124 0 -0.815167 0.349161 0
0.720489 0.304701 0 -0.830124 0.342906 0
0.712113 0.308099 0 -0.845272 0.336426 0
0.703584 0.31143 0 -0.860617 0.329709 0
0.6949 0.314693 0 -0.876167 0.322746 0
0.686061 0.317885 0 -0.891929 0.315525 0
0.677062 0.321003 0 -0.907911 0.308033 0
0.667902 0.324045 0 -0.924121 0.300258 0
0.658579 0.327008 0 -0.940567 0.292185 0
0.649091 0.329889 0 -0.957258 0.283799 0
0.639434 0.332684 0 -0.974203 0.275084 0
0.629607 0.335391 0 -0.991412 0.266023 0
0.619606 0.338005 0 -1.00889 0.256597 0
0.609429 0.340523 0 -1.02666 0.246786 0
0.599073 0.342941 0 -1.04472 0.236568 0
0.588535 0.345254 0 -1.06309 0.225921 0
0.577811 0.347459 0 -1.08178 0.214819 0
0.566899 0.34955 0 -1.1008 0.203234 0
0.555795 0.351524 0 -1.12017 0.191138 0
0.544495 0.353373 0 -1.1399 0.178498 0
0.532997 0.355094 0 -1.15999 0.16528 0
0.521296 0.356679 0 -1.18048 0.151444 0
0.509387 0.358122 0 -1.20137 0.136951 0
0.497268 0.359418 0 -1.22269 0.121754 0
0.484934 0.360558 0 -1.24444 0.105803 0
0.472379 0.361534 0 -1.26665 0.0890454 0
0.459601 0.362338 0 -1.28933 0.0714198 0
0.446593 0.362962 0 -1.31251 0.0528604 0
0.43335 0.363396 0 -1.33621 0.0332939 0
0.419868 0.363628 0 -1.36044 0.0126394 0
0.406142 0.363648 0 -1.38522 -0.00919327 0
0.392164 0.363444 0 -1.41058 -0.0323044 0
0.37793 0.363002 0 -1.43654 -0.0568059 0
0.363433 0.362308 0 -1.46312 -0.0828234 0
0.348667 0.361346 0 -1.49034 -0.110498 0
0.333626 0.360098 0 -1.51821 -0.139989 0
0.318303 0.358546 0 -1.54675 -0.171475 0
0.302691 0.356669 0 -1.57597 -0.205162 0
0.286784 0.354443 0 -1.60589 -0.241281 0
0.270574 0.351843 0 -1.63649 -0.280099 0
0.254054 0.348841 0 -1.66777 -0.321921 0
0.237218 0.345405 0 -1.69969 -0.367098 0
0.22006 0.341499 0 -1.73223 -0.416037 0
0.202574 0.337084 0 -1.76529 -0.469212 0
0.184754 0.332115 0 -1.79877 -0.527174 0
0.166598 0.32654 0 -1.83251 -0.590568 0
0.148104 0.320303 0 -1.86627 -0.660155 0
0.129273 0.313337 0 -1.89972 -0.736829 0
0.11011 0.305567 0 -1.93238 -0.821648 0
0.0906254 0.296904 0 -1.9636 -0.915862 0
0.070838 0.28725 0 -1.99242 -1.02095 0
0.050777 0.276485 0 -2.01753 -1.13864 0
0.0304874 0.264477 0 -2.03703 -1.27096 0
0.0100363 0.251066 0 -2.04828 -1.42017 0
-0.0104781 0.236073 0 -2.04747 -1.58875 0
-0.0309131 0.219291 0 -2.02927 -1.77916 0
-0.0510635 0.20049 0 -1.98621 -1.99331 0
-0.0706372 0.179425 0 -1.90812 -2.23163 0
-0.0892258 0.155858 0 -1.78184 -2.49129 0
-0.106274 0.129599 0 -1.59195 -2.76347 0
-0.121065 0.100588 0 -1.32385 -3.03008 0
-0.132751 0.0689978 0 -0.970417 -3.26207 0
-0.140473 0.0353469 0 -0.541117 -3.42324 0
-0.143573 0.000532972 0 -0.0674661 -3.48229 0
-0.141822 -0.0342989 0 0.403362 -3.42798 0
-0.135506 -0.0680267 0 0.826004 -3.2752 0
-0.125302 -0.0998029 0 1.17279 -3.05623 0
-0.11205 -0.129151 0 1.43727 -2.80565 0
-0.0965569 -0.155916 0 1.62762 -2.55008 0
-0.079498 -0.180153 0 1.75795 -2.30572 0
-0.0613978 -0.20203 0 1.84262 -2.08044 0
-0.0426455 -0.221762 0 1.89374 -1.87687 0
-0.0235229 -0.239568 0 1.92069 -1.69471 0
-0.0042317 -0.255656 0 1.93039 -1.53237 0
0.0150849 -0.270215 0 1.92785 -1.38774 0
0.0343253 -0.283411 0 1.91667 -1.25868 0
0.0534182 -0.295388 0 1.89942 -1.14317 0
0.0723137 -0.306274 0 1.87794 -1.03943 0
0.0909771 -0.316177 0 1.85357 -0.9459 0
0.109385 -0.325192 0 1.82725 -0.861251 0
0.127522 -0.333402 0 1.79969 -0.784341 0
0.145379 -0.340879 0 1.77139 -0.7142 0
0.16295 -0.347686 0 1.74272 -0.650004 0
0.180233 -0.353879 0 1.71394 -0.591047 0
0.197229 -0.359507 0 1.68525 -0.536726 0
0.213938 -0.364614 0 1.65678 -0.486524 0
0.230364 -0.369237 0 1.62865 -0.439997 0
0.246511 -0.373413 0 1.60092 -0.396757 0
0.262383 -0.377173 0 1.57363 -0.356472 0
0.277984 -0.380543 0 1.54683 -0.318849 0
0.293319 -0.38355 0 1.52052 -0.283634 0
0.308394 -0.386216 0 1.49472 -0.250603 0
0.323214 -0.388562 0 1.46943 -0.21956 0
0.337783 -0.390607 0 1.44465 -0.19033 0
0.352107 -0.392368 0 1.42037 -0.162758 0
0.36619 -0.393862 0 1.39658 -0.136708 0
0.380038 -0.395102 0 1.37328 -0.112056 0
0.393656 -0.396103 0 1.35044 -0.088694 0
0.407047 -0.396876 0 1.32807 -0.0665222 0
0.420217 -0.397434 0 1.30613 -0.0454522 0
0.43317 -0.397785 0 1.28462 -0.0254042 0
0.44591 -0.397942 0 1.26353 -0.00630578 0
0.458441 -0.397911 0 1.24284 0.0119086 0
0.470766 -0.397703 0 1.22254 0.0292987 0
0.482891 -0.397325 0 1.20261 0.0459186 0
0.494819 -0.396785 0 1.18304 0.061818 0
0.506552 -0.396089 0 1.16381 0.0770422 0
0.518095 -0.395244 0 1.14493 0.0916326 0
0.529451 -0.394256 0 1.12636 0.105627 0
0.540622 -0.393132 0 1.10811 0.119062 0
0.551613 -0.391875 0 1.09016 0.131967 0
0.562425 -0.390492 0 1.07249 0.144375 0
0.573063 -0.388988 0 1.05511 0.156311 0
0.583527 -0.387366 0 1.03799 0.167802 0
